[14:06:51] [Thread-5/INFO]: [STDOUT]: SERVER enter state: DORMANT
[14:06:51] [EnvServerSocketHandler/INFO]: Received Mission token 0ce0bad2-165d-46da-b110-60ae65f95d7b:0:0:1:true
[14:06:51] [EnvServerSocketHandler/INFO]: Received mission init command  <MissionInit xmlns="http://ProjectMalmo.microsoft.com" xmlns:xsi="http://www.w3.org/2001/XMLSchema-instance" SchemaVersion="" PlatformVersion="0.37.0"><Mission><About><Summary>MineRLObtainDiamondShovel-v0</Summary></About><ModSettings><MsPerTick>50</MsPerTick></ModSettings><ServerSection><ServerInitialConditions><Time><AllowPassageOfTime>true</AllowPassageOfTime></Time><AllowSpawning>true</AllowSpawning></ServerInitialConditions><ServerHandlers><DefaultWorldGenerator forceReset="true" generatorOptions="{}"/><ServerQuitWhenAnyAgentFinishes/></ServerHandlers></ServerSection><AgentSection mode="Survival"><Name>MineRLAgent0</Name><AgentStart><LowLevelInputs>true</LowLevelInputs><GuiScale>1.0</GuiScale><GammaSetting>2.0</GammaSetting><FOVSetting>70.0</FOVSetting><FakeCursorSize>16</FakeCursorSize></AgentStart><AgentHandlers><FileBasedPerformanceProducer/><PauseCommand/><VideoProducer want_depth="false"><Width>640</Width><Height>360</Height></VideoProducer><ObservationFromFullInventory flat="false"/><HumanLevelCommands/><CameraCommands/></AgentHandlers></AgentSection></Mission><ExperimentUID>0ce0bad2-165d-46da-b110-60ae65f95d7b</ExperimentUID><ClientRole>0</ClientRole><ClientAgentConnection><ClientIPAddress>127.0.0.1</ClientIPAddress><ClientMissionControlPort>0</ClientMissionControlPort><ClientCommandsPort>0</ClientCommandsPort><AgentIPAddress>127.0.0.1</AgentIPAddress><AgentMissionControlPort>0</AgentMissionControlPort><AgentVideoPort>0</AgentVideoPort><AgentDepthPort>0</AgentDepthPort><AgentLuminancePort>0</AgentLuminancePort><AgentObservationsPort>0</AgentObservationsPort><AgentRewardsPort>0</AgentRewardsPort><AgentColourMapPort>0</AgentColourMapPort></ClientAgentConnection></MissionInit>
[14:06:52] [EnvServerSocketHandler/INFO]: [STDOUT]: Setting width, height to 640, 360
[14:06:52] [EnvServerSocketHandler/INFO]: [STDOUT]: Gamma: 2.0
[14:06:52] [EnvServerSocketHandler/INFO]: [STDOUT]: FOV: 70.0
[14:06:52] [EnvServerSocketHandler/INFO]: [STDOUT]: GuiScale: 1.0
[14:06:52] [Render thread/INFO]: [STDOUT]: Seed not provided, generating random one: -1650984945093873632
[14:06:53] [Render thread/WARN]: Ambiguity between arguments [teleport, destination] and [teleport, targets] with inputs: [Player, 0123, @e, dd12be42-52a9-4a91-a8a1-11c01849e498]
[14:06:53] [Render thread/WARN]: Ambiguity between arguments [teleport, location] and [teleport, destination] with inputs: [0.1 -0.5 .9, 0 0 0]
[14:06:53] [Render thread/WARN]: Ambiguity between arguments [teleport, location] and [teleport, targets] with inputs: [0.1 -0.5 .9, 0 0 0]
[14:06:53] [Render thread/WARN]: Ambiguity between arguments [teleport, targets] and [teleport, destination] with inputs: [Player, 0123, dd12be42-52a9-4a91-a8a1-11c01849e498]
[14:06:53] [Render thread/WARN]: Ambiguity between arguments [teleport, targets, location] and [teleport, targets, destination] with inputs: [0.1 -0.5 .9, 0 0 0]
[14:06:53] [Render thread/INFO]: Reloading ResourceManager: Default
[14:06:53] [Render thread/INFO]: Loaded 7 recipes
[14:06:53] [Render thread/INFO]: Loaded 927 advancements
[14:06:54] [Render thread/INFO]: Environment: authHost='https://authserver.mojang.com', accountsHost='https://api.mojang.com', sessionHost='https://sessionserver.mojang.com', servicesHost='https://api.minecraftservices.com', name='PROD'
[14:06:54] [Render thread/INFO]: Starting integrated minecraft server version 1.16.5
[14:06:54] [Render thread/INFO]: Generating keypair
[14:06:56] [Render thread/INFO]: Preparing start region for dimension minecraft:overworld
[14:07:03] [Render thread/INFO]: Changing view distance to 11, from 10
[14:07:03] [Render thread/INFO]: MineRLAgent0[local:E:c63f2686] logged in with entity id 279 at (850.5, 72.0, -805.5)
[14:07:03] [Render thread/INFO]: MineRLAgent0 joined the game
[14:07:03] [Render thread/INFO]: [STDOUT]: *** creating fake mouse cursor ***
[14:07:03] [Render thread/INFO]: Preparing spawn area: 0%
[14:07:03] [Render thread/INFO]: Time elapsed: 3 ms
[14:07:03] [Render thread/INFO]: [STDOUT]: Starting new video null
[14:07:03] [Render thread/INFO]: Saving and pausing game...
[14:07:03] [Render thread/INFO]: Saving chunks for level 'ServerLevel[mcpworld9a9be9ef6f0f]'/minecraft:overworld
[14:07:04] [Render thread/INFO]: Saving chunks for level 'ServerLevel[mcpworld9a9be9ef6f0f]'/minecraft:the_nether
[14:07:04] [Render thread/INFO]: Saving chunks for level 'ServerLevel[mcpworld9a9be9ef6f0f]'/minecraft:the_end
[14:07:04] [Render thread/INFO]: Loaded 0 advancements
[14:07:06] [EnvServerSocketHandler/INFO]: [STDOUT]: *** Stopping the replay, returning control to the inputs
[14:07:06] [EnvServerSocketHandler/INFO]: Received Mission token ccb1be85-ac95-4569-99a5-35d83d382413:0:0:1:true
[14:07:06] [EnvServerSocketHandler/INFO]: Received mission init command  <MissionInit xmlns="http://ProjectMalmo.microsoft.com" xmlns:xsi="http://www.w3.org/2001/XMLSchema-instance" SchemaVersion="" PlatformVersion="0.37.0"><Mission><About><Summary>MineRLObtainDiamondShovel-v0</Summary></About><ModSettings><MsPerTick>50</MsPerTick></ModSettings><ServerSection><ServerInitialConditions><Time><AllowPassageOfTime>true</AllowPassageOfTime></Time><AllowSpawning>true</AllowSpawning></ServerInitialConditions><ServerHandlers><DefaultWorldGenerator forceReset="true" generatorOptions="{}"/><ServerQuitWhenAnyAgentFinishes/></ServerHandlers></ServerSection><AgentSection mode="Survival"><Name>MineRLAgent0</Name><AgentStart><LowLevelInputs>true</LowLevelInputs><GuiScale>1.0</GuiScale><GammaSetting>2.0</GammaSetting><FOVSetting>70.0</FOVSetting><FakeCursorSize>16</FakeCursorSize></AgentStart><AgentHandlers><FileBasedPerformanceProducer/><PauseCommand/><VideoProducer want_depth="false"><Width>640</Width><Height>360</Height></VideoProducer><ObservationFromFullInventory flat="false"/><HumanLevelCommands/><CameraCommands/></AgentHandlers></AgentSection></Mission><ExperimentUID>ccb1be85-ac95-4569-99a5-35d83d382413</ExperimentUID><ClientRole>0</ClientRole><ClientAgentConnection><ClientIPAddress>127.0.0.1</ClientIPAddress><ClientMissionControlPort>0</ClientMissionControlPort><ClientCommandsPort>0</ClientCommandsPort><AgentIPAddress>127.0.0.1</AgentIPAddress><AgentMissionControlPort>0</AgentMissionControlPort><AgentVideoPort>0</AgentVideoPort><AgentDepthPort>0</AgentDepthPort><AgentLuminancePort>0</AgentLuminancePort><AgentObservationsPort>0</AgentObservationsPort><AgentRewardsPort>0</AgentRewardsPort><AgentColourMapPort>0</AgentColourMapPort></ClientAgentConnection></MissionInit>
[14:07:06] [EnvServerSocketHandler/INFO]: [STDOUT]: Setting width, height to 640, 360
[14:07:06] [EnvServerSocketHandler/INFO]: [STDOUT]: Gamma: 2.0
[14:07:06] [EnvServerSocketHandler/INFO]: [STDOUT]: FOV: 70.0
[14:07:06] [EnvServerSocketHandler/INFO]: [STDOUT]: GuiScale: 1.0
[14:07:06] [Render thread/INFO]: [STDOUT]: Seed not provided, generating random one: -926982374312727826
[14:07:06] [Render thread/WARN]: Ambiguity between arguments [teleport, destination] and [teleport, targets] with inputs: [Player, 0123, @e, dd12be42-52a9-4a91-a8a1-11c01849e498]
[14:07:06] [Render thread/WARN]: Ambiguity between arguments [teleport, location] and [teleport, destination] with inputs: [0.1 -0.5 .9, 0 0 0]
[14:07:06] [Render thread/WARN]: Ambiguity between arguments [teleport, location] and [teleport, targets] with inputs: [0.1 -0.5 .9, 0 0 0]
[14:07:06] [Render thread/WARN]: Ambiguity between arguments [teleport, targets] and [teleport, destination] with inputs: [Player, 0123, dd12be42-52a9-4a91-a8a1-11c01849e498]
[14:07:06] [Render thread/WARN]: Ambiguity between arguments [teleport, targets, location] and [teleport, targets, destination] with inputs: [0.1 -0.5 .9, 0 0 0]
[14:07:06] [Render thread/INFO]: Reloading ResourceManager: Default
[14:07:06] [Render thread/INFO]: Loaded 7 recipes
[14:07:06] [Render thread/INFO]: Loaded 927 advancements
[14:07:06] [Render thread/INFO]: Environment: authHost='https://authserver.mojang.com', accountsHost='https://api.mojang.com', sessionHost='https://sessionserver.mojang.com', servicesHost='https://api.minecraftservices.com', name='PROD'
[14:07:06] [Render thread/INFO]: Starting integrated minecraft server version 1.16.5
[14:07:06] [Render thread/INFO]: Generating keypair
[14:07:09] [Render thread/INFO]: Preparing start region for dimension minecraft:overworld
[14:07:16] [Render thread/INFO]: Changing view distance to 11, from 10
[14:07:16] [Render thread/INFO]: MineRLAgent0[local:E:6d33c312] logged in with entity id 728 at (-61.5, 74.0, 570.5)
[14:07:16] [Render thread/INFO]: MineRLAgent0 joined the game
[14:07:16] [Render thread/INFO]: Preparing spawn area: 9%
[14:07:16] [Render thread/INFO]: Time elapsed: 2 ms
[14:07:16] [Render thread/INFO]: [STDOUT]: Starting new video null
[14:07:16] [Render thread/INFO]: Saving and pausing game...
[14:07:16] [Render thread/INFO]: Saving chunks for level 'ServerLevel[mcpworld0e8e1a150f26]'/minecraft:overworld
[14:07:17] [Render thread/INFO]: Saving chunks for level 'ServerLevel[mcpworld0e8e1a150f26]'/minecraft:the_nether
[14:07:17] [Render thread/INFO]: Saving chunks for level 'ServerLevel[mcpworld0e8e1a150f26]'/minecraft:the_end
[14:07:17] [Render thread/INFO]: Loaded 0 advancements
[14:07:19] [EnvServerSocketHandler/INFO]: [STDOUT]: *** Stopping the replay, returning control to the inputs
