[21:06:05] [Thread-4/INFO]: [STDOUT]: SERVER enter state: DORMANT
[21:06:05] [EnvServerSocketHandler/INFO]: Received Mission token d3c28d31-e76d-4374-8f57-3b11b2893f78:0:0:1:true
[21:06:05] [EnvServerSocketHandler/INFO]: Received mission init command  <MissionInit xmlns="http://ProjectMalmo.microsoft.com" xmlns:xsi="http://www.w3.org/2001/XMLSchema-instance" SchemaVersion="" PlatformVersion="0.37.0"><Mission><About><Summary>MineRLObtainDiamondShovel-v0</Summary></About><ModSettings><MsPerTick>50</MsPerTick></ModSettings><ServerSection><ServerInitialConditions><Time><AllowPassageOfTime>true</AllowPassageOfTime></Time><AllowSpawning>true</AllowSpawning></ServerInitialConditions><ServerHandlers><DefaultWorldGenerator forceReset="true" generatorOptions="{}"/><ServerQuitWhenAnyAgentFinishes/></ServerHandlers></ServerSection><AgentSection mode="Survival"><Name>MineRLAgent0</Name><AgentStart><LowLevelInputs>true</LowLevelInputs><GuiScale>1.0</GuiScale><GammaSetting>2.0</GammaSetting><FOVSetting>70.0</FOVSetting><FakeCursorSize>16</FakeCursorSize></AgentStart><AgentHandlers><FileBasedPerformanceProducer/><PauseCommand/><VideoProducer want_depth="false"><Width>640</Width><Height>360</Height></VideoProducer><ObservationFromFullInventory flat="false"/><HumanLevelCommands/><CameraCommands/></AgentHandlers></AgentSection></Mission><ExperimentUID>d3c28d31-e76d-4374-8f57-3b11b2893f78</ExperimentUID><ClientRole>0</ClientRole><ClientAgentConnection><ClientIPAddress>127.0.0.1</ClientIPAddress><ClientMissionControlPort>0</ClientMissionControlPort><ClientCommandsPort>0</ClientCommandsPort><AgentIPAddress>127.0.0.1</AgentIPAddress><AgentMissionControlPort>0</AgentMissionControlPort><AgentVideoPort>0</AgentVideoPort><AgentDepthPort>0</AgentDepthPort><AgentLuminancePort>0</AgentLuminancePort><AgentObservationsPort>0</AgentObservationsPort><AgentRewardsPort>0</AgentRewardsPort><AgentColourMapPort>0</AgentColourMapPort></ClientAgentConnection></MissionInit>
[21:06:05] [EnvServerSocketHandler/INFO]: [STDOUT]: Setting width, height to 640, 360
[21:06:05] [EnvServerSocketHandler/INFO]: [STDOUT]: Gamma: 2.0
[21:06:05] [EnvServerSocketHandler/INFO]: [STDOUT]: FOV: 70.0
[21:06:05] [EnvServerSocketHandler/INFO]: [STDOUT]: GuiScale: 1.0
[21:06:05] [Render thread/INFO]: [STDOUT]: Seed not provided, generating random one: -4081048824797502138
[21:06:06] [Render thread/WARN]: Ambiguity between arguments [teleport, destination] and [teleport, targets] with inputs: [Player, 0123, @e, dd12be42-52a9-4a91-a8a1-11c01849e498]
[21:06:06] [Render thread/WARN]: Ambiguity between arguments [teleport, location] and [teleport, destination] with inputs: [0.1 -0.5 .9, 0 0 0]
[21:06:06] [Render thread/WARN]: Ambiguity between arguments [teleport, location] and [teleport, targets] with inputs: [0.1 -0.5 .9, 0 0 0]
[21:06:06] [Render thread/WARN]: Ambiguity between arguments [teleport, targets] and [teleport, destination] with inputs: [Player, 0123, dd12be42-52a9-4a91-a8a1-11c01849e498]
[21:06:06] [Render thread/WARN]: Ambiguity between arguments [teleport, targets, location] and [teleport, targets, destination] with inputs: [0.1 -0.5 .9, 0 0 0]
[21:06:06] [Render thread/INFO]: Reloading ResourceManager: Default
[21:06:06] [Render thread/INFO]: Loaded 7 recipes
[21:06:06] [Render thread/INFO]: Loaded 927 advancements
[21:06:07] [Render thread/INFO]: Environment: authHost='https://authserver.mojang.com', accountsHost='https://api.mojang.com', sessionHost='https://sessionserver.mojang.com', servicesHost='https://api.minecraftservices.com', name='PROD'
[21:06:07] [Render thread/INFO]: Starting integrated minecraft server version 1.16.5
[21:06:07] [Render thread/INFO]: Generating keypair
[21:06:11] [Render thread/INFO]: Preparing start region for dimension minecraft:overworld
[21:06:19] [Render thread/INFO]: Changing view distance to 11, from 10
[21:06:19] [Render thread/INFO]: MineRLAgent0[local:E:f18eec02] logged in with entity id 235 at (-554.5, 70.0, 698.5)
[21:06:19] [Render thread/INFO]: MineRLAgent0 joined the game
[21:06:19] [Render thread/INFO]: [STDOUT]: *** creating fake mouse cursor ***
[21:06:20] [Render thread/INFO]: Preparing spawn area: 1%
[21:06:20] [Render thread/INFO]: Time elapsed: 4 ms
[21:06:20] [Render thread/INFO]: [STDOUT]: Starting new video null
[21:06:20] [Render thread/INFO]: Saving and pausing game...
[21:06:20] [Render thread/INFO]: Saving chunks for level 'ServerLevel[mcpworld4d26c8b0579c]'/minecraft:overworld
[21:06:20] [Render thread/INFO]: Saving chunks for level 'ServerLevel[mcpworld4d26c8b0579c]'/minecraft:the_nether
[21:06:20] [Render thread/INFO]: Saving chunks for level 'ServerLevel[mcpworld4d26c8b0579c]'/minecraft:the_end
[21:06:21] [Render thread/INFO]: Loaded 0 advancements
[21:06:23] [EnvServerSocketHandler/INFO]: [STDOUT]: *** Stopping the replay, returning control to the inputs
[21:06:23] [EnvServerSocketHandler/INFO]: Received Mission token abf5f154-560d-4f21-aff7-bcbe2948c936:0:0:1:true
[21:06:23] [EnvServerSocketHandler/INFO]: Received mission init command  <MissionInit xmlns="http://ProjectMalmo.microsoft.com" xmlns:xsi="http://www.w3.org/2001/XMLSchema-instance" SchemaVersion="" PlatformVersion="0.37.0"><Mission><About><Summary>MineRLObtainDiamondShovel-v0</Summary></About><ModSettings><MsPerTick>50</MsPerTick></ModSettings><ServerSection><ServerInitialConditions><Time><AllowPassageOfTime>true</AllowPassageOfTime></Time><AllowSpawning>true</AllowSpawning></ServerInitialConditions><ServerHandlers><DefaultWorldGenerator forceReset="true" generatorOptions="{}"/><ServerQuitWhenAnyAgentFinishes/></ServerHandlers></ServerSection><AgentSection mode="Survival"><Name>MineRLAgent0</Name><AgentStart><LowLevelInputs>true</LowLevelInputs><GuiScale>1.0</GuiScale><GammaSetting>2.0</GammaSetting><FOVSetting>70.0</FOVSetting><FakeCursorSize>16</FakeCursorSize></AgentStart><AgentHandlers><FileBasedPerformanceProducer/><PauseCommand/><VideoProducer want_depth="false"><Width>640</Width><Height>360</Height></VideoProducer><ObservationFromFullInventory flat="false"/><HumanLevelCommands/><CameraCommands/></AgentHandlers></AgentSection></Mission><ExperimentUID>abf5f154-560d-4f21-aff7-bcbe2948c936</ExperimentUID><ClientRole>0</ClientRole><ClientAgentConnection><ClientIPAddress>127.0.0.1</ClientIPAddress><ClientMissionControlPort>0</ClientMissionControlPort><ClientCommandsPort>0</ClientCommandsPort><AgentIPAddress>127.0.0.1</AgentIPAddress><AgentMissionControlPort>0</AgentMissionControlPort><AgentVideoPort>0</AgentVideoPort><AgentDepthPort>0</AgentDepthPort><AgentLuminancePort>0</AgentLuminancePort><AgentObservationsPort>0</AgentObservationsPort><AgentRewardsPort>0</AgentRewardsPort><AgentColourMapPort>0</AgentColourMapPort></ClientAgentConnection></MissionInit>
[21:06:23] [EnvServerSocketHandler/INFO]: [STDOUT]: Setting width, height to 640, 360
[21:06:23] [EnvServerSocketHandler/INFO]: [STDOUT]: Gamma: 2.0
[21:06:23] [EnvServerSocketHandler/INFO]: [STDOUT]: FOV: 70.0
[21:06:23] [EnvServerSocketHandler/INFO]: [STDOUT]: GuiScale: 1.0
[21:06:23] [Render thread/INFO]: [STDOUT]: Seed not provided, generating random one: -4334809541822291757
[21:06:23] [Render thread/WARN]: Ambiguity between arguments [teleport, destination] and [teleport, targets] with inputs: [Player, 0123, @e, dd12be42-52a9-4a91-a8a1-11c01849e498]
[21:06:23] [Render thread/WARN]: Ambiguity between arguments [teleport, location] and [teleport, destination] with inputs: [0.1 -0.5 .9, 0 0 0]
[21:06:23] [Render thread/WARN]: Ambiguity between arguments [teleport, location] and [teleport, targets] with inputs: [0.1 -0.5 .9, 0 0 0]
[21:06:23] [Render thread/WARN]: Ambiguity between arguments [teleport, targets] and [teleport, destination] with inputs: [Player, 0123, dd12be42-52a9-4a91-a8a1-11c01849e498]
[21:06:23] [Render thread/WARN]: Ambiguity between arguments [teleport, targets, location] and [teleport, targets, destination] with inputs: [0.1 -0.5 .9, 0 0 0]
[21:06:23] [Render thread/INFO]: Reloading ResourceManager: Default
[21:06:23] [Render thread/INFO]: Loaded 7 recipes
[21:06:23] [Render thread/INFO]: Loaded 927 advancements
[21:06:25] [Render thread/INFO]: Environment: authHost='https://authserver.mojang.com', accountsHost='https://api.mojang.com', sessionHost='https://sessionserver.mojang.com', servicesHost='https://api.minecraftservices.com', name='PROD'
[21:06:25] [Render thread/INFO]: Starting integrated minecraft server version 1.16.5
[21:06:25] [Render thread/INFO]: Generating keypair
[21:06:28] [Render thread/INFO]: Preparing start region for dimension minecraft:overworld
[21:06:36] [Render thread/INFO]: Changing view distance to 11, from 10
[21:06:36] [Render thread/INFO]: MineRLAgent0[local:E:8110c11b] logged in with entity id 777 at (706.5, 67.0, 554.5)
[21:06:36] [Render thread/INFO]: MineRLAgent0 joined the game
[21:06:36] [Render thread/INFO]: Preparing spawn area: 20%
[21:06:36] [Render thread/INFO]: Time elapsed: 2 ms
[21:06:37] [Render thread/INFO]: [STDOUT]: Starting new video null
[21:06:37] [Render thread/INFO]: Saving and pausing game...
[21:06:37] [Render thread/INFO]: Saving chunks for level 'ServerLevel[mcpworld2c5d1af9c4f8]'/minecraft:overworld
[21:06:37] [Render thread/INFO]: Saving chunks for level 'ServerLevel[mcpworld2c5d1af9c4f8]'/minecraft:the_nether
[21:06:37] [Render thread/INFO]: Saving chunks for level 'ServerLevel[mcpworld2c5d1af9c4f8]'/minecraft:the_end
[21:06:38] [Render thread/INFO]: Loaded 0 advancements
