[11:42:29] [Thread-5/INFO]: [STDOUT]: SERVER enter state: DORMANT
[11:42:29] [EnvServerSocketHandler/INFO]: Received Mission token 5426a530-a41c-4f5c-b714-48e065c905d5:0:0:1:true
[11:42:29] [EnvServerSocketHandler/INFO]: Received mission init command  <MissionInit xmlns="http://ProjectMalmo.microsoft.com" xmlns:xsi="http://www.w3.org/2001/XMLSchema-instance" SchemaVersion="" PlatformVersion="0.37.0"><Mission><About><Summary>MineRLObtainDiamondShovel-v0</Summary></About><ModSettings><MsPerTick>50</MsPerTick></ModSettings><ServerSection><ServerInitialConditions><Time><AllowPassageOfTime>true</AllowPassageOfTime></Time><AllowSpawning>true</AllowSpawning></ServerInitialConditions><ServerHandlers><DefaultWorldGenerator forceReset="true" generatorOptions="{}"/><ServerQuitWhenAnyAgentFinishes/></ServerHandlers></ServerSection><AgentSection mode="Survival"><Name>MineRLAgent0</Name><AgentStart><LowLevelInputs>true</LowLevelInputs><GuiScale>1.0</GuiScale><GammaSetting>2.0</GammaSetting><FOVSetting>70.0</FOVSetting><FakeCursorSize>16</FakeCursorSize></AgentStart><AgentHandlers><FileBasedPerformanceProducer/><PauseCommand/><VideoProducer want_depth="false"><Width>640</Width><Height>360</Height></VideoProducer><ObservationFromFullInventory flat="false"/><HumanLevelCommands/><CameraCommands/></AgentHandlers></AgentSection></Mission><ExperimentUID>5426a530-a41c-4f5c-b714-48e065c905d5</ExperimentUID><ClientRole>0</ClientRole><ClientAgentConnection><ClientIPAddress>127.0.0.1</ClientIPAddress><ClientMissionControlPort>0</ClientMissionControlPort><ClientCommandsPort>0</ClientCommandsPort><AgentIPAddress>127.0.0.1</AgentIPAddress><AgentMissionControlPort>0</AgentMissionControlPort><AgentVideoPort>0</AgentVideoPort><AgentDepthPort>0</AgentDepthPort><AgentLuminancePort>0</AgentLuminancePort><AgentObservationsPort>0</AgentObservationsPort><AgentRewardsPort>0</AgentRewardsPort><AgentColourMapPort>0</AgentColourMapPort></ClientAgentConnection></MissionInit>
[11:42:30] [Render thread/INFO]: [STDOUT]: *** creating fake mouse cursor ***
[11:42:31] [EnvServerSocketHandler/INFO]: [STDOUT]: Setting width, height to 640, 360
[11:42:31] [EnvServerSocketHandler/INFO]: [STDOUT]: Gamma: 2.0
[11:42:31] [EnvServerSocketHandler/INFO]: [STDOUT]: FOV: 70.0
[11:42:31] [EnvServerSocketHandler/INFO]: [STDOUT]: GuiScale: 1.0
[11:42:31] [Render thread/INFO]: [STDOUT]: Seed not provided, generating random one: -665923943208814425
[11:42:33] [Render thread/WARN]: Ambiguity between arguments [teleport, destination] and [teleport, targets] with inputs: [Player, 0123, @e, dd12be42-52a9-4a91-a8a1-11c01849e498]
[11:42:33] [Render thread/WARN]: Ambiguity between arguments [teleport, location] and [teleport, destination] with inputs: [0.1 -0.5 .9, 0 0 0]
[11:42:33] [Render thread/WARN]: Ambiguity between arguments [teleport, location] and [teleport, targets] with inputs: [0.1 -0.5 .9, 0 0 0]
[11:42:33] [Render thread/WARN]: Ambiguity between arguments [teleport, targets] and [teleport, destination] with inputs: [Player, 0123, dd12be42-52a9-4a91-a8a1-11c01849e498]
[11:42:33] [Render thread/WARN]: Ambiguity between arguments [teleport, targets, location] and [teleport, targets, destination] with inputs: [0.1 -0.5 .9, 0 0 0]
[11:42:33] [Render thread/INFO]: Reloading ResourceManager: Default
[11:42:34] [Render thread/INFO]: Loaded 7 recipes
[11:42:35] [Render thread/INFO]: Loaded 927 advancements
[11:42:37] [Render thread/INFO]: Environment: authHost='https://authserver.mojang.com', accountsHost='https://api.mojang.com', sessionHost='https://sessionserver.mojang.com', servicesHost='https://api.minecraftservices.com', name='PROD'
[11:42:37] [Render thread/INFO]: Starting integrated minecraft server version 1.16.5
[11:42:37] [Render thread/INFO]: Generating keypair
[11:42:50] [Render thread/INFO]: Preparing start region for dimension minecraft:overworld
[11:43:04] [Render thread/INFO]: Changing view distance to 11, from 10
[11:43:05] [Render thread/INFO]: MineRLAgent0[local:E:186e841b] logged in with entity id 265 at (6.5, 64.0, -942.5)
[11:43:05] [Render thread/INFO]: MineRLAgent0 joined the game
[11:43:05] [Render thread/INFO]: Preparing spawn area: 6%
[11:43:05] [Render thread/INFO]: Time elapsed: 4 ms
[11:43:05] [Render thread/INFO]: [STDOUT]: Starting new video null
[11:43:05] [Render thread/INFO]: Saving and pausing game...
[11:43:05] [Render thread/INFO]: Saving chunks for level 'ServerLevel[mcpworld7e337845a42f]'/minecraft:overworld
[11:43:06] [Render thread/INFO]: Saving chunks for level 'ServerLevel[mcpworld7e337845a42f]'/minecraft:the_nether
[11:43:06] [Render thread/INFO]: Saving chunks for level 'ServerLevel[mcpworld7e337845a42f]'/minecraft:the_end
[11:43:07] [Render thread/INFO]: Loaded 0 advancements
[11:43:09] [EnvServerSocketHandler/INFO]: [STDOUT]: *** Stopping the replay, returning control to the inputs
[11:43:09] [EnvServerSocketHandler/INFO]: Received Mission token ac4943fc-bf2a-4ad0-892d-4e109d9de150:0:0:1:true
[11:43:09] [EnvServerSocketHandler/INFO]: Received mission init command  <MissionInit xmlns="http://ProjectMalmo.microsoft.com" xmlns:xsi="http://www.w3.org/2001/XMLSchema-instance" SchemaVersion="" PlatformVersion="0.37.0"><Mission><About><Summary>MineRLObtainDiamondShovel-v0</Summary></About><ModSettings><MsPerTick>50</MsPerTick></ModSettings><ServerSection><ServerInitialConditions><Time><AllowPassageOfTime>true</AllowPassageOfTime></Time><AllowSpawning>true</AllowSpawning></ServerInitialConditions><ServerHandlers><DefaultWorldGenerator forceReset="true" generatorOptions="{}"/><ServerQuitWhenAnyAgentFinishes/></ServerHandlers></ServerSection><AgentSection mode="Survival"><Name>MineRLAgent0</Name><AgentStart><LowLevelInputs>true</LowLevelInputs><GuiScale>1.0</GuiScale><GammaSetting>2.0</GammaSetting><FOVSetting>70.0</FOVSetting><FakeCursorSize>16</FakeCursorSize></AgentStart><AgentHandlers><FileBasedPerformanceProducer/><PauseCommand/><VideoProducer want_depth="false"><Width>640</Width><Height>360</Height></VideoProducer><ObservationFromFullInventory flat="false"/><HumanLevelCommands/><CameraCommands/></AgentHandlers></AgentSection></Mission><ExperimentUID>ac4943fc-bf2a-4ad0-892d-4e109d9de150</ExperimentUID><ClientRole>0</ClientRole><ClientAgentConnection><ClientIPAddress>127.0.0.1</ClientIPAddress><ClientMissionControlPort>0</ClientMissionControlPort><ClientCommandsPort>0</ClientCommandsPort><AgentIPAddress>127.0.0.1</AgentIPAddress><AgentMissionControlPort>0</AgentMissionControlPort><AgentVideoPort>0</AgentVideoPort><AgentDepthPort>0</AgentDepthPort><AgentLuminancePort>0</AgentLuminancePort><AgentObservationsPort>0</AgentObservationsPort><AgentRewardsPort>0</AgentRewardsPort><AgentColourMapPort>0</AgentColourMapPort></ClientAgentConnection></MissionInit>
[11:43:09] [EnvServerSocketHandler/INFO]: [STDOUT]: Setting width, height to 640, 360
[11:43:09] [EnvServerSocketHandler/INFO]: [STDOUT]: Gamma: 2.0
[11:43:09] [EnvServerSocketHandler/INFO]: [STDOUT]: FOV: 70.0
[11:43:09] [EnvServerSocketHandler/INFO]: [STDOUT]: GuiScale: 1.0
[11:43:09] [Render thread/INFO]: [STDOUT]: Seed not provided, generating random one: -6477736832902097004
[11:43:10] [Render thread/WARN]: Ambiguity between arguments [teleport, destination] and [teleport, targets] with inputs: [Player, 0123, @e, dd12be42-52a9-4a91-a8a1-11c01849e498]
[11:43:10] [Render thread/WARN]: Ambiguity between arguments [teleport, location] and [teleport, destination] with inputs: [0.1 -0.5 .9, 0 0 0]
[11:43:10] [Render thread/WARN]: Ambiguity between arguments [teleport, location] and [teleport, targets] with inputs: [0.1 -0.5 .9, 0 0 0]
[11:43:10] [Render thread/WARN]: Ambiguity between arguments [teleport, targets] and [teleport, destination] with inputs: [Player, 0123, dd12be42-52a9-4a91-a8a1-11c01849e498]
[11:43:10] [Render thread/WARN]: Ambiguity between arguments [teleport, targets, location] and [teleport, targets, destination] with inputs: [0.1 -0.5 .9, 0 0 0]
[11:43:10] [Render thread/INFO]: Reloading ResourceManager: Default
[11:43:10] [Render thread/INFO]: Loaded 7 recipes
[11:43:10] [Render thread/INFO]: Loaded 927 advancements
[11:43:11] [Render thread/INFO]: Environment: authHost='https://authserver.mojang.com', accountsHost='https://api.mojang.com', sessionHost='https://sessionserver.mojang.com', servicesHost='https://api.minecraftservices.com', name='PROD'
[11:43:11] [Render thread/INFO]: Starting integrated minecraft server version 1.16.5
[11:43:11] [Render thread/INFO]: Generating keypair
[11:43:23] [Render thread/INFO]: Preparing start region for dimension minecraft:overworld
AL lib: (EE) ALCwasapiPlayback_mixerProc: WaitForSingleObjectEx error: 0x102
AL lib: (EE) ALCwasapiPlayback_mixerProc: WaitForSingleObjectEx error: 0x102
[13:38:35] [Render thread/INFO]: Changing view distance to 11, from 10
[13:38:35] [Render thread/INFO]: MineRLAgent0[local:E:4a9f7d21] logged in with entity id 866 at (-749.5, 82.0, -85.5)
[13:38:35] [Render thread/INFO]: MineRLAgent0 joined the game
[13:38:36] [Render thread/INFO]: Preparing spawn area: 28%
[13:38:36] [Render thread/INFO]: Time elapsed: 2 ms
[13:38:36] [Render thread/INFO]: [STDOUT]: Starting new video null
[13:38:36] [Render thread/INFO]: Saving and pausing game...
[13:38:36] [Render thread/INFO]: Saving chunks for level 'ServerLevel[mcpworldfc5ccbfb8cff]'/minecraft:overworld
[13:38:37] [Render thread/INFO]: Saving chunks for level 'ServerLevel[mcpworldfc5ccbfb8cff]'/minecraft:the_nether
[13:38:37] [Render thread/INFO]: Saving chunks for level 'ServerLevel[mcpworldfc5ccbfb8cff]'/minecraft:the_end
[13:38:37] [Render thread/INFO]: Loaded 0 advancements
[13:38:46] [EnvServerSocketHandler/INFO]: [STDOUT]: *** Stopping the replay, returning control to the inputs
