[00:48:11] [Thread-5/INFO]: [STDOUT]: SERVER enter state: DORMANT
[00:48:11] [EnvServerSocketHandler/INFO]: Received Mission token f3cb93cf-c198-4f08-beb5-f90d4255d3f8:0:0:1:true
[00:48:11] [EnvServerSocketHandler/INFO]: Received mission init command  <MissionInit xmlns="http://ProjectMalmo.microsoft.com" xmlns:xsi="http://www.w3.org/2001/XMLSchema-instance" SchemaVersion="" PlatformVersion="0.37.0"><Mission><About><Summary>MineRLObtainDiamondShovel-v0</Summary></About><ModSettings><MsPerTick>50</MsPerTick></ModSettings><ServerSection><ServerInitialConditions><Time><AllowPassageOfTime>true</AllowPassageOfTime></Time><AllowSpawning>true</AllowSpawning></ServerInitialConditions><ServerHandlers><DefaultWorldGenerator forceReset="true" generatorOptions="{}"/><ServerQuitWhenAnyAgentFinishes/></ServerHandlers></ServerSection><AgentSection mode="Survival"><Name>MineRLAgent0</Name><AgentStart><LowLevelInputs>true</LowLevelInputs><GuiScale>1.0</GuiScale><GammaSetting>2.0</GammaSetting><FOVSetting>70.0</FOVSetting><FakeCursorSize>16</FakeCursorSize></AgentStart><AgentHandlers><FileBasedPerformanceProducer/><PauseCommand/><VideoProducer want_depth="false"><Width>640</Width><Height>360</Height></VideoProducer><ObservationFromFullInventory flat="false"/><HumanLevelCommands/><CameraCommands/></AgentHandlers></AgentSection></Mission><ExperimentUID>f3cb93cf-c198-4f08-beb5-f90d4255d3f8</ExperimentUID><ClientRole>0</ClientRole><ClientAgentConnection><ClientIPAddress>127.0.0.1</ClientIPAddress><ClientMissionControlPort>0</ClientMissionControlPort><ClientCommandsPort>0</ClientCommandsPort><AgentIPAddress>127.0.0.1</AgentIPAddress><AgentMissionControlPort>0</AgentMissionControlPort><AgentVideoPort>0</AgentVideoPort><AgentDepthPort>0</AgentDepthPort><AgentLuminancePort>0</AgentLuminancePort><AgentObservationsPort>0</AgentObservationsPort><AgentRewardsPort>0</AgentRewardsPort><AgentColourMapPort>0</AgentColourMapPort></ClientAgentConnection></MissionInit>
[00:48:12] [EnvServerSocketHandler/INFO]: [STDOUT]: Setting width, height to 640, 360
[00:48:12] [EnvServerSocketHandler/INFO]: [STDOUT]: Gamma: 2.0
[00:48:12] [EnvServerSocketHandler/INFO]: [STDOUT]: FOV: 70.0
[00:48:12] [EnvServerSocketHandler/INFO]: [STDOUT]: GuiScale: 1.0
[00:48:12] [Render thread/INFO]: [STDOUT]: Seed not provided, generating random one: 4767318850820009011
[00:48:12] [Render thread/WARN]: Ambiguity between arguments [teleport, destination] and [teleport, targets] with inputs: [Player, 0123, @e, dd12be42-52a9-4a91-a8a1-11c01849e498]
[00:48:12] [Render thread/WARN]: Ambiguity between arguments [teleport, location] and [teleport, destination] with inputs: [0.1 -0.5 .9, 0 0 0]
[00:48:12] [Render thread/WARN]: Ambiguity between arguments [teleport, location] and [teleport, targets] with inputs: [0.1 -0.5 .9, 0 0 0]
[00:48:12] [Render thread/WARN]: Ambiguity between arguments [teleport, targets] and [teleport, destination] with inputs: [Player, 0123, dd12be42-52a9-4a91-a8a1-11c01849e498]
[00:48:12] [Render thread/WARN]: Ambiguity between arguments [teleport, targets, location] and [teleport, targets, destination] with inputs: [0.1 -0.5 .9, 0 0 0]
[00:48:12] [Render thread/INFO]: Reloading ResourceManager: Default
[00:48:12] [Render thread/INFO]: Loaded 7 recipes
[00:48:12] [Render thread/INFO]: Loaded 927 advancements
[00:48:13] [Render thread/INFO]: Environment: authHost='https://authserver.mojang.com', accountsHost='https://api.mojang.com', sessionHost='https://sessionserver.mojang.com', servicesHost='https://api.minecraftservices.com', name='PROD'
[00:48:13] [Render thread/INFO]: Starting integrated minecraft server version 1.16.5
[00:48:13] [Render thread/INFO]: Generating keypair
[00:48:16] [Render thread/INFO]: Preparing start region for dimension minecraft:overworld
[00:48:21] [Render thread/INFO]: Changing view distance to 11, from 10
[00:48:22] [Render thread/INFO]: MineRLAgent0[local:E:700a9770] logged in with entity id 165 at (-829.5, 70.0, -373.5)
[00:48:22] [Render thread/INFO]: MineRLAgent0 joined the game
[00:48:22] [Render thread/INFO]: [STDOUT]: *** creating fake mouse cursor ***
[00:48:22] [Render thread/INFO]: Preparing spawn area: 35%
[00:48:22] [Render thread/INFO]: Time elapsed: 2 ms
[00:48:22] [Render thread/INFO]: [STDOUT]: Starting new video null
[00:48:22] [Render thread/INFO]: Saving and pausing game...
[00:48:22] [Render thread/INFO]: Saving chunks for level 'ServerLevel[mcpworldf5551339a80b]'/minecraft:overworld
[00:48:22] [Render thread/INFO]: Saving chunks for level 'ServerLevel[mcpworldf5551339a80b]'/minecraft:the_nether
[00:48:22] [Render thread/INFO]: Saving chunks for level 'ServerLevel[mcpworldf5551339a80b]'/minecraft:the_end
[00:48:22] [Render thread/INFO]: Loaded 0 advancements
[00:48:24] [EnvServerSocketHandler/INFO]: [STDOUT]: *** Stopping the replay, returning control to the inputs
[00:48:24] [EnvServerSocketHandler/INFO]: Received Mission token c466abf3-58cf-4ab3-b060-3e3c7b4a1237:0:0:1:true
[00:48:24] [EnvServerSocketHandler/INFO]: Received mission init command  <MissionInit xmlns="http://ProjectMalmo.microsoft.com" xmlns:xsi="http://www.w3.org/2001/XMLSchema-instance" SchemaVersion="" PlatformVersion="0.37.0"><Mission><About><Summary>MineRLObtainDiamondShovel-v0</Summary></About><ModSettings><MsPerTick>50</MsPerTick></ModSettings><ServerSection><ServerInitialConditions><Time><AllowPassageOfTime>true</AllowPassageOfTime></Time><AllowSpawning>true</AllowSpawning></ServerInitialConditions><ServerHandlers><DefaultWorldGenerator forceReset="true" generatorOptions="{}"/><ServerQuitWhenAnyAgentFinishes/></ServerHandlers></ServerSection><AgentSection mode="Survival"><Name>MineRLAgent0</Name><AgentStart><LowLevelInputs>true</LowLevelInputs><GuiScale>1.0</GuiScale><GammaSetting>2.0</GammaSetting><FOVSetting>70.0</FOVSetting><FakeCursorSize>16</FakeCursorSize></AgentStart><AgentHandlers><FileBasedPerformanceProducer/><PauseCommand/><VideoProducer want_depth="false"><Width>640</Width><Height>360</Height></VideoProducer><ObservationFromFullInventory flat="false"/><HumanLevelCommands/><CameraCommands/></AgentHandlers></AgentSection></Mission><ExperimentUID>c466abf3-58cf-4ab3-b060-3e3c7b4a1237</ExperimentUID><ClientRole>0</ClientRole><ClientAgentConnection><ClientIPAddress>127.0.0.1</ClientIPAddress><ClientMissionControlPort>0</ClientMissionControlPort><ClientCommandsPort>0</ClientCommandsPort><AgentIPAddress>127.0.0.1</AgentIPAddress><AgentMissionControlPort>0</AgentMissionControlPort><AgentVideoPort>0</AgentVideoPort><AgentDepthPort>0</AgentDepthPort><AgentLuminancePort>0</AgentLuminancePort><AgentObservationsPort>0</AgentObservationsPort><AgentRewardsPort>0</AgentRewardsPort><AgentColourMapPort>0</AgentColourMapPort></ClientAgentConnection></MissionInit>
[00:48:24] [EnvServerSocketHandler/INFO]: [STDOUT]: Setting width, height to 640, 360
[00:48:24] [EnvServerSocketHandler/INFO]: [STDOUT]: Gamma: 2.0
[00:48:24] [EnvServerSocketHandler/INFO]: [STDOUT]: FOV: 70.0
[00:48:24] [EnvServerSocketHandler/INFO]: [STDOUT]: GuiScale: 1.0
[00:48:24] [Render thread/INFO]: [STDOUT]: Seed not provided, generating random one: 3759679493159924988
[00:48:24] [Render thread/WARN]: Ambiguity between arguments [teleport, destination] and [teleport, targets] with inputs: [Player, 0123, @e, dd12be42-52a9-4a91-a8a1-11c01849e498]
[00:48:24] [Render thread/WARN]: Ambiguity between arguments [teleport, location] and [teleport, destination] with inputs: [0.1 -0.5 .9, 0 0 0]
[00:48:24] [Render thread/WARN]: Ambiguity between arguments [teleport, location] and [teleport, targets] with inputs: [0.1 -0.5 .9, 0 0 0]
[00:48:24] [Render thread/WARN]: Ambiguity between arguments [teleport, targets] and [teleport, destination] with inputs: [Player, 0123, dd12be42-52a9-4a91-a8a1-11c01849e498]
[00:48:24] [Render thread/WARN]: Ambiguity between arguments [teleport, targets, location] and [teleport, targets, destination] with inputs: [0.1 -0.5 .9, 0 0 0]
[00:48:24] [Render thread/INFO]: Reloading ResourceManager: Default
[00:48:24] [Render thread/INFO]: Loaded 7 recipes
[00:48:24] [Render thread/INFO]: Loaded 927 advancements
[00:48:24] [Render thread/INFO]: Environment: authHost='https://authserver.mojang.com', accountsHost='https://api.mojang.com', sessionHost='https://sessionserver.mojang.com', servicesHost='https://api.minecraftservices.com', name='PROD'
[00:48:24] [Render thread/INFO]: Starting integrated minecraft server version 1.16.5
[00:48:24] [Render thread/INFO]: Generating keypair
[00:48:27] [Render thread/INFO]: Preparing start region for dimension minecraft:overworld
[00:48:32] [Render thread/INFO]: Changing view distance to 11, from 10
[00:48:32] [Render thread/INFO]: MineRLAgent0[local:E:4b8ee3bb] logged in with entity id 727 at (-781.5, 68.0, -245.5)
[00:48:32] [Render thread/INFO]: MineRLAgent0 joined the game
[00:48:32] [Render thread/INFO]: Preparing spawn area: 49%
[00:48:32] [Render thread/INFO]: Time elapsed: 1 ms
[00:48:32] [Render thread/INFO]: [STDOUT]: Starting new video null
[00:48:32] [Render thread/INFO]: Saving and pausing game...
[00:48:32] [Render thread/INFO]: Saving chunks for level 'ServerLevel[mcpworld6d45cf77a723]'/minecraft:overworld
[00:48:32] [Render thread/INFO]: Saving chunks for level 'ServerLevel[mcpworld6d45cf77a723]'/minecraft:the_nether
[00:48:32] [Render thread/INFO]: Saving chunks for level 'ServerLevel[mcpworld6d45cf77a723]'/minecraft:the_end
[00:48:32] [Render thread/INFO]: Loaded 0 advancements
[00:49:09] [EnvServerSocketHandler/INFO]: [STDOUT]: *** Stopping the replay, returning control to the inputs
[00:49:09] [EnvServerSocketHandler/INFO]: Received Mission token 0934c50f-65f4-4817-be84-141577d21eb7:0:0:1:true:1000
[00:49:09] [EnvServerSocketHandler/INFO]: Received mission init command  <MissionInit xmlns="http://ProjectMalmo.microsoft.com" xmlns:xsi="http://www.w3.org/2001/XMLSchema-instance" SchemaVersion="" PlatformVersion="0.37.0"><Mission><About><Summary>MineRLObtainDiamondShovel-v0</Summary></About><ModSettings><MsPerTick>50</MsPerTick></ModSettings><ServerSection><ServerInitialConditions><Time><AllowPassageOfTime>true</AllowPassageOfTime></Time><AllowSpawning>true</AllowSpawning></ServerInitialConditions><ServerHandlers><DefaultWorldGenerator forceReset="true" generatorOptions="{}"/><ServerQuitWhenAnyAgentFinishes/></ServerHandlers></ServerSection><AgentSection mode="Survival"><Name>MineRLAgent0</Name><AgentStart><LowLevelInputs>true</LowLevelInputs><GuiScale>1.0</GuiScale><GammaSetting>2.0</GammaSetting><FOVSetting>70.0</FOVSetting><FakeCursorSize>16</FakeCursorSize></AgentStart><AgentHandlers><FileBasedPerformanceProducer/><PauseCommand/><VideoProducer want_depth="false"><Width>640</Width><Height>360</Height></VideoProducer><ObservationFromFullInventory flat="false"/><HumanLevelCommands/><CameraCommands/></AgentHandlers></AgentSection></Mission><ExperimentUID>0934c50f-65f4-4817-be84-141577d21eb7</ExperimentUID><ClientRole>0</ClientRole><ClientAgentConnection><ClientIPAddress>127.0.0.1</ClientIPAddress><ClientMissionControlPort>0</ClientMissionControlPort><ClientCommandsPort>0</ClientCommandsPort><AgentIPAddress>127.0.0.1</AgentIPAddress><AgentMissionControlPort>0</AgentMissionControlPort><AgentVideoPort>0</AgentVideoPort><AgentDepthPort>0</AgentDepthPort><AgentLuminancePort>0</AgentLuminancePort><AgentObservationsPort>0</AgentObservationsPort><AgentRewardsPort>0</AgentRewardsPort><AgentColourMapPort>0</AgentColourMapPort></ClientAgentConnection></MissionInit>
[00:49:09] [EnvServerSocketHandler/INFO]: [STDOUT]: Setting width, height to 640, 360
[00:49:09] [EnvServerSocketHandler/INFO]: [STDOUT]: Gamma: 2.0
[00:49:09] [EnvServerSocketHandler/INFO]: [STDOUT]: FOV: 70.0
[00:49:09] [EnvServerSocketHandler/INFO]: [STDOUT]: GuiScale: 1.0
[00:49:09] [Render thread/WARN]: Ambiguity between arguments [teleport, destination] and [teleport, targets] with inputs: [Player, 0123, @e, dd12be42-52a9-4a91-a8a1-11c01849e498]
[00:49:09] [Render thread/WARN]: Ambiguity between arguments [teleport, location] and [teleport, destination] with inputs: [0.1 -0.5 .9, 0 0 0]
[00:49:09] [Render thread/WARN]: Ambiguity between arguments [teleport, location] and [teleport, targets] with inputs: [0.1 -0.5 .9, 0 0 0]
[00:49:09] [Render thread/WARN]: Ambiguity between arguments [teleport, targets] and [teleport, destination] with inputs: [Player, 0123, dd12be42-52a9-4a91-a8a1-11c01849e498]
[00:49:09] [Render thread/WARN]: Ambiguity between arguments [teleport, targets, location] and [teleport, targets, destination] with inputs: [0.1 -0.5 .9, 0 0 0]
[00:49:09] [Render thread/INFO]: Reloading ResourceManager: Default
[00:49:09] [Render thread/INFO]: Loaded 7 recipes
[00:49:10] [Render thread/INFO]: Loaded 927 advancements
[00:49:10] [Render thread/INFO]: Environment: authHost='https://authserver.mojang.com', accountsHost='https://api.mojang.com', sessionHost='https://sessionserver.mojang.com', servicesHost='https://api.minecraftservices.com', name='PROD'
[00:49:10] [Render thread/INFO]: Starting integrated minecraft server version 1.16.5
[00:49:10] [Render thread/INFO]: Generating keypair
[00:49:12] [Render thread/INFO]: Preparing start region for dimension minecraft:overworld
[00:49:18] [Render thread/INFO]: Changing view distance to 11, from 10
[00:49:18] [Render thread/INFO]: MineRLAgent0[local:E:4fac30ab] logged in with entity id 1347 at (354.5, 65.0, -917.5)
[00:49:18] [Render thread/INFO]: MineRLAgent0 joined the game
[00:49:18] [Render thread/INFO]: Preparing spawn area: 64%
[00:49:18] [Render thread/INFO]: Time elapsed: 1 ms
[00:49:18] [Render thread/INFO]: [STDOUT]: Starting new video null
[00:49:18] [Render thread/INFO]: Saving and pausing game...
[00:49:18] [Render thread/INFO]: Saving chunks for level 'ServerLevel[mcpworld95aa53d13ec8]'/minecraft:overworld
[00:49:18] [Render thread/INFO]: Saving chunks for level 'ServerLevel[mcpworld95aa53d13ec8]'/minecraft:the_nether
[00:49:18] [Render thread/INFO]: Saving chunks for level 'ServerLevel[mcpworld95aa53d13ec8]'/minecraft:the_end
[00:49:19] [Render thread/INFO]: Loaded 0 advancements
[00:49:46] [EnvServerSocketHandler/INFO]: [STDOUT]: *** Stopping the replay, returning control to the inputs
