[11:46:29] [Thread-5/INFO]: [STDOUT]: SERVER enter state: DORMANT
[11:46:29] [EnvServerSocketHandler/INFO]: Received Mission token 867ca8d5-0095-4caf-bdfa-18a7c9e30e2d:0:0:1:true
[11:46:29] [EnvServerSocketHandler/INFO]: Received mission init command  <MissionInit xmlns="http://ProjectMalmo.microsoft.com" xmlns:xsi="http://www.w3.org/2001/XMLSchema-instance" SchemaVersion="" PlatformVersion="0.37.0"><Mission><About><Summary>MineRLObtainDiamondShovel-v0</Summary></About><ModSettings><MsPerTick>50</MsPerTick></ModSettings><ServerSection><ServerInitialConditions><Time><AllowPassageOfTime>true</AllowPassageOfTime></Time><AllowSpawning>true</AllowSpawning></ServerInitialConditions><ServerHandlers><DefaultWorldGenerator forceReset="true" generatorOptions="{}"/><ServerQuitWhenAnyAgentFinishes/></ServerHandlers></ServerSection><AgentSection mode="Survival"><Name>MineRLAgent0</Name><AgentStart><LowLevelInputs>true</LowLevelInputs><GuiScale>1.0</GuiScale><GammaSetting>2.0</GammaSetting><FOVSetting>70.0</FOVSetting><FakeCursorSize>16</FakeCursorSize></AgentStart><AgentHandlers><FileBasedPerformanceProducer/><PauseCommand/><VideoProducer want_depth="false"><Width>640</Width><Height>360</Height></VideoProducer><ObservationFromFullInventory flat="false"/><HumanLevelCommands/><CameraCommands/></AgentHandlers></AgentSection></Mission><ExperimentUID>867ca8d5-0095-4caf-bdfa-18a7c9e30e2d</ExperimentUID><ClientRole>0</ClientRole><ClientAgentConnection><ClientIPAddress>127.0.0.1</ClientIPAddress><ClientMissionControlPort>0</ClientMissionControlPort><ClientCommandsPort>0</ClientCommandsPort><AgentIPAddress>127.0.0.1</AgentIPAddress><AgentMissionControlPort>0</AgentMissionControlPort><AgentVideoPort>0</AgentVideoPort><AgentDepthPort>0</AgentDepthPort><AgentLuminancePort>0</AgentLuminancePort><AgentObservationsPort>0</AgentObservationsPort><AgentRewardsPort>0</AgentRewardsPort><AgentColourMapPort>0</AgentColourMapPort></ClientAgentConnection></MissionInit>
[11:46:29] [EnvServerSocketHandler/INFO]: [STDOUT]: Setting width, height to 640, 360
[11:46:29] [EnvServerSocketHandler/INFO]: [STDOUT]: Gamma: 2.0
[11:46:29] [EnvServerSocketHandler/INFO]: [STDOUT]: FOV: 70.0
[11:46:29] [EnvServerSocketHandler/INFO]: [STDOUT]: GuiScale: 1.0
[11:46:29] [Render thread/INFO]: [STDOUT]: Seed not provided, generating random one: 3005045922263556252
[11:46:30] [Render thread/WARN]: Ambiguity between arguments [teleport, destination] and [teleport, targets] with inputs: [Player, 0123, @e, dd12be42-52a9-4a91-a8a1-11c01849e498]
[11:46:30] [Render thread/WARN]: Ambiguity between arguments [teleport, location] and [teleport, destination] with inputs: [0.1 -0.5 .9, 0 0 0]
[11:46:30] [Render thread/WARN]: Ambiguity between arguments [teleport, location] and [teleport, targets] with inputs: [0.1 -0.5 .9, 0 0 0]
[11:46:30] [Render thread/WARN]: Ambiguity between arguments [teleport, targets] and [teleport, destination] with inputs: [Player, 0123, dd12be42-52a9-4a91-a8a1-11c01849e498]
[11:46:30] [Render thread/WARN]: Ambiguity between arguments [teleport, targets, location] and [teleport, targets, destination] with inputs: [0.1 -0.5 .9, 0 0 0]
[11:46:30] [Render thread/INFO]: Reloading ResourceManager: Default
[11:46:30] [Render thread/INFO]: Loaded 7 recipes
[11:46:30] [Render thread/INFO]: Loaded 927 advancements
[11:46:30] [Render thread/INFO]: Environment: authHost='https://authserver.mojang.com', accountsHost='https://api.mojang.com', sessionHost='https://sessionserver.mojang.com', servicesHost='https://api.minecraftservices.com', name='PROD'
[11:46:30] [Render thread/INFO]: Starting integrated minecraft server version 1.16.5
[11:46:30] [Render thread/INFO]: Generating keypair
[11:46:33] [Render thread/INFO]: Preparing start region for dimension minecraft:overworld
[11:46:37] [Render thread/INFO]: Changing view distance to 11, from 10
[11:46:38] [Render thread/INFO]: MineRLAgent0[local:E:f1358401] logged in with entity id 107 at (-202.5, 63.0, -546.5)
[11:46:38] [Render thread/INFO]: MineRLAgent0 joined the game
[11:46:38] [Render thread/INFO]: [STDOUT]: *** creating fake mouse cursor ***
[11:46:38] [Render thread/INFO]: Preparing spawn area: 20%
[11:46:38] [Render thread/INFO]: Time elapsed: 2 ms
[11:46:38] [Render thread/INFO]: [STDOUT]: Starting new video null
[11:46:38] [Render thread/INFO]: Saving and pausing game...
[11:46:38] [Render thread/INFO]: Saving chunks for level 'ServerLevel[mcpworlde84f0dc9a87f]'/minecraft:overworld
[11:46:38] [Render thread/INFO]: Saving chunks for level 'ServerLevel[mcpworlde84f0dc9a87f]'/minecraft:the_nether
[11:46:38] [Render thread/INFO]: Saving chunks for level 'ServerLevel[mcpworlde84f0dc9a87f]'/minecraft:the_end
[11:46:38] [Render thread/INFO]: Loaded 0 advancements
[11:46:39] [EnvServerSocketHandler/INFO]: [STDOUT]: *** Stopping the replay, returning control to the inputs
[11:46:39] [EnvServerSocketHandler/INFO]: Received Mission token 46c6a07d-7fff-4988-b59b-294e9ceb9b6d:0:0:1:true
[11:46:39] [EnvServerSocketHandler/INFO]: Received mission init command  <MissionInit xmlns="http://ProjectMalmo.microsoft.com" xmlns:xsi="http://www.w3.org/2001/XMLSchema-instance" SchemaVersion="" PlatformVersion="0.37.0"><Mission><About><Summary>MineRLObtainDiamondShovel-v0</Summary></About><ModSettings><MsPerTick>50</MsPerTick></ModSettings><ServerSection><ServerInitialConditions><Time><AllowPassageOfTime>true</AllowPassageOfTime></Time><AllowSpawning>true</AllowSpawning></ServerInitialConditions><ServerHandlers><DefaultWorldGenerator forceReset="true" generatorOptions="{}"/><ServerQuitWhenAnyAgentFinishes/></ServerHandlers></ServerSection><AgentSection mode="Survival"><Name>MineRLAgent0</Name><AgentStart><LowLevelInputs>true</LowLevelInputs><GuiScale>1.0</GuiScale><GammaSetting>2.0</GammaSetting><FOVSetting>70.0</FOVSetting><FakeCursorSize>16</FakeCursorSize></AgentStart><AgentHandlers><FileBasedPerformanceProducer/><PauseCommand/><VideoProducer want_depth="false"><Width>640</Width><Height>360</Height></VideoProducer><ObservationFromFullInventory flat="false"/><HumanLevelCommands/><CameraCommands/></AgentHandlers></AgentSection></Mission><ExperimentUID>46c6a07d-7fff-4988-b59b-294e9ceb9b6d</ExperimentUID><ClientRole>0</ClientRole><ClientAgentConnection><ClientIPAddress>127.0.0.1</ClientIPAddress><ClientMissionControlPort>0</ClientMissionControlPort><ClientCommandsPort>0</ClientCommandsPort><AgentIPAddress>127.0.0.1</AgentIPAddress><AgentMissionControlPort>0</AgentMissionControlPort><AgentVideoPort>0</AgentVideoPort><AgentDepthPort>0</AgentDepthPort><AgentLuminancePort>0</AgentLuminancePort><AgentObservationsPort>0</AgentObservationsPort><AgentRewardsPort>0</AgentRewardsPort><AgentColourMapPort>0</AgentColourMapPort></ClientAgentConnection></MissionInit>
[11:46:40] [EnvServerSocketHandler/INFO]: [STDOUT]: Setting width, height to 640, 360
[11:46:40] [EnvServerSocketHandler/INFO]: [STDOUT]: Gamma: 2.0
[11:46:40] [EnvServerSocketHandler/INFO]: [STDOUT]: FOV: 70.0
[11:46:40] [EnvServerSocketHandler/INFO]: [STDOUT]: GuiScale: 1.0
[11:46:40] [Render thread/INFO]: [STDOUT]: Seed not provided, generating random one: -6749767184717988914
[11:46:40] [Render thread/WARN]: Ambiguity between arguments [teleport, destination] and [teleport, targets] with inputs: [Player, 0123, @e, dd12be42-52a9-4a91-a8a1-11c01849e498]
[11:46:40] [Render thread/WARN]: Ambiguity between arguments [teleport, location] and [teleport, destination] with inputs: [0.1 -0.5 .9, 0 0 0]
[11:46:40] [Render thread/WARN]: Ambiguity between arguments [teleport, location] and [teleport, targets] with inputs: [0.1 -0.5 .9, 0 0 0]
[11:46:40] [Render thread/WARN]: Ambiguity between arguments [teleport, targets] and [teleport, destination] with inputs: [Player, 0123, dd12be42-52a9-4a91-a8a1-11c01849e498]
[11:46:40] [Render thread/WARN]: Ambiguity between arguments [teleport, targets, location] and [teleport, targets, destination] with inputs: [0.1 -0.5 .9, 0 0 0]
[11:46:40] [Render thread/INFO]: Reloading ResourceManager: Default
[11:46:40] [Render thread/INFO]: Loaded 7 recipes
[11:46:40] [Render thread/INFO]: Loaded 927 advancements
[11:46:40] [Render thread/INFO]: Environment: authHost='https://authserver.mojang.com', accountsHost='https://api.mojang.com', sessionHost='https://sessionserver.mojang.com', servicesHost='https://api.minecraftservices.com', name='PROD'
[11:46:40] [Render thread/INFO]: Starting integrated minecraft server version 1.16.5
[11:46:40] [Render thread/INFO]: Generating keypair
[11:46:42] [Render thread/INFO]: Preparing start region for dimension minecraft:overworld
[11:46:47] [Render thread/INFO]: Changing view distance to 11, from 10
[11:46:47] [Render thread/INFO]: MineRLAgent0[local:E:7ba0d040] logged in with entity id 558 at (-589.5, 65.0, -789.5)
[11:46:47] [Render thread/INFO]: MineRLAgent0 joined the game
[11:46:47] [Render thread/INFO]: Preparing spawn area: 32%
[11:46:47] [Render thread/INFO]: Time elapsed: 1 ms
[11:46:47] [Render thread/INFO]: [STDOUT]: Starting new video null
[11:46:47] [Render thread/INFO]: Saving and pausing game...
[11:46:47] [Render thread/INFO]: Saving chunks for level 'ServerLevel[mcpworldfc79c74328e0]'/minecraft:overworld
[11:46:47] [Render thread/INFO]: Saving chunks for level 'ServerLevel[mcpworldfc79c74328e0]'/minecraft:the_nether
[11:46:47] [Render thread/INFO]: Saving chunks for level 'ServerLevel[mcpworldfc79c74328e0]'/minecraft:the_end
[11:46:47] [Render thread/INFO]: Loaded 0 advancements
[11:51:25] [EnvServerSocketHandler/INFO]: [STDOUT]: *** Stopping the replay, returning control to the inputs
[11:51:25] [EnvServerSocketHandler/INFO]: Received Mission token 5ed17919-466d-42f8-833e-f2d3215a890d:0:0:1:true:1000
[11:51:25] [EnvServerSocketHandler/INFO]: Received mission init command  <MissionInit xmlns="http://ProjectMalmo.microsoft.com" xmlns:xsi="http://www.w3.org/2001/XMLSchema-instance" SchemaVersion="" PlatformVersion="0.37.0"><Mission><About><Summary>MineRLObtainDiamondShovel-v0</Summary></About><ModSettings><MsPerTick>50</MsPerTick></ModSettings><ServerSection><ServerInitialConditions><Time><AllowPassageOfTime>true</AllowPassageOfTime></Time><AllowSpawning>true</AllowSpawning></ServerInitialConditions><ServerHandlers><DefaultWorldGenerator forceReset="true" generatorOptions="{}"/><ServerQuitWhenAnyAgentFinishes/></ServerHandlers></ServerSection><AgentSection mode="Survival"><Name>MineRLAgent0</Name><AgentStart><LowLevelInputs>true</LowLevelInputs><GuiScale>1.0</GuiScale><GammaSetting>2.0</GammaSetting><FOVSetting>70.0</FOVSetting><FakeCursorSize>16</FakeCursorSize></AgentStart><AgentHandlers><FileBasedPerformanceProducer/><PauseCommand/><VideoProducer want_depth="false"><Width>640</Width><Height>360</Height></VideoProducer><ObservationFromFullInventory flat="false"/><HumanLevelCommands/><CameraCommands/></AgentHandlers></AgentSection></Mission><ExperimentUID>5ed17919-466d-42f8-833e-f2d3215a890d</ExperimentUID><ClientRole>0</ClientRole><ClientAgentConnection><ClientIPAddress>127.0.0.1</ClientIPAddress><ClientMissionControlPort>0</ClientMissionControlPort><ClientCommandsPort>0</ClientCommandsPort><AgentIPAddress>127.0.0.1</AgentIPAddress><AgentMissionControlPort>0</AgentMissionControlPort><AgentVideoPort>0</AgentVideoPort><AgentDepthPort>0</AgentDepthPort><AgentLuminancePort>0</AgentLuminancePort><AgentObservationsPort>0</AgentObservationsPort><AgentRewardsPort>0</AgentRewardsPort><AgentColourMapPort>0</AgentColourMapPort></ClientAgentConnection></MissionInit>
[11:51:25] [EnvServerSocketHandler/INFO]: [STDOUT]: Setting width, height to 640, 360
[11:51:25] [EnvServerSocketHandler/INFO]: [STDOUT]: Gamma: 2.0
[11:51:25] [EnvServerSocketHandler/INFO]: [STDOUT]: FOV: 70.0
[11:51:25] [EnvServerSocketHandler/INFO]: [STDOUT]: GuiScale: 1.0
[11:51:25] [Render thread/WARN]: Ambiguity between arguments [teleport, destination] and [teleport, targets] with inputs: [Player, 0123, @e, dd12be42-52a9-4a91-a8a1-11c01849e498]
[11:51:25] [Render thread/WARN]: Ambiguity between arguments [teleport, location] and [teleport, destination] with inputs: [0.1 -0.5 .9, 0 0 0]
[11:51:25] [Render thread/WARN]: Ambiguity between arguments [teleport, location] and [teleport, targets] with inputs: [0.1 -0.5 .9, 0 0 0]
[11:51:25] [Render thread/WARN]: Ambiguity between arguments [teleport, targets] and [teleport, destination] with inputs: [Player, 0123, dd12be42-52a9-4a91-a8a1-11c01849e498]
[11:51:25] [Render thread/WARN]: Ambiguity between arguments [teleport, targets, location] and [teleport, targets, destination] with inputs: [0.1 -0.5 .9, 0 0 0]
[11:51:25] [Render thread/INFO]: Reloading ResourceManager: Default
[11:51:25] [Render thread/INFO]: Loaded 7 recipes
[11:51:25] [Render thread/INFO]: Loaded 927 advancements
[11:51:25] [Render thread/INFO]: Environment: authHost='https://authserver.mojang.com', accountsHost='https://api.mojang.com', sessionHost='https://sessionserver.mojang.com', servicesHost='https://api.minecraftservices.com', name='PROD'
[11:51:25] [Render thread/INFO]: Starting integrated minecraft server version 1.16.5
[11:51:25] [Render thread/INFO]: Generating keypair
[11:51:27] [Render thread/INFO]: Preparing start region for dimension minecraft:overworld
[11:51:33] [Render thread/INFO]: Changing view distance to 11, from 10
[11:51:33] [Render thread/INFO]: MineRLAgent0[local:E:2eade288] logged in with entity id 1989 at (354.5, 65.0, -917.5)
[11:51:33] [Render thread/INFO]: MineRLAgent0 joined the game
[11:51:33] [Render thread/INFO]: Preparing spawn area: 11%
[11:51:33] [Render thread/INFO]: Time elapsed: 2 ms
[11:51:33] [Render thread/INFO]: [STDOUT]: Starting new video null
[11:51:33] [Render thread/INFO]: Saving and pausing game...
[11:51:33] [Render thread/INFO]: Saving chunks for level 'ServerLevel[mcpworld333821c2a9d2]'/minecraft:overworld
[11:51:33] [Render thread/INFO]: Saving chunks for level 'ServerLevel[mcpworld333821c2a9d2]'/minecraft:the_nether
[11:51:33] [Render thread/INFO]: Saving chunks for level 'ServerLevel[mcpworld333821c2a9d2]'/minecraft:the_end
[11:51:34] [Render thread/INFO]: Loaded 0 advancements
[11:55:46] [EnvServerSocketHandler/INFO]: [STDOUT]: *** Stopping the replay, returning control to the inputs
[11:55:46] [EnvServerSocketHandler/INFO]: Received Mission token d01d3a12-c458-4a05-94db-ecabf5caab9f:0:0:1:true:1000
[11:55:46] [EnvServerSocketHandler/INFO]: Received mission init command  <MissionInit xmlns="http://ProjectMalmo.microsoft.com" xmlns:xsi="http://www.w3.org/2001/XMLSchema-instance" SchemaVersion="" PlatformVersion="0.37.0"><Mission><About><Summary>MineRLObtainDiamondShovel-v0</Summary></About><ModSettings><MsPerTick>50</MsPerTick></ModSettings><ServerSection><ServerInitialConditions><Time><AllowPassageOfTime>true</AllowPassageOfTime></Time><AllowSpawning>true</AllowSpawning></ServerInitialConditions><ServerHandlers><DefaultWorldGenerator forceReset="true" generatorOptions="{}"/><ServerQuitWhenAnyAgentFinishes/></ServerHandlers></ServerSection><AgentSection mode="Survival"><Name>MineRLAgent0</Name><AgentStart><LowLevelInputs>true</LowLevelInputs><GuiScale>1.0</GuiScale><GammaSetting>2.0</GammaSetting><FOVSetting>70.0</FOVSetting><FakeCursorSize>16</FakeCursorSize></AgentStart><AgentHandlers><FileBasedPerformanceProducer/><PauseCommand/><VideoProducer want_depth="false"><Width>640</Width><Height>360</Height></VideoProducer><ObservationFromFullInventory flat="false"/><HumanLevelCommands/><CameraCommands/></AgentHandlers></AgentSection></Mission><ExperimentUID>d01d3a12-c458-4a05-94db-ecabf5caab9f</ExperimentUID><ClientRole>0</ClientRole><ClientAgentConnection><ClientIPAddress>127.0.0.1</ClientIPAddress><ClientMissionControlPort>0</ClientMissionControlPort><ClientCommandsPort>0</ClientCommandsPort><AgentIPAddress>127.0.0.1</AgentIPAddress><AgentMissionControlPort>0</AgentMissionControlPort><AgentVideoPort>0</AgentVideoPort><AgentDepthPort>0</AgentDepthPort><AgentLuminancePort>0</AgentLuminancePort><AgentObservationsPort>0</AgentObservationsPort><AgentRewardsPort>0</AgentRewardsPort><AgentColourMapPort>0</AgentColourMapPort></ClientAgentConnection></MissionInit>
[11:55:46] [EnvServerSocketHandler/INFO]: [STDOUT]: Setting width, height to 640, 360
[11:55:46] [EnvServerSocketHandler/INFO]: [STDOUT]: Gamma: 2.0
[11:55:46] [EnvServerSocketHandler/INFO]: [STDOUT]: FOV: 70.0
[11:55:46] [EnvServerSocketHandler/INFO]: [STDOUT]: GuiScale: 1.0
[11:55:46] [Render thread/WARN]: Ambiguity between arguments [teleport, destination] and [teleport, targets] with inputs: [Player, 0123, @e, dd12be42-52a9-4a91-a8a1-11c01849e498]
[11:55:46] [Render thread/WARN]: Ambiguity between arguments [teleport, location] and [teleport, destination] with inputs: [0.1 -0.5 .9, 0 0 0]
[11:55:46] [Render thread/WARN]: Ambiguity between arguments [teleport, location] and [teleport, targets] with inputs: [0.1 -0.5 .9, 0 0 0]
[11:55:46] [Render thread/WARN]: Ambiguity between arguments [teleport, targets] and [teleport, destination] with inputs: [Player, 0123, dd12be42-52a9-4a91-a8a1-11c01849e498]
[11:55:46] [Render thread/WARN]: Ambiguity between arguments [teleport, targets, location] and [teleport, targets, destination] with inputs: [0.1 -0.5 .9, 0 0 0]
[11:55:46] [Render thread/INFO]: Reloading ResourceManager: Default
[11:55:46] [Render thread/INFO]: Loaded 7 recipes
[11:55:46] [Render thread/INFO]: Loaded 927 advancements
[11:55:47] [Render thread/INFO]: Environment: authHost='https://authserver.mojang.com', accountsHost='https://api.mojang.com', sessionHost='https://sessionserver.mojang.com', servicesHost='https://api.minecraftservices.com', name='PROD'
[11:55:47] [Render thread/INFO]: Starting integrated minecraft server version 1.16.5
[11:55:47] [Render thread/INFO]: Generating keypair
[11:55:49] [Render thread/INFO]: Preparing start region for dimension minecraft:overworld
[11:55:54] [Render thread/INFO]: Changing view distance to 11, from 10
[11:55:54] [Render thread/INFO]: MineRLAgent0[local:E:605b1979] logged in with entity id 3428 at (354.5, 65.0, -917.5)
[11:55:54] [Render thread/INFO]: MineRLAgent0 joined the game
[11:55:54] [Render thread/INFO]: Preparing spawn area: 55%
[11:55:54] [Render thread/INFO]: Time elapsed: 1 ms
[11:55:55] [Render thread/INFO]: [STDOUT]: Starting new video null
[11:55:55] [Render thread/INFO]: Saving and pausing game...
[11:55:55] [Render thread/INFO]: Saving chunks for level 'ServerLevel[mcpworld030998ecaaf7]'/minecraft:overworld
[11:55:55] [Render thread/INFO]: Saving chunks for level 'ServerLevel[mcpworld030998ecaaf7]'/minecraft:the_nether
[11:55:55] [Render thread/INFO]: Saving chunks for level 'ServerLevel[mcpworld030998ecaaf7]'/minecraft:the_end
[11:55:55] [Render thread/INFO]: Loaded 0 advancements
[11:59:43] [Render thread/INFO]: MineRLAgent0 was blown up by Creeper
[11:59:43] [Render thread/INFO]: [CHAT] MineRLAgent0 was blown up by Creeper
[11:59:43] [Render thread/INFO]: Loaded 14 advancements
[11:59:43] [Render thread/INFO]: [STDOUT]: Starting new video null
[12:00:27] [EnvServerSocketHandler/INFO]: [STDOUT]: *** Stopping the replay, returning control to the inputs
[12:00:27] [EnvServerSocketHandler/INFO]: Received Mission token 4f2a3cde-b7bb-4d50-a07c-24b02d7f4e56:0:0:1:true:1000
[12:00:27] [EnvServerSocketHandler/INFO]: Received mission init command  <MissionInit xmlns="http://ProjectMalmo.microsoft.com" xmlns:xsi="http://www.w3.org/2001/XMLSchema-instance" SchemaVersion="" PlatformVersion="0.37.0"><Mission><About><Summary>MineRLObtainDiamondShovel-v0</Summary></About><ModSettings><MsPerTick>50</MsPerTick></ModSettings><ServerSection><ServerInitialConditions><Time><AllowPassageOfTime>true</AllowPassageOfTime></Time><AllowSpawning>true</AllowSpawning></ServerInitialConditions><ServerHandlers><DefaultWorldGenerator forceReset="true" generatorOptions="{}"/><ServerQuitWhenAnyAgentFinishes/></ServerHandlers></ServerSection><AgentSection mode="Survival"><Name>MineRLAgent0</Name><AgentStart><LowLevelInputs>true</LowLevelInputs><GuiScale>1.0</GuiScale><GammaSetting>2.0</GammaSetting><FOVSetting>70.0</FOVSetting><FakeCursorSize>16</FakeCursorSize></AgentStart><AgentHandlers><FileBasedPerformanceProducer/><PauseCommand/><VideoProducer want_depth="false"><Width>640</Width><Height>360</Height></VideoProducer><ObservationFromFullInventory flat="false"/><HumanLevelCommands/><CameraCommands/></AgentHandlers></AgentSection></Mission><ExperimentUID>4f2a3cde-b7bb-4d50-a07c-24b02d7f4e56</ExperimentUID><ClientRole>0</ClientRole><ClientAgentConnection><ClientIPAddress>127.0.0.1</ClientIPAddress><ClientMissionControlPort>0</ClientMissionControlPort><ClientCommandsPort>0</ClientCommandsPort><AgentIPAddress>127.0.0.1</AgentIPAddress><AgentMissionControlPort>0</AgentMissionControlPort><AgentVideoPort>0</AgentVideoPort><AgentDepthPort>0</AgentDepthPort><AgentLuminancePort>0</AgentLuminancePort><AgentObservationsPort>0</AgentObservationsPort><AgentRewardsPort>0</AgentRewardsPort><AgentColourMapPort>0</AgentColourMapPort></ClientAgentConnection></MissionInit>
[12:00:27] [EnvServerSocketHandler/INFO]: [STDOUT]: Setting width, height to 640, 360
[12:00:27] [EnvServerSocketHandler/INFO]: [STDOUT]: Gamma: 2.0
[12:00:27] [EnvServerSocketHandler/INFO]: [STDOUT]: FOV: 70.0
[12:00:27] [EnvServerSocketHandler/INFO]: [STDOUT]: GuiScale: 1.0
[12:00:27] [Render thread/WARN]: Ambiguity between arguments [teleport, destination] and [teleport, targets] with inputs: [Player, 0123, @e, dd12be42-52a9-4a91-a8a1-11c01849e498]
[12:00:27] [Render thread/WARN]: Ambiguity between arguments [teleport, location] and [teleport, destination] with inputs: [0.1 -0.5 .9, 0 0 0]
[12:00:27] [Render thread/WARN]: Ambiguity between arguments [teleport, location] and [teleport, targets] with inputs: [0.1 -0.5 .9, 0 0 0]
[12:00:27] [Render thread/WARN]: Ambiguity between arguments [teleport, targets] and [teleport, destination] with inputs: [Player, 0123, dd12be42-52a9-4a91-a8a1-11c01849e498]
[12:00:27] [Render thread/WARN]: Ambiguity between arguments [teleport, targets, location] and [teleport, targets, destination] with inputs: [0.1 -0.5 .9, 0 0 0]
[12:00:27] [Render thread/INFO]: Reloading ResourceManager: Default
[12:00:27] [Render thread/INFO]: Loaded 7 recipes
[12:00:27] [Render thread/INFO]: Loaded 927 advancements
[12:00:27] [Render thread/INFO]: Environment: authHost='https://authserver.mojang.com', accountsHost='https://api.mojang.com', sessionHost='https://sessionserver.mojang.com', servicesHost='https://api.minecraftservices.com', name='PROD'
[12:00:27] [Render thread/INFO]: Starting integrated minecraft server version 1.16.5
[12:00:27] [Render thread/INFO]: Generating keypair
[12:00:29] [Render thread/INFO]: Preparing start region for dimension minecraft:overworld
[12:00:35] [Render thread/INFO]: Changing view distance to 11, from 10
[12:00:35] [Render thread/INFO]: MineRLAgent0[local:E:8be17808] logged in with entity id 4926 at (354.5, 65.0, -917.5)
[12:00:35] [Render thread/INFO]: MineRLAgent0 joined the game
[12:00:35] [Render thread/INFO]: Preparing spawn area: 0%
[12:00:35] [Render thread/INFO]: Time elapsed: 1 ms
[12:00:35] [Render thread/INFO]: [STDOUT]: Starting new video null
[12:00:35] [Render thread/INFO]: Saving and pausing game...
[12:00:35] [Render thread/INFO]: Saving chunks for level 'ServerLevel[mcpworld049b80778da8]'/minecraft:overworld
[12:00:36] [Render thread/INFO]: Saving chunks for level 'ServerLevel[mcpworld049b80778da8]'/minecraft:the_nether
[12:00:36] [Render thread/INFO]: Saving chunks for level 'ServerLevel[mcpworld049b80778da8]'/minecraft:the_end
[12:00:36] [Render thread/INFO]: Loaded 0 advancements
[12:02:41] [Render thread/INFO]: MineRLAgent0 was burnt to a crisp whilst fighting Zombie
[12:02:41] [Render thread/INFO]: [CHAT] MineRLAgent0 was burnt to a crisp whilst fighting Zombie
[12:02:41] [Render thread/INFO]: Loaded 14 advancements
[12:02:41] [Render thread/INFO]: [STDOUT]: Starting new video null
[12:02:48] [Render thread/INFO]: MineRLAgent0 was slain by Zombie
[12:02:48] [Render thread/INFO]: [CHAT] MineRLAgent0 was slain by Zombie
[12:02:48] [Render thread/INFO]: [STDOUT]: Starting new video null
[12:04:50] [EnvServerSocketHandler/INFO]: [STDOUT]: *** Stopping the replay, returning control to the inputs
[12:04:50] [EnvServerSocketHandler/INFO]: Received Mission token c40ab5e7-1873-4298-a6ed-8e036a90a5af:0:0:1:true:1000
[12:04:50] [EnvServerSocketHandler/INFO]: Received mission init command  <MissionInit xmlns="http://ProjectMalmo.microsoft.com" xmlns:xsi="http://www.w3.org/2001/XMLSchema-instance" SchemaVersion="" PlatformVersion="0.37.0"><Mission><About><Summary>MineRLObtainDiamondShovel-v0</Summary></About><ModSettings><MsPerTick>50</MsPerTick></ModSettings><ServerSection><ServerInitialConditions><Time><AllowPassageOfTime>true</AllowPassageOfTime></Time><AllowSpawning>true</AllowSpawning></ServerInitialConditions><ServerHandlers><DefaultWorldGenerator forceReset="true" generatorOptions="{}"/><ServerQuitWhenAnyAgentFinishes/></ServerHandlers></ServerSection><AgentSection mode="Survival"><Name>MineRLAgent0</Name><AgentStart><LowLevelInputs>true</LowLevelInputs><GuiScale>1.0</GuiScale><GammaSetting>2.0</GammaSetting><FOVSetting>70.0</FOVSetting><FakeCursorSize>16</FakeCursorSize></AgentStart><AgentHandlers><FileBasedPerformanceProducer/><PauseCommand/><VideoProducer want_depth="false"><Width>640</Width><Height>360</Height></VideoProducer><ObservationFromFullInventory flat="false"/><HumanLevelCommands/><CameraCommands/></AgentHandlers></AgentSection></Mission><ExperimentUID>c40ab5e7-1873-4298-a6ed-8e036a90a5af</ExperimentUID><ClientRole>0</ClientRole><ClientAgentConnection><ClientIPAddress>127.0.0.1</ClientIPAddress><ClientMissionControlPort>0</ClientMissionControlPort><ClientCommandsPort>0</ClientCommandsPort><AgentIPAddress>127.0.0.1</AgentIPAddress><AgentMissionControlPort>0</AgentMissionControlPort><AgentVideoPort>0</AgentVideoPort><AgentDepthPort>0</AgentDepthPort><AgentLuminancePort>0</AgentLuminancePort><AgentObservationsPort>0</AgentObservationsPort><AgentRewardsPort>0</AgentRewardsPort><AgentColourMapPort>0</AgentColourMapPort></ClientAgentConnection></MissionInit>
[12:04:51] [EnvServerSocketHandler/INFO]: [STDOUT]: Setting width, height to 640, 360
[12:04:51] [EnvServerSocketHandler/INFO]: [STDOUT]: Gamma: 2.0
[12:04:51] [EnvServerSocketHandler/INFO]: [STDOUT]: FOV: 70.0
[12:04:51] [EnvServerSocketHandler/INFO]: [STDOUT]: GuiScale: 1.0
[12:04:51] [Render thread/WARN]: Ambiguity between arguments [teleport, destination] and [teleport, targets] with inputs: [Player, 0123, @e, dd12be42-52a9-4a91-a8a1-11c01849e498]
[12:04:51] [Render thread/WARN]: Ambiguity between arguments [teleport, location] and [teleport, destination] with inputs: [0.1 -0.5 .9, 0 0 0]
[12:04:51] [Render thread/WARN]: Ambiguity between arguments [teleport, location] and [teleport, targets] with inputs: [0.1 -0.5 .9, 0 0 0]
[12:04:51] [Render thread/WARN]: Ambiguity between arguments [teleport, targets] and [teleport, destination] with inputs: [Player, 0123, dd12be42-52a9-4a91-a8a1-11c01849e498]
[12:04:51] [Render thread/WARN]: Ambiguity between arguments [teleport, targets, location] and [teleport, targets, destination] with inputs: [0.1 -0.5 .9, 0 0 0]
[12:04:51] [Render thread/INFO]: Reloading ResourceManager: Default
[12:04:51] [Render thread/INFO]: Loaded 7 recipes
[12:04:51] [Render thread/INFO]: Loaded 927 advancements
[12:04:51] [Render thread/INFO]: Environment: authHost='https://authserver.mojang.com', accountsHost='https://api.mojang.com', sessionHost='https://sessionserver.mojang.com', servicesHost='https://api.minecraftservices.com', name='PROD'
[12:04:51] [Render thread/INFO]: Starting integrated minecraft server version 1.16.5
[12:04:51] [Render thread/INFO]: Generating keypair
[12:04:53] [Render thread/INFO]: Preparing start region for dimension minecraft:overworld
[12:04:59] [Render thread/INFO]: Changing view distance to 11, from 10
[12:04:59] [Render thread/INFO]: MineRLAgent0[local:E:3d59b800] logged in with entity id 6631 at (354.5, 65.0, -917.5)
[12:04:59] [Render thread/INFO]: MineRLAgent0 joined the game
[12:04:59] [Render thread/INFO]: Preparing spawn area: 59%
[12:04:59] [Render thread/INFO]: Time elapsed: 1 ms
[12:04:59] [Render thread/INFO]: [STDOUT]: Starting new video null
[12:04:59] [Render thread/INFO]: Saving and pausing game...
[12:04:59] [Render thread/INFO]: Saving chunks for level 'ServerLevel[mcpworld297151163e11]'/minecraft:overworld
[12:05:00] [Render thread/INFO]: Saving chunks for level 'ServerLevel[mcpworld297151163e11]'/minecraft:the_nether
[12:05:00] [Render thread/INFO]: Saving chunks for level 'ServerLevel[mcpworld297151163e11]'/minecraft:the_end
[12:05:00] [Render thread/INFO]: Loaded 0 advancements
[12:10:20] [EnvServerSocketHandler/INFO]: [STDOUT]: *** Stopping the replay, returning control to the inputs
[12:10:20] [EnvServerSocketHandler/INFO]: Received Mission token 0c783ddf-21e8-4ec3-9586-1495b358465b:0:0:1:true:1000
[12:10:20] [EnvServerSocketHandler/INFO]: Received mission init command  <MissionInit xmlns="http://ProjectMalmo.microsoft.com" xmlns:xsi="http://www.w3.org/2001/XMLSchema-instance" SchemaVersion="" PlatformVersion="0.37.0"><Mission><About><Summary>MineRLObtainDiamondShovel-v0</Summary></About><ModSettings><MsPerTick>50</MsPerTick></ModSettings><ServerSection><ServerInitialConditions><Time><AllowPassageOfTime>true</AllowPassageOfTime></Time><AllowSpawning>true</AllowSpawning></ServerInitialConditions><ServerHandlers><DefaultWorldGenerator forceReset="true" generatorOptions="{}"/><ServerQuitWhenAnyAgentFinishes/></ServerHandlers></ServerSection><AgentSection mode="Survival"><Name>MineRLAgent0</Name><AgentStart><LowLevelInputs>true</LowLevelInputs><GuiScale>1.0</GuiScale><GammaSetting>2.0</GammaSetting><FOVSetting>70.0</FOVSetting><FakeCursorSize>16</FakeCursorSize></AgentStart><AgentHandlers><FileBasedPerformanceProducer/><PauseCommand/><VideoProducer want_depth="false"><Width>640</Width><Height>360</Height></VideoProducer><ObservationFromFullInventory flat="false"/><HumanLevelCommands/><CameraCommands/></AgentHandlers></AgentSection></Mission><ExperimentUID>0c783ddf-21e8-4ec3-9586-1495b358465b</ExperimentUID><ClientRole>0</ClientRole><ClientAgentConnection><ClientIPAddress>127.0.0.1</ClientIPAddress><ClientMissionControlPort>0</ClientMissionControlPort><ClientCommandsPort>0</ClientCommandsPort><AgentIPAddress>127.0.0.1</AgentIPAddress><AgentMissionControlPort>0</AgentMissionControlPort><AgentVideoPort>0</AgentVideoPort><AgentDepthPort>0</AgentDepthPort><AgentLuminancePort>0</AgentLuminancePort><AgentObservationsPort>0</AgentObservationsPort><AgentRewardsPort>0</AgentRewardsPort><AgentColourMapPort>0</AgentColourMapPort></ClientAgentConnection></MissionInit>
[12:10:20] [EnvServerSocketHandler/INFO]: [STDOUT]: Setting width, height to 640, 360
[12:10:20] [EnvServerSocketHandler/INFO]: [STDOUT]: Gamma: 2.0
[12:10:20] [EnvServerSocketHandler/INFO]: [STDOUT]: FOV: 70.0
[12:10:20] [EnvServerSocketHandler/INFO]: [STDOUT]: GuiScale: 1.0
[12:10:20] [Render thread/WARN]: Ambiguity between arguments [teleport, destination] and [teleport, targets] with inputs: [Player, 0123, @e, dd12be42-52a9-4a91-a8a1-11c01849e498]
[12:10:20] [Render thread/WARN]: Ambiguity between arguments [teleport, location] and [teleport, destination] with inputs: [0.1 -0.5 .9, 0 0 0]
[12:10:20] [Render thread/WARN]: Ambiguity between arguments [teleport, location] and [teleport, targets] with inputs: [0.1 -0.5 .9, 0 0 0]
[12:10:20] [Render thread/WARN]: Ambiguity between arguments [teleport, targets] and [teleport, destination] with inputs: [Player, 0123, dd12be42-52a9-4a91-a8a1-11c01849e498]
[12:10:20] [Render thread/WARN]: Ambiguity between arguments [teleport, targets, location] and [teleport, targets, destination] with inputs: [0.1 -0.5 .9, 0 0 0]
[12:10:20] [Render thread/INFO]: Reloading ResourceManager: Default
[12:10:20] [Render thread/INFO]: Loaded 7 recipes
[12:10:20] [Render thread/INFO]: Loaded 927 advancements
[12:10:21] [Render thread/INFO]: Environment: authHost='https://authserver.mojang.com', accountsHost='https://api.mojang.com', sessionHost='https://sessionserver.mojang.com', servicesHost='https://api.minecraftservices.com', name='PROD'
[12:10:21] [Render thread/INFO]: Starting integrated minecraft server version 1.16.5
[12:10:21] [Render thread/INFO]: Generating keypair
[12:10:23] [Render thread/INFO]: Preparing start region for dimension minecraft:overworld
[12:10:28] [Render thread/INFO]: Changing view distance to 11, from 10
[12:10:28] [Render thread/INFO]: MineRLAgent0[local:E:adad7e13] logged in with entity id 8051 at (354.5, 65.0, -917.5)
[12:10:28] [Render thread/INFO]: MineRLAgent0 joined the game
[12:10:29] [Render thread/INFO]: Preparing spawn area: 21%
[12:10:29] [Render thread/INFO]: Time elapsed: 1 ms
[12:10:29] [Render thread/INFO]: [STDOUT]: Starting new video null
[12:10:29] [Render thread/INFO]: Saving and pausing game...
[12:10:29] [Render thread/INFO]: Saving chunks for level 'ServerLevel[mcpworld3eb180b7639b]'/minecraft:overworld
[12:10:29] [Render thread/INFO]: Saving chunks for level 'ServerLevel[mcpworld3eb180b7639b]'/minecraft:the_nether
[12:10:29] [Render thread/INFO]: Saving chunks for level 'ServerLevel[mcpworld3eb180b7639b]'/minecraft:the_end
[12:10:29] [Render thread/INFO]: Loaded 0 advancements
[12:14:57] [EnvServerSocketHandler/INFO]: [STDOUT]: *** Stopping the replay, returning control to the inputs
[12:14:57] [EnvServerSocketHandler/INFO]: Received Mission token 728544b5-5d10-4cb6-9286-b5b2bcfeaa51:0:0:1:true:1000
[12:14:57] [EnvServerSocketHandler/INFO]: Received mission init command  <MissionInit xmlns="http://ProjectMalmo.microsoft.com" xmlns:xsi="http://www.w3.org/2001/XMLSchema-instance" SchemaVersion="" PlatformVersion="0.37.0"><Mission><About><Summary>MineRLObtainDiamondShovel-v0</Summary></About><ModSettings><MsPerTick>50</MsPerTick></ModSettings><ServerSection><ServerInitialConditions><Time><AllowPassageOfTime>true</AllowPassageOfTime></Time><AllowSpawning>true</AllowSpawning></ServerInitialConditions><ServerHandlers><DefaultWorldGenerator forceReset="true" generatorOptions="{}"/><ServerQuitWhenAnyAgentFinishes/></ServerHandlers></ServerSection><AgentSection mode="Survival"><Name>MineRLAgent0</Name><AgentStart><LowLevelInputs>true</LowLevelInputs><GuiScale>1.0</GuiScale><GammaSetting>2.0</GammaSetting><FOVSetting>70.0</FOVSetting><FakeCursorSize>16</FakeCursorSize></AgentStart><AgentHandlers><FileBasedPerformanceProducer/><PauseCommand/><VideoProducer want_depth="false"><Width>640</Width><Height>360</Height></VideoProducer><ObservationFromFullInventory flat="false"/><HumanLevelCommands/><CameraCommands/></AgentHandlers></AgentSection></Mission><ExperimentUID>728544b5-5d10-4cb6-9286-b5b2bcfeaa51</ExperimentUID><ClientRole>0</ClientRole><ClientAgentConnection><ClientIPAddress>127.0.0.1</ClientIPAddress><ClientMissionControlPort>0</ClientMissionControlPort><ClientCommandsPort>0</ClientCommandsPort><AgentIPAddress>127.0.0.1</AgentIPAddress><AgentMissionControlPort>0</AgentMissionControlPort><AgentVideoPort>0</AgentVideoPort><AgentDepthPort>0</AgentDepthPort><AgentLuminancePort>0</AgentLuminancePort><AgentObservationsPort>0</AgentObservationsPort><AgentRewardsPort>0</AgentRewardsPort><AgentColourMapPort>0</AgentColourMapPort></ClientAgentConnection></MissionInit>
[12:14:57] [EnvServerSocketHandler/INFO]: [STDOUT]: Setting width, height to 640, 360
[12:14:57] [EnvServerSocketHandler/INFO]: [STDOUT]: Gamma: 2.0
[12:14:57] [EnvServerSocketHandler/INFO]: [STDOUT]: FOV: 70.0
[12:14:57] [EnvServerSocketHandler/INFO]: [STDOUT]: GuiScale: 1.0
[12:14:57] [Render thread/WARN]: Ambiguity between arguments [teleport, destination] and [teleport, targets] with inputs: [Player, 0123, @e, dd12be42-52a9-4a91-a8a1-11c01849e498]
[12:14:57] [Render thread/WARN]: Ambiguity between arguments [teleport, location] and [teleport, destination] with inputs: [0.1 -0.5 .9, 0 0 0]
[12:14:57] [Render thread/WARN]: Ambiguity between arguments [teleport, location] and [teleport, targets] with inputs: [0.1 -0.5 .9, 0 0 0]
[12:14:57] [Render thread/WARN]: Ambiguity between arguments [teleport, targets] and [teleport, destination] with inputs: [Player, 0123, dd12be42-52a9-4a91-a8a1-11c01849e498]
[12:14:57] [Render thread/WARN]: Ambiguity between arguments [teleport, targets, location] and [teleport, targets, destination] with inputs: [0.1 -0.5 .9, 0 0 0]
[12:14:57] [Render thread/INFO]: Reloading ResourceManager: Default
[12:14:57] [Render thread/INFO]: Loaded 7 recipes
[12:14:57] [Render thread/INFO]: Loaded 927 advancements
[12:14:57] [Render thread/INFO]: Environment: authHost='https://authserver.mojang.com', accountsHost='https://api.mojang.com', sessionHost='https://sessionserver.mojang.com', servicesHost='https://api.minecraftservices.com', name='PROD'
[12:14:57] [Render thread/INFO]: Starting integrated minecraft server version 1.16.5
[12:14:57] [Render thread/INFO]: Generating keypair
[12:14:59] [Render thread/INFO]: Preparing start region for dimension minecraft:overworld
[12:15:05] [Render thread/INFO]: Changing view distance to 11, from 10
[12:15:05] [Render thread/INFO]: MineRLAgent0[local:E:1fe5a332] logged in with entity id 9521 at (354.5, 65.0, -917.5)
[12:15:05] [Render thread/INFO]: MineRLAgent0 joined the game
[12:15:05] [Render thread/INFO]: Preparing spawn area: 2%
[12:15:05] [Render thread/INFO]: Time elapsed: 1 ms
[12:15:05] [Render thread/INFO]: [STDOUT]: Starting new video null
[12:15:05] [Render thread/INFO]: Saving and pausing game...
[12:15:05] [Render thread/INFO]: Saving chunks for level 'ServerLevel[mcpworlde6c411cfe740]'/minecraft:overworld
[12:15:05] [Render thread/INFO]: Saving chunks for level 'ServerLevel[mcpworlde6c411cfe740]'/minecraft:the_nether
[12:15:05] [Render thread/INFO]: Saving chunks for level 'ServerLevel[mcpworlde6c411cfe740]'/minecraft:the_end
[12:15:06] [Render thread/INFO]: Loaded 0 advancements
[12:19:39] [EnvServerSocketHandler/INFO]: [STDOUT]: *** Stopping the replay, returning control to the inputs
[12:19:39] [EnvServerSocketHandler/INFO]: Received Mission token f3740610-fe2c-4626-878c-b61bae7d0b82:0:0:1:true:1000
[12:19:39] [EnvServerSocketHandler/INFO]: Received mission init command  <MissionInit xmlns="http://ProjectMalmo.microsoft.com" xmlns:xsi="http://www.w3.org/2001/XMLSchema-instance" SchemaVersion="" PlatformVersion="0.37.0"><Mission><About><Summary>MineRLObtainDiamondShovel-v0</Summary></About><ModSettings><MsPerTick>50</MsPerTick></ModSettings><ServerSection><ServerInitialConditions><Time><AllowPassageOfTime>true</AllowPassageOfTime></Time><AllowSpawning>true</AllowSpawning></ServerInitialConditions><ServerHandlers><DefaultWorldGenerator forceReset="true" generatorOptions="{}"/><ServerQuitWhenAnyAgentFinishes/></ServerHandlers></ServerSection><AgentSection mode="Survival"><Name>MineRLAgent0</Name><AgentStart><LowLevelInputs>true</LowLevelInputs><GuiScale>1.0</GuiScale><GammaSetting>2.0</GammaSetting><FOVSetting>70.0</FOVSetting><FakeCursorSize>16</FakeCursorSize></AgentStart><AgentHandlers><FileBasedPerformanceProducer/><PauseCommand/><VideoProducer want_depth="false"><Width>640</Width><Height>360</Height></VideoProducer><ObservationFromFullInventory flat="false"/><HumanLevelCommands/><CameraCommands/></AgentHandlers></AgentSection></Mission><ExperimentUID>f3740610-fe2c-4626-878c-b61bae7d0b82</ExperimentUID><ClientRole>0</ClientRole><ClientAgentConnection><ClientIPAddress>127.0.0.1</ClientIPAddress><ClientMissionControlPort>0</ClientMissionControlPort><ClientCommandsPort>0</ClientCommandsPort><AgentIPAddress>127.0.0.1</AgentIPAddress><AgentMissionControlPort>0</AgentMissionControlPort><AgentVideoPort>0</AgentVideoPort><AgentDepthPort>0</AgentDepthPort><AgentLuminancePort>0</AgentLuminancePort><AgentObservationsPort>0</AgentObservationsPort><AgentRewardsPort>0</AgentRewardsPort><AgentColourMapPort>0</AgentColourMapPort></ClientAgentConnection></MissionInit>
[12:19:39] [EnvServerSocketHandler/INFO]: [STDOUT]: Setting width, height to 640, 360
[12:19:39] [EnvServerSocketHandler/INFO]: [STDOUT]: Gamma: 2.0
[12:19:39] [EnvServerSocketHandler/INFO]: [STDOUT]: FOV: 70.0
[12:19:39] [EnvServerSocketHandler/INFO]: [STDOUT]: GuiScale: 1.0
[12:19:39] [Render thread/WARN]: Ambiguity between arguments [teleport, destination] and [teleport, targets] with inputs: [Player, 0123, @e, dd12be42-52a9-4a91-a8a1-11c01849e498]
[12:19:39] [Render thread/WARN]: Ambiguity between arguments [teleport, location] and [teleport, destination] with inputs: [0.1 -0.5 .9, 0 0 0]
[12:19:39] [Render thread/WARN]: Ambiguity between arguments [teleport, location] and [teleport, targets] with inputs: [0.1 -0.5 .9, 0 0 0]
[12:19:39] [Render thread/WARN]: Ambiguity between arguments [teleport, targets] and [teleport, destination] with inputs: [Player, 0123, dd12be42-52a9-4a91-a8a1-11c01849e498]
[12:19:39] [Render thread/WARN]: Ambiguity between arguments [teleport, targets, location] and [teleport, targets, destination] with inputs: [0.1 -0.5 .9, 0 0 0]
[12:19:39] [Render thread/INFO]: Reloading ResourceManager: Default
[12:19:39] [Render thread/INFO]: Loaded 7 recipes
[12:19:39] [Render thread/INFO]: Loaded 927 advancements
[12:19:39] [Render thread/INFO]: Environment: authHost='https://authserver.mojang.com', accountsHost='https://api.mojang.com', sessionHost='https://sessionserver.mojang.com', servicesHost='https://api.minecraftservices.com', name='PROD'
[12:19:39] [Render thread/INFO]: Starting integrated minecraft server version 1.16.5
[12:19:39] [Render thread/INFO]: Generating keypair
[12:19:41] [Render thread/INFO]: Preparing start region for dimension minecraft:overworld
[12:19:47] [Render thread/INFO]: Changing view distance to 11, from 10
[12:19:47] [Render thread/INFO]: MineRLAgent0[local:E:28fcbfcf] logged in with entity id 10930 at (354.5, 65.0, -917.5)
[12:19:47] [Render thread/INFO]: MineRLAgent0 joined the game
[12:19:47] [Render thread/INFO]: Preparing spawn area: 76%
[12:19:47] [Render thread/INFO]: Time elapsed: 1 ms
[12:19:47] [Render thread/INFO]: [STDOUT]: Starting new video null
[12:19:47] [Render thread/INFO]: Saving and pausing game...
[12:19:47] [Render thread/INFO]: Saving chunks for level 'ServerLevel[mcpworlda7418237e9ed]'/minecraft:overworld
[12:19:47] [Render thread/INFO]: Saving chunks for level 'ServerLevel[mcpworlda7418237e9ed]'/minecraft:the_nether
[12:19:47] [Render thread/INFO]: Saving chunks for level 'ServerLevel[mcpworlda7418237e9ed]'/minecraft:the_end
[12:19:47] [Render thread/INFO]: Loaded 0 advancements
[12:22:43] [Render thread/INFO]: MineRLAgent0 was blown up by Creeper
[12:22:43] [Render thread/INFO]: [CHAT] MineRLAgent0 was blown up by Creeper
[12:22:43] [Render thread/INFO]: Loaded 14 advancements
[12:22:43] [Render thread/INFO]: [STDOUT]: Starting new video null
[12:25:53] [EnvServerSocketHandler/INFO]: [STDOUT]: *** Stopping the replay, returning control to the inputs
[12:25:53] [EnvServerSocketHandler/INFO]: Received Mission token 29e869a9-94cf-4a3a-8448-a8bae9c61087:0:0:1:true:1000
[12:25:53] [EnvServerSocketHandler/INFO]: Received mission init command  <MissionInit xmlns="http://ProjectMalmo.microsoft.com" xmlns:xsi="http://www.w3.org/2001/XMLSchema-instance" SchemaVersion="" PlatformVersion="0.37.0"><Mission><About><Summary>MineRLObtainDiamondShovel-v0</Summary></About><ModSettings><MsPerTick>50</MsPerTick></ModSettings><ServerSection><ServerInitialConditions><Time><AllowPassageOfTime>true</AllowPassageOfTime></Time><AllowSpawning>true</AllowSpawning></ServerInitialConditions><ServerHandlers><DefaultWorldGenerator forceReset="true" generatorOptions="{}"/><ServerQuitWhenAnyAgentFinishes/></ServerHandlers></ServerSection><AgentSection mode="Survival"><Name>MineRLAgent0</Name><AgentStart><LowLevelInputs>true</LowLevelInputs><GuiScale>1.0</GuiScale><GammaSetting>2.0</GammaSetting><FOVSetting>70.0</FOVSetting><FakeCursorSize>16</FakeCursorSize></AgentStart><AgentHandlers><FileBasedPerformanceProducer/><PauseCommand/><VideoProducer want_depth="false"><Width>640</Width><Height>360</Height></VideoProducer><ObservationFromFullInventory flat="false"/><HumanLevelCommands/><CameraCommands/></AgentHandlers></AgentSection></Mission><ExperimentUID>29e869a9-94cf-4a3a-8448-a8bae9c61087</ExperimentUID><ClientRole>0</ClientRole><ClientAgentConnection><ClientIPAddress>127.0.0.1</ClientIPAddress><ClientMissionControlPort>0</ClientMissionControlPort><ClientCommandsPort>0</ClientCommandsPort><AgentIPAddress>127.0.0.1</AgentIPAddress><AgentMissionControlPort>0</AgentMissionControlPort><AgentVideoPort>0</AgentVideoPort><AgentDepthPort>0</AgentDepthPort><AgentLuminancePort>0</AgentLuminancePort><AgentObservationsPort>0</AgentObservationsPort><AgentRewardsPort>0</AgentRewardsPort><AgentColourMapPort>0</AgentColourMapPort></ClientAgentConnection></MissionInit>
[12:25:53] [EnvServerSocketHandler/INFO]: [STDOUT]: Setting width, height to 640, 360
[12:25:53] [EnvServerSocketHandler/INFO]: [STDOUT]: Gamma: 2.0
[12:25:53] [EnvServerSocketHandler/INFO]: [STDOUT]: FOV: 70.0
[12:25:53] [EnvServerSocketHandler/INFO]: [STDOUT]: GuiScale: 1.0
[12:25:53] [Render thread/WARN]: Ambiguity between arguments [teleport, destination] and [teleport, targets] with inputs: [Player, 0123, @e, dd12be42-52a9-4a91-a8a1-11c01849e498]
[12:25:53] [Render thread/WARN]: Ambiguity between arguments [teleport, location] and [teleport, destination] with inputs: [0.1 -0.5 .9, 0 0 0]
[12:25:53] [Render thread/WARN]: Ambiguity between arguments [teleport, location] and [teleport, targets] with inputs: [0.1 -0.5 .9, 0 0 0]
[12:25:53] [Render thread/WARN]: Ambiguity between arguments [teleport, targets] and [teleport, destination] with inputs: [Player, 0123, dd12be42-52a9-4a91-a8a1-11c01849e498]
[12:25:53] [Render thread/WARN]: Ambiguity between arguments [teleport, targets, location] and [teleport, targets, destination] with inputs: [0.1 -0.5 .9, 0 0 0]
[12:25:53] [Render thread/INFO]: Reloading ResourceManager: Default
[12:25:53] [Render thread/INFO]: Loaded 7 recipes
[12:25:53] [Render thread/INFO]: Loaded 927 advancements
[12:25:53] [Render thread/INFO]: Environment: authHost='https://authserver.mojang.com', accountsHost='https://api.mojang.com', sessionHost='https://sessionserver.mojang.com', servicesHost='https://api.minecraftservices.com', name='PROD'
[12:25:53] [Render thread/INFO]: Starting integrated minecraft server version 1.16.5
[12:25:53] [Render thread/INFO]: Generating keypair
[12:25:56] [Render thread/INFO]: Preparing start region for dimension minecraft:overworld
[12:26:01] [Render thread/INFO]: Changing view distance to 11, from 10
[12:26:01] [Render thread/INFO]: MineRLAgent0[local:E:ff431f04] logged in with entity id 12583 at (354.5, 65.0, -917.5)
[12:26:01] [Render thread/INFO]: MineRLAgent0 joined the game
[12:26:02] [Render thread/INFO]: Preparing spawn area: 64%
[12:26:02] [Render thread/INFO]: Time elapsed: 1 ms
[12:26:02] [Render thread/INFO]: [STDOUT]: Starting new video null
[12:26:02] [Render thread/INFO]: Saving and pausing game...
[12:26:02] [Render thread/INFO]: Saving chunks for level 'ServerLevel[mcpworld21b3bb7e2ad5]'/minecraft:overworld
[12:26:02] [Render thread/INFO]: Saving chunks for level 'ServerLevel[mcpworld21b3bb7e2ad5]'/minecraft:the_nether
[12:26:02] [Render thread/INFO]: Saving chunks for level 'ServerLevel[mcpworld21b3bb7e2ad5]'/minecraft:the_end
[12:26:02] [Render thread/INFO]: Loaded 0 advancements
[12:31:42] [EnvServerSocketHandler/INFO]: [STDOUT]: *** Stopping the replay, returning control to the inputs
[12:31:42] [EnvServerSocketHandler/INFO]: Received Mission token df6bda90-8d09-4ace-92ac-0d1f6723431d:0:0:1:true:1000
[12:31:42] [EnvServerSocketHandler/INFO]: Received mission init command  <MissionInit xmlns="http://ProjectMalmo.microsoft.com" xmlns:xsi="http://www.w3.org/2001/XMLSchema-instance" SchemaVersion="" PlatformVersion="0.37.0"><Mission><About><Summary>MineRLObtainDiamondShovel-v0</Summary></About><ModSettings><MsPerTick>50</MsPerTick></ModSettings><ServerSection><ServerInitialConditions><Time><AllowPassageOfTime>true</AllowPassageOfTime></Time><AllowSpawning>true</AllowSpawning></ServerInitialConditions><ServerHandlers><DefaultWorldGenerator forceReset="true" generatorOptions="{}"/><ServerQuitWhenAnyAgentFinishes/></ServerHandlers></ServerSection><AgentSection mode="Survival"><Name>MineRLAgent0</Name><AgentStart><LowLevelInputs>true</LowLevelInputs><GuiScale>1.0</GuiScale><GammaSetting>2.0</GammaSetting><FOVSetting>70.0</FOVSetting><FakeCursorSize>16</FakeCursorSize></AgentStart><AgentHandlers><FileBasedPerformanceProducer/><PauseCommand/><VideoProducer want_depth="false"><Width>640</Width><Height>360</Height></VideoProducer><ObservationFromFullInventory flat="false"/><HumanLevelCommands/><CameraCommands/></AgentHandlers></AgentSection></Mission><ExperimentUID>df6bda90-8d09-4ace-92ac-0d1f6723431d</ExperimentUID><ClientRole>0</ClientRole><ClientAgentConnection><ClientIPAddress>127.0.0.1</ClientIPAddress><ClientMissionControlPort>0</ClientMissionControlPort><ClientCommandsPort>0</ClientCommandsPort><AgentIPAddress>127.0.0.1</AgentIPAddress><AgentMissionControlPort>0</AgentMissionControlPort><AgentVideoPort>0</AgentVideoPort><AgentDepthPort>0</AgentDepthPort><AgentLuminancePort>0</AgentLuminancePort><AgentObservationsPort>0</AgentObservationsPort><AgentRewardsPort>0</AgentRewardsPort><AgentColourMapPort>0</AgentColourMapPort></ClientAgentConnection></MissionInit>
[12:31:42] [EnvServerSocketHandler/INFO]: [STDOUT]: Setting width, height to 640, 360
[12:31:42] [EnvServerSocketHandler/INFO]: [STDOUT]: Gamma: 2.0
[12:31:42] [EnvServerSocketHandler/INFO]: [STDOUT]: FOV: 70.0
[12:31:42] [EnvServerSocketHandler/INFO]: [STDOUT]: GuiScale: 1.0
[12:31:42] [Render thread/WARN]: Ambiguity between arguments [teleport, destination] and [teleport, targets] with inputs: [Player, 0123, @e, dd12be42-52a9-4a91-a8a1-11c01849e498]
[12:31:42] [Render thread/WARN]: Ambiguity between arguments [teleport, location] and [teleport, destination] with inputs: [0.1 -0.5 .9, 0 0 0]
[12:31:42] [Render thread/WARN]: Ambiguity between arguments [teleport, location] and [teleport, targets] with inputs: [0.1 -0.5 .9, 0 0 0]
[12:31:42] [Render thread/WARN]: Ambiguity between arguments [teleport, targets] and [teleport, destination] with inputs: [Player, 0123, dd12be42-52a9-4a91-a8a1-11c01849e498]
[12:31:42] [Render thread/WARN]: Ambiguity between arguments [teleport, targets, location] and [teleport, targets, destination] with inputs: [0.1 -0.5 .9, 0 0 0]
[12:31:42] [Render thread/INFO]: Reloading ResourceManager: Default
[12:31:42] [Render thread/INFO]: Loaded 7 recipes
[12:31:42] [Render thread/INFO]: Loaded 927 advancements
[12:31:42] [Render thread/INFO]: Environment: authHost='https://authserver.mojang.com', accountsHost='https://api.mojang.com', sessionHost='https://sessionserver.mojang.com', servicesHost='https://api.minecraftservices.com', name='PROD'
[12:31:42] [Render thread/INFO]: Starting integrated minecraft server version 1.16.5
[12:31:42] [Render thread/INFO]: Generating keypair
[12:31:45] [Render thread/INFO]: Preparing start region for dimension minecraft:overworld
[12:31:50] [Render thread/INFO]: Changing view distance to 11, from 10
[12:31:50] [Render thread/INFO]: MineRLAgent0[local:E:0036a8d4] logged in with entity id 13931 at (354.5, 65.0, -917.5)
[12:31:50] [Render thread/INFO]: MineRLAgent0 joined the game
[12:31:50] [Render thread/INFO]: Time elapsed: 0 ms
[12:31:50] [Render thread/INFO]: [STDOUT]: Starting new video null
[12:31:50] [Render thread/INFO]: Saving and pausing game...
[12:31:50] [Render thread/INFO]: Saving chunks for level 'ServerLevel[mcpworld94efbe8d6843]'/minecraft:overworld
[12:31:51] [Render thread/INFO]: Saving chunks for level 'ServerLevel[mcpworld94efbe8d6843]'/minecraft:the_nether
[12:31:51] [Render thread/INFO]: Saving chunks for level 'ServerLevel[mcpworld94efbe8d6843]'/minecraft:the_end
[12:31:51] [Render thread/INFO]: Loaded 0 advancements
[12:37:12] [EnvServerSocketHandler/INFO]: [STDOUT]: *** Stopping the replay, returning control to the inputs
