[01:34:45] [Thread-5/INFO]: [STDOUT]: SERVER enter state: DORMANT
[01:34:45] [EnvServerSocketHandler/INFO]: Received Mission token 522c285e-769c-42f6-bc9d-0001d3cc4935:0:0:1:true
[01:34:45] [EnvServerSocketHandler/INFO]: Received mission init command  <MissionInit xmlns="http://ProjectMalmo.microsoft.com" xmlns:xsi="http://www.w3.org/2001/XMLSchema-instance" SchemaVersion="" PlatformVersion="0.37.0"><Mission><About><Summary>MineRLObtainDiamondShovel-v0</Summary></About><ModSettings><MsPerTick>50</MsPerTick></ModSettings><ServerSection><ServerInitialConditions><Time><AllowPassageOfTime>true</AllowPassageOfTime></Time><AllowSpawning>true</AllowSpawning></ServerInitialConditions><ServerHandlers><DefaultWorldGenerator forceReset="true" generatorOptions="{}"/><ServerQuitWhenAnyAgentFinishes/></ServerHandlers></ServerSection><AgentSection mode="Survival"><Name>MineRLAgent0</Name><AgentStart><LowLevelInputs>true</LowLevelInputs><GuiScale>1.0</GuiScale><GammaSetting>2.0</GammaSetting><FOVSetting>70.0</FOVSetting><FakeCursorSize>16</FakeCursorSize></AgentStart><AgentHandlers><FileBasedPerformanceProducer/><PauseCommand/><VideoProducer want_depth="false"><Width>640</Width><Height>360</Height></VideoProducer><ObservationFromFullInventory flat="false"/><HumanLevelCommands/><CameraCommands/></AgentHandlers></AgentSection></Mission><ExperimentUID>522c285e-769c-42f6-bc9d-0001d3cc4935</ExperimentUID><ClientRole>0</ClientRole><ClientAgentConnection><ClientIPAddress>127.0.0.1</ClientIPAddress><ClientMissionControlPort>0</ClientMissionControlPort><ClientCommandsPort>0</ClientCommandsPort><AgentIPAddress>127.0.0.1</AgentIPAddress><AgentMissionControlPort>0</AgentMissionControlPort><AgentVideoPort>0</AgentVideoPort><AgentDepthPort>0</AgentDepthPort><AgentLuminancePort>0</AgentLuminancePort><AgentObservationsPort>0</AgentObservationsPort><AgentRewardsPort>0</AgentRewardsPort><AgentColourMapPort>0</AgentColourMapPort></ClientAgentConnection></MissionInit>
[01:34:45] [Render thread/INFO]: [STDOUT]: *** creating fake mouse cursor ***
[01:34:46] [EnvServerSocketHandler/INFO]: [STDOUT]: Setting width, height to 640, 360
[01:34:46] [EnvServerSocketHandler/INFO]: [STDOUT]: Gamma: 2.0
[01:34:46] [EnvServerSocketHandler/INFO]: [STDOUT]: FOV: 70.0
[01:34:46] [EnvServerSocketHandler/INFO]: [STDOUT]: GuiScale: 1.0
[01:34:46] [Render thread/INFO]: [STDOUT]: Seed not provided, generating random one: -8004566831153232442
[01:34:47] [Render thread/WARN]: Ambiguity between arguments [teleport, destination] and [teleport, targets] with inputs: [Player, 0123, @e, dd12be42-52a9-4a91-a8a1-11c01849e498]
[01:34:47] [Render thread/WARN]: Ambiguity between arguments [teleport, location] and [teleport, destination] with inputs: [0.1 -0.5 .9, 0 0 0]
[01:34:47] [Render thread/WARN]: Ambiguity between arguments [teleport, location] and [teleport, targets] with inputs: [0.1 -0.5 .9, 0 0 0]
[01:34:47] [Render thread/WARN]: Ambiguity between arguments [teleport, targets] and [teleport, destination] with inputs: [Player, 0123, dd12be42-52a9-4a91-a8a1-11c01849e498]
[01:34:47] [Render thread/WARN]: Ambiguity between arguments [teleport, targets, location] and [teleport, targets, destination] with inputs: [0.1 -0.5 .9, 0 0 0]
[01:34:47] [Render thread/INFO]: Reloading ResourceManager: Default
[01:34:47] [Render thread/INFO]: Loaded 7 recipes
[01:34:48] [Render thread/INFO]: Loaded 927 advancements
[01:34:50] [Render thread/INFO]: Environment: authHost='https://authserver.mojang.com', accountsHost='https://api.mojang.com', sessionHost='https://sessionserver.mojang.com', servicesHost='https://api.minecraftservices.com', name='PROD'
[01:34:50] [Render thread/INFO]: Starting integrated minecraft server version 1.16.5
[01:34:50] [Render thread/INFO]: Generating keypair
[01:34:54] [Render thread/INFO]: Preparing start region for dimension minecraft:overworld
[01:35:03] [Render thread/INFO]: Changing view distance to 11, from 10
[01:35:03] [Render thread/INFO]: MineRLAgent0[local:E:3e1b21ed] logged in with entity id 317 at (322.5, 69.0, -5.5)
[01:35:03] [Render thread/INFO]: MineRLAgent0 joined the game
[01:35:03] [Render thread/INFO]: Preparing spawn area: 0%
[01:35:03] [Render thread/INFO]: Time elapsed: 8 ms
[01:35:04] [Render thread/INFO]: [STDOUT]: Starting new video null
[01:35:04] [Render thread/INFO]: Saving and pausing game...
[01:35:04] [Render thread/INFO]: Saving chunks for level 'ServerLevel[mcpworldacea197039d3]'/minecraft:overworld
[01:35:04] [Render thread/INFO]: Saving chunks for level 'ServerLevel[mcpworldacea197039d3]'/minecraft:the_nether
[01:35:04] [Render thread/INFO]: Saving chunks for level 'ServerLevel[mcpworldacea197039d3]'/minecraft:the_end
[01:35:05] [Render thread/INFO]: Loaded 0 advancements
[01:35:06] [EnvServerSocketHandler/INFO]: [STDOUT]: *** Stopping the replay, returning control to the inputs
[01:35:07] [EnvServerSocketHandler/INFO]: Received Mission token 24aacd6c-3cfd-412d-b71e-5749fcf84e64:0:0:1:true
[01:35:07] [EnvServerSocketHandler/INFO]: Received mission init command  <MissionInit xmlns="http://ProjectMalmo.microsoft.com" xmlns:xsi="http://www.w3.org/2001/XMLSchema-instance" SchemaVersion="" PlatformVersion="0.37.0"><Mission><About><Summary>MineRLObtainDiamondShovel-v0</Summary></About><ModSettings><MsPerTick>50</MsPerTick></ModSettings><ServerSection><ServerInitialConditions><Time><AllowPassageOfTime>true</AllowPassageOfTime></Time><AllowSpawning>true</AllowSpawning></ServerInitialConditions><ServerHandlers><DefaultWorldGenerator forceReset="true" generatorOptions="{}"/><ServerQuitWhenAnyAgentFinishes/></ServerHandlers></ServerSection><AgentSection mode="Survival"><Name>MineRLAgent0</Name><AgentStart><LowLevelInputs>true</LowLevelInputs><GuiScale>1.0</GuiScale><GammaSetting>2.0</GammaSetting><FOVSetting>70.0</FOVSetting><FakeCursorSize>16</FakeCursorSize></AgentStart><AgentHandlers><FileBasedPerformanceProducer/><PauseCommand/><VideoProducer want_depth="false"><Width>640</Width><Height>360</Height></VideoProducer><ObservationFromFullInventory flat="false"/><HumanLevelCommands/><CameraCommands/></AgentHandlers></AgentSection></Mission><ExperimentUID>24aacd6c-3cfd-412d-b71e-5749fcf84e64</ExperimentUID><ClientRole>0</ClientRole><ClientAgentConnection><ClientIPAddress>127.0.0.1</ClientIPAddress><ClientMissionControlPort>0</ClientMissionControlPort><ClientCommandsPort>0</ClientCommandsPort><AgentIPAddress>127.0.0.1</AgentIPAddress><AgentMissionControlPort>0</AgentMissionControlPort><AgentVideoPort>0</AgentVideoPort><AgentDepthPort>0</AgentDepthPort><AgentLuminancePort>0</AgentLuminancePort><AgentObservationsPort>0</AgentObservationsPort><AgentRewardsPort>0</AgentRewardsPort><AgentColourMapPort>0</AgentColourMapPort></ClientAgentConnection></MissionInit>
[01:35:07] [EnvServerSocketHandler/INFO]: [STDOUT]: Setting width, height to 640, 360
[01:35:07] [EnvServerSocketHandler/INFO]: [STDOUT]: Gamma: 2.0
[01:35:07] [EnvServerSocketHandler/INFO]: [STDOUT]: FOV: 70.0
[01:35:07] [EnvServerSocketHandler/INFO]: [STDOUT]: GuiScale: 1.0
[01:35:07] [Render thread/INFO]: [STDOUT]: Seed not provided, generating random one: 1562828662792588616
[01:35:07] [Render thread/WARN]: Ambiguity between arguments [teleport, destination] and [teleport, targets] with inputs: [Player, 0123, @e, dd12be42-52a9-4a91-a8a1-11c01849e498]
[01:35:07] [Render thread/WARN]: Ambiguity between arguments [teleport, location] and [teleport, destination] with inputs: [0.1 -0.5 .9, 0 0 0]
[01:35:07] [Render thread/WARN]: Ambiguity between arguments [teleport, location] and [teleport, targets] with inputs: [0.1 -0.5 .9, 0 0 0]
[01:35:07] [Render thread/WARN]: Ambiguity between arguments [teleport, targets] and [teleport, destination] with inputs: [Player, 0123, dd12be42-52a9-4a91-a8a1-11c01849e498]
[01:35:07] [Render thread/WARN]: Ambiguity between arguments [teleport, targets, location] and [teleport, targets, destination] with inputs: [0.1 -0.5 .9, 0 0 0]
[01:35:07] [Render thread/INFO]: Reloading ResourceManager: Default
[01:35:07] [Render thread/INFO]: Loaded 7 recipes
[01:35:07] [Render thread/INFO]: Loaded 927 advancements
[01:35:08] [Render thread/INFO]: Environment: authHost='https://authserver.mojang.com', accountsHost='https://api.mojang.com', sessionHost='https://sessionserver.mojang.com', servicesHost='https://api.minecraftservices.com', name='PROD'
[01:35:08] [Render thread/INFO]: Starting integrated minecraft server version 1.16.5
[01:35:08] [Render thread/INFO]: Generating keypair
[01:35:11] [Render thread/INFO]: Preparing start region for dimension minecraft:overworld
[01:35:20] [Render thread/INFO]: Changing view distance to 11, from 10
[01:35:20] [Render thread/INFO]: MineRLAgent0[local:E:09ef31ee] logged in with entity id 762 at (258.5, 67.0, 730.5)
[01:35:20] [Render thread/INFO]: MineRLAgent0 joined the game
[01:35:20] [Render thread/INFO]: Preparing spawn area: 20%
[01:35:20] [Render thread/INFO]: Time elapsed: 2 ms
[01:35:20] [Render thread/INFO]: [STDOUT]: Starting new video null
[01:35:20] [Render thread/INFO]: Saving and pausing game...
[01:35:20] [Render thread/INFO]: Saving chunks for level 'ServerLevel[mcpworld325b5b9f8010]'/minecraft:overworld
[01:35:21] [Render thread/INFO]: Saving chunks for level 'ServerLevel[mcpworld325b5b9f8010]'/minecraft:the_nether
[01:35:21] [Render thread/INFO]: Saving chunks for level 'ServerLevel[mcpworld325b5b9f8010]'/minecraft:the_end
[01:35:21] [Render thread/INFO]: Loaded 0 advancements
[01:37:17] [EnvServerSocketHandler/INFO]: [STDOUT]: *** Stopping the replay, returning control to the inputs
[01:37:17] [EnvServerSocketHandler/INFO]: Received Mission token 6224b813-09ce-4f88-bd80-99c170667e04:0:0:1:true:1000
[01:37:17] [EnvServerSocketHandler/INFO]: Received mission init command  <MissionInit xmlns="http://ProjectMalmo.microsoft.com" xmlns:xsi="http://www.w3.org/2001/XMLSchema-instance" SchemaVersion="" PlatformVersion="0.37.0"><Mission><About><Summary>MineRLObtainDiamondShovel-v0</Summary></About><ModSettings><MsPerTick>50</MsPerTick></ModSettings><ServerSection><ServerInitialConditions><Time><AllowPassageOfTime>true</AllowPassageOfTime></Time><AllowSpawning>true</AllowSpawning></ServerInitialConditions><ServerHandlers><DefaultWorldGenerator forceReset="true" generatorOptions="{}"/><ServerQuitWhenAnyAgentFinishes/></ServerHandlers></ServerSection><AgentSection mode="Survival"><Name>MineRLAgent0</Name><AgentStart><LowLevelInputs>true</LowLevelInputs><GuiScale>1.0</GuiScale><GammaSetting>2.0</GammaSetting><FOVSetting>70.0</FOVSetting><FakeCursorSize>16</FakeCursorSize></AgentStart><AgentHandlers><FileBasedPerformanceProducer/><PauseCommand/><VideoProducer want_depth="false"><Width>640</Width><Height>360</Height></VideoProducer><ObservationFromFullInventory flat="false"/><HumanLevelCommands/><CameraCommands/></AgentHandlers></AgentSection></Mission><ExperimentUID>6224b813-09ce-4f88-bd80-99c170667e04</ExperimentUID><ClientRole>0</ClientRole><ClientAgentConnection><ClientIPAddress>127.0.0.1</ClientIPAddress><ClientMissionControlPort>0</ClientMissionControlPort><ClientCommandsPort>0</ClientCommandsPort><AgentIPAddress>127.0.0.1</AgentIPAddress><AgentMissionControlPort>0</AgentMissionControlPort><AgentVideoPort>0</AgentVideoPort><AgentDepthPort>0</AgentDepthPort><AgentLuminancePort>0</AgentLuminancePort><AgentObservationsPort>0</AgentObservationsPort><AgentRewardsPort>0</AgentRewardsPort><AgentColourMapPort>0</AgentColourMapPort></ClientAgentConnection></MissionInit>
[01:37:17] [EnvServerSocketHandler/INFO]: [STDOUT]: Setting width, height to 640, 360
[01:37:17] [EnvServerSocketHandler/INFO]: [STDOUT]: Gamma: 2.0
[01:37:17] [EnvServerSocketHandler/INFO]: [STDOUT]: FOV: 70.0
[01:37:17] [EnvServerSocketHandler/INFO]: [STDOUT]: GuiScale: 1.0
[01:37:17] [Render thread/WARN]: Ambiguity between arguments [teleport, destination] and [teleport, targets] with inputs: [Player, 0123, @e, dd12be42-52a9-4a91-a8a1-11c01849e498]
[01:37:17] [Render thread/WARN]: Ambiguity between arguments [teleport, location] and [teleport, destination] with inputs: [0.1 -0.5 .9, 0 0 0]
[01:37:17] [Render thread/WARN]: Ambiguity between arguments [teleport, location] and [teleport, targets] with inputs: [0.1 -0.5 .9, 0 0 0]
[01:37:17] [Render thread/WARN]: Ambiguity between arguments [teleport, targets] and [teleport, destination] with inputs: [Player, 0123, dd12be42-52a9-4a91-a8a1-11c01849e498]
[01:37:17] [Render thread/WARN]: Ambiguity between arguments [teleport, targets, location] and [teleport, targets, destination] with inputs: [0.1 -0.5 .9, 0 0 0]
[01:37:17] [Render thread/INFO]: Reloading ResourceManager: Default
[01:37:17] [Render thread/INFO]: Loaded 7 recipes
[01:37:18] [Render thread/INFO]: Loaded 927 advancements
[01:37:18] [Render thread/INFO]: Environment: authHost='https://authserver.mojang.com', accountsHost='https://api.mojang.com', sessionHost='https://sessionserver.mojang.com', servicesHost='https://api.minecraftservices.com', name='PROD'
[01:37:18] [Render thread/INFO]: Starting integrated minecraft server version 1.16.5
[01:37:18] [Render thread/INFO]: Generating keypair
[01:37:21] [Render thread/INFO]: Preparing start region for dimension minecraft:overworld
[01:37:31] [Render thread/INFO]: Changing view distance to 11, from 10
[01:37:31] [Render thread/INFO]: MineRLAgent0[local:E:8701d467] logged in with entity id 1224 at (354.5, 65.0, -917.5)
[01:37:31] [Render thread/INFO]: MineRLAgent0 joined the game
[01:37:31] [Render thread/INFO]: Preparing spawn area: 5%
[01:37:31] [Render thread/INFO]: Time elapsed: 2 ms
[01:37:31] [Render thread/INFO]: [STDOUT]: Starting new video null
[01:37:31] [Render thread/INFO]: Saving and pausing game...
[01:37:31] [Render thread/INFO]: Saving chunks for level 'ServerLevel[mcpworld663ac833ec99]'/minecraft:overworld
[01:37:32] [Render thread/INFO]: Saving chunks for level 'ServerLevel[mcpworld663ac833ec99]'/minecraft:the_nether
[01:37:32] [Render thread/INFO]: Saving chunks for level 'ServerLevel[mcpworld663ac833ec99]'/minecraft:the_end
[01:37:32] [Render thread/INFO]: Loaded 0 advancements
[01:39:32] [EnvServerSocketHandler/INFO]: [STDOUT]: *** Stopping the replay, returning control to the inputs
[01:39:32] [EnvServerSocketHandler/INFO]: Received Mission token f61b5e8f-2aa8-4eb9-a324-9578f78a38a1:0:0:1:true:1000
[01:39:32] [EnvServerSocketHandler/INFO]: Received mission init command  <MissionInit xmlns="http://ProjectMalmo.microsoft.com" xmlns:xsi="http://www.w3.org/2001/XMLSchema-instance" SchemaVersion="" PlatformVersion="0.37.0"><Mission><About><Summary>MineRLObtainDiamondShovel-v0</Summary></About><ModSettings><MsPerTick>50</MsPerTick></ModSettings><ServerSection><ServerInitialConditions><Time><AllowPassageOfTime>true</AllowPassageOfTime></Time><AllowSpawning>true</AllowSpawning></ServerInitialConditions><ServerHandlers><DefaultWorldGenerator forceReset="true" generatorOptions="{}"/><ServerQuitWhenAnyAgentFinishes/></ServerHandlers></ServerSection><AgentSection mode="Survival"><Name>MineRLAgent0</Name><AgentStart><LowLevelInputs>true</LowLevelInputs><GuiScale>1.0</GuiScale><GammaSetting>2.0</GammaSetting><FOVSetting>70.0</FOVSetting><FakeCursorSize>16</FakeCursorSize></AgentStart><AgentHandlers><FileBasedPerformanceProducer/><PauseCommand/><VideoProducer want_depth="false"><Width>640</Width><Height>360</Height></VideoProducer><ObservationFromFullInventory flat="false"/><HumanLevelCommands/><CameraCommands/></AgentHandlers></AgentSection></Mission><ExperimentUID>f61b5e8f-2aa8-4eb9-a324-9578f78a38a1</ExperimentUID><ClientRole>0</ClientRole><ClientAgentConnection><ClientIPAddress>127.0.0.1</ClientIPAddress><ClientMissionControlPort>0</ClientMissionControlPort><ClientCommandsPort>0</ClientCommandsPort><AgentIPAddress>127.0.0.1</AgentIPAddress><AgentMissionControlPort>0</AgentMissionControlPort><AgentVideoPort>0</AgentVideoPort><AgentDepthPort>0</AgentDepthPort><AgentLuminancePort>0</AgentLuminancePort><AgentObservationsPort>0</AgentObservationsPort><AgentRewardsPort>0</AgentRewardsPort><AgentColourMapPort>0</AgentColourMapPort></ClientAgentConnection></MissionInit>
[01:39:32] [EnvServerSocketHandler/INFO]: [STDOUT]: Setting width, height to 640, 360
[01:39:32] [EnvServerSocketHandler/INFO]: [STDOUT]: Gamma: 2.0
[01:39:32] [EnvServerSocketHandler/INFO]: [STDOUT]: FOV: 70.0
[01:39:32] [EnvServerSocketHandler/INFO]: [STDOUT]: GuiScale: 1.0
[01:39:32] [Render thread/WARN]: Ambiguity between arguments [teleport, destination] and [teleport, targets] with inputs: [Player, 0123, @e, dd12be42-52a9-4a91-a8a1-11c01849e498]
[01:39:32] [Render thread/WARN]: Ambiguity between arguments [teleport, location] and [teleport, destination] with inputs: [0.1 -0.5 .9, 0 0 0]
[01:39:32] [Render thread/WARN]: Ambiguity between arguments [teleport, location] and [teleport, targets] with inputs: [0.1 -0.5 .9, 0 0 0]
[01:39:32] [Render thread/WARN]: Ambiguity between arguments [teleport, targets] and [teleport, destination] with inputs: [Player, 0123, dd12be42-52a9-4a91-a8a1-11c01849e498]
[01:39:32] [Render thread/WARN]: Ambiguity between arguments [teleport, targets, location] and [teleport, targets, destination] with inputs: [0.1 -0.5 .9, 0 0 0]
[01:39:32] [Render thread/INFO]: Reloading ResourceManager: Default
[01:39:32] [Render thread/INFO]: Loaded 7 recipes
[01:39:32] [Render thread/INFO]: Loaded 927 advancements
[01:39:32] [Render thread/INFO]: Environment: authHost='https://authserver.mojang.com', accountsHost='https://api.mojang.com', sessionHost='https://sessionserver.mojang.com', servicesHost='https://api.minecraftservices.com', name='PROD'
[01:39:32] [Render thread/INFO]: Starting integrated minecraft server version 1.16.5
[01:39:32] [Render thread/INFO]: Generating keypair
[01:39:36] [Render thread/INFO]: Preparing start region for dimension minecraft:overworld
[01:39:47] [Render thread/INFO]: Changing view distance to 11, from 10
[01:39:47] [Render thread/INFO]: MineRLAgent0[local:E:12ba4b47] logged in with entity id 1706 at (354.5, 65.0, -917.5)
[01:39:47] [Render thread/INFO]: MineRLAgent0 joined the game
[01:39:47] [Render thread/INFO]: Preparing spawn area: 28%
[01:39:47] [Render thread/INFO]: Time elapsed: 1 ms
[01:39:47] [Render thread/INFO]: [STDOUT]: Starting new video null
[01:39:47] [Render thread/INFO]: Saving and pausing game...
[01:39:47] [Render thread/INFO]: Saving chunks for level 'ServerLevel[mcpworld27c74943df09]'/minecraft:overworld
[01:39:48] [Render thread/INFO]: Saving chunks for level 'ServerLevel[mcpworld27c74943df09]'/minecraft:the_nether
[01:39:48] [Render thread/INFO]: Saving chunks for level 'ServerLevel[mcpworld27c74943df09]'/minecraft:the_end
[01:39:48] [Render thread/INFO]: Loaded 0 advancements
[01:40:13] [EnvServerSocketHandler/INFO]: [STDOUT]: *** Stopping the replay, returning control to the inputs
