[10:57:52] [Thread-5/INFO]: [STDOUT]: SERVER enter state: DORMANT
[10:57:52] [EnvServerSocketHandler/INFO]: Received Mission token 24140a22-636e-4efc-9ca8-24c15fd7334b:0:0:1:true
[10:57:52] [EnvServerSocketHandler/INFO]: Received mission init command  <MissionInit xmlns="http://ProjectMalmo.microsoft.com" xmlns:xsi="http://www.w3.org/2001/XMLSchema-instance" SchemaVersion="" PlatformVersion="0.37.0"><Mission><About><Summary>MineRLObtainDiamondShovel-v0</Summary></About><ModSettings><MsPerTick>50</MsPerTick></ModSettings><ServerSection><ServerInitialConditions><Time><AllowPassageOfTime>true</AllowPassageOfTime></Time><AllowSpawning>true</AllowSpawning></ServerInitialConditions><ServerHandlers><DefaultWorldGenerator forceReset="true" generatorOptions="{}"/><ServerQuitWhenAnyAgentFinishes/></ServerHandlers></ServerSection><AgentSection mode="Survival"><Name>MineRLAgent0</Name><AgentStart><LowLevelInputs>true</LowLevelInputs><GuiScale>1.0</GuiScale><GammaSetting>2.0</GammaSetting><FOVSetting>70.0</FOVSetting><FakeCursorSize>16</FakeCursorSize></AgentStart><AgentHandlers><FileBasedPerformanceProducer/><PauseCommand/><VideoProducer want_depth="false"><Width>640</Width><Height>360</Height></VideoProducer><ObservationFromFullInventory flat="false"/><HumanLevelCommands/><CameraCommands/></AgentHandlers></AgentSection></Mission><ExperimentUID>24140a22-636e-4efc-9ca8-24c15fd7334b</ExperimentUID><ClientRole>0</ClientRole><ClientAgentConnection><ClientIPAddress>127.0.0.1</ClientIPAddress><ClientMissionControlPort>0</ClientMissionControlPort><ClientCommandsPort>0</ClientCommandsPort><AgentIPAddress>127.0.0.1</AgentIPAddress><AgentMissionControlPort>0</AgentMissionControlPort><AgentVideoPort>0</AgentVideoPort><AgentDepthPort>0</AgentDepthPort><AgentLuminancePort>0</AgentLuminancePort><AgentObservationsPort>0</AgentObservationsPort><AgentRewardsPort>0</AgentRewardsPort><AgentColourMapPort>0</AgentColourMapPort></ClientAgentConnection></MissionInit>
[10:57:53] [EnvServerSocketHandler/INFO]: [STDOUT]: Setting width, height to 640, 360
[10:57:53] [EnvServerSocketHandler/INFO]: [STDOUT]: Gamma: 2.0
[10:57:53] [EnvServerSocketHandler/INFO]: [STDOUT]: FOV: 70.0
[10:57:53] [EnvServerSocketHandler/INFO]: [STDOUT]: GuiScale: 1.0
[10:57:53] [Render thread/INFO]: [STDOUT]: Seed not provided, generating random one: 2375483798485335751
[10:57:53] [Render thread/WARN]: Ambiguity between arguments [teleport, destination] and [teleport, targets] with inputs: [Player, 0123, @e, dd12be42-52a9-4a91-a8a1-11c01849e498]
[10:57:53] [Render thread/WARN]: Ambiguity between arguments [teleport, location] and [teleport, destination] with inputs: [0.1 -0.5 .9, 0 0 0]
[10:57:53] [Render thread/WARN]: Ambiguity between arguments [teleport, location] and [teleport, targets] with inputs: [0.1 -0.5 .9, 0 0 0]
[10:57:54] [Render thread/WARN]: Ambiguity between arguments [teleport, targets] and [teleport, destination] with inputs: [Player, 0123, dd12be42-52a9-4a91-a8a1-11c01849e498]
[10:57:54] [Render thread/WARN]: Ambiguity between arguments [teleport, targets, location] and [teleport, targets, destination] with inputs: [0.1 -0.5 .9, 0 0 0]
[10:57:54] [Render thread/INFO]: Reloading ResourceManager: Default
[10:57:54] [Render thread/INFO]: Loaded 7 recipes
[10:57:54] [Render thread/INFO]: Loaded 927 advancements
[10:57:55] [Render thread/INFO]: Environment: authHost='https://authserver.mojang.com', accountsHost='https://api.mojang.com', sessionHost='https://sessionserver.mojang.com', servicesHost='https://api.minecraftservices.com', name='PROD'
[10:57:55] [Render thread/INFO]: Starting integrated minecraft server version 1.16.5
[10:57:55] [Render thread/INFO]: Generating keypair
[10:57:57] [Render thread/INFO]: Preparing start region for dimension minecraft:overworld
[10:58:04] [Render thread/INFO]: Changing view distance to 11, from 10
[10:58:05] [Render thread/INFO]: MineRLAgent0[local:E:b40961e3] logged in with entity id 224 at (-861.5, 64.0, -565.5)
[10:58:05] [Render thread/INFO]: MineRLAgent0 joined the game
[10:58:05] [Render thread/INFO]: [STDOUT]: *** creating fake mouse cursor ***
[10:58:05] [Render thread/INFO]: Preparing spawn area: 6%
[10:58:05] [Render thread/INFO]: Time elapsed: 2 ms
[10:58:05] [Render thread/INFO]: [STDOUT]: Starting new video null
[10:58:05] [Render thread/INFO]: Saving and pausing game...
[10:58:05] [Render thread/INFO]: Saving chunks for level 'ServerLevel[mcpworld4dba9b57f432]'/minecraft:overworld
[10:58:06] [Render thread/INFO]: Saving chunks for level 'ServerLevel[mcpworld4dba9b57f432]'/minecraft:the_nether
[10:58:06] [Render thread/INFO]: Saving chunks for level 'ServerLevel[mcpworld4dba9b57f432]'/minecraft:the_end
[10:58:06] [Render thread/INFO]: Loaded 0 advancements
[10:58:07] [EnvServerSocketHandler/INFO]: [STDOUT]: *** Stopping the replay, returning control to the inputs
[10:58:07] [EnvServerSocketHandler/INFO]: Received Mission token 6a0d563b-e11f-49cd-8b3d-1dcd35872e87:0:0:1:true
[10:58:07] [EnvServerSocketHandler/INFO]: Received mission init command  <MissionInit xmlns="http://ProjectMalmo.microsoft.com" xmlns:xsi="http://www.w3.org/2001/XMLSchema-instance" SchemaVersion="" PlatformVersion="0.37.0"><Mission><About><Summary>MineRLObtainDiamondShovel-v0</Summary></About><ModSettings><MsPerTick>50</MsPerTick></ModSettings><ServerSection><ServerInitialConditions><Time><AllowPassageOfTime>true</AllowPassageOfTime></Time><AllowSpawning>true</AllowSpawning></ServerInitialConditions><ServerHandlers><DefaultWorldGenerator forceReset="true" generatorOptions="{}"/><ServerQuitWhenAnyAgentFinishes/></ServerHandlers></ServerSection><AgentSection mode="Survival"><Name>MineRLAgent0</Name><AgentStart><LowLevelInputs>true</LowLevelInputs><GuiScale>1.0</GuiScale><GammaSetting>2.0</GammaSetting><FOVSetting>70.0</FOVSetting><FakeCursorSize>16</FakeCursorSize></AgentStart><AgentHandlers><FileBasedPerformanceProducer/><PauseCommand/><VideoProducer want_depth="false"><Width>640</Width><Height>360</Height></VideoProducer><ObservationFromFullInventory flat="false"/><HumanLevelCommands/><CameraCommands/></AgentHandlers></AgentSection></Mission><ExperimentUID>6a0d563b-e11f-49cd-8b3d-1dcd35872e87</ExperimentUID><ClientRole>0</ClientRole><ClientAgentConnection><ClientIPAddress>127.0.0.1</ClientIPAddress><ClientMissionControlPort>0</ClientMissionControlPort><ClientCommandsPort>0</ClientCommandsPort><AgentIPAddress>127.0.0.1</AgentIPAddress><AgentMissionControlPort>0</AgentMissionControlPort><AgentVideoPort>0</AgentVideoPort><AgentDepthPort>0</AgentDepthPort><AgentLuminancePort>0</AgentLuminancePort><AgentObservationsPort>0</AgentObservationsPort><AgentRewardsPort>0</AgentRewardsPort><AgentColourMapPort>0</AgentColourMapPort></ClientAgentConnection></MissionInit>
[10:58:07] [EnvServerSocketHandler/INFO]: [STDOUT]: Setting width, height to 640, 360
[10:58:07] [EnvServerSocketHandler/INFO]: [STDOUT]: Gamma: 2.0
[10:58:07] [EnvServerSocketHandler/INFO]: [STDOUT]: FOV: 70.0
[10:58:07] [EnvServerSocketHandler/INFO]: [STDOUT]: GuiScale: 1.0
[10:58:07] [Render thread/INFO]: [STDOUT]: Seed not provided, generating random one: 8115355749428048282
[10:58:07] [Render thread/WARN]: Ambiguity between arguments [teleport, destination] and [teleport, targets] with inputs: [Player, 0123, @e, dd12be42-52a9-4a91-a8a1-11c01849e498]
[10:58:07] [Render thread/WARN]: Ambiguity between arguments [teleport, location] and [teleport, destination] with inputs: [0.1 -0.5 .9, 0 0 0]
[10:58:07] [Render thread/WARN]: Ambiguity between arguments [teleport, location] and [teleport, targets] with inputs: [0.1 -0.5 .9, 0 0 0]
[10:58:07] [Render thread/WARN]: Ambiguity between arguments [teleport, targets] and [teleport, destination] with inputs: [Player, 0123, dd12be42-52a9-4a91-a8a1-11c01849e498]
[10:58:07] [Render thread/WARN]: Ambiguity between arguments [teleport, targets, location] and [teleport, targets, destination] with inputs: [0.1 -0.5 .9, 0 0 0]
[10:58:07] [Render thread/INFO]: Reloading ResourceManager: Default
[10:58:08] [Render thread/INFO]: Loaded 7 recipes
[10:58:08] [Render thread/INFO]: Loaded 927 advancements
[10:58:08] [Render thread/INFO]: Environment: authHost='https://authserver.mojang.com', accountsHost='https://api.mojang.com', sessionHost='https://sessionserver.mojang.com', servicesHost='https://api.minecraftservices.com', name='PROD'
[10:58:08] [Render thread/INFO]: Starting integrated minecraft server version 1.16.5
[10:58:08] [Render thread/INFO]: Generating keypair
[10:58:10] [Render thread/INFO]: Preparing start region for dimension minecraft:overworld
[10:58:15] [Render thread/INFO]: Changing view distance to 11, from 10
[10:58:15] [Render thread/INFO]: MineRLAgent0[local:E:54a4a362] logged in with entity id 737 at (-269.5, 69.0, -741.5)
[10:58:15] [Render thread/INFO]: MineRLAgent0 joined the game
[10:58:15] [Render thread/INFO]: Preparing spawn area: 2%
[10:58:15] [Render thread/INFO]: Time elapsed: 3 ms
[10:58:15] [Render thread/INFO]: [STDOUT]: Starting new video null
[10:58:15] [Render thread/INFO]: Saving and pausing game...
[10:58:16] [Render thread/INFO]: Saving chunks for level 'ServerLevel[mcpworldb2cc31b50d02]'/minecraft:overworld
[10:58:16] [Render thread/INFO]: Saving chunks for level 'ServerLevel[mcpworldb2cc31b50d02]'/minecraft:the_nether
[10:58:16] [Render thread/INFO]: Saving chunks for level 'ServerLevel[mcpworldb2cc31b50d02]'/minecraft:the_end
[10:58:16] [Render thread/INFO]: Loaded 0 advancements
[10:58:23] [EnvServerSocketHandler/INFO]: [STDOUT]: *** Stopping the replay, returning control to the inputs
