[11:03:11] [Thread-5/INFO]: [STDOUT]: SERVER enter state: DORMANT
[11:03:11] [EnvServerSocketHandler/INFO]: Received Mission token f4faa34f-e77a-45e1-8282-d3c3e6c33264:0:0:1:true
[11:03:11] [EnvServerSocketHandler/INFO]: Received mission init command  <MissionInit xmlns="http://ProjectMalmo.microsoft.com" xmlns:xsi="http://www.w3.org/2001/XMLSchema-instance" SchemaVersion="" PlatformVersion="0.37.0"><Mission><About><Summary>MineRLObtainDiamondShovel-v0</Summary></About><ModSettings><MsPerTick>50</MsPerTick></ModSettings><ServerSection><ServerInitialConditions><Time><AllowPassageOfTime>true</AllowPassageOfTime></Time><AllowSpawning>true</AllowSpawning></ServerInitialConditions><ServerHandlers><DefaultWorldGenerator forceReset="true" generatorOptions="{}"/><ServerQuitWhenAnyAgentFinishes/></ServerHandlers></ServerSection><AgentSection mode="Survival"><Name>MineRLAgent0</Name><AgentStart><LowLevelInputs>true</LowLevelInputs><GuiScale>1.0</GuiScale><GammaSetting>2.0</GammaSetting><FOVSetting>70.0</FOVSetting><FakeCursorSize>16</FakeCursorSize></AgentStart><AgentHandlers><FileBasedPerformanceProducer/><PauseCommand/><VideoProducer want_depth="false"><Width>640</Width><Height>360</Height></VideoProducer><ObservationFromFullInventory flat="false"/><HumanLevelCommands/><CameraCommands/></AgentHandlers></AgentSection></Mission><ExperimentUID>f4faa34f-e77a-45e1-8282-d3c3e6c33264</ExperimentUID><ClientRole>0</ClientRole><ClientAgentConnection><ClientIPAddress>127.0.0.1</ClientIPAddress><ClientMissionControlPort>0</ClientMissionControlPort><ClientCommandsPort>0</ClientCommandsPort><AgentIPAddress>127.0.0.1</AgentIPAddress><AgentMissionControlPort>0</AgentMissionControlPort><AgentVideoPort>0</AgentVideoPort><AgentDepthPort>0</AgentDepthPort><AgentLuminancePort>0</AgentLuminancePort><AgentObservationsPort>0</AgentObservationsPort><AgentRewardsPort>0</AgentRewardsPort><AgentColourMapPort>0</AgentColourMapPort></ClientAgentConnection></MissionInit>
[11:03:12] [EnvServerSocketHandler/INFO]: [STDOUT]: Setting width, height to 640, 360
[11:03:12] [EnvServerSocketHandler/INFO]: [STDOUT]: Gamma: 2.0
[11:03:12] [EnvServerSocketHandler/INFO]: [STDOUT]: FOV: 70.0
[11:03:12] [EnvServerSocketHandler/INFO]: [STDOUT]: GuiScale: 1.0
[11:03:12] [Render thread/INFO]: [STDOUT]: Seed not provided, generating random one: 3263152083564101094
[11:03:12] [Render thread/WARN]: Ambiguity between arguments [teleport, destination] and [teleport, targets] with inputs: [Player, 0123, @e, dd12be42-52a9-4a91-a8a1-11c01849e498]
[11:03:12] [Render thread/WARN]: Ambiguity between arguments [teleport, location] and [teleport, destination] with inputs: [0.1 -0.5 .9, 0 0 0]
[11:03:12] [Render thread/WARN]: Ambiguity between arguments [teleport, location] and [teleport, targets] with inputs: [0.1 -0.5 .9, 0 0 0]
[11:03:12] [Render thread/WARN]: Ambiguity between arguments [teleport, targets] and [teleport, destination] with inputs: [Player, 0123, dd12be42-52a9-4a91-a8a1-11c01849e498]
[11:03:12] [Render thread/WARN]: Ambiguity between arguments [teleport, targets, location] and [teleport, targets, destination] with inputs: [0.1 -0.5 .9, 0 0 0]
[11:03:12] [Render thread/INFO]: Reloading ResourceManager: Default
[11:03:13] [Render thread/INFO]: Loaded 7 recipes
[11:03:13] [Render thread/INFO]: Loaded 927 advancements
[11:03:14] [Render thread/INFO]: Environment: authHost='https://authserver.mojang.com', accountsHost='https://api.mojang.com', sessionHost='https://sessionserver.mojang.com', servicesHost='https://api.minecraftservices.com', name='PROD'
[11:03:14] [Render thread/INFO]: Starting integrated minecraft server version 1.16.5
[11:03:14] [Render thread/INFO]: Generating keypair
[11:03:17] [Render thread/INFO]: Preparing start region for dimension minecraft:overworld
[11:03:23] [Render thread/INFO]: Changing view distance to 11, from 10
[11:03:23] [Render thread/INFO]: MineRLAgent0[local:E:7131ea66] logged in with entity id 98 at (386.5, 70.0, 106.5)
[11:03:23] [Render thread/INFO]: MineRLAgent0 joined the game
[11:03:23] [Render thread/INFO]: [STDOUT]: *** creating fake mouse cursor ***
[11:03:23] [Render thread/INFO]: Preparing spawn area: 0%
[11:03:23] [Render thread/INFO]: Time elapsed: 3 ms
[11:03:24] [Render thread/INFO]: [STDOUT]: Starting new video null
[11:03:24] [Render thread/INFO]: Saving and pausing game...
[11:03:24] [Render thread/INFO]: Saving chunks for level 'ServerLevel[mcpworldf8a510abb206]'/minecraft:overworld
[11:03:24] [Render thread/INFO]: Saving chunks for level 'ServerLevel[mcpworldf8a510abb206]'/minecraft:the_nether
[11:03:24] [Render thread/INFO]: Saving chunks for level 'ServerLevel[mcpworldf8a510abb206]'/minecraft:the_end
[11:03:24] [Render thread/INFO]: Loaded 0 advancements
[11:03:26] [EnvServerSocketHandler/INFO]: [STDOUT]: *** Stopping the replay, returning control to the inputs
[11:03:26] [EnvServerSocketHandler/INFO]: Received Mission token ea1f748a-ba43-438e-9b3e-921d82490890:0:0:1:true
[11:03:26] [EnvServerSocketHandler/INFO]: Received mission init command  <MissionInit xmlns="http://ProjectMalmo.microsoft.com" xmlns:xsi="http://www.w3.org/2001/XMLSchema-instance" SchemaVersion="" PlatformVersion="0.37.0"><Mission><About><Summary>MineRLObtainDiamondShovel-v0</Summary></About><ModSettings><MsPerTick>50</MsPerTick></ModSettings><ServerSection><ServerInitialConditions><Time><AllowPassageOfTime>true</AllowPassageOfTime></Time><AllowSpawning>true</AllowSpawning></ServerInitialConditions><ServerHandlers><DefaultWorldGenerator forceReset="true" generatorOptions="{}"/><ServerQuitWhenAnyAgentFinishes/></ServerHandlers></ServerSection><AgentSection mode="Survival"><Name>MineRLAgent0</Name><AgentStart><LowLevelInputs>true</LowLevelInputs><GuiScale>1.0</GuiScale><GammaSetting>2.0</GammaSetting><FOVSetting>70.0</FOVSetting><FakeCursorSize>16</FakeCursorSize></AgentStart><AgentHandlers><FileBasedPerformanceProducer/><PauseCommand/><VideoProducer want_depth="false"><Width>640</Width><Height>360</Height></VideoProducer><ObservationFromFullInventory flat="false"/><HumanLevelCommands/><CameraCommands/></AgentHandlers></AgentSection></Mission><ExperimentUID>ea1f748a-ba43-438e-9b3e-921d82490890</ExperimentUID><ClientRole>0</ClientRole><ClientAgentConnection><ClientIPAddress>127.0.0.1</ClientIPAddress><ClientMissionControlPort>0</ClientMissionControlPort><ClientCommandsPort>0</ClientCommandsPort><AgentIPAddress>127.0.0.1</AgentIPAddress><AgentMissionControlPort>0</AgentMissionControlPort><AgentVideoPort>0</AgentVideoPort><AgentDepthPort>0</AgentDepthPort><AgentLuminancePort>0</AgentLuminancePort><AgentObservationsPort>0</AgentObservationsPort><AgentRewardsPort>0</AgentRewardsPort><AgentColourMapPort>0</AgentColourMapPort></ClientAgentConnection></MissionInit>
[11:03:26] [EnvServerSocketHandler/INFO]: [STDOUT]: Setting width, height to 640, 360
[11:03:26] [EnvServerSocketHandler/INFO]: [STDOUT]: Gamma: 2.0
[11:03:26] [EnvServerSocketHandler/INFO]: [STDOUT]: FOV: 70.0
[11:03:26] [EnvServerSocketHandler/INFO]: [STDOUT]: GuiScale: 1.0
[11:03:26] [Render thread/INFO]: [STDOUT]: Seed not provided, generating random one: -4911216384994753410
[11:03:26] [Render thread/WARN]: Ambiguity between arguments [teleport, destination] and [teleport, targets] with inputs: [Player, 0123, @e, dd12be42-52a9-4a91-a8a1-11c01849e498]
[11:03:26] [Render thread/WARN]: Ambiguity between arguments [teleport, location] and [teleport, destination] with inputs: [0.1 -0.5 .9, 0 0 0]
[11:03:26] [Render thread/WARN]: Ambiguity between arguments [teleport, location] and [teleport, targets] with inputs: [0.1 -0.5 .9, 0 0 0]
[11:03:26] [Render thread/WARN]: Ambiguity between arguments [teleport, targets] and [teleport, destination] with inputs: [Player, 0123, dd12be42-52a9-4a91-a8a1-11c01849e498]
[11:03:26] [Render thread/WARN]: Ambiguity between arguments [teleport, targets, location] and [teleport, targets, destination] with inputs: [0.1 -0.5 .9, 0 0 0]
[11:03:26] [Render thread/INFO]: Reloading ResourceManager: Default
[11:03:26] [Render thread/INFO]: Loaded 7 recipes
[11:03:26] [Render thread/INFO]: Loaded 927 advancements
[11:03:27] [Render thread/INFO]: Environment: authHost='https://authserver.mojang.com', accountsHost='https://api.mojang.com', sessionHost='https://sessionserver.mojang.com', servicesHost='https://api.minecraftservices.com', name='PROD'
[11:03:27] [Render thread/INFO]: Starting integrated minecraft server version 1.16.5
[11:03:27] [Render thread/INFO]: Generating keypair
[11:03:29] [Render thread/INFO]: Preparing start region for dimension minecraft:overworld
[11:03:35] [Render thread/INFO]: Changing view distance to 11, from 10
[11:03:35] [Render thread/INFO]: MineRLAgent0[local:E:b37bae56] logged in with entity id 619 at (498.5, 70.0, 634.5)
[11:03:35] [Render thread/INFO]: MineRLAgent0 joined the game
[11:03:35] [Render thread/INFO]: Preparing spawn area: 54%
[11:03:35] [Render thread/INFO]: Time elapsed: 1 ms
[11:03:35] [Render thread/INFO]: [STDOUT]: Starting new video null
[11:03:35] [Render thread/INFO]: Saving and pausing game...
[11:03:35] [Render thread/INFO]: Saving chunks for level 'ServerLevel[mcpworldd2e8231dbf1a]'/minecraft:overworld
[11:03:35] [Render thread/INFO]: Saving chunks for level 'ServerLevel[mcpworldd2e8231dbf1a]'/minecraft:the_nether
[11:03:35] [Render thread/INFO]: Saving chunks for level 'ServerLevel[mcpworldd2e8231dbf1a]'/minecraft:the_end
[11:03:35] [Render thread/INFO]: Loaded 0 advancements
[11:03:59] [EnvServerSocketHandler/INFO]: [STDOUT]: *** Stopping the replay, returning control to the inputs
[11:03:59] [EnvServerSocketHandler/INFO]: Received Mission token e24fc588-28c7-4e59-896c-142f049a6c1a:0:0:1:true:1000
[11:03:59] [EnvServerSocketHandler/INFO]: Received mission init command  <MissionInit xmlns="http://ProjectMalmo.microsoft.com" xmlns:xsi="http://www.w3.org/2001/XMLSchema-instance" SchemaVersion="" PlatformVersion="0.37.0"><Mission><About><Summary>MineRLObtainDiamondShovel-v0</Summary></About><ModSettings><MsPerTick>50</MsPerTick></ModSettings><ServerSection><ServerInitialConditions><Time><AllowPassageOfTime>true</AllowPassageOfTime></Time><AllowSpawning>true</AllowSpawning></ServerInitialConditions><ServerHandlers><DefaultWorldGenerator forceReset="true" generatorOptions="{}"/><ServerQuitWhenAnyAgentFinishes/></ServerHandlers></ServerSection><AgentSection mode="Survival"><Name>MineRLAgent0</Name><AgentStart><LowLevelInputs>true</LowLevelInputs><GuiScale>1.0</GuiScale><GammaSetting>2.0</GammaSetting><FOVSetting>70.0</FOVSetting><FakeCursorSize>16</FakeCursorSize></AgentStart><AgentHandlers><FileBasedPerformanceProducer/><PauseCommand/><VideoProducer want_depth="false"><Width>640</Width><Height>360</Height></VideoProducer><ObservationFromFullInventory flat="false"/><HumanLevelCommands/><CameraCommands/></AgentHandlers></AgentSection></Mission><ExperimentUID>e24fc588-28c7-4e59-896c-142f049a6c1a</ExperimentUID><ClientRole>0</ClientRole><ClientAgentConnection><ClientIPAddress>127.0.0.1</ClientIPAddress><ClientMissionControlPort>0</ClientMissionControlPort><ClientCommandsPort>0</ClientCommandsPort><AgentIPAddress>127.0.0.1</AgentIPAddress><AgentMissionControlPort>0</AgentMissionControlPort><AgentVideoPort>0</AgentVideoPort><AgentDepthPort>0</AgentDepthPort><AgentLuminancePort>0</AgentLuminancePort><AgentObservationsPort>0</AgentObservationsPort><AgentRewardsPort>0</AgentRewardsPort><AgentColourMapPort>0</AgentColourMapPort></ClientAgentConnection></MissionInit>
[11:03:59] [EnvServerSocketHandler/INFO]: [STDOUT]: Setting width, height to 640, 360
[11:03:59] [EnvServerSocketHandler/INFO]: [STDOUT]: Gamma: 2.0
[11:03:59] [EnvServerSocketHandler/INFO]: [STDOUT]: FOV: 70.0
[11:03:59] [EnvServerSocketHandler/INFO]: [STDOUT]: GuiScale: 1.0
[11:04:00] [Render thread/WARN]: Ambiguity between arguments [teleport, destination] and [teleport, targets] with inputs: [Player, 0123, @e, dd12be42-52a9-4a91-a8a1-11c01849e498]
[11:04:00] [Render thread/WARN]: Ambiguity between arguments [teleport, location] and [teleport, destination] with inputs: [0.1 -0.5 .9, 0 0 0]
[11:04:00] [Render thread/WARN]: Ambiguity between arguments [teleport, location] and [teleport, targets] with inputs: [0.1 -0.5 .9, 0 0 0]
[11:04:00] [Render thread/WARN]: Ambiguity between arguments [teleport, targets] and [teleport, destination] with inputs: [Player, 0123, dd12be42-52a9-4a91-a8a1-11c01849e498]
[11:04:00] [Render thread/WARN]: Ambiguity between arguments [teleport, targets, location] and [teleport, targets, destination] with inputs: [0.1 -0.5 .9, 0 0 0]
[11:04:00] [Render thread/INFO]: Reloading ResourceManager: Default
[11:04:00] [Render thread/INFO]: Loaded 7 recipes
[11:04:00] [Render thread/INFO]: Loaded 927 advancements
[11:04:00] [Render thread/INFO]: Environment: authHost='https://authserver.mojang.com', accountsHost='https://api.mojang.com', sessionHost='https://sessionserver.mojang.com', servicesHost='https://api.minecraftservices.com', name='PROD'
[11:04:00] [Render thread/INFO]: Starting integrated minecraft server version 1.16.5
[11:04:00] [Render thread/INFO]: Generating keypair
[11:04:02] [Render thread/INFO]: Preparing start region for dimension minecraft:overworld
[11:04:09] [Render thread/INFO]: Changing view distance to 11, from 10
[11:04:09] [Render thread/INFO]: MineRLAgent0[local:E:4a700219] logged in with entity id 1354 at (354.5, 65.0, -917.5)
[11:04:09] [Render thread/INFO]: MineRLAgent0 joined the game
[11:04:09] [Render thread/INFO]: Preparing spawn area: 32%
[11:04:09] [Render thread/INFO]: Time elapsed: 2 ms
[11:04:09] [Render thread/INFO]: [STDOUT]: Starting new video null
[11:04:09] [Render thread/INFO]: Saving and pausing game...
[11:04:09] [Render thread/INFO]: Saving chunks for level 'ServerLevel[mcpworldd095a47c305c]'/minecraft:overworld
[11:04:09] [Render thread/INFO]: Saving chunks for level 'ServerLevel[mcpworldd095a47c305c]'/minecraft:the_nether
[11:04:09] [Render thread/INFO]: Saving chunks for level 'ServerLevel[mcpworldd095a47c305c]'/minecraft:the_end
[11:04:09] [Render thread/INFO]: Loaded 0 advancements
Terminate batch job (Y/N)? 
