[12:08:00] [Thread-4/INFO]: [STDOUT]: SERVER enter state: DORMANT
[12:08:01] [EnvServerSocketHandler/INFO]: Received Mission token 9bdf471f-09d1-4b36-9f74-8ddda71d5e81:0:0:1:true
[12:08:01] [EnvServerSocketHandler/INFO]: Received mission init command  <MissionInit xmlns="http://ProjectMalmo.microsoft.com" xmlns:xsi="http://www.w3.org/2001/XMLSchema-instance" SchemaVersion="" PlatformVersion="0.37.0"><Mission><About><Summary>MineRLObtainDiamondShovel-v0</Summary></About><ModSettings><MsPerTick>50</MsPerTick></ModSettings><ServerSection><ServerInitialConditions><Time><AllowPassageOfTime>true</AllowPassageOfTime></Time><AllowSpawning>true</AllowSpawning></ServerInitialConditions><ServerHandlers><DefaultWorldGenerator forceReset="true" generatorOptions="{}"/><ServerQuitWhenAnyAgentFinishes/></ServerHandlers></ServerSection><AgentSection mode="Survival"><Name>MineRLAgent0</Name><AgentStart><LowLevelInputs>true</LowLevelInputs><GuiScale>1.0</GuiScale><GammaSetting>2.0</GammaSetting><FOVSetting>70.0</FOVSetting><FakeCursorSize>16</FakeCursorSize></AgentStart><AgentHandlers><FileBasedPerformanceProducer/><PauseCommand/><VideoProducer want_depth="false"><Width>640</Width><Height>360</Height></VideoProducer><ObservationFromFullInventory flat="false"/><HumanLevelCommands/><CameraCommands/></AgentHandlers></AgentSection></Mission><ExperimentUID>9bdf471f-09d1-4b36-9f74-8ddda71d5e81</ExperimentUID><ClientRole>0</ClientRole><ClientAgentConnection><ClientIPAddress>127.0.0.1</ClientIPAddress><ClientMissionControlPort>0</ClientMissionControlPort><ClientCommandsPort>0</ClientCommandsPort><AgentIPAddress>127.0.0.1</AgentIPAddress><AgentMissionControlPort>0</AgentMissionControlPort><AgentVideoPort>0</AgentVideoPort><AgentDepthPort>0</AgentDepthPort><AgentLuminancePort>0</AgentLuminancePort><AgentObservationsPort>0</AgentObservationsPort><AgentRewardsPort>0</AgentRewardsPort><AgentColourMapPort>0</AgentColourMapPort></ClientAgentConnection></MissionInit>
[12:08:01] [Render thread/INFO]: [STDOUT]: *** creating fake mouse cursor ***
[12:08:02] [EnvServerSocketHandler/INFO]: [STDOUT]: Setting width, height to 640, 360
[12:08:02] [EnvServerSocketHandler/INFO]: [STDOUT]: Gamma: 2.0
[12:08:02] [EnvServerSocketHandler/INFO]: [STDOUT]: FOV: 70.0
[12:08:02] [EnvServerSocketHandler/INFO]: [STDOUT]: GuiScale: 1.0
[12:08:02] [Render thread/INFO]: [STDOUT]: Seed not provided, generating random one: 7018389486778841829
[12:08:04] [Render thread/WARN]: Ambiguity between arguments [teleport, destination] and [teleport, targets] with inputs: [Player, 0123, @e, dd12be42-52a9-4a91-a8a1-11c01849e498]
[12:08:04] [Render thread/WARN]: Ambiguity between arguments [teleport, location] and [teleport, destination] with inputs: [0.1 -0.5 .9, 0 0 0]
[12:08:04] [Render thread/WARN]: Ambiguity between arguments [teleport, location] and [teleport, targets] with inputs: [0.1 -0.5 .9, 0 0 0]
[12:08:04] [Render thread/WARN]: Ambiguity between arguments [teleport, targets] and [teleport, destination] with inputs: [Player, 0123, dd12be42-52a9-4a91-a8a1-11c01849e498]
[12:08:04] [Render thread/WARN]: Ambiguity between arguments [teleport, targets, location] and [teleport, targets, destination] with inputs: [0.1 -0.5 .9, 0 0 0]
[12:08:04] [Render thread/INFO]: Reloading ResourceManager: Default
[12:08:05] [Render thread/INFO]: Loaded 7 recipes
[12:08:06] [Render thread/INFO]: Loaded 927 advancements
[12:08:08] [Render thread/INFO]: Environment: authHost='https://authserver.mojang.com', accountsHost='https://api.mojang.com', sessionHost='https://sessionserver.mojang.com', servicesHost='https://api.minecraftservices.com', name='PROD'
[12:08:09] [Render thread/INFO]: Starting integrated minecraft server version 1.16.5
[12:08:09] [Render thread/INFO]: Generating keypair
[12:08:18] [Render thread/INFO]: Preparing start region for dimension minecraft:overworld
[12:08:39] [Render thread/INFO]: Changing view distance to 11, from 10
[12:08:40] [Render thread/INFO]: MineRLAgent0[local:E:f9c46891] logged in with entity id 247 at (46.5, 64.0, -852.5)
[12:08:40] [Render thread/INFO]: MineRLAgent0 joined the game
[12:08:40] [Render thread/INFO]: Preparing spawn area: 0%
[12:08:40] [Render thread/INFO]: Time elapsed: 10 ms
[12:08:41] [Render thread/INFO]: [STDOUT]: Starting new video null
[12:08:41] [Render thread/INFO]: Saving and pausing game...
[12:08:41] [Render thread/INFO]: Saving chunks for level 'ServerLevel[mcpworldc6af4af958be]'/minecraft:overworld
[12:08:43] [Render thread/INFO]: Saving chunks for level 'ServerLevel[mcpworldc6af4af958be]'/minecraft:the_nether
[12:08:43] [Render thread/INFO]: Saving chunks for level 'ServerLevel[mcpworldc6af4af958be]'/minecraft:the_end
[12:08:45] [Render thread/INFO]: Loaded 0 advancements
[12:08:49] [EnvServerSocketHandler/INFO]: [STDOUT]: *** Stopping the replay, returning control to the inputs
[12:08:50] [EnvServerSocketHandler/INFO]: Received Mission token 5a31efa9-5579-46f4-a56c-59c7a2d148ac:0:0:1:true
[12:08:50] [EnvServerSocketHandler/INFO]: Received mission init command  <MissionInit xmlns="http://ProjectMalmo.microsoft.com" xmlns:xsi="http://www.w3.org/2001/XMLSchema-instance" SchemaVersion="" PlatformVersion="0.37.0"><Mission><About><Summary>MineRLObtainDiamondShovel-v0</Summary></About><ModSettings><MsPerTick>50</MsPerTick></ModSettings><ServerSection><ServerInitialConditions><Time><AllowPassageOfTime>true</AllowPassageOfTime></Time><AllowSpawning>true</AllowSpawning></ServerInitialConditions><ServerHandlers><DefaultWorldGenerator forceReset="true" generatorOptions="{}"/><ServerQuitWhenAnyAgentFinishes/></ServerHandlers></ServerSection><AgentSection mode="Survival"><Name>MineRLAgent0</Name><AgentStart><LowLevelInputs>true</LowLevelInputs><GuiScale>1.0</GuiScale><GammaSetting>2.0</GammaSetting><FOVSetting>70.0</FOVSetting><FakeCursorSize>16</FakeCursorSize></AgentStart><AgentHandlers><FileBasedPerformanceProducer/><PauseCommand/><VideoProducer want_depth="false"><Width>640</Width><Height>360</Height></VideoProducer><ObservationFromFullInventory flat="false"/><HumanLevelCommands/><CameraCommands/></AgentHandlers></AgentSection></Mission><ExperimentUID>5a31efa9-5579-46f4-a56c-59c7a2d148ac</ExperimentUID><ClientRole>0</ClientRole><ClientAgentConnection><ClientIPAddress>127.0.0.1</ClientIPAddress><ClientMissionControlPort>0</ClientMissionControlPort><ClientCommandsPort>0</ClientCommandsPort><AgentIPAddress>127.0.0.1</AgentIPAddress><AgentMissionControlPort>0</AgentMissionControlPort><AgentVideoPort>0</AgentVideoPort><AgentDepthPort>0</AgentDepthPort><AgentLuminancePort>0</AgentLuminancePort><AgentObservationsPort>0</AgentObservationsPort><AgentRewardsPort>0</AgentRewardsPort><AgentColourMapPort>0</AgentColourMapPort></ClientAgentConnection></MissionInit>
[12:08:50] [EnvServerSocketHandler/INFO]: [STDOUT]: Setting width, height to 640, 360
[12:08:50] [EnvServerSocketHandler/INFO]: [STDOUT]: Gamma: 2.0
[12:08:50] [EnvServerSocketHandler/INFO]: [STDOUT]: FOV: 70.0
[12:08:50] [EnvServerSocketHandler/INFO]: [STDOUT]: GuiScale: 1.0
[12:08:50] [Render thread/INFO]: [STDOUT]: Seed not provided, generating random one: -8734524167750981434
[12:08:50] [Render thread/WARN]: Ambiguity between arguments [teleport, destination] and [teleport, targets] with inputs: [Player, 0123, @e, dd12be42-52a9-4a91-a8a1-11c01849e498]
[12:08:50] [Render thread/WARN]: Ambiguity between arguments [teleport, location] and [teleport, destination] with inputs: [0.1 -0.5 .9, 0 0 0]
[12:08:50] [Render thread/WARN]: Ambiguity between arguments [teleport, location] and [teleport, targets] with inputs: [0.1 -0.5 .9, 0 0 0]
[12:08:50] [Render thread/WARN]: Ambiguity between arguments [teleport, targets] and [teleport, destination] with inputs: [Player, 0123, dd12be42-52a9-4a91-a8a1-11c01849e498]
[12:08:50] [Render thread/WARN]: Ambiguity between arguments [teleport, targets, location] and [teleport, targets, destination] with inputs: [0.1 -0.5 .9, 0 0 0]
[12:08:50] [Render thread/INFO]: Reloading ResourceManager: Default
[12:08:51] [Render thread/INFO]: Loaded 7 recipes
[12:08:51] [Render thread/INFO]: Loaded 927 advancements
[12:08:52] [Render thread/INFO]: Environment: authHost='https://authserver.mojang.com', accountsHost='https://api.mojang.com', sessionHost='https://sessionserver.mojang.com', servicesHost='https://api.minecraftservices.com', name='PROD'
[12:08:52] [Render thread/INFO]: Starting integrated minecraft server version 1.16.5
[12:08:52] [Render thread/INFO]: Generating keypair
[12:09:00] [Render thread/INFO]: Preparing start region for dimension minecraft:overworld
[12:09:16] [Render thread/INFO]: Changing view distance to 11, from 10
[12:09:16] [Render thread/INFO]: MineRLAgent0[local:E:8d3266ef] logged in with entity id 694 at (-813.5, 68.0, -901.5)
[12:09:16] [Render thread/INFO]: MineRLAgent0 joined the game
[12:09:16] [Render thread/INFO]: Preparing spawn area: 36%
[12:09:16] [Render thread/INFO]: Time elapsed: 3 ms
[12:09:16] [Render thread/INFO]: [STDOUT]: Starting new video null
[12:09:16] [Render thread/INFO]: Saving and pausing game...
[12:09:16] [Render thread/INFO]: Saving chunks for level 'ServerLevel[mcpworldf2d5abad6fa2]'/minecraft:overworld
[12:09:18] [Render thread/INFO]: Saving chunks for level 'ServerLevel[mcpworldf2d5abad6fa2]'/minecraft:the_nether
[12:09:18] [Render thread/INFO]: Saving chunks for level 'ServerLevel[mcpworldf2d5abad6fa2]'/minecraft:the_end
[12:09:18] [Render thread/INFO]: Loaded 0 advancements
