[11:38:41] [Thread-5/INFO]: [STDOUT]: SERVER enter state: DORMANT
[11:38:41] [EnvServerSocketHandler/INFO]: Received Mission token e1edeb2a-8748-474d-bfa2-fe22aa61e2d0:0:0:1:true
[11:38:41] [EnvServerSocketHandler/INFO]: Received mission init command  <MissionInit xmlns="http://ProjectMalmo.microsoft.com" xmlns:xsi="http://www.w3.org/2001/XMLSchema-instance" SchemaVersion="" PlatformVersion="0.37.0"><Mission><About><Summary>MineRLObtainDiamondShovel-v0</Summary></About><ModSettings><MsPerTick>50</MsPerTick></ModSettings><ServerSection><ServerInitialConditions><Time><AllowPassageOfTime>true</AllowPassageOfTime></Time><AllowSpawning>true</AllowSpawning></ServerInitialConditions><ServerHandlers><DefaultWorldGenerator forceReset="true" generatorOptions="{}"/><ServerQuitWhenAnyAgentFinishes/></ServerHandlers></ServerSection><AgentSection mode="Survival"><Name>MineRLAgent0</Name><AgentStart><LowLevelInputs>true</LowLevelInputs><GuiScale>1.0</GuiScale><GammaSetting>2.0</GammaSetting><FOVSetting>70.0</FOVSetting><FakeCursorSize>16</FakeCursorSize></AgentStart><AgentHandlers><FileBasedPerformanceProducer/><PauseCommand/><VideoProducer want_depth="false"><Width>640</Width><Height>360</Height></VideoProducer><ObservationFromFullInventory flat="false"/><HumanLevelCommands/><CameraCommands/></AgentHandlers></AgentSection></Mission><ExperimentUID>e1edeb2a-8748-474d-bfa2-fe22aa61e2d0</ExperimentUID><ClientRole>0</ClientRole><ClientAgentConnection><ClientIPAddress>127.0.0.1</ClientIPAddress><ClientMissionControlPort>0</ClientMissionControlPort><ClientCommandsPort>0</ClientCommandsPort><AgentIPAddress>127.0.0.1</AgentIPAddress><AgentMissionControlPort>0</AgentMissionControlPort><AgentVideoPort>0</AgentVideoPort><AgentDepthPort>0</AgentDepthPort><AgentLuminancePort>0</AgentLuminancePort><AgentObservationsPort>0</AgentObservationsPort><AgentRewardsPort>0</AgentRewardsPort><AgentColourMapPort>0</AgentColourMapPort></ClientAgentConnection></MissionInit>
[11:38:41] [EnvServerSocketHandler/INFO]: [STDOUT]: Setting width, height to 640, 360
[11:38:41] [EnvServerSocketHandler/INFO]: [STDOUT]: Gamma: 2.0
[11:38:41] [EnvServerSocketHandler/INFO]: [STDOUT]: FOV: 70.0
[11:38:41] [EnvServerSocketHandler/INFO]: [STDOUT]: GuiScale: 1.0
[11:38:41] [Sound engine/FATAL]: Error executing task on Sound executor
java.lang.NullPointerException: null
	at net.minecraft.client.audio.SoundSource.readFromStream(SoundSource.java:144) ~[mcprec-6.13.jar:?]
	at net.minecraft.client.audio.SoundSource.tick(SoundSource.java:159) ~[mcprec-6.13.jar:?]
	at net.minecraft.client.audio.ChannelManager.lambda$tick$3(ChannelManager.java:56) ~[mcprec-6.13.jar:?]
	at net.minecraft.util.concurrent.ThreadTaskExecutor.run(ThreadTaskExecutor.java:136) ~[mcprec-6.13.jar:?]
	at net.minecraft.util.concurrent.ThreadTaskExecutor.driveOne(ThreadTaskExecutor.java:109) ~[mcprec-6.13.jar:?]
	at net.minecraft.util.concurrent.ThreadTaskExecutor.driveUntil(ThreadTaskExecutor.java:119) ~[mcprec-6.13.jar:?]
	at net.minecraft.client.audio.SoundEngineExecutor.run(SoundEngineExecutor.java:39) ~[mcprec-6.13.jar:?]
	at java.lang.Thread.run(Unknown Source) [?:1.8.0_333]
[11:38:41] [Render thread/INFO]: [STDOUT]: Seed not provided, generating random one: 5572272128919061917
[11:38:42] [Render thread/WARN]: Ambiguity between arguments [teleport, destination] and [teleport, targets] with inputs: [Player, 0123, @e, dd12be42-52a9-4a91-a8a1-11c01849e498]
[11:38:42] [Render thread/WARN]: Ambiguity between arguments [teleport, location] and [teleport, destination] with inputs: [0.1 -0.5 .9, 0 0 0]
[11:38:42] [Render thread/WARN]: Ambiguity between arguments [teleport, location] and [teleport, targets] with inputs: [0.1 -0.5 .9, 0 0 0]
[11:38:42] [Render thread/WARN]: Ambiguity between arguments [teleport, targets] and [teleport, destination] with inputs: [Player, 0123, dd12be42-52a9-4a91-a8a1-11c01849e498]
[11:38:42] [Render thread/WARN]: Ambiguity between arguments [teleport, targets, location] and [teleport, targets, destination] with inputs: [0.1 -0.5 .9, 0 0 0]
[11:38:42] [Render thread/INFO]: Reloading ResourceManager: Default
[11:38:42] [Render thread/INFO]: Loaded 7 recipes
[11:38:42] [Render thread/INFO]: Loaded 927 advancements
[11:38:42] [Render thread/INFO]: Environment: authHost='https://authserver.mojang.com', accountsHost='https://api.mojang.com', sessionHost='https://sessionserver.mojang.com', servicesHost='https://api.minecraftservices.com', name='PROD'
[11:38:42] [Render thread/INFO]: Starting integrated minecraft server version 1.16.5
[11:38:42] [Render thread/INFO]: Generating keypair
[11:38:45] [Render thread/INFO]: Preparing start region for dimension minecraft:overworld
[11:38:50] [Render thread/INFO]: Changing view distance to 11, from 10
[11:38:50] [Render thread/INFO]: MineRLAgent0[local:E:028012f7] logged in with entity id 139 at (711.5, 63.0, 694.5)
[11:38:50] [Render thread/INFO]: MineRLAgent0 joined the game
[11:38:50] [Render thread/INFO]: [STDOUT]: *** creating fake mouse cursor ***
[11:38:50] [Render thread/INFO]: Preparing spawn area: 1%
[11:38:50] [Render thread/INFO]: Time elapsed: 2 ms
[11:38:51] [Render thread/INFO]: [STDOUT]: Starting new video null
[11:38:51] [Render thread/INFO]: Saving and pausing game...
[11:38:51] [Render thread/INFO]: Saving chunks for level 'ServerLevel[mcpworldacea197039d3]'/minecraft:overworld
[11:38:51] [Render thread/INFO]: Saving chunks for level 'ServerLevel[mcpworldacea197039d3]'/minecraft:the_nether
[11:38:51] [Render thread/INFO]: Saving chunks for level 'ServerLevel[mcpworldacea197039d3]'/minecraft:the_end
[11:38:51] [Render thread/INFO]: Loaded 0 advancements
[11:38:52] [EnvServerSocketHandler/INFO]: [STDOUT]: *** Stopping the replay, returning control to the inputs
[11:38:52] [EnvServerSocketHandler/INFO]: Received Mission token 58f125d7-4112-4c9d-837a-5cb1e147571f:0:0:1:true
[11:38:52] [EnvServerSocketHandler/INFO]: Received mission init command  <MissionInit xmlns="http://ProjectMalmo.microsoft.com" xmlns:xsi="http://www.w3.org/2001/XMLSchema-instance" SchemaVersion="" PlatformVersion="0.37.0"><Mission><About><Summary>MineRLObtainDiamondShovel-v0</Summary></About><ModSettings><MsPerTick>50</MsPerTick></ModSettings><ServerSection><ServerInitialConditions><Time><AllowPassageOfTime>true</AllowPassageOfTime></Time><AllowSpawning>true</AllowSpawning></ServerInitialConditions><ServerHandlers><DefaultWorldGenerator forceReset="true" generatorOptions="{}"/><ServerQuitWhenAnyAgentFinishes/></ServerHandlers></ServerSection><AgentSection mode="Survival"><Name>MineRLAgent0</Name><AgentStart><LowLevelInputs>true</LowLevelInputs><GuiScale>1.0</GuiScale><GammaSetting>2.0</GammaSetting><FOVSetting>70.0</FOVSetting><FakeCursorSize>16</FakeCursorSize></AgentStart><AgentHandlers><FileBasedPerformanceProducer/><PauseCommand/><VideoProducer want_depth="false"><Width>640</Width><Height>360</Height></VideoProducer><ObservationFromFullInventory flat="false"/><HumanLevelCommands/><CameraCommands/></AgentHandlers></AgentSection></Mission><ExperimentUID>58f125d7-4112-4c9d-837a-5cb1e147571f</ExperimentUID><ClientRole>0</ClientRole><ClientAgentConnection><ClientIPAddress>127.0.0.1</ClientIPAddress><ClientMissionControlPort>0</ClientMissionControlPort><ClientCommandsPort>0</ClientCommandsPort><AgentIPAddress>127.0.0.1</AgentIPAddress><AgentMissionControlPort>0</AgentMissionControlPort><AgentVideoPort>0</AgentVideoPort><AgentDepthPort>0</AgentDepthPort><AgentLuminancePort>0</AgentLuminancePort><AgentObservationsPort>0</AgentObservationsPort><AgentRewardsPort>0</AgentRewardsPort><AgentColourMapPort>0</AgentColourMapPort></ClientAgentConnection></MissionInit>
[11:38:52] [EnvServerSocketHandler/INFO]: [STDOUT]: Setting width, height to 640, 360
[11:38:52] [EnvServerSocketHandler/INFO]: [STDOUT]: Gamma: 2.0
[11:38:52] [EnvServerSocketHandler/INFO]: [STDOUT]: FOV: 70.0
[11:38:52] [EnvServerSocketHandler/INFO]: [STDOUT]: GuiScale: 1.0
[11:38:52] [Render thread/INFO]: [STDOUT]: Seed not provided, generating random one: -7192823728335870783
[11:38:52] [Render thread/WARN]: Ambiguity between arguments [teleport, destination] and [teleport, targets] with inputs: [Player, 0123, @e, dd12be42-52a9-4a91-a8a1-11c01849e498]
[11:38:52] [Render thread/WARN]: Ambiguity between arguments [teleport, location] and [teleport, destination] with inputs: [0.1 -0.5 .9, 0 0 0]
[11:38:52] [Render thread/WARN]: Ambiguity between arguments [teleport, location] and [teleport, targets] with inputs: [0.1 -0.5 .9, 0 0 0]
[11:38:52] [Render thread/WARN]: Ambiguity between arguments [teleport, targets] and [teleport, destination] with inputs: [Player, 0123, dd12be42-52a9-4a91-a8a1-11c01849e498]
[11:38:52] [Render thread/WARN]: Ambiguity between arguments [teleport, targets, location] and [teleport, targets, destination] with inputs: [0.1 -0.5 .9, 0 0 0]
[11:38:52] [Render thread/INFO]: Reloading ResourceManager: Default
[11:38:53] [Render thread/INFO]: Loaded 7 recipes
[11:38:53] [Render thread/INFO]: Loaded 927 advancements
[11:38:53] [Render thread/INFO]: Environment: authHost='https://authserver.mojang.com', accountsHost='https://api.mojang.com', sessionHost='https://sessionserver.mojang.com', servicesHost='https://api.minecraftservices.com', name='PROD'
[11:38:53] [Render thread/INFO]: Starting integrated minecraft server version 1.16.5
[11:38:53] [Render thread/INFO]: Generating keypair
[11:38:55] [Render thread/INFO]: Preparing start region for dimension minecraft:overworld
[11:39:00] [Render thread/INFO]: Changing view distance to 11, from 10
[11:39:00] [Render thread/INFO]: MineRLAgent0[local:E:5d2f9e93] logged in with entity id 621 at (362.5, 69.0, -722.5)
[11:39:00] [Render thread/INFO]: MineRLAgent0 joined the game
[11:39:00] [Render thread/INFO]: Preparing spawn area: 37%
[11:39:00] [Render thread/INFO]: Time elapsed: 2 ms
[11:39:00] [Render thread/INFO]: [STDOUT]: Starting new video null
[11:39:00] [Render thread/INFO]: Saving and pausing game...
[11:39:00] [Render thread/INFO]: Saving chunks for level 'ServerLevel[mcpworld9c47eb98576c]'/minecraft:overworld
[11:39:01] [Render thread/INFO]: Saving chunks for level 'ServerLevel[mcpworld9c47eb98576c]'/minecraft:the_nether
[11:39:01] [Render thread/INFO]: Saving chunks for level 'ServerLevel[mcpworld9c47eb98576c]'/minecraft:the_end
[11:39:01] [Render thread/INFO]: Loaded 0 advancements
[11:40:05] [EnvServerSocketHandler/INFO]: [STDOUT]: *** Stopping the replay, returning control to the inputs
[11:40:05] [EnvServerSocketHandler/INFO]: Received Mission token 83a594e6-2a97-4d6e-8273-8944ade76c42:0:0:1:true:1000
[11:40:05] [EnvServerSocketHandler/INFO]: Received mission init command  <MissionInit xmlns="http://ProjectMalmo.microsoft.com" xmlns:xsi="http://www.w3.org/2001/XMLSchema-instance" SchemaVersion="" PlatformVersion="0.37.0"><Mission><About><Summary>MineRLObtainDiamondShovel-v0</Summary></About><ModSettings><MsPerTick>50</MsPerTick></ModSettings><ServerSection><ServerInitialConditions><Time><AllowPassageOfTime>true</AllowPassageOfTime></Time><AllowSpawning>true</AllowSpawning></ServerInitialConditions><ServerHandlers><DefaultWorldGenerator forceReset="true" generatorOptions="{}"/><ServerQuitWhenAnyAgentFinishes/></ServerHandlers></ServerSection><AgentSection mode="Survival"><Name>MineRLAgent0</Name><AgentStart><LowLevelInputs>true</LowLevelInputs><GuiScale>1.0</GuiScale><GammaSetting>2.0</GammaSetting><FOVSetting>70.0</FOVSetting><FakeCursorSize>16</FakeCursorSize></AgentStart><AgentHandlers><FileBasedPerformanceProducer/><PauseCommand/><VideoProducer want_depth="false"><Width>640</Width><Height>360</Height></VideoProducer><ObservationFromFullInventory flat="false"/><HumanLevelCommands/><CameraCommands/></AgentHandlers></AgentSection></Mission><ExperimentUID>83a594e6-2a97-4d6e-8273-8944ade76c42</ExperimentUID><ClientRole>0</ClientRole><ClientAgentConnection><ClientIPAddress>127.0.0.1</ClientIPAddress><ClientMissionControlPort>0</ClientMissionControlPort><ClientCommandsPort>0</ClientCommandsPort><AgentIPAddress>127.0.0.1</AgentIPAddress><AgentMissionControlPort>0</AgentMissionControlPort><AgentVideoPort>0</AgentVideoPort><AgentDepthPort>0</AgentDepthPort><AgentLuminancePort>0</AgentLuminancePort><AgentObservationsPort>0</AgentObservationsPort><AgentRewardsPort>0</AgentRewardsPort><AgentColourMapPort>0</AgentColourMapPort></ClientAgentConnection></MissionInit>
[11:40:05] [EnvServerSocketHandler/INFO]: [STDOUT]: Setting width, height to 640, 360
[11:40:05] [EnvServerSocketHandler/INFO]: [STDOUT]: Gamma: 2.0
[11:40:05] [EnvServerSocketHandler/INFO]: [STDOUT]: FOV: 70.0
[11:40:05] [EnvServerSocketHandler/INFO]: [STDOUT]: GuiScale: 1.0
[11:40:05] [Render thread/WARN]: Ambiguity between arguments [teleport, destination] and [teleport, targets] with inputs: [Player, 0123, @e, dd12be42-52a9-4a91-a8a1-11c01849e498]
[11:40:05] [Render thread/WARN]: Ambiguity between arguments [teleport, location] and [teleport, destination] with inputs: [0.1 -0.5 .9, 0 0 0]
[11:40:05] [Render thread/WARN]: Ambiguity between arguments [teleport, location] and [teleport, targets] with inputs: [0.1 -0.5 .9, 0 0 0]
[11:40:05] [Render thread/WARN]: Ambiguity between arguments [teleport, targets] and [teleport, destination] with inputs: [Player, 0123, dd12be42-52a9-4a91-a8a1-11c01849e498]
[11:40:05] [Render thread/WARN]: Ambiguity between arguments [teleport, targets, location] and [teleport, targets, destination] with inputs: [0.1 -0.5 .9, 0 0 0]
[11:40:05] [Render thread/INFO]: Reloading ResourceManager: Default
[11:40:05] [Render thread/INFO]: Loaded 7 recipes
[11:40:05] [Render thread/INFO]: Loaded 927 advancements
[11:40:05] [Render thread/INFO]: Environment: authHost='https://authserver.mojang.com', accountsHost='https://api.mojang.com', sessionHost='https://sessionserver.mojang.com', servicesHost='https://api.minecraftservices.com', name='PROD'
[11:40:05] [Render thread/INFO]: Starting integrated minecraft server version 1.16.5
[11:40:05] [Render thread/INFO]: Generating keypair
[11:40:07] [Render thread/INFO]: Preparing start region for dimension minecraft:overworld
[11:40:13] [Render thread/INFO]: Changing view distance to 11, from 10
[11:40:13] [Render thread/INFO]: MineRLAgent0[local:E:d6783492] logged in with entity id 1325 at (354.5, 65.0, -917.5)
[11:40:13] [Render thread/INFO]: MineRLAgent0 joined the game
[11:40:13] [Render thread/INFO]: Preparing spawn area: 35%
[11:40:13] [Render thread/INFO]: Time elapsed: 2 ms
[11:40:13] [Render thread/INFO]: [STDOUT]: Starting new video null
[11:40:13] [Render thread/INFO]: Saving and pausing game...
[11:40:13] [Render thread/INFO]: Saving chunks for level 'ServerLevel[mcpworldc01a5076f299]'/minecraft:overworld
[11:40:14] [Render thread/INFO]: Saving chunks for level 'ServerLevel[mcpworldc01a5076f299]'/minecraft:the_nether
[11:40:14] [Render thread/INFO]: Saving chunks for level 'ServerLevel[mcpworldc01a5076f299]'/minecraft:the_end
[11:40:14] [Render thread/INFO]: Loaded 0 advancements
[11:41:07] [EnvServerSocketHandler/INFO]: [STDOUT]: *** Stopping the replay, returning control to the inputs
[11:41:07] [EnvServerSocketHandler/INFO]: Received Mission token 4ca86c3d-6878-4dfc-ba13-528c9c8675b8:0:0:1:true:1000
[11:41:07] [EnvServerSocketHandler/INFO]: Received mission init command  <MissionInit xmlns="http://ProjectMalmo.microsoft.com" xmlns:xsi="http://www.w3.org/2001/XMLSchema-instance" SchemaVersion="" PlatformVersion="0.37.0"><Mission><About><Summary>MineRLObtainDiamondShovel-v0</Summary></About><ModSettings><MsPerTick>50</MsPerTick></ModSettings><ServerSection><ServerInitialConditions><Time><AllowPassageOfTime>true</AllowPassageOfTime></Time><AllowSpawning>true</AllowSpawning></ServerInitialConditions><ServerHandlers><DefaultWorldGenerator forceReset="true" generatorOptions="{}"/><ServerQuitWhenAnyAgentFinishes/></ServerHandlers></ServerSection><AgentSection mode="Survival"><Name>MineRLAgent0</Name><AgentStart><LowLevelInputs>true</LowLevelInputs><GuiScale>1.0</GuiScale><GammaSetting>2.0</GammaSetting><FOVSetting>70.0</FOVSetting><FakeCursorSize>16</FakeCursorSize></AgentStart><AgentHandlers><FileBasedPerformanceProducer/><PauseCommand/><VideoProducer want_depth="false"><Width>640</Width><Height>360</Height></VideoProducer><ObservationFromFullInventory flat="false"/><HumanLevelCommands/><CameraCommands/></AgentHandlers></AgentSection></Mission><ExperimentUID>4ca86c3d-6878-4dfc-ba13-528c9c8675b8</ExperimentUID><ClientRole>0</ClientRole><ClientAgentConnection><ClientIPAddress>127.0.0.1</ClientIPAddress><ClientMissionControlPort>0</ClientMissionControlPort><ClientCommandsPort>0</ClientCommandsPort><AgentIPAddress>127.0.0.1</AgentIPAddress><AgentMissionControlPort>0</AgentMissionControlPort><AgentVideoPort>0</AgentVideoPort><AgentDepthPort>0</AgentDepthPort><AgentLuminancePort>0</AgentLuminancePort><AgentObservationsPort>0</AgentObservationsPort><AgentRewardsPort>0</AgentRewardsPort><AgentColourMapPort>0</AgentColourMapPort></ClientAgentConnection></MissionInit>
[11:41:07] [EnvServerSocketHandler/INFO]: [STDOUT]: Setting width, height to 640, 360
[11:41:07] [EnvServerSocketHandler/INFO]: [STDOUT]: Gamma: 2.0
[11:41:07] [EnvServerSocketHandler/INFO]: [STDOUT]: FOV: 70.0
[11:41:07] [EnvServerSocketHandler/INFO]: [STDOUT]: GuiScale: 1.0
[11:41:07] [Render thread/WARN]: Ambiguity between arguments [teleport, destination] and [teleport, targets] with inputs: [Player, 0123, @e, dd12be42-52a9-4a91-a8a1-11c01849e498]
[11:41:07] [Render thread/WARN]: Ambiguity between arguments [teleport, location] and [teleport, destination] with inputs: [0.1 -0.5 .9, 0 0 0]
[11:41:07] [Render thread/WARN]: Ambiguity between arguments [teleport, location] and [teleport, targets] with inputs: [0.1 -0.5 .9, 0 0 0]
[11:41:07] [Render thread/WARN]: Ambiguity between arguments [teleport, targets] and [teleport, destination] with inputs: [Player, 0123, dd12be42-52a9-4a91-a8a1-11c01849e498]
[11:41:07] [Render thread/WARN]: Ambiguity between arguments [teleport, targets, location] and [teleport, targets, destination] with inputs: [0.1 -0.5 .9, 0 0 0]
[11:41:07] [Render thread/INFO]: Reloading ResourceManager: Default
[11:41:07] [Render thread/INFO]: Loaded 7 recipes
[11:41:07] [Render thread/INFO]: Loaded 927 advancements
[11:41:07] [Render thread/INFO]: Environment: authHost='https://authserver.mojang.com', accountsHost='https://api.mojang.com', sessionHost='https://sessionserver.mojang.com', servicesHost='https://api.minecraftservices.com', name='PROD'
[11:41:07] [Render thread/INFO]: Starting integrated minecraft server version 1.16.5
[11:41:07] [Render thread/INFO]: Generating keypair
[11:41:09] [Render thread/INFO]: Preparing start region for dimension minecraft:overworld
[11:41:15] [Render thread/INFO]: Changing view distance to 11, from 10
[11:41:15] [Render thread/INFO]: MineRLAgent0[local:E:c73c80a7] logged in with entity id 1974 at (354.5, 65.0, -917.5)
[11:41:15] [Render thread/INFO]: MineRLAgent0 joined the game
[11:41:15] [Render thread/INFO]: Preparing spawn area: 5%
[11:41:15] [Render thread/INFO]: Time elapsed: 2 ms
[11:41:15] [Render thread/INFO]: [STDOUT]: Starting new video null
[11:41:15] [Render thread/INFO]: Saving and pausing game...
[11:41:15] [Render thread/INFO]: Saving chunks for level 'ServerLevel[mcpworld4a6fcf4d2d07]'/minecraft:overworld
[11:41:16] [Render thread/INFO]: Saving chunks for level 'ServerLevel[mcpworld4a6fcf4d2d07]'/minecraft:the_nether
[11:41:16] [Render thread/INFO]: Saving chunks for level 'ServerLevel[mcpworld4a6fcf4d2d07]'/minecraft:the_end
[11:41:16] [Render thread/INFO]: Loaded 0 advancements
[11:41:55] [Render thread/INFO]: MineRLAgent0 was blown up by Creeper
[11:41:55] [Render thread/INFO]: [CHAT] MineRLAgent0 was blown up by Creeper
[11:41:56] [Render thread/INFO]: Loaded 14 advancements
[11:41:56] [Render thread/INFO]: [STDOUT]: Starting new video null
[11:41:56] [Render thread/WARN]: Mismatch in destroy block pos: BlockPos{x=0, y=0, z=0} BlockPos{x=357, y=64, z=-920}
[11:42:12] [EnvServerSocketHandler/INFO]: [STDOUT]: *** Stopping the replay, returning control to the inputs
[11:42:12] [EnvServerSocketHandler/INFO]: Received Mission token f50eebbc-a68c-4aa6-93e6-5303974b2aaf:0:0:1:true:1000
[11:42:12] [EnvServerSocketHandler/INFO]: Received mission init command  <MissionInit xmlns="http://ProjectMalmo.microsoft.com" xmlns:xsi="http://www.w3.org/2001/XMLSchema-instance" SchemaVersion="" PlatformVersion="0.37.0"><Mission><About><Summary>MineRLObtainDiamondShovel-v0</Summary></About><ModSettings><MsPerTick>50</MsPerTick></ModSettings><ServerSection><ServerInitialConditions><Time><AllowPassageOfTime>true</AllowPassageOfTime></Time><AllowSpawning>true</AllowSpawning></ServerInitialConditions><ServerHandlers><DefaultWorldGenerator forceReset="true" generatorOptions="{}"/><ServerQuitWhenAnyAgentFinishes/></ServerHandlers></ServerSection><AgentSection mode="Survival"><Name>MineRLAgent0</Name><AgentStart><LowLevelInputs>true</LowLevelInputs><GuiScale>1.0</GuiScale><GammaSetting>2.0</GammaSetting><FOVSetting>70.0</FOVSetting><FakeCursorSize>16</FakeCursorSize></AgentStart><AgentHandlers><FileBasedPerformanceProducer/><PauseCommand/><VideoProducer want_depth="false"><Width>640</Width><Height>360</Height></VideoProducer><ObservationFromFullInventory flat="false"/><HumanLevelCommands/><CameraCommands/></AgentHandlers></AgentSection></Mission><ExperimentUID>f50eebbc-a68c-4aa6-93e6-5303974b2aaf</ExperimentUID><ClientRole>0</ClientRole><ClientAgentConnection><ClientIPAddress>127.0.0.1</ClientIPAddress><ClientMissionControlPort>0</ClientMissionControlPort><ClientCommandsPort>0</ClientCommandsPort><AgentIPAddress>127.0.0.1</AgentIPAddress><AgentMissionControlPort>0</AgentMissionControlPort><AgentVideoPort>0</AgentVideoPort><AgentDepthPort>0</AgentDepthPort><AgentLuminancePort>0</AgentLuminancePort><AgentObservationsPort>0</AgentObservationsPort><AgentRewardsPort>0</AgentRewardsPort><AgentColourMapPort>0</AgentColourMapPort></ClientAgentConnection></MissionInit>
[11:42:12] [EnvServerSocketHandler/INFO]: [STDOUT]: Setting width, height to 640, 360
[11:42:12] [EnvServerSocketHandler/INFO]: [STDOUT]: Gamma: 2.0
[11:42:12] [EnvServerSocketHandler/INFO]: [STDOUT]: FOV: 70.0
[11:42:12] [EnvServerSocketHandler/INFO]: [STDOUT]: GuiScale: 1.0
[11:42:12] [Render thread/WARN]: Ambiguity between arguments [teleport, destination] and [teleport, targets] with inputs: [Player, 0123, @e, dd12be42-52a9-4a91-a8a1-11c01849e498]
[11:42:12] [Render thread/WARN]: Ambiguity between arguments [teleport, location] and [teleport, destination] with inputs: [0.1 -0.5 .9, 0 0 0]
[11:42:12] [Render thread/WARN]: Ambiguity between arguments [teleport, location] and [teleport, targets] with inputs: [0.1 -0.5 .9, 0 0 0]
[11:42:12] [Render thread/WARN]: Ambiguity between arguments [teleport, targets] and [teleport, destination] with inputs: [Player, 0123, dd12be42-52a9-4a91-a8a1-11c01849e498]
[11:42:12] [Render thread/WARN]: Ambiguity between arguments [teleport, targets, location] and [teleport, targets, destination] with inputs: [0.1 -0.5 .9, 0 0 0]
[11:42:12] [Render thread/INFO]: Reloading ResourceManager: Default
[11:42:12] [Render thread/INFO]: Loaded 7 recipes
[11:42:12] [Render thread/INFO]: Loaded 927 advancements
[11:42:12] [Render thread/INFO]: Environment: authHost='https://authserver.mojang.com', accountsHost='https://api.mojang.com', sessionHost='https://sessionserver.mojang.com', servicesHost='https://api.minecraftservices.com', name='PROD'
[11:42:12] [Render thread/INFO]: Starting integrated minecraft server version 1.16.5
[11:42:12] [Render thread/INFO]: Generating keypair
[11:42:15] [Render thread/INFO]: Preparing start region for dimension minecraft:overworld
[11:42:20] [Render thread/INFO]: Changing view distance to 11, from 10
[11:42:20] [Render thread/INFO]: MineRLAgent0[local:E:67284177] logged in with entity id 2793 at (354.5, 65.0, -917.5)
[11:42:20] [Render thread/INFO]: MineRLAgent0 joined the game
[11:42:20] [Render thread/INFO]: Preparing spawn area: 59%
[11:42:20] [Render thread/INFO]: Time elapsed: 1 ms
[11:42:20] [Render thread/INFO]: [STDOUT]: Starting new video null
[11:42:20] [Render thread/INFO]: Saving and pausing game...
[11:42:20] [Render thread/INFO]: Saving chunks for level 'ServerLevel[mcpworld6731faa8c116]'/minecraft:overworld
[11:42:21] [Render thread/INFO]: Saving chunks for level 'ServerLevel[mcpworld6731faa8c116]'/minecraft:the_nether
[11:42:21] [Render thread/INFO]: Saving chunks for level 'ServerLevel[mcpworld6731faa8c116]'/minecraft:the_end
[11:42:21] [Render thread/INFO]: Loaded 0 advancements
[11:43:25] [EnvServerSocketHandler/INFO]: [STDOUT]: *** Stopping the replay, returning control to the inputs
[11:43:25] [EnvServerSocketHandler/INFO]: Received Mission token 56e7993d-d07a-42d5-8330-adae3980287b:0:0:1:true:1000
[11:43:25] [EnvServerSocketHandler/INFO]: Received mission init command  <MissionInit xmlns="http://ProjectMalmo.microsoft.com" xmlns:xsi="http://www.w3.org/2001/XMLSchema-instance" SchemaVersion="" PlatformVersion="0.37.0"><Mission><About><Summary>MineRLObtainDiamondShovel-v0</Summary></About><ModSettings><MsPerTick>50</MsPerTick></ModSettings><ServerSection><ServerInitialConditions><Time><AllowPassageOfTime>true</AllowPassageOfTime></Time><AllowSpawning>true</AllowSpawning></ServerInitialConditions><ServerHandlers><DefaultWorldGenerator forceReset="true" generatorOptions="{}"/><ServerQuitWhenAnyAgentFinishes/></ServerHandlers></ServerSection><AgentSection mode="Survival"><Name>MineRLAgent0</Name><AgentStart><LowLevelInputs>true</LowLevelInputs><GuiScale>1.0</GuiScale><GammaSetting>2.0</GammaSetting><FOVSetting>70.0</FOVSetting><FakeCursorSize>16</FakeCursorSize></AgentStart><AgentHandlers><FileBasedPerformanceProducer/><PauseCommand/><VideoProducer want_depth="false"><Width>640</Width><Height>360</Height></VideoProducer><ObservationFromFullInventory flat="false"/><HumanLevelCommands/><CameraCommands/></AgentHandlers></AgentSection></Mission><ExperimentUID>56e7993d-d07a-42d5-8330-adae3980287b</ExperimentUID><ClientRole>0</ClientRole><ClientAgentConnection><ClientIPAddress>127.0.0.1</ClientIPAddress><ClientMissionControlPort>0</ClientMissionControlPort><ClientCommandsPort>0</ClientCommandsPort><AgentIPAddress>127.0.0.1</AgentIPAddress><AgentMissionControlPort>0</AgentMissionControlPort><AgentVideoPort>0</AgentVideoPort><AgentDepthPort>0</AgentDepthPort><AgentLuminancePort>0</AgentLuminancePort><AgentObservationsPort>0</AgentObservationsPort><AgentRewardsPort>0</AgentRewardsPort><AgentColourMapPort>0</AgentColourMapPort></ClientAgentConnection></MissionInit>
[11:43:25] [EnvServerSocketHandler/INFO]: [STDOUT]: Setting width, height to 640, 360
[11:43:25] [EnvServerSocketHandler/INFO]: [STDOUT]: Gamma: 2.0
[11:43:25] [EnvServerSocketHandler/INFO]: [STDOUT]: FOV: 70.0
[11:43:25] [EnvServerSocketHandler/INFO]: [STDOUT]: GuiScale: 1.0
[11:43:25] [Render thread/WARN]: Ambiguity between arguments [teleport, destination] and [teleport, targets] with inputs: [Player, 0123, @e, dd12be42-52a9-4a91-a8a1-11c01849e498]
[11:43:25] [Render thread/WARN]: Ambiguity between arguments [teleport, location] and [teleport, destination] with inputs: [0.1 -0.5 .9, 0 0 0]
[11:43:25] [Render thread/WARN]: Ambiguity between arguments [teleport, location] and [teleport, targets] with inputs: [0.1 -0.5 .9, 0 0 0]
[11:43:25] [Render thread/WARN]: Ambiguity between arguments [teleport, targets] and [teleport, destination] with inputs: [Player, 0123, dd12be42-52a9-4a91-a8a1-11c01849e498]
[11:43:25] [Render thread/WARN]: Ambiguity between arguments [teleport, targets, location] and [teleport, targets, destination] with inputs: [0.1 -0.5 .9, 0 0 0]
[11:43:25] [Render thread/INFO]: Reloading ResourceManager: Default
[11:43:26] [Render thread/INFO]: Loaded 7 recipes
[11:43:26] [Render thread/INFO]: Loaded 927 advancements
[11:43:26] [Render thread/INFO]: Environment: authHost='https://authserver.mojang.com', accountsHost='https://api.mojang.com', sessionHost='https://sessionserver.mojang.com', servicesHost='https://api.minecraftservices.com', name='PROD'
[11:43:26] [Render thread/INFO]: Starting integrated minecraft server version 1.16.5
[11:43:26] [Render thread/INFO]: Generating keypair
[11:43:28] [Render thread/INFO]: Preparing start region for dimension minecraft:overworld
[11:43:33] [Render thread/INFO]: Changing view distance to 11, from 10
[11:43:33] [Render thread/INFO]: MineRLAgent0[local:E:2e15e262] logged in with entity id 3508 at (354.5, 65.0, -917.5)
[11:43:33] [Render thread/INFO]: MineRLAgent0 joined the game
[11:43:33] [Render thread/INFO]: Preparing spawn area: 45%
[11:43:33] [Render thread/INFO]: Time elapsed: 1 ms
[11:43:34] [Render thread/INFO]: [STDOUT]: Starting new video null
[11:43:34] [Render thread/INFO]: Saving and pausing game...
[11:43:34] [Render thread/INFO]: Saving chunks for level 'ServerLevel[mcpworld36d6c3171a4f]'/minecraft:overworld
[11:43:34] [Render thread/INFO]: Saving chunks for level 'ServerLevel[mcpworld36d6c3171a4f]'/minecraft:the_nether
[11:43:34] [Render thread/INFO]: Saving chunks for level 'ServerLevel[mcpworld36d6c3171a4f]'/minecraft:the_end
[11:43:34] [Render thread/INFO]: Loaded 0 advancements
[11:44:41] [EnvServerSocketHandler/INFO]: [STDOUT]: *** Stopping the replay, returning control to the inputs
