[11:04:50] [Thread-5/INFO]: [STDOUT]: SERVER enter state: DORMANT
[11:04:50] [EnvServerSocketHandler/INFO]: Received Mission token 5fc0321d-7802-4cee-9ebc-082f8aa2dd2a:0:0:1:true
[11:04:50] [EnvServerSocketHandler/INFO]: Received mission init command  <MissionInit xmlns="http://ProjectMalmo.microsoft.com" xmlns:xsi="http://www.w3.org/2001/XMLSchema-instance" SchemaVersion="" PlatformVersion="0.37.0"><Mission><About><Summary>MineRLObtainDiamondShovel-v0</Summary></About><ModSettings><MsPerTick>50</MsPerTick></ModSettings><ServerSection><ServerInitialConditions><Time><AllowPassageOfTime>true</AllowPassageOfTime></Time><AllowSpawning>true</AllowSpawning></ServerInitialConditions><ServerHandlers><DefaultWorldGenerator forceReset="true" generatorOptions="{}"/><ServerQuitWhenAnyAgentFinishes/></ServerHandlers></ServerSection><AgentSection mode="Survival"><Name>MineRLAgent0</Name><AgentStart><LowLevelInputs>true</LowLevelInputs><GuiScale>1.0</GuiScale><GammaSetting>2.0</GammaSetting><FOVSetting>70.0</FOVSetting><FakeCursorSize>16</FakeCursorSize></AgentStart><AgentHandlers><FileBasedPerformanceProducer/><PauseCommand/><VideoProducer want_depth="false"><Width>640</Width><Height>360</Height></VideoProducer><ObservationFromFullInventory flat="false"/><HumanLevelCommands/><CameraCommands/></AgentHandlers></AgentSection></Mission><ExperimentUID>5fc0321d-7802-4cee-9ebc-082f8aa2dd2a</ExperimentUID><ClientRole>0</ClientRole><ClientAgentConnection><ClientIPAddress>127.0.0.1</ClientIPAddress><ClientMissionControlPort>0</ClientMissionControlPort><ClientCommandsPort>0</ClientCommandsPort><AgentIPAddress>127.0.0.1</AgentIPAddress><AgentMissionControlPort>0</AgentMissionControlPort><AgentVideoPort>0</AgentVideoPort><AgentDepthPort>0</AgentDepthPort><AgentLuminancePort>0</AgentLuminancePort><AgentObservationsPort>0</AgentObservationsPort><AgentRewardsPort>0</AgentRewardsPort><AgentColourMapPort>0</AgentColourMapPort></ClientAgentConnection></MissionInit>
[11:04:51] [EnvServerSocketHandler/INFO]: [STDOUT]: Setting width, height to 640, 360
[11:04:51] [EnvServerSocketHandler/INFO]: [STDOUT]: Gamma: 2.0
[11:04:51] [EnvServerSocketHandler/INFO]: [STDOUT]: FOV: 70.0
[11:04:51] [EnvServerSocketHandler/INFO]: [STDOUT]: GuiScale: 1.0
[11:04:51] [Render thread/INFO]: [STDOUT]: Seed not provided, generating random one: -2756613854485309107
[11:04:52] [Render thread/WARN]: Ambiguity between arguments [teleport, destination] and [teleport, targets] with inputs: [Player, 0123, @e, dd12be42-52a9-4a91-a8a1-11c01849e498]
[11:04:52] [Render thread/WARN]: Ambiguity between arguments [teleport, location] and [teleport, destination] with inputs: [0.1 -0.5 .9, 0 0 0]
[11:04:52] [Render thread/WARN]: Ambiguity between arguments [teleport, location] and [teleport, targets] with inputs: [0.1 -0.5 .9, 0 0 0]
[11:04:52] [Render thread/WARN]: Ambiguity between arguments [teleport, targets] and [teleport, destination] with inputs: [Player, 0123, dd12be42-52a9-4a91-a8a1-11c01849e498]
[11:04:52] [Render thread/WARN]: Ambiguity between arguments [teleport, targets, location] and [teleport, targets, destination] with inputs: [0.1 -0.5 .9, 0 0 0]
[11:04:52] [Render thread/INFO]: Reloading ResourceManager: Default
[11:04:52] [Render thread/INFO]: Loaded 7 recipes
[11:04:52] [Render thread/INFO]: Loaded 927 advancements
[11:04:53] [Render thread/INFO]: Environment: authHost='https://authserver.mojang.com', accountsHost='https://api.mojang.com', sessionHost='https://sessionserver.mojang.com', servicesHost='https://api.minecraftservices.com', name='PROD'
[11:04:53] [Render thread/INFO]: Starting integrated minecraft server version 1.16.5
[11:04:53] [Render thread/INFO]: Generating keypair
[11:04:56] [Render thread/INFO]: Preparing start region for dimension minecraft:overworld
[11:05:02] [Render thread/INFO]: Changing view distance to 11, from 10
[11:05:02] [Render thread/INFO]: MineRLAgent0[local:E:27b72526] logged in with entity id 96 at (-13.5, 89.0, 682.5)
[11:05:02] [Render thread/INFO]: MineRLAgent0 joined the game
[11:05:02] [Render thread/INFO]: [STDOUT]: *** creating fake mouse cursor ***
[11:05:02] [Render thread/INFO]: Preparing spawn area: 4%
[11:05:02] [Render thread/INFO]: Time elapsed: 3 ms
[11:05:03] [Render thread/INFO]: [STDOUT]: Starting new video null
[11:05:03] [Render thread/INFO]: Saving and pausing game...
[11:05:03] [Render thread/INFO]: Saving chunks for level 'ServerLevel[mcpworldf432196d0f72]'/minecraft:overworld
[11:05:03] [Render thread/INFO]: Saving chunks for level 'ServerLevel[mcpworldf432196d0f72]'/minecraft:the_nether
[11:05:03] [Render thread/INFO]: Saving chunks for level 'ServerLevel[mcpworldf432196d0f72]'/minecraft:the_end
[11:05:03] [Render thread/INFO]: Loaded 0 advancements
[11:05:05] [EnvServerSocketHandler/INFO]: [STDOUT]: *** Stopping the replay, returning control to the inputs
[11:05:05] [EnvServerSocketHandler/INFO]: Received Mission token db72cb06-3809-4ba5-a727-fa77ccd191ea:0:0:1:true
[11:05:05] [EnvServerSocketHandler/INFO]: Received mission init command  <MissionInit xmlns="http://ProjectMalmo.microsoft.com" xmlns:xsi="http://www.w3.org/2001/XMLSchema-instance" SchemaVersion="" PlatformVersion="0.37.0"><Mission><About><Summary>MineRLObtainDiamondShovel-v0</Summary></About><ModSettings><MsPerTick>50</MsPerTick></ModSettings><ServerSection><ServerInitialConditions><Time><AllowPassageOfTime>true</AllowPassageOfTime></Time><AllowSpawning>true</AllowSpawning></ServerInitialConditions><ServerHandlers><DefaultWorldGenerator forceReset="true" generatorOptions="{}"/><ServerQuitWhenAnyAgentFinishes/></ServerHandlers></ServerSection><AgentSection mode="Survival"><Name>MineRLAgent0</Name><AgentStart><LowLevelInputs>true</LowLevelInputs><GuiScale>1.0</GuiScale><GammaSetting>2.0</GammaSetting><FOVSetting>70.0</FOVSetting><FakeCursorSize>16</FakeCursorSize></AgentStart><AgentHandlers><FileBasedPerformanceProducer/><PauseCommand/><VideoProducer want_depth="false"><Width>640</Width><Height>360</Height></VideoProducer><ObservationFromFullInventory flat="false"/><HumanLevelCommands/><CameraCommands/></AgentHandlers></AgentSection></Mission><ExperimentUID>db72cb06-3809-4ba5-a727-fa77ccd191ea</ExperimentUID><ClientRole>0</ClientRole><ClientAgentConnection><ClientIPAddress>127.0.0.1</ClientIPAddress><ClientMissionControlPort>0</ClientMissionControlPort><ClientCommandsPort>0</ClientCommandsPort><AgentIPAddress>127.0.0.1</AgentIPAddress><AgentMissionControlPort>0</AgentMissionControlPort><AgentVideoPort>0</AgentVideoPort><AgentDepthPort>0</AgentDepthPort><AgentLuminancePort>0</AgentLuminancePort><AgentObservationsPort>0</AgentObservationsPort><AgentRewardsPort>0</AgentRewardsPort><AgentColourMapPort>0</AgentColourMapPort></ClientAgentConnection></MissionInit>
[11:05:05] [EnvServerSocketHandler/INFO]: [STDOUT]: Setting width, height to 640, 360
[11:05:05] [EnvServerSocketHandler/INFO]: [STDOUT]: Gamma: 2.0
[11:05:05] [EnvServerSocketHandler/INFO]: [STDOUT]: FOV: 70.0
[11:05:05] [EnvServerSocketHandler/INFO]: [STDOUT]: GuiScale: 1.0
[11:05:05] [Render thread/INFO]: [STDOUT]: Seed not provided, generating random one: -8621821086558823722
[11:05:05] [Render thread/WARN]: Ambiguity between arguments [teleport, destination] and [teleport, targets] with inputs: [Player, 0123, @e, dd12be42-52a9-4a91-a8a1-11c01849e498]
[11:05:05] [Render thread/WARN]: Ambiguity between arguments [teleport, location] and [teleport, destination] with inputs: [0.1 -0.5 .9, 0 0 0]
[11:05:05] [Render thread/WARN]: Ambiguity between arguments [teleport, location] and [teleport, targets] with inputs: [0.1 -0.5 .9, 0 0 0]
[11:05:05] [Render thread/WARN]: Ambiguity between arguments [teleport, targets] and [teleport, destination] with inputs: [Player, 0123, dd12be42-52a9-4a91-a8a1-11c01849e498]
[11:05:05] [Render thread/WARN]: Ambiguity between arguments [teleport, targets, location] and [teleport, targets, destination] with inputs: [0.1 -0.5 .9, 0 0 0]
[11:05:05] [Render thread/INFO]: Reloading ResourceManager: Default
[11:05:05] [Render thread/INFO]: Loaded 7 recipes
[11:05:05] [Render thread/INFO]: Loaded 927 advancements
[11:05:06] [Render thread/INFO]: Environment: authHost='https://authserver.mojang.com', accountsHost='https://api.mojang.com', sessionHost='https://sessionserver.mojang.com', servicesHost='https://api.minecraftservices.com', name='PROD'
[11:05:06] [Render thread/INFO]: Starting integrated minecraft server version 1.16.5
[11:05:06] [Render thread/INFO]: Generating keypair
[11:05:08] [Render thread/INFO]: Preparing start region for dimension minecraft:overworld
[11:05:14] [Render thread/INFO]: Changing view distance to 11, from 10
[11:05:14] [Render thread/INFO]: MineRLAgent0[local:E:97e32ada] logged in with entity id 705 at (-957.5, 73.0, 538.5)
[11:05:14] [Render thread/INFO]: MineRLAgent0 joined the game
[11:05:14] [Render thread/INFO]: Preparing spawn area: 4%
[11:05:14] [Render thread/INFO]: Time elapsed: 2 ms
[11:05:15] [Render thread/INFO]: [STDOUT]: Starting new video null
[11:05:15] [Render thread/INFO]: Saving and pausing game...
[11:05:15] [Render thread/INFO]: Saving chunks for level 'ServerLevel[mcpworldb2d0cb67fec8]'/minecraft:overworld
[11:05:15] [Render thread/INFO]: Saving chunks for level 'ServerLevel[mcpworldb2d0cb67fec8]'/minecraft:the_nether
[11:05:15] [Render thread/INFO]: Saving chunks for level 'ServerLevel[mcpworldb2d0cb67fec8]'/minecraft:the_end
[11:05:15] [Render thread/INFO]: Loaded 0 advancements
[11:05:55] [EnvServerSocketHandler/INFO]: [STDOUT]: *** Stopping the replay, returning control to the inputs
[11:05:55] [EnvServerSocketHandler/INFO]: Received Mission token accd98ea-a7d5-463a-b316-5b2cd7a19f4a:0:0:1:true:1000
[11:05:55] [EnvServerSocketHandler/INFO]: Received mission init command  <MissionInit xmlns="http://ProjectMalmo.microsoft.com" xmlns:xsi="http://www.w3.org/2001/XMLSchema-instance" SchemaVersion="" PlatformVersion="0.37.0"><Mission><About><Summary>MineRLObtainDiamondShovel-v0</Summary></About><ModSettings><MsPerTick>50</MsPerTick></ModSettings><ServerSection><ServerInitialConditions><Time><AllowPassageOfTime>true</AllowPassageOfTime></Time><AllowSpawning>true</AllowSpawning></ServerInitialConditions><ServerHandlers><DefaultWorldGenerator forceReset="true" generatorOptions="{}"/><ServerQuitWhenAnyAgentFinishes/></ServerHandlers></ServerSection><AgentSection mode="Survival"><Name>MineRLAgent0</Name><AgentStart><LowLevelInputs>true</LowLevelInputs><GuiScale>1.0</GuiScale><GammaSetting>2.0</GammaSetting><FOVSetting>70.0</FOVSetting><FakeCursorSize>16</FakeCursorSize></AgentStart><AgentHandlers><FileBasedPerformanceProducer/><PauseCommand/><VideoProducer want_depth="false"><Width>640</Width><Height>360</Height></VideoProducer><ObservationFromFullInventory flat="false"/><HumanLevelCommands/><CameraCommands/></AgentHandlers></AgentSection></Mission><ExperimentUID>accd98ea-a7d5-463a-b316-5b2cd7a19f4a</ExperimentUID><ClientRole>0</ClientRole><ClientAgentConnection><ClientIPAddress>127.0.0.1</ClientIPAddress><ClientMissionControlPort>0</ClientMissionControlPort><ClientCommandsPort>0</ClientCommandsPort><AgentIPAddress>127.0.0.1</AgentIPAddress><AgentMissionControlPort>0</AgentMissionControlPort><AgentVideoPort>0</AgentVideoPort><AgentDepthPort>0</AgentDepthPort><AgentLuminancePort>0</AgentLuminancePort><AgentObservationsPort>0</AgentObservationsPort><AgentRewardsPort>0</AgentRewardsPort><AgentColourMapPort>0</AgentColourMapPort></ClientAgentConnection></MissionInit>
[11:05:55] [EnvServerSocketHandler/INFO]: [STDOUT]: Setting width, height to 640, 360
[11:05:55] [EnvServerSocketHandler/INFO]: [STDOUT]: Gamma: 2.0
[11:05:55] [EnvServerSocketHandler/INFO]: [STDOUT]: FOV: 70.0
[11:05:55] [EnvServerSocketHandler/INFO]: [STDOUT]: GuiScale: 1.0
[11:05:55] [Render thread/WARN]: Ambiguity between arguments [teleport, destination] and [teleport, targets] with inputs: [Player, 0123, @e, dd12be42-52a9-4a91-a8a1-11c01849e498]
[11:05:55] [Render thread/WARN]: Ambiguity between arguments [teleport, location] and [teleport, destination] with inputs: [0.1 -0.5 .9, 0 0 0]
[11:05:55] [Render thread/WARN]: Ambiguity between arguments [teleport, location] and [teleport, targets] with inputs: [0.1 -0.5 .9, 0 0 0]
[11:05:55] [Render thread/WARN]: Ambiguity between arguments [teleport, targets] and [teleport, destination] with inputs: [Player, 0123, dd12be42-52a9-4a91-a8a1-11c01849e498]
[11:05:55] [Render thread/WARN]: Ambiguity between arguments [teleport, targets, location] and [teleport, targets, destination] with inputs: [0.1 -0.5 .9, 0 0 0]
[11:05:55] [Render thread/INFO]: Reloading ResourceManager: Default
[11:05:55] [Render thread/INFO]: Loaded 7 recipes
[11:05:55] [Render thread/INFO]: Loaded 927 advancements
[11:05:55] [Render thread/INFO]: Environment: authHost='https://authserver.mojang.com', accountsHost='https://api.mojang.com', sessionHost='https://sessionserver.mojang.com', servicesHost='https://api.minecraftservices.com', name='PROD'
[11:05:55] [Render thread/INFO]: Starting integrated minecraft server version 1.16.5
[11:05:55] [Render thread/INFO]: Generating keypair
[11:05:57] [Render thread/INFO]: Preparing start region for dimension minecraft:overworld
[11:06:03] [Render thread/INFO]: Changing view distance to 11, from 10
[11:06:03] [Render thread/INFO]: MineRLAgent0[local:E:f8bf814c] logged in with entity id 1535 at (354.5, 65.0, -917.5)
[11:06:03] [Render thread/INFO]: MineRLAgent0 joined the game
[11:06:03] [Render thread/INFO]: Preparing spawn area: 27%
[11:06:03] [Render thread/INFO]: Time elapsed: 2 ms
[11:06:04] [Render thread/INFO]: [STDOUT]: Starting new video null
[11:06:04] [Render thread/INFO]: Saving and pausing game...
[11:06:04] [Render thread/INFO]: Saving chunks for level 'ServerLevel[mcpworldd595925a6d83]'/minecraft:overworld
[11:06:04] [Render thread/INFO]: Saving chunks for level 'ServerLevel[mcpworldd595925a6d83]'/minecraft:the_nether
[11:06:04] [Render thread/INFO]: Saving chunks for level 'ServerLevel[mcpworldd595925a6d83]'/minecraft:the_end
[11:06:04] [Render thread/INFO]: Loaded 0 advancements
Terminate batch job (Y/N)? 
