[01:29:04] [Thread-5/INFO]: [STDOUT]: SERVER enter state: DORMANT
[01:29:04] [EnvServerSocketHandler/INFO]: Received Mission token 49b59d48-ab0b-46d6-9531-d5d8ac4cbef9:0:0:1:true
[01:29:04] [EnvServerSocketHandler/INFO]: Received mission init command  <MissionInit xmlns="http://ProjectMalmo.microsoft.com" xmlns:xsi="http://www.w3.org/2001/XMLSchema-instance" SchemaVersion="" PlatformVersion="0.37.0"><Mission><About><Summary>MineRLObtainDiamondShovel-v0</Summary></About><ModSettings><MsPerTick>50</MsPerTick></ModSettings><ServerSection><ServerInitialConditions><Time><AllowPassageOfTime>true</AllowPassageOfTime></Time><AllowSpawning>true</AllowSpawning></ServerInitialConditions><ServerHandlers><DefaultWorldGenerator forceReset="true" generatorOptions="{}"/><ServerQuitWhenAnyAgentFinishes/></ServerHandlers></ServerSection><AgentSection mode="Survival"><Name>MineRLAgent0</Name><AgentStart><LowLevelInputs>true</LowLevelInputs><GuiScale>1.0</GuiScale><GammaSetting>2.0</GammaSetting><FOVSetting>70.0</FOVSetting><FakeCursorSize>16</FakeCursorSize></AgentStart><AgentHandlers><FileBasedPerformanceProducer/><PauseCommand/><VideoProducer want_depth="false"><Width>640</Width><Height>360</Height></VideoProducer><ObservationFromFullInventory flat="false"/><HumanLevelCommands/><CameraCommands/></AgentHandlers></AgentSection></Mission><ExperimentUID>49b59d48-ab0b-46d6-9531-d5d8ac4cbef9</ExperimentUID><ClientRole>0</ClientRole><ClientAgentConnection><ClientIPAddress>127.0.0.1</ClientIPAddress><ClientMissionControlPort>0</ClientMissionControlPort><ClientCommandsPort>0</ClientCommandsPort><AgentIPAddress>127.0.0.1</AgentIPAddress><AgentMissionControlPort>0</AgentMissionControlPort><AgentVideoPort>0</AgentVideoPort><AgentDepthPort>0</AgentDepthPort><AgentLuminancePort>0</AgentLuminancePort><AgentObservationsPort>0</AgentObservationsPort><AgentRewardsPort>0</AgentRewardsPort><AgentColourMapPort>0</AgentColourMapPort></ClientAgentConnection></MissionInit>
[01:29:05] [Render thread/INFO]: [STDOUT]: *** creating fake mouse cursor ***
[01:29:05] [EnvServerSocketHandler/INFO]: [STDOUT]: Setting width, height to 640, 360
[01:29:05] [Sound engine/FATAL]: Error executing task on Sound executor
java.lang.NullPointerException: null
	at net.minecraft.client.audio.ChannelManager.lambda$tick$3(ChannelManager.java:57) ~[mcprec-6.13.jar:?]
	at net.minecraft.util.concurrent.ThreadTaskExecutor.run(ThreadTaskExecutor.java:136) ~[mcprec-6.13.jar:?]
	at net.minecraft.util.concurrent.ThreadTaskExecutor.driveOne(ThreadTaskExecutor.java:109) ~[mcprec-6.13.jar:?]
	at net.minecraft.util.concurrent.ThreadTaskExecutor.driveUntil(ThreadTaskExecutor.java:119) ~[mcprec-6.13.jar:?]
	at net.minecraft.client.audio.SoundEngineExecutor.run(SoundEngineExecutor.java:39) ~[mcprec-6.13.jar:?]
	at java.lang.Thread.run(Unknown Source) [?:1.8.0_333]
[01:29:05] [EnvServerSocketHandler/INFO]: [STDOUT]: Gamma: 2.0
[01:29:05] [EnvServerSocketHandler/INFO]: [STDOUT]: FOV: 70.0
[01:29:05] [EnvServerSocketHandler/INFO]: [STDOUT]: GuiScale: 1.0
[01:29:05] [Render thread/INFO]: [STDOUT]: Seed not provided, generating random one: -1647677329943089119
[01:29:06] [Render thread/WARN]: Ambiguity between arguments [teleport, destination] and [teleport, targets] with inputs: [Player, 0123, @e, dd12be42-52a9-4a91-a8a1-11c01849e498]
[01:29:06] [Render thread/WARN]: Ambiguity between arguments [teleport, location] and [teleport, destination] with inputs: [0.1 -0.5 .9, 0 0 0]
[01:29:06] [Render thread/WARN]: Ambiguity between arguments [teleport, location] and [teleport, targets] with inputs: [0.1 -0.5 .9, 0 0 0]
[01:29:06] [Render thread/WARN]: Ambiguity between arguments [teleport, targets] and [teleport, destination] with inputs: [Player, 0123, dd12be42-52a9-4a91-a8a1-11c01849e498]
[01:29:06] [Render thread/WARN]: Ambiguity between arguments [teleport, targets, location] and [teleport, targets, destination] with inputs: [0.1 -0.5 .9, 0 0 0]
[01:29:06] [Render thread/INFO]: Reloading ResourceManager: Default
[01:29:07] [Render thread/INFO]: Loaded 7 recipes
[01:29:07] [Render thread/INFO]: Loaded 927 advancements
[01:29:08] [Render thread/INFO]: Environment: authHost='https://authserver.mojang.com', accountsHost='https://api.mojang.com', sessionHost='https://sessionserver.mojang.com', servicesHost='https://api.minecraftservices.com', name='PROD'
[01:29:09] [Render thread/INFO]: Starting integrated minecraft server version 1.16.5
[01:29:09] [Render thread/INFO]: Generating keypair
[01:29:13] [Render thread/INFO]: Preparing start region for dimension minecraft:overworld
[01:29:22] [Render thread/INFO]: Changing view distance to 11, from 10
[01:29:23] [Render thread/INFO]: MineRLAgent0[local:E:01ccf53e] logged in with entity id 195 at (354.5, 65.0, 538.5)
[01:29:23] [Render thread/INFO]: MineRLAgent0 joined the game
[01:29:23] [Render thread/INFO]: Preparing spawn area: 0%
[01:29:23] [Render thread/INFO]: Time elapsed: 5 ms
[01:29:23] [Render thread/INFO]: [STDOUT]: Starting new video null
[01:29:23] [Render thread/INFO]: Saving and pausing game...
[01:29:23] [Render thread/INFO]: Saving chunks for level 'ServerLevel[mcpworldc685e2aee35c]'/minecraft:overworld
[01:29:24] [Render thread/INFO]: Saving chunks for level 'ServerLevel[mcpworldc685e2aee35c]'/minecraft:the_nether
[01:29:24] [Render thread/INFO]: Saving chunks for level 'ServerLevel[mcpworldc685e2aee35c]'/minecraft:the_end
[01:29:24] [Render thread/INFO]: Loaded 0 advancements
[01:29:26] [EnvServerSocketHandler/INFO]: [STDOUT]: *** Stopping the replay, returning control to the inputs
[01:29:26] [EnvServerSocketHandler/INFO]: Received Mission token 9e96257d-0791-4ec4-91c4-770b1841fbc8:0:0:1:true
[01:29:26] [EnvServerSocketHandler/INFO]: Received mission init command  <MissionInit xmlns="http://ProjectMalmo.microsoft.com" xmlns:xsi="http://www.w3.org/2001/XMLSchema-instance" SchemaVersion="" PlatformVersion="0.37.0"><Mission><About><Summary>MineRLObtainDiamondShovel-v0</Summary></About><ModSettings><MsPerTick>50</MsPerTick></ModSettings><ServerSection><ServerInitialConditions><Time><AllowPassageOfTime>true</AllowPassageOfTime></Time><AllowSpawning>true</AllowSpawning></ServerInitialConditions><ServerHandlers><DefaultWorldGenerator forceReset="true" generatorOptions="{}"/><ServerQuitWhenAnyAgentFinishes/></ServerHandlers></ServerSection><AgentSection mode="Survival"><Name>MineRLAgent0</Name><AgentStart><LowLevelInputs>true</LowLevelInputs><GuiScale>1.0</GuiScale><GammaSetting>2.0</GammaSetting><FOVSetting>70.0</FOVSetting><FakeCursorSize>16</FakeCursorSize></AgentStart><AgentHandlers><FileBasedPerformanceProducer/><PauseCommand/><VideoProducer want_depth="false"><Width>640</Width><Height>360</Height></VideoProducer><ObservationFromFullInventory flat="false"/><HumanLevelCommands/><CameraCommands/></AgentHandlers></AgentSection></Mission><ExperimentUID>9e96257d-0791-4ec4-91c4-770b1841fbc8</ExperimentUID><ClientRole>0</ClientRole><ClientAgentConnection><ClientIPAddress>127.0.0.1</ClientIPAddress><ClientMissionControlPort>0</ClientMissionControlPort><ClientCommandsPort>0</ClientCommandsPort><AgentIPAddress>127.0.0.1</AgentIPAddress><AgentMissionControlPort>0</AgentMissionControlPort><AgentVideoPort>0</AgentVideoPort><AgentDepthPort>0</AgentDepthPort><AgentLuminancePort>0</AgentLuminancePort><AgentObservationsPort>0</AgentObservationsPort><AgentRewardsPort>0</AgentRewardsPort><AgentColourMapPort>0</AgentColourMapPort></ClientAgentConnection></MissionInit>
[01:29:26] [EnvServerSocketHandler/INFO]: [STDOUT]: Setting width, height to 640, 360
[01:29:26] [EnvServerSocketHandler/INFO]: [STDOUT]: Gamma: 2.0
[01:29:26] [EnvServerSocketHandler/INFO]: [STDOUT]: FOV: 70.0
[01:29:26] [EnvServerSocketHandler/INFO]: [STDOUT]: GuiScale: 1.0
[01:29:26] [Render thread/INFO]: [STDOUT]: Seed not provided, generating random one: 9099415289382262003
[01:29:26] [Render thread/WARN]: Ambiguity between arguments [teleport, destination] and [teleport, targets] with inputs: [Player, 0123, @e, dd12be42-52a9-4a91-a8a1-11c01849e498]
[01:29:26] [Render thread/WARN]: Ambiguity between arguments [teleport, location] and [teleport, destination] with inputs: [0.1 -0.5 .9, 0 0 0]
[01:29:26] [Render thread/WARN]: Ambiguity between arguments [teleport, location] and [teleport, targets] with inputs: [0.1 -0.5 .9, 0 0 0]
[01:29:26] [Render thread/WARN]: Ambiguity between arguments [teleport, targets] and [teleport, destination] with inputs: [Player, 0123, dd12be42-52a9-4a91-a8a1-11c01849e498]
[01:29:26] [Render thread/WARN]: Ambiguity between arguments [teleport, targets, location] and [teleport, targets, destination] with inputs: [0.1 -0.5 .9, 0 0 0]
[01:29:26] [Render thread/INFO]: Reloading ResourceManager: Default
[01:29:26] [Render thread/INFO]: Loaded 7 recipes
[01:29:27] [Render thread/INFO]: Loaded 927 advancements
[01:29:27] [Render thread/INFO]: Environment: authHost='https://authserver.mojang.com', accountsHost='https://api.mojang.com', sessionHost='https://sessionserver.mojang.com', servicesHost='https://api.minecraftservices.com', name='PROD'
[01:29:27] [Render thread/INFO]: Starting integrated minecraft server version 1.16.5
[01:29:27] [Render thread/INFO]: Generating keypair
[01:29:31] [Render thread/INFO]: Preparing start region for dimension minecraft:overworld
[01:29:39] [Render thread/INFO]: Changing view distance to 11, from 10
[01:29:39] [Render thread/INFO]: MineRLAgent0[local:E:bfcaf246] logged in with entity id 497 at (418.5, 64.0, -747.5)
[01:29:39] [Render thread/INFO]: MineRLAgent0 joined the game
[01:29:40] [Render thread/INFO]: Preparing spawn area: 1%
[01:29:40] [Render thread/INFO]: Time elapsed: 3 ms
[01:29:40] [Render thread/INFO]: [STDOUT]: Starting new video null
[01:29:40] [Render thread/INFO]: Saving and pausing game...
[01:29:40] [Render thread/INFO]: Saving chunks for level 'ServerLevel[mcpworldfe9c0ec0033d]'/minecraft:overworld
[01:29:40] [Render thread/INFO]: Saving chunks for level 'ServerLevel[mcpworldfe9c0ec0033d]'/minecraft:the_nether
[01:29:40] [Render thread/INFO]: Saving chunks for level 'ServerLevel[mcpworldfe9c0ec0033d]'/minecraft:the_end
[01:29:41] [Render thread/INFO]: Loaded 0 advancements
[01:31:18] [EnvServerSocketHandler/INFO]: [STDOUT]: *** Stopping the replay, returning control to the inputs
[01:31:18] [EnvServerSocketHandler/INFO]: Received Mission token bb46fd7e-8042-4aae-9591-98ea067f4066:0:0:1:true:1000
[01:31:18] [EnvServerSocketHandler/INFO]: Received mission init command  <MissionInit xmlns="http://ProjectMalmo.microsoft.com" xmlns:xsi="http://www.w3.org/2001/XMLSchema-instance" SchemaVersion="" PlatformVersion="0.37.0"><Mission><About><Summary>MineRLObtainDiamondShovel-v0</Summary></About><ModSettings><MsPerTick>50</MsPerTick></ModSettings><ServerSection><ServerInitialConditions><Time><AllowPassageOfTime>true</AllowPassageOfTime></Time><AllowSpawning>true</AllowSpawning></ServerInitialConditions><ServerHandlers><DefaultWorldGenerator forceReset="true" generatorOptions="{}"/><ServerQuitWhenAnyAgentFinishes/></ServerHandlers></ServerSection><AgentSection mode="Survival"><Name>MineRLAgent0</Name><AgentStart><LowLevelInputs>true</LowLevelInputs><GuiScale>1.0</GuiScale><GammaSetting>2.0</GammaSetting><FOVSetting>70.0</FOVSetting><FakeCursorSize>16</FakeCursorSize></AgentStart><AgentHandlers><FileBasedPerformanceProducer/><PauseCommand/><VideoProducer want_depth="false"><Width>640</Width><Height>360</Height></VideoProducer><ObservationFromFullInventory flat="false"/><HumanLevelCommands/><CameraCommands/></AgentHandlers></AgentSection></Mission><ExperimentUID>bb46fd7e-8042-4aae-9591-98ea067f4066</ExperimentUID><ClientRole>0</ClientRole><ClientAgentConnection><ClientIPAddress>127.0.0.1</ClientIPAddress><ClientMissionControlPort>0</ClientMissionControlPort><ClientCommandsPort>0</ClientCommandsPort><AgentIPAddress>127.0.0.1</AgentIPAddress><AgentMissionControlPort>0</AgentMissionControlPort><AgentVideoPort>0</AgentVideoPort><AgentDepthPort>0</AgentDepthPort><AgentLuminancePort>0</AgentLuminancePort><AgentObservationsPort>0</AgentObservationsPort><AgentRewardsPort>0</AgentRewardsPort><AgentColourMapPort>0</AgentColourMapPort></ClientAgentConnection></MissionInit>
[01:31:18] [EnvServerSocketHandler/INFO]: [STDOUT]: Setting width, height to 640, 360
[01:31:18] [EnvServerSocketHandler/INFO]: [STDOUT]: Gamma: 2.0
[01:31:18] [EnvServerSocketHandler/INFO]: [STDOUT]: FOV: 70.0
[01:31:18] [EnvServerSocketHandler/INFO]: [STDOUT]: GuiScale: 1.0
[01:31:18] [Render thread/WARN]: Ambiguity between arguments [teleport, destination] and [teleport, targets] with inputs: [Player, 0123, @e, dd12be42-52a9-4a91-a8a1-11c01849e498]
[01:31:18] [Render thread/WARN]: Ambiguity between arguments [teleport, location] and [teleport, destination] with inputs: [0.1 -0.5 .9, 0 0 0]
[01:31:18] [Render thread/WARN]: Ambiguity between arguments [teleport, location] and [teleport, targets] with inputs: [0.1 -0.5 .9, 0 0 0]
[01:31:18] [Render thread/WARN]: Ambiguity between arguments [teleport, targets] and [teleport, destination] with inputs: [Player, 0123, dd12be42-52a9-4a91-a8a1-11c01849e498]
[01:31:18] [Render thread/WARN]: Ambiguity between arguments [teleport, targets, location] and [teleport, targets, destination] with inputs: [0.1 -0.5 .9, 0 0 0]
[01:31:18] [Render thread/INFO]: Reloading ResourceManager: Default
[01:31:18] [Render thread/INFO]: Loaded 7 recipes
[01:31:18] [Render thread/INFO]: Loaded 927 advancements
[01:31:19] [Render thread/INFO]: Environment: authHost='https://authserver.mojang.com', accountsHost='https://api.mojang.com', sessionHost='https://sessionserver.mojang.com', servicesHost='https://api.minecraftservices.com', name='PROD'
[01:31:19] [Render thread/INFO]: Starting integrated minecraft server version 1.16.5
[01:31:19] [Render thread/INFO]: Generating keypair
[01:31:22] [Render thread/INFO]: Preparing start region for dimension minecraft:overworld
[01:31:31] [Render thread/INFO]: Changing view distance to 11, from 10
[01:31:31] [Render thread/INFO]: MineRLAgent0[local:E:64252ab6] logged in with entity id 1041 at (354.5, 65.0, -917.5)
[01:31:31] [Render thread/INFO]: MineRLAgent0 joined the game
[01:31:31] [Render thread/INFO]: Preparing spawn area: 26%
[01:31:31] [Render thread/INFO]: Time elapsed: 2 ms
[01:31:31] [Render thread/INFO]: [STDOUT]: Starting new video null
[01:31:31] [Render thread/INFO]: Saving and pausing game...
[01:31:31] [Render thread/INFO]: Saving chunks for level 'ServerLevel[mcpworld15901127e5d9]'/minecraft:overworld
[01:31:33] [Render thread/INFO]: Saving chunks for level 'ServerLevel[mcpworld15901127e5d9]'/minecraft:the_nether
[01:31:33] [Render thread/INFO]: Saving chunks for level 'ServerLevel[mcpworld15901127e5d9]'/minecraft:the_end
[01:31:34] [Render thread/INFO]: Loaded 0 advancements
[01:32:07] [EnvServerSocketHandler/INFO]: [STDOUT]: *** Stopping the replay, returning control to the inputs
[01:32:07] [EnvServerSocketHandler/INFO]: Received Mission token 6e074476-9ea7-4dc8-8b59-7d6fe52fb59c:0:0:1:true:1000
[01:32:07] [EnvServerSocketHandler/INFO]: Received mission init command  <MissionInit xmlns="http://ProjectMalmo.microsoft.com" xmlns:xsi="http://www.w3.org/2001/XMLSchema-instance" SchemaVersion="" PlatformVersion="0.37.0"><Mission><About><Summary>MineRLObtainDiamondShovel-v0</Summary></About><ModSettings><MsPerTick>50</MsPerTick></ModSettings><ServerSection><ServerInitialConditions><Time><AllowPassageOfTime>true</AllowPassageOfTime></Time><AllowSpawning>true</AllowSpawning></ServerInitialConditions><ServerHandlers><DefaultWorldGenerator forceReset="true" generatorOptions="{}"/><ServerQuitWhenAnyAgentFinishes/></ServerHandlers></ServerSection><AgentSection mode="Survival"><Name>MineRLAgent0</Name><AgentStart><LowLevelInputs>true</LowLevelInputs><GuiScale>1.0</GuiScale><GammaSetting>2.0</GammaSetting><FOVSetting>70.0</FOVSetting><FakeCursorSize>16</FakeCursorSize></AgentStart><AgentHandlers><FileBasedPerformanceProducer/><PauseCommand/><VideoProducer want_depth="false"><Width>640</Width><Height>360</Height></VideoProducer><ObservationFromFullInventory flat="false"/><HumanLevelCommands/><CameraCommands/></AgentHandlers></AgentSection></Mission><ExperimentUID>6e074476-9ea7-4dc8-8b59-7d6fe52fb59c</ExperimentUID><ClientRole>0</ClientRole><ClientAgentConnection><ClientIPAddress>127.0.0.1</ClientIPAddress><ClientMissionControlPort>0</ClientMissionControlPort><ClientCommandsPort>0</ClientCommandsPort><AgentIPAddress>127.0.0.1</AgentIPAddress><AgentMissionControlPort>0</AgentMissionControlPort><AgentVideoPort>0</AgentVideoPort><AgentDepthPort>0</AgentDepthPort><AgentLuminancePort>0</AgentLuminancePort><AgentObservationsPort>0</AgentObservationsPort><AgentRewardsPort>0</AgentRewardsPort><AgentColourMapPort>0</AgentColourMapPort></ClientAgentConnection></MissionInit>
[01:32:07] [EnvServerSocketHandler/INFO]: [STDOUT]: Setting width, height to 640, 360
[01:32:07] [EnvServerSocketHandler/INFO]: [STDOUT]: Gamma: 2.0
[01:32:07] [EnvServerSocketHandler/INFO]: [STDOUT]: FOV: 70.0
[01:32:07] [EnvServerSocketHandler/INFO]: [STDOUT]: GuiScale: 1.0
[01:32:08] [Render thread/WARN]: Ambiguity between arguments [teleport, destination] and [teleport, targets] with inputs: [Player, 0123, @e, dd12be42-52a9-4a91-a8a1-11c01849e498]
[01:32:08] [Render thread/WARN]: Ambiguity between arguments [teleport, location] and [teleport, destination] with inputs: [0.1 -0.5 .9, 0 0 0]
[01:32:08] [Render thread/WARN]: Ambiguity between arguments [teleport, location] and [teleport, targets] with inputs: [0.1 -0.5 .9, 0 0 0]
[01:32:08] [Render thread/WARN]: Ambiguity between arguments [teleport, targets] and [teleport, destination] with inputs: [Player, 0123, dd12be42-52a9-4a91-a8a1-11c01849e498]
[01:32:08] [Render thread/WARN]: Ambiguity between arguments [teleport, targets, location] and [teleport, targets, destination] with inputs: [0.1 -0.5 .9, 0 0 0]
[01:32:08] [Render thread/INFO]: Reloading ResourceManager: Default
[01:32:08] [Render thread/INFO]: Loaded 7 recipes
[01:32:08] [Render thread/INFO]: Loaded 927 advancements
[01:32:08] [Render thread/INFO]: Environment: authHost='https://authserver.mojang.com', accountsHost='https://api.mojang.com', sessionHost='https://sessionserver.mojang.com', servicesHost='https://api.minecraftservices.com', name='PROD'
[01:32:08] [Render thread/INFO]: Starting integrated minecraft server version 1.16.5
[01:32:08] [Render thread/INFO]: Generating keypair
[01:32:11] [Render thread/INFO]: Preparing start region for dimension minecraft:overworld
[01:32:20] [Render thread/INFO]: Changing view distance to 11, from 10
[01:32:20] [Render thread/INFO]: MineRLAgent0[local:E:3ba4e97e] logged in with entity id 1463 at (354.5, 65.0, -917.5)
[01:32:20] [Render thread/INFO]: MineRLAgent0 joined the game
[01:32:20] [Render thread/INFO]: Preparing spawn area: 23%
[01:32:20] [Render thread/INFO]: Time elapsed: 2 ms
[01:32:20] [Render thread/INFO]: [STDOUT]: Starting new video null
[01:32:20] [Render thread/INFO]: Saving and pausing game...
[01:32:20] [Render thread/INFO]: Saving chunks for level 'ServerLevel[mcpworld8412409eed07]'/minecraft:overworld
[01:32:21] [Render thread/INFO]: Saving chunks for level 'ServerLevel[mcpworld8412409eed07]'/minecraft:the_nether
[01:32:21] [Render thread/INFO]: Saving chunks for level 'ServerLevel[mcpworld8412409eed07]'/minecraft:the_end
[01:32:21] [Render thread/INFO]: Loaded 0 advancements
[01:33:47] [EnvServerSocketHandler/INFO]: [STDOUT]: *** Stopping the replay, returning control to the inputs
