[10:50:01] [Thread-5/INFO]: [STDOUT]: SERVER enter state: DORMANT
[10:50:01] [EnvServerSocketHandler/INFO]: Received Mission token 11e56818-27f1-4e25-9a47-5e818ecd22ed:0:0:1:true
[10:50:01] [EnvServerSocketHandler/INFO]: Received mission init command  <MissionInit xmlns="http://ProjectMalmo.microsoft.com" xmlns:xsi="http://www.w3.org/2001/XMLSchema-instance" SchemaVersion="" PlatformVersion="0.37.0"><Mission><About><Summary>MineRLObtainDiamondShovel-v0</Summary></About><ModSettings><MsPerTick>50</MsPerTick></ModSettings><ServerSection><ServerInitialConditions><Time><AllowPassageOfTime>true</AllowPassageOfTime></Time><AllowSpawning>true</AllowSpawning></ServerInitialConditions><ServerHandlers><DefaultWorldGenerator forceReset="true" generatorOptions="{}"/><ServerQuitWhenAnyAgentFinishes/></ServerHandlers></ServerSection><AgentSection mode="Survival"><Name>MineRLAgent0</Name><AgentStart><LowLevelInputs>true</LowLevelInputs><GuiScale>1.0</GuiScale><GammaSetting>2.0</GammaSetting><FOVSetting>70.0</FOVSetting><FakeCursorSize>16</FakeCursorSize></AgentStart><AgentHandlers><FileBasedPerformanceProducer/><PauseCommand/><VideoProducer want_depth="false"><Width>640</Width><Height>360</Height></VideoProducer><ObservationFromFullInventory flat="false"/><HumanLevelCommands/><CameraCommands/></AgentHandlers></AgentSection></Mission><ExperimentUID>11e56818-27f1-4e25-9a47-5e818ecd22ed</ExperimentUID><ClientRole>0</ClientRole><ClientAgentConnection><ClientIPAddress>127.0.0.1</ClientIPAddress><ClientMissionControlPort>0</ClientMissionControlPort><ClientCommandsPort>0</ClientCommandsPort><AgentIPAddress>127.0.0.1</AgentIPAddress><AgentMissionControlPort>0</AgentMissionControlPort><AgentVideoPort>0</AgentVideoPort><AgentDepthPort>0</AgentDepthPort><AgentLuminancePort>0</AgentLuminancePort><AgentObservationsPort>0</AgentObservationsPort><AgentRewardsPort>0</AgentRewardsPort><AgentColourMapPort>0</AgentColourMapPort></ClientAgentConnection></MissionInit>
[10:50:02] [Render thread/INFO]: [STDOUT]: *** creating fake mouse cursor ***
[10:50:02] [EnvServerSocketHandler/INFO]: [STDOUT]: Setting width, height to 640, 360
[10:50:02] [EnvServerSocketHandler/INFO]: [STDOUT]: Gamma: 2.0
[10:50:02] [EnvServerSocketHandler/INFO]: [STDOUT]: FOV: 70.0
[10:50:02] [EnvServerSocketHandler/INFO]: [STDOUT]: GuiScale: 1.0
[10:50:02] [Render thread/INFO]: [STDOUT]: Seed not provided, generating random one: 6397004518786071845
[10:50:04] [Render thread/WARN]: Ambiguity between arguments [teleport, destination] and [teleport, targets] with inputs: [Player, 0123, @e, dd12be42-52a9-4a91-a8a1-11c01849e498]
[10:50:04] [Render thread/WARN]: Ambiguity between arguments [teleport, location] and [teleport, destination] with inputs: [0.1 -0.5 .9, 0 0 0]
[10:50:04] [Render thread/WARN]: Ambiguity between arguments [teleport, location] and [teleport, targets] with inputs: [0.1 -0.5 .9, 0 0 0]
[10:50:04] [Render thread/WARN]: Ambiguity between arguments [teleport, targets] and [teleport, destination] with inputs: [Player, 0123, dd12be42-52a9-4a91-a8a1-11c01849e498]
[10:50:04] [Render thread/WARN]: Ambiguity between arguments [teleport, targets, location] and [teleport, targets, destination] with inputs: [0.1 -0.5 .9, 0 0 0]
[10:50:04] [Render thread/INFO]: Reloading ResourceManager: Default
[10:50:05] [Render thread/INFO]: Loaded 7 recipes
[10:50:05] [Render thread/INFO]: Loaded 927 advancements
[10:50:07] [Render thread/INFO]: Environment: authHost='https://authserver.mojang.com', accountsHost='https://api.mojang.com', sessionHost='https://sessionserver.mojang.com', servicesHost='https://api.minecraftservices.com', name='PROD'
[10:50:08] [Render thread/INFO]: Starting integrated minecraft server version 1.16.5
[10:50:08] [Render thread/INFO]: Generating keypair
[10:50:11] [Render thread/INFO]: Preparing start region for dimension minecraft:overworld
[10:50:20] [Render thread/INFO]: Changing view distance to 11, from 10
[10:50:21] [Render thread/INFO]: MineRLAgent0[local:E:97ab6209] logged in with entity id 91 at (-381.5, 64.0, -453.5)
[10:50:21] [Render thread/INFO]: MineRLAgent0 joined the game
[10:50:21] [Render thread/INFO]: Preparing spawn area: 0%
[10:50:21] [Render thread/INFO]: Time elapsed: 8 ms
[10:50:22] [Render thread/INFO]: [STDOUT]: Starting new video null
[10:50:22] [Render thread/INFO]: Saving and pausing game...
[10:50:22] [Render thread/INFO]: Saving chunks for level 'ServerLevel[mcpworld9225b7424874]'/minecraft:overworld
[10:50:22] [Render thread/INFO]: Saving chunks for level 'ServerLevel[mcpworld9225b7424874]'/minecraft:the_nether
[10:50:22] [Render thread/INFO]: Saving chunks for level 'ServerLevel[mcpworld9225b7424874]'/minecraft:the_end
[10:50:23] [Render thread/INFO]: Loaded 0 advancements
[10:51:06] [EnvServerSocketHandler/INFO]: [STDOUT]: *** Stopping the replay, returning control to the inputs
[10:51:06] [EnvServerSocketHandler/INFO]: Received Mission token 24980449-724a-4993-97f4-a661375bbd41:0:0:1:true
[10:51:06] [EnvServerSocketHandler/INFO]: Received mission init command  <MissionInit xmlns="http://ProjectMalmo.microsoft.com" xmlns:xsi="http://www.w3.org/2001/XMLSchema-instance" SchemaVersion="" PlatformVersion="0.37.0"><Mission><About><Summary>MineRLObtainDiamondShovel-v0</Summary></About><ModSettings><MsPerTick>50</MsPerTick></ModSettings><ServerSection><ServerInitialConditions><Time><AllowPassageOfTime>true</AllowPassageOfTime></Time><AllowSpawning>true</AllowSpawning></ServerInitialConditions><ServerHandlers><DefaultWorldGenerator forceReset="true" generatorOptions="{}"/><ServerQuitWhenAnyAgentFinishes/></ServerHandlers></ServerSection><AgentSection mode="Survival"><Name>MineRLAgent0</Name><AgentStart><LowLevelInputs>true</LowLevelInputs><GuiScale>1.0</GuiScale><GammaSetting>2.0</GammaSetting><FOVSetting>70.0</FOVSetting><FakeCursorSize>16</FakeCursorSize></AgentStart><AgentHandlers><FileBasedPerformanceProducer/><PauseCommand/><VideoProducer want_depth="false"><Width>640</Width><Height>360</Height></VideoProducer><ObservationFromFullInventory flat="false"/><HumanLevelCommands/><CameraCommands/></AgentHandlers></AgentSection></Mission><ExperimentUID>24980449-724a-4993-97f4-a661375bbd41</ExperimentUID><ClientRole>0</ClientRole><ClientAgentConnection><ClientIPAddress>127.0.0.1</ClientIPAddress><ClientMissionControlPort>0</ClientMissionControlPort><ClientCommandsPort>0</ClientCommandsPort><AgentIPAddress>127.0.0.1</AgentIPAddress><AgentMissionControlPort>0</AgentMissionControlPort><AgentVideoPort>0</AgentVideoPort><AgentDepthPort>0</AgentDepthPort><AgentLuminancePort>0</AgentLuminancePort><AgentObservationsPort>0</AgentObservationsPort><AgentRewardsPort>0</AgentRewardsPort><AgentColourMapPort>0</AgentColourMapPort></ClientAgentConnection></MissionInit>
[10:51:06] [EnvServerSocketHandler/INFO]: [STDOUT]: Setting width, height to 640, 360
[10:51:06] [EnvServerSocketHandler/INFO]: [STDOUT]: Gamma: 2.0
[10:51:06] [EnvServerSocketHandler/INFO]: [STDOUT]: FOV: 70.0
[10:51:06] [EnvServerSocketHandler/INFO]: [STDOUT]: GuiScale: 1.0
[10:51:06] [Render thread/INFO]: [STDOUT]: Seed not provided, generating random one: -7364190472342537343
[10:51:06] [Render thread/WARN]: Ambiguity between arguments [teleport, destination] and [teleport, targets] with inputs: [Player, 0123, @e, dd12be42-52a9-4a91-a8a1-11c01849e498]
[10:51:06] [Render thread/WARN]: Ambiguity between arguments [teleport, location] and [teleport, destination] with inputs: [0.1 -0.5 .9, 0 0 0]
[10:51:06] [Render thread/WARN]: Ambiguity between arguments [teleport, location] and [teleport, targets] with inputs: [0.1 -0.5 .9, 0 0 0]
[10:51:06] [Render thread/WARN]: Ambiguity between arguments [teleport, targets] and [teleport, destination] with inputs: [Player, 0123, dd12be42-52a9-4a91-a8a1-11c01849e498]
[10:51:06] [Render thread/WARN]: Ambiguity between arguments [teleport, targets, location] and [teleport, targets, destination] with inputs: [0.1 -0.5 .9, 0 0 0]
[10:51:06] [Render thread/INFO]: Reloading ResourceManager: Default
[10:51:07] [Render thread/INFO]: Loaded 7 recipes
[10:51:07] [Render thread/INFO]: Loaded 927 advancements
[10:51:07] [Render thread/INFO]: Environment: authHost='https://authserver.mojang.com', accountsHost='https://api.mojang.com', sessionHost='https://sessionserver.mojang.com', servicesHost='https://api.minecraftservices.com', name='PROD'
[10:51:07] [Render thread/INFO]: Starting integrated minecraft server version 1.16.5
[10:51:07] [Render thread/INFO]: Generating keypair
[10:51:11] [Render thread/INFO]: Preparing start region for dimension minecraft:overworld
[10:51:21] [Render thread/INFO]: Changing view distance to 11, from 10
[10:51:21] [Render thread/INFO]: MineRLAgent0[local:E:77eeda09] logged in with entity id 791 at (-93.5, 70.0, 282.5)
[10:51:21] [Render thread/INFO]: MineRLAgent0 joined the game
[10:51:21] [Render thread/INFO]: Preparing spawn area: 25%
[10:51:21] [Render thread/INFO]: Time elapsed: 4 ms
[10:51:21] [Render thread/INFO]: [STDOUT]: Starting new video null
[10:51:21] [Render thread/INFO]: Saving and pausing game...
[10:51:21] [Render thread/INFO]: Saving chunks for level 'ServerLevel[mcpworldda096c74358c]'/minecraft:overworld
[10:51:22] [Render thread/INFO]: Saving chunks for level 'ServerLevel[mcpworldda096c74358c]'/minecraft:the_nether
[10:51:22] [Render thread/INFO]: Saving chunks for level 'ServerLevel[mcpworldda096c74358c]'/minecraft:the_end
[10:51:22] [Render thread/INFO]: Loaded 0 advancements
[10:51:51] [EnvServerSocketHandler/INFO]: [STDOUT]: *** Stopping the replay, returning control to the inputs
[10:51:51] [EnvServerSocketHandler/INFO]: Received Mission token 1ebf3d12-113d-479c-8cbf-269d1fb87076:0:0:1:true
[10:51:51] [EnvServerSocketHandler/INFO]: Received mission init command  <MissionInit xmlns="http://ProjectMalmo.microsoft.com" xmlns:xsi="http://www.w3.org/2001/XMLSchema-instance" SchemaVersion="" PlatformVersion="0.37.0"><Mission><About><Summary>MineRLObtainDiamondShovel-v0</Summary></About><ModSettings><MsPerTick>50</MsPerTick></ModSettings><ServerSection><ServerInitialConditions><Time><AllowPassageOfTime>true</AllowPassageOfTime></Time><AllowSpawning>true</AllowSpawning></ServerInitialConditions><ServerHandlers><DefaultWorldGenerator forceReset="true" generatorOptions="{}"/><ServerQuitWhenAnyAgentFinishes/></ServerHandlers></ServerSection><AgentSection mode="Survival"><Name>MineRLAgent0</Name><AgentStart><LowLevelInputs>true</LowLevelInputs><GuiScale>1.0</GuiScale><GammaSetting>2.0</GammaSetting><FOVSetting>70.0</FOVSetting><FakeCursorSize>16</FakeCursorSize></AgentStart><AgentHandlers><FileBasedPerformanceProducer/><PauseCommand/><VideoProducer want_depth="false"><Width>640</Width><Height>360</Height></VideoProducer><ObservationFromFullInventory flat="false"/><HumanLevelCommands/><CameraCommands/></AgentHandlers></AgentSection></Mission><ExperimentUID>1ebf3d12-113d-479c-8cbf-269d1fb87076</ExperimentUID><ClientRole>0</ClientRole><ClientAgentConnection><ClientIPAddress>127.0.0.1</ClientIPAddress><ClientMissionControlPort>0</ClientMissionControlPort><ClientCommandsPort>0</ClientCommandsPort><AgentIPAddress>127.0.0.1</AgentIPAddress><AgentMissionControlPort>0</AgentMissionControlPort><AgentVideoPort>0</AgentVideoPort><AgentDepthPort>0</AgentDepthPort><AgentLuminancePort>0</AgentLuminancePort><AgentObservationsPort>0</AgentObservationsPort><AgentRewardsPort>0</AgentRewardsPort><AgentColourMapPort>0</AgentColourMapPort></ClientAgentConnection></MissionInit>
[10:51:51] [EnvServerSocketHandler/INFO]: [STDOUT]: Setting width, height to 640, 360
[10:51:51] [EnvServerSocketHandler/INFO]: [STDOUT]: Gamma: 2.0
[10:51:51] [EnvServerSocketHandler/INFO]: [STDOUT]: FOV: 70.0
[10:51:51] [EnvServerSocketHandler/INFO]: [STDOUT]: GuiScale: 1.0
[10:51:51] [Render thread/INFO]: [STDOUT]: Seed not provided, generating random one: 3640589795028747767
[10:51:52] [Render thread/WARN]: Ambiguity between arguments [teleport, destination] and [teleport, targets] with inputs: [Player, 0123, @e, dd12be42-52a9-4a91-a8a1-11c01849e498]
[10:51:52] [Render thread/WARN]: Ambiguity between arguments [teleport, location] and [teleport, destination] with inputs: [0.1 -0.5 .9, 0 0 0]
[10:51:52] [Render thread/WARN]: Ambiguity between arguments [teleport, location] and [teleport, targets] with inputs: [0.1 -0.5 .9, 0 0 0]
[10:51:52] [Render thread/WARN]: Ambiguity between arguments [teleport, targets] and [teleport, destination] with inputs: [Player, 0123, dd12be42-52a9-4a91-a8a1-11c01849e498]
[10:51:52] [Render thread/WARN]: Ambiguity between arguments [teleport, targets, location] and [teleport, targets, destination] with inputs: [0.1 -0.5 .9, 0 0 0]
[10:51:52] [Render thread/INFO]: Reloading ResourceManager: Default
[10:51:52] [Render thread/INFO]: Loaded 7 recipes
[10:51:52] [Render thread/INFO]: Loaded 927 advancements
[10:51:52] [Render thread/INFO]: Environment: authHost='https://authserver.mojang.com', accountsHost='https://api.mojang.com', sessionHost='https://sessionserver.mojang.com', servicesHost='https://api.minecraftservices.com', name='PROD'
[10:51:52] [Render thread/INFO]: Starting integrated minecraft server version 1.16.5
[10:51:52] [Render thread/INFO]: Generating keypair
[10:51:55] [Render thread/INFO]: Preparing start region for dimension minecraft:overworld
[10:52:05] [Render thread/INFO]: Changing view distance to 11, from 10
[10:52:05] [Render thread/INFO]: MineRLAgent0[local:E:8d01f055] logged in with entity id 1449 at (18.5, 68.0, -197.5)
[10:52:05] [Render thread/INFO]: MineRLAgent0 joined the game
[10:52:05] [Render thread/INFO]: Preparing spawn area: 0%
[10:52:05] [Render thread/INFO]: Time elapsed: 3 ms
[10:52:05] [Render thread/INFO]: [STDOUT]: Starting new video null
[10:52:05] [Render thread/INFO]: Saving and pausing game...
[10:52:05] [Render thread/INFO]: Saving chunks for level 'ServerLevel[mcpworld31fc4b18ec18]'/minecraft:overworld
[10:52:06] [Render thread/INFO]: Saving chunks for level 'ServerLevel[mcpworld31fc4b18ec18]'/minecraft:the_nether
[10:52:06] [Render thread/INFO]: Saving chunks for level 'ServerLevel[mcpworld31fc4b18ec18]'/minecraft:the_end
[10:52:06] [Render thread/INFO]: Loaded 0 advancements
[10:52:34] [EnvServerSocketHandler/INFO]: [STDOUT]: *** Stopping the replay, returning control to the inputs
