[00:16:56] [Thread-5/INFO]: [STDOUT]: SERVER enter state: DORMANT
[00:16:56] [EnvServerSocketHandler/INFO]: Received Mission token 9a1d9057-3924-4e2e-8989-64fd3cd278b0:0:0:1:true
[00:16:56] [EnvServerSocketHandler/INFO]: Received mission init command  <MissionInit xmlns="http://ProjectMalmo.microsoft.com" xmlns:xsi="http://www.w3.org/2001/XMLSchema-instance" SchemaVersion="" PlatformVersion="0.37.0"><Mission><About><Summary>MineRLObtainDiamondShovel-v0</Summary></About><ModSettings><MsPerTick>50</MsPerTick></ModSettings><ServerSection><ServerInitialConditions><Time><AllowPassageOfTime>true</AllowPassageOfTime></Time><AllowSpawning>true</AllowSpawning></ServerInitialConditions><ServerHandlers><DefaultWorldGenerator forceReset="true" generatorOptions="{}"/><ServerQuitWhenAnyAgentFinishes/></ServerHandlers></ServerSection><AgentSection mode="Survival"><Name>MineRLAgent0</Name><AgentStart><LowLevelInputs>true</LowLevelInputs><GuiScale>1.0</GuiScale><GammaSetting>2.0</GammaSetting><FOVSetting>70.0</FOVSetting><FakeCursorSize>16</FakeCursorSize></AgentStart><AgentHandlers><FileBasedPerformanceProducer/><PauseCommand/><VideoProducer want_depth="false"><Width>640</Width><Height>360</Height></VideoProducer><ObservationFromFullInventory flat="false"/><HumanLevelCommands/><CameraCommands/></AgentHandlers></AgentSection></Mission><ExperimentUID>9a1d9057-3924-4e2e-8989-64fd3cd278b0</ExperimentUID><ClientRole>0</ClientRole><ClientAgentConnection><ClientIPAddress>127.0.0.1</ClientIPAddress><ClientMissionControlPort>0</ClientMissionControlPort><ClientCommandsPort>0</ClientCommandsPort><AgentIPAddress>127.0.0.1</AgentIPAddress><AgentMissionControlPort>0</AgentMissionControlPort><AgentVideoPort>0</AgentVideoPort><AgentDepthPort>0</AgentDepthPort><AgentLuminancePort>0</AgentLuminancePort><AgentObservationsPort>0</AgentObservationsPort><AgentRewardsPort>0</AgentRewardsPort><AgentColourMapPort>0</AgentColourMapPort></ClientAgentConnection></MissionInit>
[00:16:56] [EnvServerSocketHandler/INFO]: [STDOUT]: Setting width, height to 640, 360
[00:16:56] [EnvServerSocketHandler/INFO]: [STDOUT]: Gamma: 2.0
[00:16:56] [EnvServerSocketHandler/INFO]: [STDOUT]: FOV: 70.0
[00:16:56] [EnvServerSocketHandler/INFO]: [STDOUT]: GuiScale: 1.0
[00:16:56] [Render thread/INFO]: [STDOUT]: Seed not provided, generating random one: -7590076052472484208
[00:16:57] [Render thread/WARN]: Ambiguity between arguments [teleport, destination] and [teleport, targets] with inputs: [Player, 0123, @e, dd12be42-52a9-4a91-a8a1-11c01849e498]
[00:16:57] [Render thread/WARN]: Ambiguity between arguments [teleport, location] and [teleport, destination] with inputs: [0.1 -0.5 .9, 0 0 0]
[00:16:57] [Render thread/WARN]: Ambiguity between arguments [teleport, location] and [teleport, targets] with inputs: [0.1 -0.5 .9, 0 0 0]
[00:16:57] [Render thread/WARN]: Ambiguity between arguments [teleport, targets] and [teleport, destination] with inputs: [Player, 0123, dd12be42-52a9-4a91-a8a1-11c01849e498]
[00:16:57] [Render thread/WARN]: Ambiguity between arguments [teleport, targets, location] and [teleport, targets, destination] with inputs: [0.1 -0.5 .9, 0 0 0]
[00:16:57] [Render thread/INFO]: Reloading ResourceManager: Default
[00:16:57] [Render thread/INFO]: Loaded 7 recipes
[00:16:57] [Render thread/INFO]: Loaded 927 advancements
[00:16:57] [Render thread/INFO]: Environment: authHost='https://authserver.mojang.com', accountsHost='https://api.mojang.com', sessionHost='https://sessionserver.mojang.com', servicesHost='https://api.minecraftservices.com', name='PROD'
[00:16:57] [Render thread/INFO]: Starting integrated minecraft server version 1.16.5
[00:16:57] [Render thread/INFO]: Generating keypair
[00:17:01] [Render thread/INFO]: Preparing start region for dimension minecraft:overworld
[00:17:06] [Render thread/INFO]: Changing view distance to 11, from 10
[00:17:07] [Render thread/INFO]: MineRLAgent0[local:E:64333012] logged in with entity id 328 at (370.5, 87.0, -549.5)
[00:17:07] [Render thread/INFO]: MineRLAgent0 joined the game
[00:17:07] [Render thread/INFO]: [STDOUT]: *** creating fake mouse cursor ***
[00:17:07] [Render thread/INFO]: Preparing spawn area: 8%
[00:17:07] [Render thread/INFO]: Time elapsed: 2 ms
[00:17:07] [Render thread/INFO]: [STDOUT]: Starting new video null
[00:17:07] [Render thread/INFO]: Saving and pausing game...
[00:17:07] [Render thread/INFO]: Saving chunks for level 'ServerLevel[mcpworlda1a8b0d2c685]'/minecraft:overworld
[00:17:08] [Render thread/INFO]: Saving chunks for level 'ServerLevel[mcpworlda1a8b0d2c685]'/minecraft:the_nether
[00:17:08] [Render thread/INFO]: Saving chunks for level 'ServerLevel[mcpworlda1a8b0d2c685]'/minecraft:the_end
[00:17:08] [Render thread/INFO]: Loaded 0 advancements
[00:17:09] [EnvServerSocketHandler/INFO]: [STDOUT]: *** Stopping the replay, returning control to the inputs
[00:17:09] [EnvServerSocketHandler/INFO]: Received Mission token ffdd8206-7f4d-4217-b785-09fbaf884e06:0:0:1:true
[00:17:09] [EnvServerSocketHandler/INFO]: Received mission init command  <MissionInit xmlns="http://ProjectMalmo.microsoft.com" xmlns:xsi="http://www.w3.org/2001/XMLSchema-instance" SchemaVersion="" PlatformVersion="0.37.0"><Mission><About><Summary>MineRLObtainDiamondShovel-v0</Summary></About><ModSettings><MsPerTick>50</MsPerTick></ModSettings><ServerSection><ServerInitialConditions><Time><AllowPassageOfTime>true</AllowPassageOfTime></Time><AllowSpawning>true</AllowSpawning></ServerInitialConditions><ServerHandlers><DefaultWorldGenerator forceReset="true" generatorOptions="{}"/><ServerQuitWhenAnyAgentFinishes/></ServerHandlers></ServerSection><AgentSection mode="Survival"><Name>MineRLAgent0</Name><AgentStart><LowLevelInputs>true</LowLevelInputs><GuiScale>1.0</GuiScale><GammaSetting>2.0</GammaSetting><FOVSetting>70.0</FOVSetting><FakeCursorSize>16</FakeCursorSize></AgentStart><AgentHandlers><FileBasedPerformanceProducer/><PauseCommand/><VideoProducer want_depth="false"><Width>640</Width><Height>360</Height></VideoProducer><ObservationFromFullInventory flat="false"/><HumanLevelCommands/><CameraCommands/></AgentHandlers></AgentSection></Mission><ExperimentUID>ffdd8206-7f4d-4217-b785-09fbaf884e06</ExperimentUID><ClientRole>0</ClientRole><ClientAgentConnection><ClientIPAddress>127.0.0.1</ClientIPAddress><ClientMissionControlPort>0</ClientMissionControlPort><ClientCommandsPort>0</ClientCommandsPort><AgentIPAddress>127.0.0.1</AgentIPAddress><AgentMissionControlPort>0</AgentMissionControlPort><AgentVideoPort>0</AgentVideoPort><AgentDepthPort>0</AgentDepthPort><AgentLuminancePort>0</AgentLuminancePort><AgentObservationsPort>0</AgentObservationsPort><AgentRewardsPort>0</AgentRewardsPort><AgentColourMapPort>0</AgentColourMapPort></ClientAgentConnection></MissionInit>
[00:17:09] [EnvServerSocketHandler/INFO]: [STDOUT]: Setting width, height to 640, 360
[00:17:09] [EnvServerSocketHandler/INFO]: [STDOUT]: Gamma: 2.0
[00:17:09] [EnvServerSocketHandler/INFO]: [STDOUT]: FOV: 70.0
[00:17:09] [EnvServerSocketHandler/INFO]: [STDOUT]: GuiScale: 1.0
[00:17:09] [Render thread/INFO]: [STDOUT]: Seed not provided, generating random one: -6281561119639516003
[00:17:09] [Render thread/WARN]: Ambiguity between arguments [teleport, destination] and [teleport, targets] with inputs: [Player, 0123, @e, dd12be42-52a9-4a91-a8a1-11c01849e498]
[00:17:09] [Render thread/WARN]: Ambiguity between arguments [teleport, location] and [teleport, destination] with inputs: [0.1 -0.5 .9, 0 0 0]
[00:17:09] [Render thread/WARN]: Ambiguity between arguments [teleport, location] and [teleport, targets] with inputs: [0.1 -0.5 .9, 0 0 0]
[00:17:09] [Render thread/WARN]: Ambiguity between arguments [teleport, targets] and [teleport, destination] with inputs: [Player, 0123, dd12be42-52a9-4a91-a8a1-11c01849e498]
[00:17:09] [Render thread/WARN]: Ambiguity between arguments [teleport, targets, location] and [teleport, targets, destination] with inputs: [0.1 -0.5 .9, 0 0 0]
[00:17:09] [Render thread/INFO]: Reloading ResourceManager: Default
[00:17:09] [Render thread/INFO]: Loaded 7 recipes
[00:17:09] [Render thread/INFO]: Loaded 927 advancements
[00:17:09] [Render thread/INFO]: Environment: authHost='https://authserver.mojang.com', accountsHost='https://api.mojang.com', sessionHost='https://sessionserver.mojang.com', servicesHost='https://api.minecraftservices.com', name='PROD'
[00:17:09] [Render thread/INFO]: Starting integrated minecraft server version 1.16.5
[00:17:09] [Render thread/INFO]: Generating keypair
[00:17:12] [Render thread/INFO]: Preparing start region for dimension minecraft:overworld
[00:17:17] [Render thread/INFO]: Changing view distance to 11, from 10
[00:17:17] [Render thread/INFO]: MineRLAgent0[local:E:2345987a] logged in with entity id 868 at (818.5, 64.0, -885.5)
[00:17:17] [Render thread/INFO]: MineRLAgent0 joined the game
[00:17:18] [Render thread/INFO]: Preparing spawn area: 32%
[00:17:18] [Render thread/INFO]: Time elapsed: 2 ms
[00:17:18] [Render thread/INFO]: [STDOUT]: Starting new video null
[00:17:18] [Render thread/INFO]: Saving and pausing game...
[00:17:18] [Render thread/INFO]: Saving chunks for level 'ServerLevel[mcpworld890171e02d55]'/minecraft:overworld
[00:17:18] [Render thread/INFO]: Saving chunks for level 'ServerLevel[mcpworld890171e02d55]'/minecraft:the_nether
[00:17:18] [Render thread/INFO]: Saving chunks for level 'ServerLevel[mcpworld890171e02d55]'/minecraft:the_end
[00:17:18] [Render thread/INFO]: Loaded 0 advancements
[00:17:54] [EnvServerSocketHandler/INFO]: [STDOUT]: *** Stopping the replay, returning control to the inputs
[00:17:54] [EnvServerSocketHandler/INFO]: Received Mission token 92362e75-47bb-4c71-977b-a009ae9c1d25:0:0:1:true:1000
[00:17:54] [EnvServerSocketHandler/INFO]: Received mission init command  <MissionInit xmlns="http://ProjectMalmo.microsoft.com" xmlns:xsi="http://www.w3.org/2001/XMLSchema-instance" SchemaVersion="" PlatformVersion="0.37.0"><Mission><About><Summary>MineRLObtainDiamondShovel-v0</Summary></About><ModSettings><MsPerTick>50</MsPerTick></ModSettings><ServerSection><ServerInitialConditions><Time><AllowPassageOfTime>true</AllowPassageOfTime></Time><AllowSpawning>true</AllowSpawning></ServerInitialConditions><ServerHandlers><DefaultWorldGenerator forceReset="true" generatorOptions="{}"/><ServerQuitWhenAnyAgentFinishes/></ServerHandlers></ServerSection><AgentSection mode="Survival"><Name>MineRLAgent0</Name><AgentStart><LowLevelInputs>true</LowLevelInputs><GuiScale>1.0</GuiScale><GammaSetting>2.0</GammaSetting><FOVSetting>70.0</FOVSetting><FakeCursorSize>16</FakeCursorSize></AgentStart><AgentHandlers><FileBasedPerformanceProducer/><PauseCommand/><VideoProducer want_depth="false"><Width>640</Width><Height>360</Height></VideoProducer><ObservationFromFullInventory flat="false"/><HumanLevelCommands/><CameraCommands/></AgentHandlers></AgentSection></Mission><ExperimentUID>92362e75-47bb-4c71-977b-a009ae9c1d25</ExperimentUID><ClientRole>0</ClientRole><ClientAgentConnection><ClientIPAddress>127.0.0.1</ClientIPAddress><ClientMissionControlPort>0</ClientMissionControlPort><ClientCommandsPort>0</ClientCommandsPort><AgentIPAddress>127.0.0.1</AgentIPAddress><AgentMissionControlPort>0</AgentMissionControlPort><AgentVideoPort>0</AgentVideoPort><AgentDepthPort>0</AgentDepthPort><AgentLuminancePort>0</AgentLuminancePort><AgentObservationsPort>0</AgentObservationsPort><AgentRewardsPort>0</AgentRewardsPort><AgentColourMapPort>0</AgentColourMapPort></ClientAgentConnection></MissionInit>
[00:17:55] [EnvServerSocketHandler/INFO]: [STDOUT]: Setting width, height to 640, 360
[00:17:55] [EnvServerSocketHandler/INFO]: [STDOUT]: Gamma: 2.0
[00:17:55] [EnvServerSocketHandler/INFO]: [STDOUT]: FOV: 70.0
[00:17:55] [EnvServerSocketHandler/INFO]: [STDOUT]: GuiScale: 1.0
[00:17:55] [Render thread/WARN]: Ambiguity between arguments [teleport, destination] and [teleport, targets] with inputs: [Player, 0123, @e, dd12be42-52a9-4a91-a8a1-11c01849e498]
[00:17:55] [Render thread/WARN]: Ambiguity between arguments [teleport, location] and [teleport, destination] with inputs: [0.1 -0.5 .9, 0 0 0]
[00:17:55] [Render thread/WARN]: Ambiguity between arguments [teleport, location] and [teleport, targets] with inputs: [0.1 -0.5 .9, 0 0 0]
[00:17:55] [Render thread/WARN]: Ambiguity between arguments [teleport, targets] and [teleport, destination] with inputs: [Player, 0123, dd12be42-52a9-4a91-a8a1-11c01849e498]
[00:17:55] [Render thread/WARN]: Ambiguity between arguments [teleport, targets, location] and [teleport, targets, destination] with inputs: [0.1 -0.5 .9, 0 0 0]
[00:17:55] [Render thread/INFO]: Reloading ResourceManager: Default
[00:17:55] [Render thread/INFO]: Loaded 7 recipes
[00:17:55] [Render thread/INFO]: Loaded 927 advancements
[00:17:55] [Render thread/INFO]: Environment: authHost='https://authserver.mojang.com', accountsHost='https://api.mojang.com', sessionHost='https://sessionserver.mojang.com', servicesHost='https://api.minecraftservices.com', name='PROD'
[00:17:55] [Render thread/INFO]: Starting integrated minecraft server version 1.16.5
[00:17:55] [Render thread/INFO]: Generating keypair
[00:17:57] [Render thread/INFO]: Preparing start region for dimension minecraft:overworld
[00:18:03] [Render thread/INFO]: Changing view distance to 11, from 10
[00:18:03] [Render thread/INFO]: MineRLAgent0[local:E:c7a8a5f3] logged in with entity id 1565 at (354.5, 65.0, -917.5)
[00:18:03] [Render thread/INFO]: MineRLAgent0 joined the game
[00:18:03] [Render thread/INFO]: Preparing spawn area: 19%
[00:18:03] [Render thread/INFO]: Time elapsed: 2 ms
[00:18:03] [Render thread/INFO]: [STDOUT]: Starting new video null
[00:18:03] [Render thread/INFO]: Saving and pausing game...
[00:18:03] [Render thread/INFO]: Saving chunks for level 'ServerLevel[mcpworld622571af776a]'/minecraft:overworld
[00:18:04] [Render thread/INFO]: Saving chunks for level 'ServerLevel[mcpworld622571af776a]'/minecraft:the_nether
[00:18:04] [Render thread/INFO]: Saving chunks for level 'ServerLevel[mcpworld622571af776a]'/minecraft:the_end
[00:18:04] [Render thread/INFO]: Loaded 0 advancements
[00:18:19] [EnvServerSocketHandler/INFO]: [STDOUT]: *** Stopping the replay, returning control to the inputs
