[12:02:42] [Thread-4/INFO]: [STDOUT]: SERVER enter state: DORMANT
[12:02:42] [EnvServerSocketHandler/INFO]: Received Mission token 98923a1b-6a97-4091-97a6-55f327662d0f:0:0:1:true
[12:02:42] [EnvServerSocketHandler/INFO]: Received mission init command  <MissionInit xmlns="http://ProjectMalmo.microsoft.com" xmlns:xsi="http://www.w3.org/2001/XMLSchema-instance" SchemaVersion="" PlatformVersion="0.37.0"><Mission><About><Summary>MineRLObtainDiamondShovel-v0</Summary></About><ModSettings><MsPerTick>50</MsPerTick></ModSettings><ServerSection><ServerInitialConditions><Time><AllowPassageOfTime>true</AllowPassageOfTime></Time><AllowSpawning>true</AllowSpawning></ServerInitialConditions><ServerHandlers><DefaultWorldGenerator forceReset="true" generatorOptions="{}"/><ServerQuitWhenAnyAgentFinishes/></ServerHandlers></ServerSection><AgentSection mode="Survival"><Name>MineRLAgent0</Name><AgentStart><LowLevelInputs>true</LowLevelInputs><GuiScale>1.0</GuiScale><GammaSetting>2.0</GammaSetting><FOVSetting>70.0</FOVSetting><FakeCursorSize>16</FakeCursorSize></AgentStart><AgentHandlers><FileBasedPerformanceProducer/><PauseCommand/><VideoProducer want_depth="false"><Width>640</Width><Height>360</Height></VideoProducer><ObservationFromFullInventory flat="false"/><HumanLevelCommands/><CameraCommands/></AgentHandlers></AgentSection></Mission><ExperimentUID>98923a1b-6a97-4091-97a6-55f327662d0f</ExperimentUID><ClientRole>0</ClientRole><ClientAgentConnection><ClientIPAddress>127.0.0.1</ClientIPAddress><ClientMissionControlPort>0</ClientMissionControlPort><ClientCommandsPort>0</ClientCommandsPort><AgentIPAddress>127.0.0.1</AgentIPAddress><AgentMissionControlPort>0</AgentMissionControlPort><AgentVideoPort>0</AgentVideoPort><AgentDepthPort>0</AgentDepthPort><AgentLuminancePort>0</AgentLuminancePort><AgentObservationsPort>0</AgentObservationsPort><AgentRewardsPort>0</AgentRewardsPort><AgentColourMapPort>0</AgentColourMapPort></ClientAgentConnection></MissionInit>
[12:02:43] [EnvServerSocketHandler/INFO]: [STDOUT]: Setting width, height to 640, 360
[12:02:43] [EnvServerSocketHandler/INFO]: [STDOUT]: Gamma: 2.0
[12:02:43] [EnvServerSocketHandler/INFO]: [STDOUT]: FOV: 70.0
[12:02:43] [EnvServerSocketHandler/INFO]: [STDOUT]: GuiScale: 1.0
[12:02:43] [Render thread/INFO]: [STDOUT]: Seed not provided, generating random one: 8696414660542428638
[12:02:44] [Render thread/WARN]: Ambiguity between arguments [teleport, destination] and [teleport, targets] with inputs: [Player, 0123, @e, dd12be42-52a9-4a91-a8a1-11c01849e498]
[12:02:44] [Render thread/WARN]: Ambiguity between arguments [teleport, location] and [teleport, destination] with inputs: [0.1 -0.5 .9, 0 0 0]
[12:02:44] [Render thread/WARN]: Ambiguity between arguments [teleport, location] and [teleport, targets] with inputs: [0.1 -0.5 .9, 0 0 0]
[12:02:44] [Render thread/WARN]: Ambiguity between arguments [teleport, targets] and [teleport, destination] with inputs: [Player, 0123, dd12be42-52a9-4a91-a8a1-11c01849e498]
[12:02:44] [Render thread/WARN]: Ambiguity between arguments [teleport, targets, location] and [teleport, targets, destination] with inputs: [0.1 -0.5 .9, 0 0 0]
[12:02:44] [Render thread/INFO]: Reloading ResourceManager: Default
[12:02:45] [Render thread/INFO]: Loaded 7 recipes
[12:02:45] [Render thread/INFO]: Loaded 927 advancements
[12:02:46] [Render thread/INFO]: Environment: authHost='https://authserver.mojang.com', accountsHost='https://api.mojang.com', sessionHost='https://sessionserver.mojang.com', servicesHost='https://api.minecraftservices.com', name='PROD'
[12:02:46] [Render thread/INFO]: Starting integrated minecraft server version 1.16.5
[12:02:46] [Render thread/INFO]: Generating keypair
[12:02:53] [Render thread/INFO]: Preparing start region for dimension minecraft:overworld
[12:03:09] [Render thread/INFO]: Changing view distance to 11, from 10
[12:03:09] [Render thread/INFO]: MineRLAgent0[local:E:514e9c67] logged in with entity id 226 at (386.5, 75.0, 603.5)
[12:03:09] [Render thread/INFO]: MineRLAgent0 joined the game
[12:03:09] [Render thread/INFO]: [STDOUT]: *** creating fake mouse cursor ***
[12:03:10] [Render thread/INFO]: Preparing spawn area: 3%
[12:03:10] [Render thread/INFO]: Time elapsed: 4 ms
[12:03:10] [Render thread/INFO]: [STDOUT]: Starting new video null
[12:03:10] [Render thread/INFO]: Saving and pausing game...
[12:03:10] [Render thread/INFO]: Saving chunks for level 'ServerLevel[mcpworld86376ab69166]'/minecraft:overworld
[12:03:11] [Render thread/INFO]: Saving chunks for level 'ServerLevel[mcpworld86376ab69166]'/minecraft:the_nether
[12:03:11] [Render thread/INFO]: Saving chunks for level 'ServerLevel[mcpworld86376ab69166]'/minecraft:the_end
[12:03:12] [Render thread/INFO]: Loaded 0 advancements
[12:03:15] [EnvServerSocketHandler/INFO]: [STDOUT]: *** Stopping the replay, returning control to the inputs
[12:03:15] [EnvServerSocketHandler/INFO]: Received Mission token 204469f4-8b4a-4fbd-946e-4fa46c6e1a15:0:0:1:true
[12:03:15] [EnvServerSocketHandler/INFO]: Received mission init command  <MissionInit xmlns="http://ProjectMalmo.microsoft.com" xmlns:xsi="http://www.w3.org/2001/XMLSchema-instance" SchemaVersion="" PlatformVersion="0.37.0"><Mission><About><Summary>MineRLObtainDiamondShovel-v0</Summary></About><ModSettings><MsPerTick>50</MsPerTick></ModSettings><ServerSection><ServerInitialConditions><Time><AllowPassageOfTime>true</AllowPassageOfTime></Time><AllowSpawning>true</AllowSpawning></ServerInitialConditions><ServerHandlers><DefaultWorldGenerator forceReset="true" generatorOptions="{}"/><ServerQuitWhenAnyAgentFinishes/></ServerHandlers></ServerSection><AgentSection mode="Survival"><Name>MineRLAgent0</Name><AgentStart><LowLevelInputs>true</LowLevelInputs><GuiScale>1.0</GuiScale><GammaSetting>2.0</GammaSetting><FOVSetting>70.0</FOVSetting><FakeCursorSize>16</FakeCursorSize></AgentStart><AgentHandlers><FileBasedPerformanceProducer/><PauseCommand/><VideoProducer want_depth="false"><Width>640</Width><Height>360</Height></VideoProducer><ObservationFromFullInventory flat="false"/><HumanLevelCommands/><CameraCommands/></AgentHandlers></AgentSection></Mission><ExperimentUID>204469f4-8b4a-4fbd-946e-4fa46c6e1a15</ExperimentUID><ClientRole>0</ClientRole><ClientAgentConnection><ClientIPAddress>127.0.0.1</ClientIPAddress><ClientMissionControlPort>0</ClientMissionControlPort><ClientCommandsPort>0</ClientCommandsPort><AgentIPAddress>127.0.0.1</AgentIPAddress><AgentMissionControlPort>0</AgentMissionControlPort><AgentVideoPort>0</AgentVideoPort><AgentDepthPort>0</AgentDepthPort><AgentLuminancePort>0</AgentLuminancePort><AgentObservationsPort>0</AgentObservationsPort><AgentRewardsPort>0</AgentRewardsPort><AgentColourMapPort>0</AgentColourMapPort></ClientAgentConnection></MissionInit>
[12:03:15] [EnvServerSocketHandler/INFO]: [STDOUT]: Setting width, height to 640, 360
[12:03:15] [EnvServerSocketHandler/INFO]: [STDOUT]: Gamma: 2.0
[12:03:15] [EnvServerSocketHandler/INFO]: [STDOUT]: FOV: 70.0
[12:03:15] [EnvServerSocketHandler/INFO]: [STDOUT]: GuiScale: 1.0
[12:03:15] [Render thread/INFO]: [STDOUT]: Seed not provided, generating random one: 7163583887718356111
[12:03:15] [Render thread/WARN]: Ambiguity between arguments [teleport, destination] and [teleport, targets] with inputs: [Player, 0123, @e, dd12be42-52a9-4a91-a8a1-11c01849e498]
[12:03:15] [Render thread/WARN]: Ambiguity between arguments [teleport, location] and [teleport, destination] with inputs: [0.1 -0.5 .9, 0 0 0]
[12:03:15] [Render thread/WARN]: Ambiguity between arguments [teleport, location] and [teleport, targets] with inputs: [0.1 -0.5 .9, 0 0 0]
[12:03:15] [Render thread/WARN]: Ambiguity between arguments [teleport, targets] and [teleport, destination] with inputs: [Player, 0123, dd12be42-52a9-4a91-a8a1-11c01849e498]
[12:03:15] [Render thread/WARN]: Ambiguity between arguments [teleport, targets, location] and [teleport, targets, destination] with inputs: [0.1 -0.5 .9, 0 0 0]
[12:03:15] [Render thread/INFO]: Reloading ResourceManager: Default
[12:03:16] [Render thread/INFO]: Loaded 7 recipes
[12:03:16] [Render thread/INFO]: Loaded 927 advancements
[12:03:17] [Render thread/INFO]: Environment: authHost='https://authserver.mojang.com', accountsHost='https://api.mojang.com', sessionHost='https://sessionserver.mojang.com', servicesHost='https://api.minecraftservices.com', name='PROD'
[12:03:17] [Render thread/INFO]: Starting integrated minecraft server version 1.16.5
[12:03:17] [Render thread/INFO]: Generating keypair
[12:03:23] [Render thread/INFO]: Preparing start region for dimension minecraft:overworld
[12:03:35] [Render thread/INFO]: Changing view distance to 11, from 10
[12:03:36] [Render thread/INFO]: MineRLAgent0[local:E:8870cadd] logged in with entity id 574 at (-909.5, 64.0, -853.5)
[12:03:36] [Render thread/INFO]: MineRLAgent0 joined the game
[12:03:36] [Render thread/INFO]: Preparing spawn area: 2%
[12:03:36] [Render thread/INFO]: Time elapsed: 5 ms
[12:03:36] [Render thread/INFO]: [STDOUT]: Starting new video null
[12:03:36] [Render thread/INFO]: Saving and pausing game...
[12:03:36] [Render thread/INFO]: Saving chunks for level 'ServerLevel[mcpworlda8d89171627d]'/minecraft:overworld
[12:03:37] [Render thread/INFO]: Saving chunks for level 'ServerLevel[mcpworlda8d89171627d]'/minecraft:the_nether
[12:03:37] [Render thread/INFO]: Saving chunks for level 'ServerLevel[mcpworlda8d89171627d]'/minecraft:the_end
[12:03:37] [Render thread/INFO]: Loaded 0 advancements
[12:03:40] [EnvServerSocketHandler/INFO]: [STDOUT]: *** Stopping the replay, returning control to the inputs
