[00:11:47] [Thread-5/INFO]: [STDOUT]: SERVER enter state: DORMANT
[00:11:47] [EnvServerSocketHandler/INFO]: Received Mission token 8435c8ce-23dd-435e-8025-d13fce04e25c:0:0:1:true
[00:11:47] [EnvServerSocketHandler/INFO]: Received mission init command  <MissionInit xmlns="http://ProjectMalmo.microsoft.com" xmlns:xsi="http://www.w3.org/2001/XMLSchema-instance" SchemaVersion="" PlatformVersion="0.37.0"><Mission><About><Summary>MineRLObtainDiamondShovel-v0</Summary></About><ModSettings><MsPerTick>50</MsPerTick></ModSettings><ServerSection><ServerInitialConditions><Time><AllowPassageOfTime>true</AllowPassageOfTime></Time><AllowSpawning>true</AllowSpawning></ServerInitialConditions><ServerHandlers><DefaultWorldGenerator forceReset="true" generatorOptions="{}"/><ServerQuitWhenAnyAgentFinishes/></ServerHandlers></ServerSection><AgentSection mode="Survival"><Name>MineRLAgent0</Name><AgentStart><LowLevelInputs>true</LowLevelInputs><GuiScale>1.0</GuiScale><GammaSetting>2.0</GammaSetting><FOVSetting>70.0</FOVSetting><FakeCursorSize>16</FakeCursorSize></AgentStart><AgentHandlers><FileBasedPerformanceProducer/><PauseCommand/><VideoProducer want_depth="false"><Width>640</Width><Height>360</Height></VideoProducer><ObservationFromFullInventory flat="false"/><HumanLevelCommands/><CameraCommands/></AgentHandlers></AgentSection></Mission><ExperimentUID>8435c8ce-23dd-435e-8025-d13fce04e25c</ExperimentUID><ClientRole>0</ClientRole><ClientAgentConnection><ClientIPAddress>127.0.0.1</ClientIPAddress><ClientMissionControlPort>0</ClientMissionControlPort><ClientCommandsPort>0</ClientCommandsPort><AgentIPAddress>127.0.0.1</AgentIPAddress><AgentMissionControlPort>0</AgentMissionControlPort><AgentVideoPort>0</AgentVideoPort><AgentDepthPort>0</AgentDepthPort><AgentLuminancePort>0</AgentLuminancePort><AgentObservationsPort>0</AgentObservationsPort><AgentRewardsPort>0</AgentRewardsPort><AgentColourMapPort>0</AgentColourMapPort></ClientAgentConnection></MissionInit>
[00:11:47] [EnvServerSocketHandler/INFO]: [STDOUT]: Setting width, height to 640, 360
[00:11:47] [EnvServerSocketHandler/INFO]: [STDOUT]: Gamma: 2.0
[00:11:47] [EnvServerSocketHandler/INFO]: [STDOUT]: FOV: 70.0
[00:11:47] [EnvServerSocketHandler/INFO]: [STDOUT]: GuiScale: 1.0
[00:11:47] [Render thread/INFO]: [STDOUT]: Seed not provided, generating random one: 9199762376866048919
[00:11:48] [Render thread/WARN]: Ambiguity between arguments [teleport, destination] and [teleport, targets] with inputs: [Player, 0123, @e, dd12be42-52a9-4a91-a8a1-11c01849e498]
[00:11:48] [Render thread/WARN]: Ambiguity between arguments [teleport, location] and [teleport, destination] with inputs: [0.1 -0.5 .9, 0 0 0]
[00:11:48] [Render thread/WARN]: Ambiguity between arguments [teleport, location] and [teleport, targets] with inputs: [0.1 -0.5 .9, 0 0 0]
[00:11:48] [Render thread/WARN]: Ambiguity between arguments [teleport, targets] and [teleport, destination] with inputs: [Player, 0123, dd12be42-52a9-4a91-a8a1-11c01849e498]
[00:11:48] [Render thread/WARN]: Ambiguity between arguments [teleport, targets, location] and [teleport, targets, destination] with inputs: [0.1 -0.5 .9, 0 0 0]
[00:11:48] [Render thread/INFO]: Reloading ResourceManager: Default
[00:11:48] [Render thread/INFO]: Loaded 7 recipes
[00:11:48] [Render thread/INFO]: Loaded 927 advancements
[00:11:48] [Render thread/INFO]: Environment: authHost='https://authserver.mojang.com', accountsHost='https://api.mojang.com', sessionHost='https://sessionserver.mojang.com', servicesHost='https://api.minecraftservices.com', name='PROD'
[00:11:48] [Render thread/INFO]: Starting integrated minecraft server version 1.16.5
[00:11:48] [Render thread/INFO]: Generating keypair
[00:11:49] [Render thread/INFO]: Preparing start region for dimension minecraft:overworld
[00:11:52] [Render thread/INFO]: Changing view distance to 11, from 10
[00:11:53] [Render thread/INFO]: MineRLAgent0[local:E:1a403b4d] logged in with entity id 163 at (898.5, 63.0, -485.5)
[00:11:53] [Render thread/INFO]: MineRLAgent0 joined the game
[00:11:53] [Render thread/INFO]: Preparing spawn area: 0%
[00:11:53] [Render thread/INFO]: Time elapsed: 3 ms
[00:11:53] [Render thread/INFO]: [STDOUT]: *** creating fake mouse cursor ***
[00:11:53] [Render thread/INFO]: [STDOUT]: Starting new video null
[00:11:53] [Render thread/INFO]: Saving and pausing game...
[00:11:53] [Render thread/INFO]: Saving chunks for level 'ServerLevel[mcpworldea6a630fee81]'/minecraft:overworld
[00:11:53] [Render thread/INFO]: Saving chunks for level 'ServerLevel[mcpworldea6a630fee81]'/minecraft:the_nether
[00:11:53] [Render thread/INFO]: Saving chunks for level 'ServerLevel[mcpworldea6a630fee81]'/minecraft:the_end
[00:11:54] [Render thread/INFO]: Loaded 0 advancements
[00:11:55] [EnvServerSocketHandler/INFO]: [STDOUT]: *** Stopping the replay, returning control to the inputs
[00:11:55] [EnvServerSocketHandler/INFO]: Received Mission token 3728921c-ad7f-4984-8d11-afe51cc2d921:0:0:1:true
[00:11:55] [EnvServerSocketHandler/INFO]: Received mission init command  <MissionInit xmlns="http://ProjectMalmo.microsoft.com" xmlns:xsi="http://www.w3.org/2001/XMLSchema-instance" SchemaVersion="" PlatformVersion="0.37.0"><Mission><About><Summary>MineRLObtainDiamondShovel-v0</Summary></About><ModSettings><MsPerTick>50</MsPerTick></ModSettings><ServerSection><ServerInitialConditions><Time><AllowPassageOfTime>true</AllowPassageOfTime></Time><AllowSpawning>true</AllowSpawning></ServerInitialConditions><ServerHandlers><DefaultWorldGenerator forceReset="true" generatorOptions="{}"/><ServerQuitWhenAnyAgentFinishes/></ServerHandlers></ServerSection><AgentSection mode="Survival"><Name>MineRLAgent0</Name><AgentStart><LowLevelInputs>true</LowLevelInputs><GuiScale>1.0</GuiScale><GammaSetting>2.0</GammaSetting><FOVSetting>70.0</FOVSetting><FakeCursorSize>16</FakeCursorSize></AgentStart><AgentHandlers><FileBasedPerformanceProducer/><PauseCommand/><VideoProducer want_depth="false"><Width>640</Width><Height>360</Height></VideoProducer><ObservationFromFullInventory flat="false"/><HumanLevelCommands/><CameraCommands/></AgentHandlers></AgentSection></Mission><ExperimentUID>3728921c-ad7f-4984-8d11-afe51cc2d921</ExperimentUID><ClientRole>0</ClientRole><ClientAgentConnection><ClientIPAddress>127.0.0.1</ClientIPAddress><ClientMissionControlPort>0</ClientMissionControlPort><ClientCommandsPort>0</ClientCommandsPort><AgentIPAddress>127.0.0.1</AgentIPAddress><AgentMissionControlPort>0</AgentMissionControlPort><AgentVideoPort>0</AgentVideoPort><AgentDepthPort>0</AgentDepthPort><AgentLuminancePort>0</AgentLuminancePort><AgentObservationsPort>0</AgentObservationsPort><AgentRewardsPort>0</AgentRewardsPort><AgentColourMapPort>0</AgentColourMapPort></ClientAgentConnection></MissionInit>
[00:11:55] [EnvServerSocketHandler/INFO]: [STDOUT]: Setting width, height to 640, 360
[00:11:55] [EnvServerSocketHandler/INFO]: [STDOUT]: Gamma: 2.0
[00:11:55] [EnvServerSocketHandler/INFO]: [STDOUT]: FOV: 70.0
[00:11:55] [EnvServerSocketHandler/INFO]: [STDOUT]: GuiScale: 1.0
[00:11:55] [Render thread/INFO]: [STDOUT]: Seed not provided, generating random one: 1400507259462723710
[00:11:55] [Render thread/WARN]: Ambiguity between arguments [teleport, destination] and [teleport, targets] with inputs: [Player, 0123, @e, dd12be42-52a9-4a91-a8a1-11c01849e498]
[00:11:55] [Render thread/WARN]: Ambiguity between arguments [teleport, location] and [teleport, destination] with inputs: [0.1 -0.5 .9, 0 0 0]
[00:11:55] [Render thread/WARN]: Ambiguity between arguments [teleport, location] and [teleport, targets] with inputs: [0.1 -0.5 .9, 0 0 0]
[00:11:55] [Render thread/WARN]: Ambiguity between arguments [teleport, targets] and [teleport, destination] with inputs: [Player, 0123, dd12be42-52a9-4a91-a8a1-11c01849e498]
[00:11:55] [Render thread/WARN]: Ambiguity between arguments [teleport, targets, location] and [teleport, targets, destination] with inputs: [0.1 -0.5 .9, 0 0 0]
[00:11:55] [Render thread/INFO]: Reloading ResourceManager: Default
[00:11:55] [Render thread/INFO]: Loaded 7 recipes
[00:11:55] [Render thread/INFO]: Loaded 927 advancements
[00:11:55] [Render thread/INFO]: Environment: authHost='https://authserver.mojang.com', accountsHost='https://api.mojang.com', sessionHost='https://sessionserver.mojang.com', servicesHost='https://api.minecraftservices.com', name='PROD'
[00:11:55] [Render thread/INFO]: Starting integrated minecraft server version 1.16.5
[00:11:55] [Render thread/INFO]: Generating keypair
[00:11:58] [Render thread/INFO]: Preparing start region for dimension minecraft:overworld
[00:12:04] [Render thread/INFO]: Changing view distance to 11, from 10
[00:12:04] [Render thread/INFO]: MineRLAgent0[local:E:08ab6817] logged in with entity id 613 at (-397.5, 70.0, -517.5)
[00:12:04] [Render thread/INFO]: MineRLAgent0 joined the game
[00:12:04] [Render thread/INFO]: Preparing spawn area: 1%
[00:12:04] [Render thread/INFO]: Time elapsed: 2 ms
[00:12:04] [Render thread/INFO]: [STDOUT]: Starting new video null
[00:12:04] [Render thread/INFO]: Saving and pausing game...
[00:12:04] [Render thread/INFO]: Saving chunks for level 'ServerLevel[mcpworld595238393cf1]'/minecraft:overworld
[00:12:04] [Render thread/INFO]: Saving chunks for level 'ServerLevel[mcpworld595238393cf1]'/minecraft:the_nether
[00:12:04] [Render thread/INFO]: Saving chunks for level 'ServerLevel[mcpworld595238393cf1]'/minecraft:the_end
[00:12:04] [Render thread/INFO]: Loaded 0 advancements
[00:14:48] [EnvServerSocketHandler/INFO]: [STDOUT]: *** Stopping the replay, returning control to the inputs
