[15:52:04] [Thread-5/INFO]: [STDOUT]: SERVER enter state: DORMANT
[15:52:04] [EnvServerSocketHandler/INFO]: Received Mission token e33403d2-cff2-4f6c-b463-a45b36de38eb:0:0:1:true
[15:52:04] [EnvServerSocketHandler/INFO]: Received mission init command  <MissionInit xmlns="http://ProjectMalmo.microsoft.com" xmlns:xsi="http://www.w3.org/2001/XMLSchema-instance" SchemaVersion="" PlatformVersion="0.37.0"><Mission><About><Summary>MineRLObtainDiamondShovel-v0</Summary></About><ModSettings><MsPerTick>50</MsPerTick></ModSettings><ServerSection><ServerInitialConditions><Time><AllowPassageOfTime>true</AllowPassageOfTime></Time><AllowSpawning>true</AllowSpawning></ServerInitialConditions><ServerHandlers><DefaultWorldGenerator forceReset="true" generatorOptions="{}"/><ServerQuitWhenAnyAgentFinishes/></ServerHandlers></ServerSection><AgentSection mode="Survival"><Name>MineRLAgent0</Name><AgentStart><LowLevelInputs>true</LowLevelInputs><GuiScale>1.0</GuiScale><GammaSetting>2.0</GammaSetting><FOVSetting>70.0</FOVSetting><FakeCursorSize>16</FakeCursorSize></AgentStart><AgentHandlers><FileBasedPerformanceProducer/><PauseCommand/><VideoProducer want_depth="false"><Width>640</Width><Height>360</Height></VideoProducer><ObservationFromFullInventory flat="false"/><HumanLevelCommands/><CameraCommands/></AgentHandlers></AgentSection></Mission><ExperimentUID>e33403d2-cff2-4f6c-b463-a45b36de38eb</ExperimentUID><ClientRole>0</ClientRole><ClientAgentConnection><ClientIPAddress>127.0.0.1</ClientIPAddress><ClientMissionControlPort>0</ClientMissionControlPort><ClientCommandsPort>0</ClientCommandsPort><AgentIPAddress>127.0.0.1</AgentIPAddress><AgentMissionControlPort>0</AgentMissionControlPort><AgentVideoPort>0</AgentVideoPort><AgentDepthPort>0</AgentDepthPort><AgentLuminancePort>0</AgentLuminancePort><AgentObservationsPort>0</AgentObservationsPort><AgentRewardsPort>0</AgentRewardsPort><AgentColourMapPort>0</AgentColourMapPort></ClientAgentConnection></MissionInit>
[15:52:05] [EnvServerSocketHandler/INFO]: [STDOUT]: Setting width, height to 640, 360
[15:52:05] [EnvServerSocketHandler/INFO]: [STDOUT]: Gamma: 2.0
[15:52:05] [EnvServerSocketHandler/INFO]: [STDOUT]: FOV: 70.0
[15:52:05] [EnvServerSocketHandler/INFO]: [STDOUT]: GuiScale: 1.0
[15:52:05] [Render thread/INFO]: [STDOUT]: Seed not provided, generating random one: 4662327820954146642
[15:52:05] [Render thread/WARN]: Ambiguity between arguments [teleport, destination] and [teleport, targets] with inputs: [Player, 0123, @e, dd12be42-52a9-4a91-a8a1-11c01849e498]
[15:52:05] [Render thread/WARN]: Ambiguity between arguments [teleport, location] and [teleport, destination] with inputs: [0.1 -0.5 .9, 0 0 0]
[15:52:05] [Render thread/WARN]: Ambiguity between arguments [teleport, location] and [teleport, targets] with inputs: [0.1 -0.5 .9, 0 0 0]
[15:52:05] [Render thread/WARN]: Ambiguity between arguments [teleport, targets] and [teleport, destination] with inputs: [Player, 0123, dd12be42-52a9-4a91-a8a1-11c01849e498]
[15:52:05] [Render thread/WARN]: Ambiguity between arguments [teleport, targets, location] and [teleport, targets, destination] with inputs: [0.1 -0.5 .9, 0 0 0]
[15:52:05] [Render thread/INFO]: Reloading ResourceManager: Default
[15:52:05] [Render thread/INFO]: Loaded 7 recipes
[15:52:05] [Render thread/INFO]: Loaded 927 advancements
[15:52:06] [Render thread/INFO]: Environment: authHost='https://authserver.mojang.com', accountsHost='https://api.mojang.com', sessionHost='https://sessionserver.mojang.com', servicesHost='https://api.minecraftservices.com', name='PROD'
[15:52:06] [Render thread/INFO]: Starting integrated minecraft server version 1.16.5
[15:52:06] [Render thread/INFO]: Generating keypair
[15:52:08] [Render thread/INFO]: Preparing start region for dimension minecraft:overworld
[15:52:15] [Render thread/INFO]: Changing view distance to 11, from 10
[15:52:16] [Render thread/INFO]: MineRLAgent0[local:E:0b3110e7] logged in with entity id 177 at (-948.5, 64.0, 352.5)
[15:52:16] [Render thread/INFO]: MineRLAgent0 joined the game
[15:52:16] [Render thread/INFO]: [STDOUT]: *** creating fake mouse cursor ***
[15:52:16] [Render thread/INFO]: Preparing spawn area: 0%
[15:52:16] [Render thread/INFO]: Time elapsed: 4 ms
[15:52:16] [Render thread/INFO]: [STDOUT]: Starting new video null
[15:52:16] [Render thread/INFO]: Saving and pausing game...
[15:52:16] [Render thread/INFO]: Saving chunks for level 'ServerLevel[mcpworld1ebe251fca08]'/minecraft:overworld
[15:52:16] [Render thread/INFO]: Saving chunks for level 'ServerLevel[mcpworld1ebe251fca08]'/minecraft:the_nether
[15:52:16] [Render thread/INFO]: Saving chunks for level 'ServerLevel[mcpworld1ebe251fca08]'/minecraft:the_end
[15:52:17] [Render thread/INFO]: Loaded 0 advancements
[15:52:18] [EnvServerSocketHandler/INFO]: [STDOUT]: *** Stopping the replay, returning control to the inputs
[15:52:18] [EnvServerSocketHandler/INFO]: Received Mission token b7bdaa81-3eb7-4555-b16b-fd42921b3b8a:0:0:1:true
[15:52:18] [EnvServerSocketHandler/INFO]: Received mission init command  <MissionInit xmlns="http://ProjectMalmo.microsoft.com" xmlns:xsi="http://www.w3.org/2001/XMLSchema-instance" SchemaVersion="" PlatformVersion="0.37.0"><Mission><About><Summary>MineRLObtainDiamondShovel-v0</Summary></About><ModSettings><MsPerTick>50</MsPerTick></ModSettings><ServerSection><ServerInitialConditions><Time><AllowPassageOfTime>true</AllowPassageOfTime></Time><AllowSpawning>true</AllowSpawning></ServerInitialConditions><ServerHandlers><DefaultWorldGenerator forceReset="true" generatorOptions="{}"/><ServerQuitWhenAnyAgentFinishes/></ServerHandlers></ServerSection><AgentSection mode="Survival"><Name>MineRLAgent0</Name><AgentStart><LowLevelInputs>true</LowLevelInputs><GuiScale>1.0</GuiScale><GammaSetting>2.0</GammaSetting><FOVSetting>70.0</FOVSetting><FakeCursorSize>16</FakeCursorSize></AgentStart><AgentHandlers><FileBasedPerformanceProducer/><PauseCommand/><VideoProducer want_depth="false"><Width>640</Width><Height>360</Height></VideoProducer><ObservationFromFullInventory flat="false"/><HumanLevelCommands/><CameraCommands/></AgentHandlers></AgentSection></Mission><ExperimentUID>b7bdaa81-3eb7-4555-b16b-fd42921b3b8a</ExperimentUID><ClientRole>0</ClientRole><ClientAgentConnection><ClientIPAddress>127.0.0.1</ClientIPAddress><ClientMissionControlPort>0</ClientMissionControlPort><ClientCommandsPort>0</ClientCommandsPort><AgentIPAddress>127.0.0.1</AgentIPAddress><AgentMissionControlPort>0</AgentMissionControlPort><AgentVideoPort>0</AgentVideoPort><AgentDepthPort>0</AgentDepthPort><AgentLuminancePort>0</AgentLuminancePort><AgentObservationsPort>0</AgentObservationsPort><AgentRewardsPort>0</AgentRewardsPort><AgentColourMapPort>0</AgentColourMapPort></ClientAgentConnection></MissionInit>
[15:52:18] [EnvServerSocketHandler/INFO]: [STDOUT]: Setting width, height to 640, 360
[15:52:18] [EnvServerSocketHandler/INFO]: [STDOUT]: Gamma: 2.0
[15:52:18] [EnvServerSocketHandler/INFO]: [STDOUT]: FOV: 70.0
[15:52:18] [EnvServerSocketHandler/INFO]: [STDOUT]: GuiScale: 1.0
[15:52:18] [Render thread/INFO]: [STDOUT]: Seed not provided, generating random one: -7023835387011941255
[15:52:18] [Render thread/WARN]: Ambiguity between arguments [teleport, destination] and [teleport, targets] with inputs: [Player, 0123, @e, dd12be42-52a9-4a91-a8a1-11c01849e498]
[15:52:18] [Render thread/WARN]: Ambiguity between arguments [teleport, location] and [teleport, destination] with inputs: [0.1 -0.5 .9, 0 0 0]
[15:52:18] [Render thread/WARN]: Ambiguity between arguments [teleport, location] and [teleport, targets] with inputs: [0.1 -0.5 .9, 0 0 0]
[15:52:18] [Render thread/WARN]: Ambiguity between arguments [teleport, targets] and [teleport, destination] with inputs: [Player, 0123, dd12be42-52a9-4a91-a8a1-11c01849e498]
[15:52:18] [Render thread/WARN]: Ambiguity between arguments [teleport, targets, location] and [teleport, targets, destination] with inputs: [0.1 -0.5 .9, 0 0 0]
[15:52:18] [Render thread/INFO]: Reloading ResourceManager: Default
[15:52:18] [Render thread/INFO]: Loaded 7 recipes
[15:52:18] [Render thread/INFO]: Loaded 927 advancements
[15:52:19] [Render thread/INFO]: Environment: authHost='https://authserver.mojang.com', accountsHost='https://api.mojang.com', sessionHost='https://sessionserver.mojang.com', servicesHost='https://api.minecraftservices.com', name='PROD'
[15:52:19] [Render thread/INFO]: Starting integrated minecraft server version 1.16.5
[15:52:19] [Render thread/INFO]: Generating keypair
[15:52:21] [Render thread/INFO]: Preparing start region for dimension minecraft:overworld
[15:52:27] [Render thread/INFO]: Changing view distance to 11, from 10
[15:52:28] [Render thread/INFO]: MineRLAgent0[local:E:4a389329] logged in with entity id 650 at (978.5, 70.0, -581.5)
[15:52:28] [Render thread/INFO]: MineRLAgent0 joined the game
[15:52:28] [Render thread/INFO]: Preparing spawn area: 15%
[15:52:28] [Render thread/INFO]: Time elapsed: 2 ms
[15:52:28] [Render thread/INFO]: [STDOUT]: Starting new video null
[15:52:28] [Render thread/INFO]: Saving and pausing game...
[15:52:28] [Render thread/INFO]: Saving chunks for level 'ServerLevel[mcpworld6fcba68746ec]'/minecraft:overworld
[15:52:28] [Render thread/INFO]: Saving chunks for level 'ServerLevel[mcpworld6fcba68746ec]'/minecraft:the_nether
[15:52:28] [Render thread/INFO]: Saving chunks for level 'ServerLevel[mcpworld6fcba68746ec]'/minecraft:the_end
[15:52:28] [Render thread/INFO]: Loaded 0 advancements
[15:52:55] [EnvServerSocketHandler/INFO]: [STDOUT]: *** Stopping the replay, returning control to the inputs
