[12:17:39] [Thread-4/INFO]: [STDOUT]: SERVER enter state: DORMANT
[12:17:39] [EnvServerSocketHandler/INFO]: Received Mission token bba66b09-11f5-4941-b43f-8f7ef2f38435:0:0:1:true
[12:17:39] [EnvServerSocketHandler/INFO]: Received mission init command  <MissionInit xmlns="http://ProjectMalmo.microsoft.com" xmlns:xsi="http://www.w3.org/2001/XMLSchema-instance" SchemaVersion="" PlatformVersion="0.37.0"><Mission><About><Summary>MineRLObtainDiamondShovel-v0</Summary></About><ModSettings><MsPerTick>50</MsPerTick></ModSettings><ServerSection><ServerInitialConditions><Time><AllowPassageOfTime>true</AllowPassageOfTime></Time><AllowSpawning>true</AllowSpawning></ServerInitialConditions><ServerHandlers><DefaultWorldGenerator forceReset="true" generatorOptions="{}"/><ServerQuitWhenAnyAgentFinishes/></ServerHandlers></ServerSection><AgentSection mode="Survival"><Name>MineRLAgent0</Name><AgentStart><LowLevelInputs>true</LowLevelInputs><GuiScale>1.0</GuiScale><GammaSetting>2.0</GammaSetting><FOVSetting>70.0</FOVSetting><FakeCursorSize>16</FakeCursorSize></AgentStart><AgentHandlers><FileBasedPerformanceProducer/><PauseCommand/><VideoProducer want_depth="false"><Width>640</Width><Height>360</Height></VideoProducer><ObservationFromFullInventory flat="false"/><HumanLevelCommands/><CameraCommands/></AgentHandlers></AgentSection></Mission><ExperimentUID>bba66b09-11f5-4941-b43f-8f7ef2f38435</ExperimentUID><ClientRole>0</ClientRole><ClientAgentConnection><ClientIPAddress>127.0.0.1</ClientIPAddress><ClientMissionControlPort>0</ClientMissionControlPort><ClientCommandsPort>0</ClientCommandsPort><AgentIPAddress>127.0.0.1</AgentIPAddress><AgentMissionControlPort>0</AgentMissionControlPort><AgentVideoPort>0</AgentVideoPort><AgentDepthPort>0</AgentDepthPort><AgentLuminancePort>0</AgentLuminancePort><AgentObservationsPort>0</AgentObservationsPort><AgentRewardsPort>0</AgentRewardsPort><AgentColourMapPort>0</AgentColourMapPort></ClientAgentConnection></MissionInit>
[12:17:40] [Render thread/INFO]: [STDOUT]: *** creating fake mouse cursor ***
[12:17:40] [EnvServerSocketHandler/INFO]: [STDOUT]: Setting width, height to 640, 360
[12:17:40] [EnvServerSocketHandler/INFO]: [STDOUT]: Gamma: 2.0
[12:17:40] [EnvServerSocketHandler/INFO]: [STDOUT]: FOV: 70.0
[12:17:40] [EnvServerSocketHandler/INFO]: [STDOUT]: GuiScale: 1.0
[12:17:40] [Render thread/INFO]: [STDOUT]: Seed not provided, generating random one: 431017065323199076
[12:17:42] [Render thread/WARN]: Ambiguity between arguments [teleport, destination] and [teleport, targets] with inputs: [Player, 0123, @e, dd12be42-52a9-4a91-a8a1-11c01849e498]
[12:17:42] [Render thread/WARN]: Ambiguity between arguments [teleport, location] and [teleport, destination] with inputs: [0.1 -0.5 .9, 0 0 0]
[12:17:42] [Render thread/WARN]: Ambiguity between arguments [teleport, location] and [teleport, targets] with inputs: [0.1 -0.5 .9, 0 0 0]
[12:17:42] [Render thread/WARN]: Ambiguity between arguments [teleport, targets] and [teleport, destination] with inputs: [Player, 0123, dd12be42-52a9-4a91-a8a1-11c01849e498]
[12:17:42] [Render thread/WARN]: Ambiguity between arguments [teleport, targets, location] and [teleport, targets, destination] with inputs: [0.1 -0.5 .9, 0 0 0]
[12:17:42] [Render thread/INFO]: Reloading ResourceManager: Default
[12:17:43] [Render thread/INFO]: Loaded 7 recipes
[12:17:43] [Render thread/INFO]: Loaded 927 advancements
[12:17:45] [Render thread/INFO]: Environment: authHost='https://authserver.mojang.com', accountsHost='https://api.mojang.com', sessionHost='https://sessionserver.mojang.com', servicesHost='https://api.minecraftservices.com', name='PROD'
[12:17:45] [Render thread/INFO]: Starting integrated minecraft server version 1.16.5
[12:17:45] [Render thread/INFO]: Generating keypair
[12:17:52] [Render thread/INFO]: Preparing start region for dimension minecraft:overworld
[12:18:01] [Render thread/INFO]: Changing view distance to 11, from 10
[12:18:02] [Render thread/INFO]: MineRLAgent0[local:E:c50982f3] logged in with entity id 301 at (743.5, 66.0, -382.5)
[12:18:02] [Render thread/INFO]: MineRLAgent0 joined the game
[12:18:02] [Render thread/INFO]: Preparing spawn area: 0%
[12:18:02] [Render thread/INFO]: Time elapsed: 4 ms
[12:18:02] [Render thread/INFO]: [STDOUT]: Starting new video null
[12:18:02] [Render thread/INFO]: Saving and pausing game...
[12:18:02] [Render thread/INFO]: Saving chunks for level 'ServerLevel[mcpworld0f72fee5e028]'/minecraft:overworld
[12:18:03] [Render thread/INFO]: Saving chunks for level 'ServerLevel[mcpworld0f72fee5e028]'/minecraft:the_nether
[12:18:03] [Render thread/INFO]: Saving chunks for level 'ServerLevel[mcpworld0f72fee5e028]'/minecraft:the_end
[12:18:04] [Render thread/INFO]: Loaded 0 advancements
[12:18:06] [EnvServerSocketHandler/INFO]: [STDOUT]: *** Stopping the replay, returning control to the inputs
[12:18:06] [EnvServerSocketHandler/INFO]: Received Mission token 829e6673-777c-44d9-87b9-a49e617905fd:0:0:1:true
[12:18:06] [EnvServerSocketHandler/INFO]: Received mission init command  <MissionInit xmlns="http://ProjectMalmo.microsoft.com" xmlns:xsi="http://www.w3.org/2001/XMLSchema-instance" SchemaVersion="" PlatformVersion="0.37.0"><Mission><About><Summary>MineRLObtainDiamondShovel-v0</Summary></About><ModSettings><MsPerTick>50</MsPerTick></ModSettings><ServerSection><ServerInitialConditions><Time><AllowPassageOfTime>true</AllowPassageOfTime></Time><AllowSpawning>true</AllowSpawning></ServerInitialConditions><ServerHandlers><DefaultWorldGenerator forceReset="true" generatorOptions="{}"/><ServerQuitWhenAnyAgentFinishes/></ServerHandlers></ServerSection><AgentSection mode="Survival"><Name>MineRLAgent0</Name><AgentStart><LowLevelInputs>true</LowLevelInputs><GuiScale>1.0</GuiScale><GammaSetting>2.0</GammaSetting><FOVSetting>70.0</FOVSetting><FakeCursorSize>16</FakeCursorSize></AgentStart><AgentHandlers><FileBasedPerformanceProducer/><PauseCommand/><VideoProducer want_depth="false"><Width>640</Width><Height>360</Height></VideoProducer><ObservationFromFullInventory flat="false"/><HumanLevelCommands/><CameraCommands/></AgentHandlers></AgentSection></Mission><ExperimentUID>829e6673-777c-44d9-87b9-a49e617905fd</ExperimentUID><ClientRole>0</ClientRole><ClientAgentConnection><ClientIPAddress>127.0.0.1</ClientIPAddress><ClientMissionControlPort>0</ClientMissionControlPort><ClientCommandsPort>0</ClientCommandsPort><AgentIPAddress>127.0.0.1</AgentIPAddress><AgentMissionControlPort>0</AgentMissionControlPort><AgentVideoPort>0</AgentVideoPort><AgentDepthPort>0</AgentDepthPort><AgentLuminancePort>0</AgentLuminancePort><AgentObservationsPort>0</AgentObservationsPort><AgentRewardsPort>0</AgentRewardsPort><AgentColourMapPort>0</AgentColourMapPort></ClientAgentConnection></MissionInit>
[12:18:06] [EnvServerSocketHandler/INFO]: [STDOUT]: Setting width, height to 640, 360
[12:18:06] [EnvServerSocketHandler/INFO]: [STDOUT]: Gamma: 2.0
[12:18:06] [EnvServerSocketHandler/INFO]: [STDOUT]: FOV: 70.0
[12:18:06] [EnvServerSocketHandler/INFO]: [STDOUT]: GuiScale: 1.0
[12:18:06] [Render thread/INFO]: [STDOUT]: Seed not provided, generating random one: -5542175784380733951
[12:18:06] [Render thread/WARN]: Ambiguity between arguments [teleport, destination] and [teleport, targets] with inputs: [Player, 0123, @e, dd12be42-52a9-4a91-a8a1-11c01849e498]
[12:18:06] [Render thread/WARN]: Ambiguity between arguments [teleport, location] and [teleport, destination] with inputs: [0.1 -0.5 .9, 0 0 0]
[12:18:06] [Render thread/WARN]: Ambiguity between arguments [teleport, location] and [teleport, targets] with inputs: [0.1 -0.5 .9, 0 0 0]
[12:18:06] [Render thread/WARN]: Ambiguity between arguments [teleport, targets] and [teleport, destination] with inputs: [Player, 0123, dd12be42-52a9-4a91-a8a1-11c01849e498]
[12:18:06] [Render thread/WARN]: Ambiguity between arguments [teleport, targets, location] and [teleport, targets, destination] with inputs: [0.1 -0.5 .9, 0 0 0]
[12:18:06] [Render thread/INFO]: Reloading ResourceManager: Default
[12:18:06] [Render thread/INFO]: Loaded 7 recipes
[12:18:06] [Render thread/INFO]: Loaded 927 advancements
[12:18:07] [Render thread/INFO]: Environment: authHost='https://authserver.mojang.com', accountsHost='https://api.mojang.com', sessionHost='https://sessionserver.mojang.com', servicesHost='https://api.minecraftservices.com', name='PROD'
[12:18:07] [Render thread/INFO]: Starting integrated minecraft server version 1.16.5
[12:18:07] [Render thread/INFO]: Generating keypair
[12:18:12] [Render thread/INFO]: Preparing start region for dimension minecraft:overworld
[12:18:19] [Render thread/INFO]: Changing view distance to 11, from 10
[12:18:19] [Render thread/INFO]: MineRLAgent0[local:E:677640d2] logged in with entity id 762 at (910.5, 65.0, 827.5)
[12:18:19] [Render thread/INFO]: MineRLAgent0 joined the game
[12:18:19] [Render thread/INFO]: Preparing spawn area: 7%
[12:18:19] [Render thread/INFO]: Time elapsed: 5 ms
[12:18:19] [Render thread/INFO]: [STDOUT]: Starting new video null
[12:18:19] [Render thread/INFO]: Saving and pausing game...
[12:18:19] [Render thread/INFO]: Saving chunks for level 'ServerLevel[mcpworld1b02a946421a]'/minecraft:overworld
[12:18:19] [Render thread/INFO]: Saving chunks for level 'ServerLevel[mcpworld1b02a946421a]'/minecraft:the_nether
[12:18:19] [Render thread/INFO]: Saving chunks for level 'ServerLevel[mcpworld1b02a946421a]'/minecraft:the_end
[12:18:20] [Render thread/INFO]: Loaded 0 advancements
[12:19:17] [EnvServerSocketHandler/INFO]: [STDOUT]: *** Stopping the replay, returning control to the inputs
