[01:14:09] [Thread-5/INFO]: [STDOUT]: SERVER enter state: DORMANT
[01:14:09] [EnvServerSocketHandler/INFO]: Received Mission token 639a6cd7-5970-4a20-8c8a-6df60fa244bb:0:0:1:true
[01:14:09] [EnvServerSocketHandler/INFO]: Received mission init command  <MissionInit xmlns="http://ProjectMalmo.microsoft.com" xmlns:xsi="http://www.w3.org/2001/XMLSchema-instance" SchemaVersion="" PlatformVersion="0.37.0"><Mission><About><Summary>MineRLObtainDiamondShovel-v0</Summary></About><ModSettings><MsPerTick>50</MsPerTick></ModSettings><ServerSection><ServerInitialConditions><Time><AllowPassageOfTime>true</AllowPassageOfTime></Time><AllowSpawning>true</AllowSpawning></ServerInitialConditions><ServerHandlers><DefaultWorldGenerator forceReset="true" generatorOptions="{}"/><ServerQuitWhenAnyAgentFinishes/></ServerHandlers></ServerSection><AgentSection mode="Survival"><Name>MineRLAgent0</Name><AgentStart><LowLevelInputs>true</LowLevelInputs><GuiScale>1.0</GuiScale><GammaSetting>2.0</GammaSetting><FOVSetting>70.0</FOVSetting><FakeCursorSize>16</FakeCursorSize></AgentStart><AgentHandlers><FileBasedPerformanceProducer/><PauseCommand/><VideoProducer want_depth="false"><Width>640</Width><Height>360</Height></VideoProducer><ObservationFromFullInventory flat="false"/><HumanLevelCommands/><CameraCommands/></AgentHandlers></AgentSection></Mission><ExperimentUID>639a6cd7-5970-4a20-8c8a-6df60fa244bb</ExperimentUID><ClientRole>0</ClientRole><ClientAgentConnection><ClientIPAddress>127.0.0.1</ClientIPAddress><ClientMissionControlPort>0</ClientMissionControlPort><ClientCommandsPort>0</ClientCommandsPort><AgentIPAddress>127.0.0.1</AgentIPAddress><AgentMissionControlPort>0</AgentMissionControlPort><AgentVideoPort>0</AgentVideoPort><AgentDepthPort>0</AgentDepthPort><AgentLuminancePort>0</AgentLuminancePort><AgentObservationsPort>0</AgentObservationsPort><AgentRewardsPort>0</AgentRewardsPort><AgentColourMapPort>0</AgentColourMapPort></ClientAgentConnection></MissionInit>
[01:14:10] [Render thread/INFO]: [STDOUT]: *** creating fake mouse cursor ***
[01:14:10] [EnvServerSocketHandler/INFO]: [STDOUT]: Setting width, height to 640, 360
[01:14:10] [EnvServerSocketHandler/INFO]: [STDOUT]: Gamma: 2.0
[01:14:10] [EnvServerSocketHandler/INFO]: [STDOUT]: FOV: 70.0
[01:14:10] [EnvServerSocketHandler/INFO]: [STDOUT]: GuiScale: 1.0
[01:14:10] [Render thread/INFO]: [STDOUT]: Seed not provided, generating random one: 3757642367648881329
[01:14:12] [Render thread/WARN]: Ambiguity between arguments [teleport, destination] and [teleport, targets] with inputs: [Player, 0123, @e, dd12be42-52a9-4a91-a8a1-11c01849e498]
[01:14:12] [Render thread/WARN]: Ambiguity between arguments [teleport, location] and [teleport, destination] with inputs: [0.1 -0.5 .9, 0 0 0]
[01:14:12] [Render thread/WARN]: Ambiguity between arguments [teleport, location] and [teleport, targets] with inputs: [0.1 -0.5 .9, 0 0 0]
[01:14:12] [Render thread/WARN]: Ambiguity between arguments [teleport, targets] and [teleport, destination] with inputs: [Player, 0123, dd12be42-52a9-4a91-a8a1-11c01849e498]
[01:14:12] [Render thread/WARN]: Ambiguity between arguments [teleport, targets, location] and [teleport, targets, destination] with inputs: [0.1 -0.5 .9, 0 0 0]
[01:14:12] [Render thread/INFO]: Reloading ResourceManager: Default
[01:14:13] [Render thread/INFO]: Loaded 7 recipes
[01:14:13] [Render thread/INFO]: Loaded 927 advancements
[01:14:14] [Render thread/INFO]: Environment: authHost='https://authserver.mojang.com', accountsHost='https://api.mojang.com', sessionHost='https://sessionserver.mojang.com', servicesHost='https://api.minecraftservices.com', name='PROD'
[01:14:14] [Render thread/INFO]: Starting integrated minecraft server version 1.16.5
[01:14:14] [Render thread/INFO]: Generating keypair
[01:14:20] [Render thread/INFO]: Preparing start region for dimension minecraft:overworld
[01:14:30] [Render thread/INFO]: Changing view distance to 11, from 10
[01:14:31] [Render thread/INFO]: MineRLAgent0[local:E:32023176] logged in with entity id 196 at (-909.5, 68.0, 810.5)
[01:14:31] [Render thread/INFO]: MineRLAgent0 joined the game
[01:14:31] [Render thread/INFO]: Preparing spawn area: 12%
[01:14:31] [Render thread/INFO]: Time elapsed: 3 ms
[01:14:32] [Render thread/INFO]: [STDOUT]: Starting new video null
[01:14:32] [Render thread/INFO]: Saving and pausing game...
[01:14:32] [Render thread/INFO]: Saving chunks for level 'ServerLevel[mcpworldc685e2aee35c]'/minecraft:overworld
[01:14:32] [Render thread/INFO]: Saving chunks for level 'ServerLevel[mcpworldc685e2aee35c]'/minecraft:the_nether
[01:14:32] [Render thread/INFO]: Saving chunks for level 'ServerLevel[mcpworldc685e2aee35c]'/minecraft:the_end
[01:14:33] [Render thread/INFO]: Loaded 0 advancements
[01:14:34] [EnvServerSocketHandler/INFO]: [STDOUT]: *** Stopping the replay, returning control to the inputs
[01:14:35] [EnvServerSocketHandler/INFO]: Received Mission token 3a9854c9-f0ca-4c08-8666-bb673deeb30b:0:0:1:true
[01:14:35] [EnvServerSocketHandler/INFO]: Received mission init command  <MissionInit xmlns="http://ProjectMalmo.microsoft.com" xmlns:xsi="http://www.w3.org/2001/XMLSchema-instance" SchemaVersion="" PlatformVersion="0.37.0"><Mission><About><Summary>MineRLObtainDiamondShovel-v0</Summary></About><ModSettings><MsPerTick>50</MsPerTick></ModSettings><ServerSection><ServerInitialConditions><Time><AllowPassageOfTime>true</AllowPassageOfTime></Time><AllowSpawning>true</AllowSpawning></ServerInitialConditions><ServerHandlers><DefaultWorldGenerator forceReset="true" generatorOptions="{}"/><ServerQuitWhenAnyAgentFinishes/></ServerHandlers></ServerSection><AgentSection mode="Survival"><Name>MineRLAgent0</Name><AgentStart><LowLevelInputs>true</LowLevelInputs><GuiScale>1.0</GuiScale><GammaSetting>2.0</GammaSetting><FOVSetting>70.0</FOVSetting><FakeCursorSize>16</FakeCursorSize></AgentStart><AgentHandlers><FileBasedPerformanceProducer/><PauseCommand/><VideoProducer want_depth="false"><Width>640</Width><Height>360</Height></VideoProducer><ObservationFromFullInventory flat="false"/><HumanLevelCommands/><CameraCommands/></AgentHandlers></AgentSection></Mission><ExperimentUID>3a9854c9-f0ca-4c08-8666-bb673deeb30b</ExperimentUID><ClientRole>0</ClientRole><ClientAgentConnection><ClientIPAddress>127.0.0.1</ClientIPAddress><ClientMissionControlPort>0</ClientMissionControlPort><ClientCommandsPort>0</ClientCommandsPort><AgentIPAddress>127.0.0.1</AgentIPAddress><AgentMissionControlPort>0</AgentMissionControlPort><AgentVideoPort>0</AgentVideoPort><AgentDepthPort>0</AgentDepthPort><AgentLuminancePort>0</AgentLuminancePort><AgentObservationsPort>0</AgentObservationsPort><AgentRewardsPort>0</AgentRewardsPort><AgentColourMapPort>0</AgentColourMapPort></ClientAgentConnection></MissionInit>
[01:14:35] [EnvServerSocketHandler/INFO]: [STDOUT]: Setting width, height to 640, 360
[01:14:35] [EnvServerSocketHandler/INFO]: [STDOUT]: Gamma: 2.0
[01:14:35] [EnvServerSocketHandler/INFO]: [STDOUT]: FOV: 70.0
[01:14:35] [EnvServerSocketHandler/INFO]: [STDOUT]: GuiScale: 1.0
[01:14:35] [Render thread/INFO]: [STDOUT]: Seed not provided, generating random one: -4852106938318852689
[01:14:35] [Render thread/WARN]: Ambiguity between arguments [teleport, destination] and [teleport, targets] with inputs: [Player, 0123, @e, dd12be42-52a9-4a91-a8a1-11c01849e498]
[01:14:35] [Render thread/WARN]: Ambiguity between arguments [teleport, location] and [teleport, destination] with inputs: [0.1 -0.5 .9, 0 0 0]
[01:14:35] [Render thread/WARN]: Ambiguity between arguments [teleport, location] and [teleport, targets] with inputs: [0.1 -0.5 .9, 0 0 0]
[01:14:35] [Render thread/WARN]: Ambiguity between arguments [teleport, targets] and [teleport, destination] with inputs: [Player, 0123, dd12be42-52a9-4a91-a8a1-11c01849e498]
[01:14:35] [Render thread/WARN]: Ambiguity between arguments [teleport, targets, location] and [teleport, targets, destination] with inputs: [0.1 -0.5 .9, 0 0 0]
[01:14:35] [Render thread/INFO]: Reloading ResourceManager: Default
[01:14:35] [Render thread/INFO]: Loaded 7 recipes
[01:14:35] [Render thread/INFO]: Loaded 927 advancements
[01:14:36] [Render thread/INFO]: Environment: authHost='https://authserver.mojang.com', accountsHost='https://api.mojang.com', sessionHost='https://sessionserver.mojang.com', servicesHost='https://api.minecraftservices.com', name='PROD'
[01:14:36] [Render thread/INFO]: Starting integrated minecraft server version 1.16.5
[01:14:36] [Render thread/INFO]: Generating keypair
[01:14:40] [Render thread/INFO]: Preparing start region for dimension minecraft:overworld
[01:14:47] [Render thread/INFO]: Changing view distance to 11, from 10
[01:14:47] [Render thread/INFO]: MineRLAgent0[local:E:67b955f4] logged in with entity id 793 at (930.5, 68.0, -645.5)
[01:14:47] [Render thread/INFO]: MineRLAgent0 joined the game
[01:14:47] [Render thread/INFO]: Preparing spawn area: 10%
[01:14:47] [Render thread/INFO]: Time elapsed: 3 ms
[01:14:47] [Render thread/INFO]: [STDOUT]: Starting new video null
[01:14:47] [Render thread/INFO]: Saving and pausing game...
[01:14:47] [Render thread/INFO]: Saving chunks for level 'ServerLevel[mcpworld1cd02d376dfe]'/minecraft:overworld
[01:14:48] [Render thread/INFO]: Saving chunks for level 'ServerLevel[mcpworld1cd02d376dfe]'/minecraft:the_nether
[01:14:48] [Render thread/INFO]: Saving chunks for level 'ServerLevel[mcpworld1cd02d376dfe]'/minecraft:the_end
[01:14:48] [Render thread/INFO]: Loaded 0 advancements
[01:15:06] [EnvServerSocketHandler/INFO]: [STDOUT]: *** Stopping the replay, returning control to the inputs
[01:15:06] [EnvServerSocketHandler/INFO]: Received Mission token 98f4504b-f30f-4d1b-b522-fd425f0fa394:0:0:1:true:1000
[01:15:06] [EnvServerSocketHandler/INFO]: Received mission init command  <MissionInit xmlns="http://ProjectMalmo.microsoft.com" xmlns:xsi="http://www.w3.org/2001/XMLSchema-instance" SchemaVersion="" PlatformVersion="0.37.0"><Mission><About><Summary>MineRLObtainDiamondShovel-v0</Summary></About><ModSettings><MsPerTick>50</MsPerTick></ModSettings><ServerSection><ServerInitialConditions><Time><AllowPassageOfTime>true</AllowPassageOfTime></Time><AllowSpawning>true</AllowSpawning></ServerInitialConditions><ServerHandlers><DefaultWorldGenerator forceReset="true" generatorOptions="{}"/><ServerQuitWhenAnyAgentFinishes/></ServerHandlers></ServerSection><AgentSection mode="Survival"><Name>MineRLAgent0</Name><AgentStart><LowLevelInputs>true</LowLevelInputs><GuiScale>1.0</GuiScale><GammaSetting>2.0</GammaSetting><FOVSetting>70.0</FOVSetting><FakeCursorSize>16</FakeCursorSize></AgentStart><AgentHandlers><FileBasedPerformanceProducer/><PauseCommand/><VideoProducer want_depth="false"><Width>640</Width><Height>360</Height></VideoProducer><ObservationFromFullInventory flat="false"/><HumanLevelCommands/><CameraCommands/></AgentHandlers></AgentSection></Mission><ExperimentUID>98f4504b-f30f-4d1b-b522-fd425f0fa394</ExperimentUID><ClientRole>0</ClientRole><ClientAgentConnection><ClientIPAddress>127.0.0.1</ClientIPAddress><ClientMissionControlPort>0</ClientMissionControlPort><ClientCommandsPort>0</ClientCommandsPort><AgentIPAddress>127.0.0.1</AgentIPAddress><AgentMissionControlPort>0</AgentMissionControlPort><AgentVideoPort>0</AgentVideoPort><AgentDepthPort>0</AgentDepthPort><AgentLuminancePort>0</AgentLuminancePort><AgentObservationsPort>0</AgentObservationsPort><AgentRewardsPort>0</AgentRewardsPort><AgentColourMapPort>0</AgentColourMapPort></ClientAgentConnection></MissionInit>
[01:15:06] [EnvServerSocketHandler/INFO]: [STDOUT]: Setting width, height to 640, 360
[01:15:06] [EnvServerSocketHandler/INFO]: [STDOUT]: Gamma: 2.0
[01:15:06] [EnvServerSocketHandler/INFO]: [STDOUT]: FOV: 70.0
[01:15:06] [EnvServerSocketHandler/INFO]: [STDOUT]: GuiScale: 1.0
[01:15:06] [Render thread/WARN]: Ambiguity between arguments [teleport, destination] and [teleport, targets] with inputs: [Player, 0123, @e, dd12be42-52a9-4a91-a8a1-11c01849e498]
[01:15:06] [Render thread/WARN]: Ambiguity between arguments [teleport, location] and [teleport, destination] with inputs: [0.1 -0.5 .9, 0 0 0]
[01:15:06] [Render thread/WARN]: Ambiguity between arguments [teleport, location] and [teleport, targets] with inputs: [0.1 -0.5 .9, 0 0 0]
[01:15:06] [Render thread/WARN]: Ambiguity between arguments [teleport, targets] and [teleport, destination] with inputs: [Player, 0123, dd12be42-52a9-4a91-a8a1-11c01849e498]
[01:15:06] [Render thread/WARN]: Ambiguity between arguments [teleport, targets, location] and [teleport, targets, destination] with inputs: [0.1 -0.5 .9, 0 0 0]
[01:15:06] [Render thread/INFO]: Reloading ResourceManager: Default
[01:15:06] [Render thread/INFO]: Loaded 7 recipes
[01:15:06] [Render thread/INFO]: Loaded 927 advancements
[01:15:07] [Render thread/INFO]: Environment: authHost='https://authserver.mojang.com', accountsHost='https://api.mojang.com', sessionHost='https://sessionserver.mojang.com', servicesHost='https://api.minecraftservices.com', name='PROD'
[01:15:07] [Render thread/INFO]: Starting integrated minecraft server version 1.16.5
[01:15:07] [Render thread/INFO]: Generating keypair
[01:15:10] [Render thread/INFO]: Preparing start region for dimension minecraft:overworld
[01:15:19] [Render thread/INFO]: Changing view distance to 11, from 10
[01:15:19] [Render thread/INFO]: MineRLAgent0[local:E:90554273] logged in with entity id 1640 at (354.5, 65.0, -917.5)
[01:15:19] [Render thread/INFO]: MineRLAgent0 joined the game
[01:15:19] [Render thread/INFO]: Preparing spawn area: 39%
[01:15:19] [Render thread/INFO]: Time elapsed: 1 ms
[01:15:19] [Render thread/INFO]: [STDOUT]: Starting new video null
[01:15:19] [Render thread/INFO]: Saving and pausing game...
[01:15:19] [Render thread/INFO]: Saving chunks for level 'ServerLevel[mcpworld0513326f1fd8]'/minecraft:overworld
[01:15:20] [Render thread/INFO]: Saving chunks for level 'ServerLevel[mcpworld0513326f1fd8]'/minecraft:the_nether
[01:15:20] [Render thread/INFO]: Saving chunks for level 'ServerLevel[mcpworld0513326f1fd8]'/minecraft:the_end
[01:15:20] [Render thread/INFO]: Loaded 0 advancements
[01:15:56] [EnvServerSocketHandler/INFO]: [STDOUT]: *** Stopping the replay, returning control to the inputs
[01:15:56] [EnvServerSocketHandler/INFO]: Received Mission token e247e502-134c-4737-a0b1-a235a09ca27b:0:0:1:true:1000
[01:15:56] [EnvServerSocketHandler/INFO]: Received mission init command  <MissionInit xmlns="http://ProjectMalmo.microsoft.com" xmlns:xsi="http://www.w3.org/2001/XMLSchema-instance" SchemaVersion="" PlatformVersion="0.37.0"><Mission><About><Summary>MineRLObtainDiamondShovel-v0</Summary></About><ModSettings><MsPerTick>50</MsPerTick></ModSettings><ServerSection><ServerInitialConditions><Time><AllowPassageOfTime>true</AllowPassageOfTime></Time><AllowSpawning>true</AllowSpawning></ServerInitialConditions><ServerHandlers><DefaultWorldGenerator forceReset="true" generatorOptions="{}"/><ServerQuitWhenAnyAgentFinishes/></ServerHandlers></ServerSection><AgentSection mode="Survival"><Name>MineRLAgent0</Name><AgentStart><LowLevelInputs>true</LowLevelInputs><GuiScale>1.0</GuiScale><GammaSetting>2.0</GammaSetting><FOVSetting>70.0</FOVSetting><FakeCursorSize>16</FakeCursorSize></AgentStart><AgentHandlers><FileBasedPerformanceProducer/><PauseCommand/><VideoProducer want_depth="false"><Width>640</Width><Height>360</Height></VideoProducer><ObservationFromFullInventory flat="false"/><HumanLevelCommands/><CameraCommands/></AgentHandlers></AgentSection></Mission><ExperimentUID>e247e502-134c-4737-a0b1-a235a09ca27b</ExperimentUID><ClientRole>0</ClientRole><ClientAgentConnection><ClientIPAddress>127.0.0.1</ClientIPAddress><ClientMissionControlPort>0</ClientMissionControlPort><ClientCommandsPort>0</ClientCommandsPort><AgentIPAddress>127.0.0.1</AgentIPAddress><AgentMissionControlPort>0</AgentMissionControlPort><AgentVideoPort>0</AgentVideoPort><AgentDepthPort>0</AgentDepthPort><AgentLuminancePort>0</AgentLuminancePort><AgentObservationsPort>0</AgentObservationsPort><AgentRewardsPort>0</AgentRewardsPort><AgentColourMapPort>0</AgentColourMapPort></ClientAgentConnection></MissionInit>
[01:15:56] [EnvServerSocketHandler/INFO]: [STDOUT]: Setting width, height to 640, 360
[01:15:56] [EnvServerSocketHandler/INFO]: [STDOUT]: Gamma: 2.0
[01:15:56] [EnvServerSocketHandler/INFO]: [STDOUT]: FOV: 70.0
[01:15:56] [EnvServerSocketHandler/INFO]: [STDOUT]: GuiScale: 1.0
[01:15:56] [Render thread/WARN]: Ambiguity between arguments [teleport, destination] and [teleport, targets] with inputs: [Player, 0123, @e, dd12be42-52a9-4a91-a8a1-11c01849e498]
[01:15:56] [Render thread/WARN]: Ambiguity between arguments [teleport, location] and [teleport, destination] with inputs: [0.1 -0.5 .9, 0 0 0]
[01:15:56] [Render thread/WARN]: Ambiguity between arguments [teleport, location] and [teleport, targets] with inputs: [0.1 -0.5 .9, 0 0 0]
[01:15:56] [Render thread/WARN]: Ambiguity between arguments [teleport, targets] and [teleport, destination] with inputs: [Player, 0123, dd12be42-52a9-4a91-a8a1-11c01849e498]
[01:15:56] [Render thread/WARN]: Ambiguity between arguments [teleport, targets, location] and [teleport, targets, destination] with inputs: [0.1 -0.5 .9, 0 0 0]
[01:15:56] [Render thread/INFO]: Reloading ResourceManager: Default
[01:15:56] [Render thread/INFO]: Loaded 7 recipes
[01:15:56] [Render thread/INFO]: Loaded 927 advancements
[01:15:57] [Render thread/INFO]: Environment: authHost='https://authserver.mojang.com', accountsHost='https://api.mojang.com', sessionHost='https://sessionserver.mojang.com', servicesHost='https://api.minecraftservices.com', name='PROD'
[01:15:57] [Render thread/INFO]: Starting integrated minecraft server version 1.16.5
[01:15:57] [Render thread/INFO]: Generating keypair
[01:16:00] [Render thread/INFO]: Preparing start region for dimension minecraft:overworld
[01:16:09] [Render thread/INFO]: Changing view distance to 11, from 10
[01:16:09] [Render thread/INFO]: MineRLAgent0[local:E:ceeee619] logged in with entity id 2068 at (354.5, 65.0, -917.5)
[01:16:09] [Render thread/INFO]: MineRLAgent0 joined the game
[01:16:09] [Render thread/INFO]: Preparing spawn area: 20%
[01:16:09] [Render thread/INFO]: Time elapsed: 2 ms
[01:16:09] [Render thread/INFO]: [STDOUT]: Starting new video null
[01:16:09] [Render thread/INFO]: Saving and pausing game...
[01:16:09] [Render thread/INFO]: Saving chunks for level 'ServerLevel[mcpworld0936a4448e6b]'/minecraft:overworld
[01:16:10] [Render thread/INFO]: Saving chunks for level 'ServerLevel[mcpworld0936a4448e6b]'/minecraft:the_nether
[01:16:10] [Render thread/INFO]: Saving chunks for level 'ServerLevel[mcpworld0936a4448e6b]'/minecraft:the_end
[01:16:10] [Render thread/INFO]: Loaded 0 advancements
[01:16:29] [EnvServerSocketHandler/INFO]: [STDOUT]: *** Stopping the replay, returning control to the inputs
