[22:06:47] [Thread-5/INFO]: [STDOUT]: SERVER enter state: DORMANT
[22:06:48] [EnvServerSocketHandler/INFO]: Received Mission token c374702b-5290-4092-8cfe-0850b690f2c8:0:0:1:true
[22:06:48] [EnvServerSocketHandler/INFO]: Received mission init command  <MissionInit xmlns="http://ProjectMalmo.microsoft.com" xmlns:xsi="http://www.w3.org/2001/XMLSchema-instance" SchemaVersion="" PlatformVersion="0.37.0"><Mission><About><Summary>MineRLObtainDiamondShovel-v0</Summary></About><ModSettings><MsPerTick>50</MsPerTick></ModSettings><ServerSection><ServerInitialConditions><Time><AllowPassageOfTime>true</AllowPassageOfTime></Time><AllowSpawning>true</AllowSpawning></ServerInitialConditions><ServerHandlers><DefaultWorldGenerator forceReset="true" generatorOptions="{}"/><ServerQuitWhenAnyAgentFinishes/></ServerHandlers></ServerSection><AgentSection mode="Survival"><Name>MineRLAgent0</Name><AgentStart><LowLevelInputs>true</LowLevelInputs><GuiScale>1.0</GuiScale><GammaSetting>2.0</GammaSetting><FOVSetting>70.0</FOVSetting><FakeCursorSize>16</FakeCursorSize></AgentStart><AgentHandlers><FileBasedPerformanceProducer/><PauseCommand/><VideoProducer want_depth="false"><Width>640</Width><Height>360</Height></VideoProducer><ObservationFromFullInventory flat="false"/><HumanLevelCommands/><CameraCommands/></AgentHandlers></AgentSection></Mission><ExperimentUID>c374702b-5290-4092-8cfe-0850b690f2c8</ExperimentUID><ClientRole>0</ClientRole><ClientAgentConnection><ClientIPAddress>127.0.0.1</ClientIPAddress><ClientMissionControlPort>0</ClientMissionControlPort><ClientCommandsPort>0</ClientCommandsPort><AgentIPAddress>127.0.0.1</AgentIPAddress><AgentMissionControlPort>0</AgentMissionControlPort><AgentVideoPort>0</AgentVideoPort><AgentDepthPort>0</AgentDepthPort><AgentLuminancePort>0</AgentLuminancePort><AgentObservationsPort>0</AgentObservationsPort><AgentRewardsPort>0</AgentRewardsPort><AgentColourMapPort>0</AgentColourMapPort></ClientAgentConnection></MissionInit>
[22:06:48] [Render thread/INFO]: [STDOUT]: *** creating fake mouse cursor ***
[22:06:51] [EnvServerSocketHandler/INFO]: [STDOUT]: Setting width, height to 640, 360
[22:06:51] [EnvServerSocketHandler/INFO]: [STDOUT]: Gamma: 2.0
[22:06:51] [EnvServerSocketHandler/INFO]: [STDOUT]: FOV: 70.0
[22:06:51] [EnvServerSocketHandler/INFO]: [STDOUT]: GuiScale: 1.0
[22:06:51] [Render thread/INFO]: [STDOUT]: Seed not provided, generating random one: -5234514625027591791
[22:06:54] [Render thread/WARN]: Ambiguity between arguments [teleport, destination] and [teleport, targets] with inputs: [Player, 0123, @e, dd12be42-52a9-4a91-a8a1-11c01849e498]
[22:06:54] [Render thread/WARN]: Ambiguity between arguments [teleport, location] and [teleport, destination] with inputs: [0.1 -0.5 .9, 0 0 0]
[22:06:54] [Render thread/WARN]: Ambiguity between arguments [teleport, location] and [teleport, targets] with inputs: [0.1 -0.5 .9, 0 0 0]
[22:06:54] [Render thread/WARN]: Ambiguity between arguments [teleport, targets] and [teleport, destination] with inputs: [Player, 0123, dd12be42-52a9-4a91-a8a1-11c01849e498]
[22:06:54] [Render thread/WARN]: Ambiguity between arguments [teleport, targets, location] and [teleport, targets, destination] with inputs: [0.1 -0.5 .9, 0 0 0]
[22:06:54] [Render thread/INFO]: Reloading ResourceManager: Default
[22:06:55] [Render thread/INFO]: Loaded 7 recipes
[22:06:55] [Render thread/INFO]: Loaded 927 advancements
[22:06:58] [Render thread/INFO]: Environment: authHost='https://authserver.mojang.com', accountsHost='https://api.mojang.com', sessionHost='https://sessionserver.mojang.com', servicesHost='https://api.minecraftservices.com', name='PROD'
[22:06:58] [Render thread/INFO]: Starting integrated minecraft server version 1.16.5
[22:06:58] [Render thread/INFO]: Generating keypair
[22:07:08] [Render thread/INFO]: Preparing start region for dimension minecraft:overworld
[22:07:33] [Render thread/INFO]: Changing view distance to 11, from 10
[22:07:33] [Render thread/INFO]: MineRLAgent0[local:E:61b2a1ee] logged in with entity id 198 at (-381.5, 67.0, -725.5)
[22:07:34] [Render thread/INFO]: MineRLAgent0 joined the game
[22:07:34] [Render thread/INFO]: Preparing spawn area: 0%
[22:07:34] [Render thread/INFO]: Time elapsed: 11 ms
[22:07:35] [Render thread/INFO]: [STDOUT]: Starting new video null
[22:07:35] [Render thread/INFO]: Saving and pausing game...
[22:07:35] [Render thread/INFO]: Saving chunks for level 'ServerLevel[mcpworld661638ae77a3]'/minecraft:overworld
[22:07:37] [Render thread/INFO]: Saving chunks for level 'ServerLevel[mcpworld661638ae77a3]'/minecraft:the_nether
[22:07:37] [Render thread/INFO]: Saving chunks for level 'ServerLevel[mcpworld661638ae77a3]'/minecraft:the_end
[22:07:38] [Render thread/INFO]: Loaded 0 advancements
[22:07:44] [EnvServerSocketHandler/INFO]: [STDOUT]: *** Stopping the replay, returning control to the inputs
[22:07:45] [EnvServerSocketHandler/INFO]: Received Mission token 831c4211-b13f-487c-a6eb-a82496ac8ca7:0:0:1:true
[22:07:45] [EnvServerSocketHandler/INFO]: Received mission init command  <MissionInit xmlns="http://ProjectMalmo.microsoft.com" xmlns:xsi="http://www.w3.org/2001/XMLSchema-instance" SchemaVersion="" PlatformVersion="0.37.0"><Mission><About><Summary>MineRLObtainDiamondShovel-v0</Summary></About><ModSettings><MsPerTick>50</MsPerTick></ModSettings><ServerSection><ServerInitialConditions><Time><AllowPassageOfTime>true</AllowPassageOfTime></Time><AllowSpawning>true</AllowSpawning></ServerInitialConditions><ServerHandlers><DefaultWorldGenerator forceReset="true" generatorOptions="{}"/><ServerQuitWhenAnyAgentFinishes/></ServerHandlers></ServerSection><AgentSection mode="Survival"><Name>MineRLAgent0</Name><AgentStart><LowLevelInputs>true</LowLevelInputs><GuiScale>1.0</GuiScale><GammaSetting>2.0</GammaSetting><FOVSetting>70.0</FOVSetting><FakeCursorSize>16</FakeCursorSize></AgentStart><AgentHandlers><FileBasedPerformanceProducer/><PauseCommand/><VideoProducer want_depth="false"><Width>640</Width><Height>360</Height></VideoProducer><ObservationFromFullInventory flat="false"/><HumanLevelCommands/><CameraCommands/></AgentHandlers></AgentSection></Mission><ExperimentUID>831c4211-b13f-487c-a6eb-a82496ac8ca7</ExperimentUID><ClientRole>0</ClientRole><ClientAgentConnection><ClientIPAddress>127.0.0.1</ClientIPAddress><ClientMissionControlPort>0</ClientMissionControlPort><ClientCommandsPort>0</ClientCommandsPort><AgentIPAddress>127.0.0.1</AgentIPAddress><AgentMissionControlPort>0</AgentMissionControlPort><AgentVideoPort>0</AgentVideoPort><AgentDepthPort>0</AgentDepthPort><AgentLuminancePort>0</AgentLuminancePort><AgentObservationsPort>0</AgentObservationsPort><AgentRewardsPort>0</AgentRewardsPort><AgentColourMapPort>0</AgentColourMapPort></ClientAgentConnection></MissionInit>
[22:07:45] [EnvServerSocketHandler/INFO]: [STDOUT]: Setting width, height to 640, 360
[22:07:45] [EnvServerSocketHandler/INFO]: [STDOUT]: Gamma: 2.0
[22:07:45] [EnvServerSocketHandler/INFO]: [STDOUT]: FOV: 70.0
[22:07:45] [EnvServerSocketHandler/INFO]: [STDOUT]: GuiScale: 1.0
[22:07:45] [Render thread/INFO]: [STDOUT]: Seed not provided, generating random one: 6470457655946905614
[22:07:46] [Render thread/WARN]: Ambiguity between arguments [teleport, destination] and [teleport, targets] with inputs: [Player, 0123, @e, dd12be42-52a9-4a91-a8a1-11c01849e498]
[22:07:46] [Render thread/WARN]: Ambiguity between arguments [teleport, location] and [teleport, destination] with inputs: [0.1 -0.5 .9, 0 0 0]
[22:07:46] [Render thread/WARN]: Ambiguity between arguments [teleport, location] and [teleport, targets] with inputs: [0.1 -0.5 .9, 0 0 0]
[22:07:46] [Render thread/WARN]: Ambiguity between arguments [teleport, targets] and [teleport, destination] with inputs: [Player, 0123, dd12be42-52a9-4a91-a8a1-11c01849e498]
[22:07:46] [Render thread/WARN]: Ambiguity between arguments [teleport, targets, location] and [teleport, targets, destination] with inputs: [0.1 -0.5 .9, 0 0 0]
[22:07:46] [Render thread/INFO]: Reloading ResourceManager: Default
[22:07:47] [Render thread/INFO]: Loaded 7 recipes
[22:07:47] [Render thread/INFO]: Loaded 927 advancements
[22:07:48] [Render thread/INFO]: Environment: authHost='https://authserver.mojang.com', accountsHost='https://api.mojang.com', sessionHost='https://sessionserver.mojang.com', servicesHost='https://api.minecraftservices.com', name='PROD'
[22:07:48] [Render thread/INFO]: Starting integrated minecraft server version 1.16.5
[22:07:48] [Render thread/INFO]: Generating keypair
[22:07:56] [Render thread/INFO]: Preparing start region for dimension minecraft:overworld
[22:08:20] [Render thread/INFO]: Changing view distance to 11, from 10
[22:08:20] [Render thread/INFO]: MineRLAgent0[local:E:ad8e07dd] logged in with entity id 711 at (-883.5, 64.0, -237.5)
[22:08:20] [Render thread/INFO]: MineRLAgent0 joined the game
[22:08:20] [Render thread/INFO]: Preparing spawn area: 3%
[22:08:20] [Render thread/INFO]: Time elapsed: 11 ms
[22:08:21] [Render thread/INFO]: [STDOUT]: Starting new video null
[22:08:21] [Render thread/INFO]: Saving and pausing game...
[22:08:21] [Render thread/INFO]: Saving chunks for level 'ServerLevel[mcpworld036317cd2756]'/minecraft:overworld
[22:08:23] [Render thread/INFO]: Saving chunks for level 'ServerLevel[mcpworld036317cd2756]'/minecraft:the_nether
[22:08:23] [Render thread/INFO]: Saving chunks for level 'ServerLevel[mcpworld036317cd2756]'/minecraft:the_end
[22:08:24] [Render thread/INFO]: Loaded 0 advancements
[22:09:01] [EnvServerSocketHandler/INFO]: [STDOUT]: *** Stopping the replay, returning control to the inputs
