[11:27:41] [Thread-5/INFO]: [STDOUT]: SERVER enter state: DORMANT
[11:27:41] [EnvServerSocketHandler/INFO]: Received Mission token ada807f3-056c-43dc-9bd3-b88a555d3c5d:0:0:1:true
[11:27:41] [EnvServerSocketHandler/INFO]: Received mission init command  <MissionInit xmlns="http://ProjectMalmo.microsoft.com" xmlns:xsi="http://www.w3.org/2001/XMLSchema-instance" SchemaVersion="" PlatformVersion="0.37.0"><Mission><About><Summary>MineRLObtainDiamondShovel-v0</Summary></About><ModSettings><MsPerTick>50</MsPerTick></ModSettings><ServerSection><ServerInitialConditions><Time><AllowPassageOfTime>true</AllowPassageOfTime></Time><AllowSpawning>true</AllowSpawning></ServerInitialConditions><ServerHandlers><DefaultWorldGenerator forceReset="true" generatorOptions="{}"/><ServerQuitWhenAnyAgentFinishes/></ServerHandlers></ServerSection><AgentSection mode="Survival"><Name>MineRLAgent0</Name><AgentStart><LowLevelInputs>true</LowLevelInputs><GuiScale>1.0</GuiScale><GammaSetting>2.0</GammaSetting><FOVSetting>70.0</FOVSetting><FakeCursorSize>16</FakeCursorSize></AgentStart><AgentHandlers><FileBasedPerformanceProducer/><PauseCommand/><VideoProducer want_depth="false"><Width>640</Width><Height>360</Height></VideoProducer><ObservationFromFullInventory flat="false"/><HumanLevelCommands/><CameraCommands/></AgentHandlers></AgentSection></Mission><ExperimentUID>ada807f3-056c-43dc-9bd3-b88a555d3c5d</ExperimentUID><ClientRole>0</ClientRole><ClientAgentConnection><ClientIPAddress>127.0.0.1</ClientIPAddress><ClientMissionControlPort>0</ClientMissionControlPort><ClientCommandsPort>0</ClientCommandsPort><AgentIPAddress>127.0.0.1</AgentIPAddress><AgentMissionControlPort>0</AgentMissionControlPort><AgentVideoPort>0</AgentVideoPort><AgentDepthPort>0</AgentDepthPort><AgentLuminancePort>0</AgentLuminancePort><AgentObservationsPort>0</AgentObservationsPort><AgentRewardsPort>0</AgentRewardsPort><AgentColourMapPort>0</AgentColourMapPort></ClientAgentConnection></MissionInit>
[11:27:42] [EnvServerSocketHandler/INFO]: [STDOUT]: Setting width, height to 640, 360
[11:27:42] [EnvServerSocketHandler/INFO]: [STDOUT]: Gamma: 2.0
[11:27:42] [EnvServerSocketHandler/INFO]: [STDOUT]: FOV: 70.0
[11:27:42] [EnvServerSocketHandler/INFO]: [STDOUT]: GuiScale: 1.0
[11:27:42] [Render thread/INFO]: [STDOUT]: Seed not provided, generating random one: -2445817907055548927
[11:27:43] [Render thread/WARN]: Ambiguity between arguments [teleport, destination] and [teleport, targets] with inputs: [Player, 0123, @e, dd12be42-52a9-4a91-a8a1-11c01849e498]
[11:27:43] [Render thread/WARN]: Ambiguity between arguments [teleport, location] and [teleport, destination] with inputs: [0.1 -0.5 .9, 0 0 0]
[11:27:43] [Render thread/WARN]: Ambiguity between arguments [teleport, location] and [teleport, targets] with inputs: [0.1 -0.5 .9, 0 0 0]
[11:27:43] [Render thread/WARN]: Ambiguity between arguments [teleport, targets] and [teleport, destination] with inputs: [Player, 0123, dd12be42-52a9-4a91-a8a1-11c01849e498]
[11:27:43] [Render thread/WARN]: Ambiguity between arguments [teleport, targets, location] and [teleport, targets, destination] with inputs: [0.1 -0.5 .9, 0 0 0]
[11:27:43] [Render thread/INFO]: Reloading ResourceManager: Default
[11:27:43] [Render thread/INFO]: Loaded 7 recipes
[11:27:43] [Render thread/INFO]: Loaded 927 advancements
[11:27:44] [Render thread/INFO]: Environment: authHost='https://authserver.mojang.com', accountsHost='https://api.mojang.com', sessionHost='https://sessionserver.mojang.com', servicesHost='https://api.minecraftservices.com', name='PROD'
[11:27:44] [Render thread/INFO]: Starting integrated minecraft server version 1.16.5
[11:27:44] [Render thread/INFO]: Generating keypair
[11:27:47] [Render thread/INFO]: Preparing start region for dimension minecraft:overworld
[11:27:53] [Render thread/INFO]: Changing view distance to 11, from 10
[11:27:54] [Render thread/INFO]: MineRLAgent0[local:E:9b180bad] logged in with entity id 210 at (-685.5, 70.0, -977.5)
[11:27:54] [Render thread/INFO]: MineRLAgent0 joined the game
[11:27:54] [Render thread/INFO]: [STDOUT]: *** creating fake mouse cursor ***
[11:27:54] [Render thread/INFO]: Preparing spawn area: 5%
[11:27:54] [Render thread/INFO]: Time elapsed: 3 ms
[11:27:54] [Render thread/INFO]: [STDOUT]: Starting new video null
[11:27:54] [Render thread/INFO]: Saving and pausing game...
[11:27:54] [Render thread/INFO]: Saving chunks for level 'ServerLevel[mcpworldb2063046c892]'/minecraft:overworld
[11:27:55] [Render thread/INFO]: Saving chunks for level 'ServerLevel[mcpworldb2063046c892]'/minecraft:the_nether
[11:27:55] [Render thread/INFO]: Saving chunks for level 'ServerLevel[mcpworldb2063046c892]'/minecraft:the_end
[11:27:55] [Render thread/INFO]: Loaded 0 advancements
[11:27:57] [EnvServerSocketHandler/INFO]: [STDOUT]: *** Stopping the replay, returning control to the inputs
[11:27:57] [EnvServerSocketHandler/INFO]: Received Mission token de8f3347-9eac-4676-beb7-2a3a660905bb:0:0:1:true
[11:27:57] [EnvServerSocketHandler/INFO]: Received mission init command  <MissionInit xmlns="http://ProjectMalmo.microsoft.com" xmlns:xsi="http://www.w3.org/2001/XMLSchema-instance" SchemaVersion="" PlatformVersion="0.37.0"><Mission><About><Summary>MineRLObtainDiamondShovel-v0</Summary></About><ModSettings><MsPerTick>50</MsPerTick></ModSettings><ServerSection><ServerInitialConditions><Time><AllowPassageOfTime>true</AllowPassageOfTime></Time><AllowSpawning>true</AllowSpawning></ServerInitialConditions><ServerHandlers><DefaultWorldGenerator forceReset="true" generatorOptions="{}"/><ServerQuitWhenAnyAgentFinishes/></ServerHandlers></ServerSection><AgentSection mode="Survival"><Name>MineRLAgent0</Name><AgentStart><LowLevelInputs>true</LowLevelInputs><GuiScale>1.0</GuiScale><GammaSetting>2.0</GammaSetting><FOVSetting>70.0</FOVSetting><FakeCursorSize>16</FakeCursorSize></AgentStart><AgentHandlers><FileBasedPerformanceProducer/><PauseCommand/><VideoProducer want_depth="false"><Width>640</Width><Height>360</Height></VideoProducer><ObservationFromFullInventory flat="false"/><HumanLevelCommands/><CameraCommands/></AgentHandlers></AgentSection></Mission><ExperimentUID>de8f3347-9eac-4676-beb7-2a3a660905bb</ExperimentUID><ClientRole>0</ClientRole><ClientAgentConnection><ClientIPAddress>127.0.0.1</ClientIPAddress><ClientMissionControlPort>0</ClientMissionControlPort><ClientCommandsPort>0</ClientCommandsPort><AgentIPAddress>127.0.0.1</AgentIPAddress><AgentMissionControlPort>0</AgentMissionControlPort><AgentVideoPort>0</AgentVideoPort><AgentDepthPort>0</AgentDepthPort><AgentLuminancePort>0</AgentLuminancePort><AgentObservationsPort>0</AgentObservationsPort><AgentRewardsPort>0</AgentRewardsPort><AgentColourMapPort>0</AgentColourMapPort></ClientAgentConnection></MissionInit>
[11:27:57] [EnvServerSocketHandler/INFO]: [STDOUT]: Setting width, height to 640, 360
[11:27:57] [EnvServerSocketHandler/INFO]: [STDOUT]: Gamma: 2.0
[11:27:57] [EnvServerSocketHandler/INFO]: [STDOUT]: FOV: 70.0
[11:27:57] [EnvServerSocketHandler/INFO]: [STDOUT]: GuiScale: 1.0
[11:27:57] [Render thread/INFO]: [STDOUT]: Seed not provided, generating random one: 8548873445621376165
[11:27:57] [Render thread/WARN]: Ambiguity between arguments [teleport, destination] and [teleport, targets] with inputs: [Player, 0123, @e, dd12be42-52a9-4a91-a8a1-11c01849e498]
[11:27:57] [Render thread/WARN]: Ambiguity between arguments [teleport, location] and [teleport, destination] with inputs: [0.1 -0.5 .9, 0 0 0]
[11:27:57] [Render thread/WARN]: Ambiguity between arguments [teleport, location] and [teleport, targets] with inputs: [0.1 -0.5 .9, 0 0 0]
[11:27:57] [Render thread/WARN]: Ambiguity between arguments [teleport, targets] and [teleport, destination] with inputs: [Player, 0123, dd12be42-52a9-4a91-a8a1-11c01849e498]
[11:27:57] [Render thread/WARN]: Ambiguity between arguments [teleport, targets, location] and [teleport, targets, destination] with inputs: [0.1 -0.5 .9, 0 0 0]
[11:27:57] [Render thread/INFO]: Reloading ResourceManager: Default
[11:27:57] [Render thread/INFO]: Loaded 7 recipes
[11:27:57] [Render thread/INFO]: Loaded 927 advancements
[11:27:58] [Render thread/INFO]: Environment: authHost='https://authserver.mojang.com', accountsHost='https://api.mojang.com', sessionHost='https://sessionserver.mojang.com', servicesHost='https://api.minecraftservices.com', name='PROD'
[11:27:58] [Render thread/INFO]: Starting integrated minecraft server version 1.16.5
[11:27:58] [Render thread/INFO]: Generating keypair
[11:28:00] [Render thread/INFO]: Preparing start region for dimension minecraft:overworld
[11:28:06] [Render thread/INFO]: Changing view distance to 11, from 10
[11:28:06] [Render thread/INFO]: MineRLAgent0[local:E:fa33e7ac] logged in with entity id 783 at (1010.5, 70.0, 426.5)
[11:28:06] [Render thread/INFO]: MineRLAgent0 joined the game
[11:28:06] [Render thread/INFO]: Preparing spawn area: 17%
[11:28:06] [Render thread/INFO]: Time elapsed: 2 ms
[11:28:06] [Render thread/INFO]: [STDOUT]: Starting new video null
[11:28:06] [Render thread/INFO]: Saving and pausing game...
[11:28:06] [Render thread/INFO]: Saving chunks for level 'ServerLevel[mcpworld9cc1704bfb04]'/minecraft:overworld
[11:28:07] [Render thread/INFO]: Saving chunks for level 'ServerLevel[mcpworld9cc1704bfb04]'/minecraft:the_nether
[11:28:07] [Render thread/INFO]: Saving chunks for level 'ServerLevel[mcpworld9cc1704bfb04]'/minecraft:the_end
[11:28:07] [Render thread/INFO]: Loaded 0 advancements
[11:28:13] [EnvServerSocketHandler/INFO]: [STDOUT]: *** Stopping the replay, returning control to the inputs
