[14:10:15] [Thread-5/INFO]: [STDOUT]: SERVER enter state: DORMANT
[14:10:15] [EnvServerSocketHandler/INFO]: Received Mission token 7f516ba6-887c-4eb4-b4b2-ed64dbb11d4c:0:0:1:true
[14:10:15] [EnvServerSocketHandler/INFO]: Received mission init command  <MissionInit xmlns="http://ProjectMalmo.microsoft.com" xmlns:xsi="http://www.w3.org/2001/XMLSchema-instance" SchemaVersion="" PlatformVersion="0.37.0"><Mission><About><Summary>MineRLObtainDiamondShovel-v0</Summary></About><ModSettings><MsPerTick>50</MsPerTick></ModSettings><ServerSection><ServerInitialConditions><Time><AllowPassageOfTime>true</AllowPassageOfTime></Time><AllowSpawning>true</AllowSpawning></ServerInitialConditions><ServerHandlers><DefaultWorldGenerator forceReset="true" generatorOptions="{}"/><ServerQuitWhenAnyAgentFinishes/></ServerHandlers></ServerSection><AgentSection mode="Survival"><Name>MineRLAgent0</Name><AgentStart><LowLevelInputs>true</LowLevelInputs><GuiScale>1.0</GuiScale><GammaSetting>2.0</GammaSetting><FOVSetting>70.0</FOVSetting><FakeCursorSize>16</FakeCursorSize></AgentStart><AgentHandlers><FileBasedPerformanceProducer/><PauseCommand/><VideoProducer want_depth="false"><Width>640</Width><Height>360</Height></VideoProducer><ObservationFromFullInventory flat="false"/><HumanLevelCommands/><CameraCommands/></AgentHandlers></AgentSection></Mission><ExperimentUID>7f516ba6-887c-4eb4-b4b2-ed64dbb11d4c</ExperimentUID><ClientRole>0</ClientRole><ClientAgentConnection><ClientIPAddress>127.0.0.1</ClientIPAddress><ClientMissionControlPort>0</ClientMissionControlPort><ClientCommandsPort>0</ClientCommandsPort><AgentIPAddress>127.0.0.1</AgentIPAddress><AgentMissionControlPort>0</AgentMissionControlPort><AgentVideoPort>0</AgentVideoPort><AgentDepthPort>0</AgentDepthPort><AgentLuminancePort>0</AgentLuminancePort><AgentObservationsPort>0</AgentObservationsPort><AgentRewardsPort>0</AgentRewardsPort><AgentColourMapPort>0</AgentColourMapPort></ClientAgentConnection></MissionInit>
[14:10:16] [Sound engine/ERROR]: Unqueue buffers: Invalid parameter parameter value.
[14:10:16] [EnvServerSocketHandler/INFO]: [STDOUT]: Setting width, height to 640, 360
[14:10:16] [EnvServerSocketHandler/INFO]: [STDOUT]: Gamma: 2.0
[14:10:16] [EnvServerSocketHandler/INFO]: [STDOUT]: FOV: 70.0
[14:10:16] [EnvServerSocketHandler/INFO]: [STDOUT]: GuiScale: 1.0
[14:10:16] [Sound engine/FATAL]: Error executing task on Sound executor
java.lang.NullPointerException: null
	at net.minecraft.client.audio.ChannelManager.lambda$tick$3(ChannelManager.java:57) ~[mcprec-6.13.jar:?]
	at net.minecraft.util.concurrent.ThreadTaskExecutor.run(ThreadTaskExecutor.java:136) ~[mcprec-6.13.jar:?]
	at net.minecraft.util.concurrent.ThreadTaskExecutor.driveOne(ThreadTaskExecutor.java:109) ~[mcprec-6.13.jar:?]
	at net.minecraft.util.concurrent.ThreadTaskExecutor.driveUntil(ThreadTaskExecutor.java:119) ~[mcprec-6.13.jar:?]
	at net.minecraft.client.audio.SoundEngineExecutor.run(SoundEngineExecutor.java:39) ~[mcprec-6.13.jar:?]
	at java.lang.Thread.run(Unknown Source) [?:1.8.0_333]
[14:10:16] [Render thread/INFO]: [STDOUT]: Seed not provided, generating random one: 7306030646642486163
[14:10:17] [Render thread/WARN]: Ambiguity between arguments [teleport, destination] and [teleport, targets] with inputs: [Player, 0123, @e, dd12be42-52a9-4a91-a8a1-11c01849e498]
[14:10:17] [Render thread/WARN]: Ambiguity between arguments [teleport, location] and [teleport, destination] with inputs: [0.1 -0.5 .9, 0 0 0]
[14:10:17] [Render thread/WARN]: Ambiguity between arguments [teleport, location] and [teleport, targets] with inputs: [0.1 -0.5 .9, 0 0 0]
[14:10:17] [Render thread/WARN]: Ambiguity between arguments [teleport, targets] and [teleport, destination] with inputs: [Player, 0123, dd12be42-52a9-4a91-a8a1-11c01849e498]
[14:10:17] [Render thread/WARN]: Ambiguity between arguments [teleport, targets, location] and [teleport, targets, destination] with inputs: [0.1 -0.5 .9, 0 0 0]
[14:10:17] [Render thread/INFO]: Reloading ResourceManager: Default
[14:10:17] [Render thread/INFO]: Loaded 7 recipes
[14:10:17] [Render thread/INFO]: Loaded 927 advancements
[14:10:18] [Render thread/INFO]: Environment: authHost='https://authserver.mojang.com', accountsHost='https://api.mojang.com', sessionHost='https://sessionserver.mojang.com', servicesHost='https://api.minecraftservices.com', name='PROD'
[14:10:18] [Render thread/INFO]: Starting integrated minecraft server version 1.16.5
[14:10:18] [Render thread/INFO]: Generating keypair
[14:10:21] [Render thread/INFO]: Preparing start region for dimension minecraft:overworld
[14:10:28] [Render thread/INFO]: Changing view distance to 11, from 10
[14:10:29] [Render thread/INFO]: MineRLAgent0[local:E:fce3ec2c] logged in with entity id 359 at (434.5, 69.0, 666.5)
[14:10:29] [Render thread/INFO]: MineRLAgent0 joined the game
[14:10:29] [Render thread/INFO]: [STDOUT]: *** creating fake mouse cursor ***
[14:10:29] [Render thread/INFO]: Preparing spawn area: 10%
[14:10:29] [Render thread/INFO]: Time elapsed: 3 ms
[14:10:29] [Render thread/INFO]: [STDOUT]: Starting new video null
[14:10:29] [Render thread/INFO]: Saving and pausing game...
[14:10:29] [Render thread/INFO]: Saving chunks for level 'ServerLevel[mcpworld2f5ecbea8718]'/minecraft:overworld
[14:10:30] [Render thread/INFO]: Saving chunks for level 'ServerLevel[mcpworld2f5ecbea8718]'/minecraft:the_nether
[14:10:30] [Render thread/INFO]: Saving chunks for level 'ServerLevel[mcpworld2f5ecbea8718]'/minecraft:the_end
[14:10:30] [Render thread/INFO]: Loaded 0 advancements
[14:10:31] [EnvServerSocketHandler/INFO]: [STDOUT]: *** Stopping the replay, returning control to the inputs
[14:10:31] [EnvServerSocketHandler/INFO]: Received Mission token 2dfb75aa-2874-4005-b7d4-7b74f6519744:0:0:1:true
[14:10:31] [EnvServerSocketHandler/INFO]: Received mission init command  <MissionInit xmlns="http://ProjectMalmo.microsoft.com" xmlns:xsi="http://www.w3.org/2001/XMLSchema-instance" SchemaVersion="" PlatformVersion="0.37.0"><Mission><About><Summary>MineRLObtainDiamondShovel-v0</Summary></About><ModSettings><MsPerTick>50</MsPerTick></ModSettings><ServerSection><ServerInitialConditions><Time><AllowPassageOfTime>true</AllowPassageOfTime></Time><AllowSpawning>true</AllowSpawning></ServerInitialConditions><ServerHandlers><DefaultWorldGenerator forceReset="true" generatorOptions="{}"/><ServerQuitWhenAnyAgentFinishes/></ServerHandlers></ServerSection><AgentSection mode="Survival"><Name>MineRLAgent0</Name><AgentStart><LowLevelInputs>true</LowLevelInputs><GuiScale>1.0</GuiScale><GammaSetting>2.0</GammaSetting><FOVSetting>70.0</FOVSetting><FakeCursorSize>16</FakeCursorSize></AgentStart><AgentHandlers><FileBasedPerformanceProducer/><PauseCommand/><VideoProducer want_depth="false"><Width>640</Width><Height>360</Height></VideoProducer><ObservationFromFullInventory flat="false"/><HumanLevelCommands/><CameraCommands/></AgentHandlers></AgentSection></Mission><ExperimentUID>2dfb75aa-2874-4005-b7d4-7b74f6519744</ExperimentUID><ClientRole>0</ClientRole><ClientAgentConnection><ClientIPAddress>127.0.0.1</ClientIPAddress><ClientMissionControlPort>0</ClientMissionControlPort><ClientCommandsPort>0</ClientCommandsPort><AgentIPAddress>127.0.0.1</AgentIPAddress><AgentMissionControlPort>0</AgentMissionControlPort><AgentVideoPort>0</AgentVideoPort><AgentDepthPort>0</AgentDepthPort><AgentLuminancePort>0</AgentLuminancePort><AgentObservationsPort>0</AgentObservationsPort><AgentRewardsPort>0</AgentRewardsPort><AgentColourMapPort>0</AgentColourMapPort></ClientAgentConnection></MissionInit>
[14:10:32] [EnvServerSocketHandler/INFO]: [STDOUT]: Setting width, height to 640, 360
[14:10:32] [EnvServerSocketHandler/INFO]: [STDOUT]: Gamma: 2.0
[14:10:32] [EnvServerSocketHandler/INFO]: [STDOUT]: FOV: 70.0
[14:10:32] [EnvServerSocketHandler/INFO]: [STDOUT]: GuiScale: 1.0
[14:10:32] [Render thread/INFO]: [STDOUT]: Seed not provided, generating random one: -7070887181648385465
[14:10:32] [Render thread/WARN]: Ambiguity between arguments [teleport, destination] and [teleport, targets] with inputs: [Player, 0123, @e, dd12be42-52a9-4a91-a8a1-11c01849e498]
[14:10:32] [Render thread/WARN]: Ambiguity between arguments [teleport, location] and [teleport, destination] with inputs: [0.1 -0.5 .9, 0 0 0]
[14:10:32] [Render thread/WARN]: Ambiguity between arguments [teleport, location] and [teleport, targets] with inputs: [0.1 -0.5 .9, 0 0 0]
[14:10:32] [Render thread/WARN]: Ambiguity between arguments [teleport, targets] and [teleport, destination] with inputs: [Player, 0123, dd12be42-52a9-4a91-a8a1-11c01849e498]
[14:10:32] [Render thread/WARN]: Ambiguity between arguments [teleport, targets, location] and [teleport, targets, destination] with inputs: [0.1 -0.5 .9, 0 0 0]
[14:10:32] [Render thread/INFO]: Reloading ResourceManager: Default
[14:10:32] [Render thread/INFO]: Loaded 7 recipes
[14:10:32] [Render thread/INFO]: Loaded 927 advancements
[14:10:32] [Render thread/INFO]: Environment: authHost='https://authserver.mojang.com', accountsHost='https://api.mojang.com', sessionHost='https://sessionserver.mojang.com', servicesHost='https://api.minecraftservices.com', name='PROD'
[14:10:32] [Render thread/INFO]: Starting integrated minecraft server version 1.16.5
[14:10:32] [Render thread/INFO]: Generating keypair
[14:10:35] [Render thread/INFO]: Preparing start region for dimension minecraft:overworld
[14:10:42] [Render thread/INFO]: Changing view distance to 11, from 10
[14:10:42] [Render thread/INFO]: MineRLAgent0[local:E:0ddcd2be] logged in with entity id 827 at (470.5, 64.0, -802.5)
[14:10:42] [Render thread/INFO]: MineRLAgent0 joined the game
[14:10:42] [Render thread/INFO]: Preparing spawn area: 12%
[14:10:42] [Render thread/INFO]: Time elapsed: 3 ms
[14:10:43] [Render thread/INFO]: [STDOUT]: Starting new video null
[14:10:43] [Render thread/INFO]: Saving and pausing game...
[14:10:43] [Render thread/INFO]: Saving chunks for level 'ServerLevel[mcpworldec5d1a8009eb]'/minecraft:overworld
[14:10:43] [Render thread/INFO]: Saving chunks for level 'ServerLevel[mcpworldec5d1a8009eb]'/minecraft:the_nether
[14:10:43] [Render thread/INFO]: Saving chunks for level 'ServerLevel[mcpworldec5d1a8009eb]'/minecraft:the_end
[14:10:44] [Render thread/INFO]: Loaded 0 advancements
[14:10:55] [EnvServerSocketHandler/INFO]: [STDOUT]: *** Stopping the replay, returning control to the inputs
