[23:46:56] [Thread-5/INFO]: [STDOUT]: SERVER enter state: DORMANT
[23:46:56] [EnvServerSocketHandler/INFO]: Received Mission token 8026e1ef-8526-4cd6-b642-5b2cee45df76:0:0:1:true
[23:46:56] [EnvServerSocketHandler/INFO]: Received mission init command  <MissionInit xmlns="http://ProjectMalmo.microsoft.com" xmlns:xsi="http://www.w3.org/2001/XMLSchema-instance" SchemaVersion="" PlatformVersion="0.37.0"><Mission><About><Summary>MineRLObtainDiamondShovel-v0</Summary></About><ModSettings><MsPerTick>50</MsPerTick></ModSettings><ServerSection><ServerInitialConditions><Time><AllowPassageOfTime>true</AllowPassageOfTime></Time><AllowSpawning>true</AllowSpawning></ServerInitialConditions><ServerHandlers><DefaultWorldGenerator forceReset="true" generatorOptions="{}"/><ServerQuitWhenAnyAgentFinishes/></ServerHandlers></ServerSection><AgentSection mode="Survival"><Name>MineRLAgent0</Name><AgentStart><LowLevelInputs>true</LowLevelInputs><GuiScale>1.0</GuiScale><GammaSetting>2.0</GammaSetting><FOVSetting>70.0</FOVSetting><FakeCursorSize>16</FakeCursorSize></AgentStart><AgentHandlers><FileBasedPerformanceProducer/><PauseCommand/><VideoProducer want_depth="false"><Width>640</Width><Height>360</Height></VideoProducer><ObservationFromFullInventory flat="false"/><HumanLevelCommands/><CameraCommands/></AgentHandlers></AgentSection></Mission><ExperimentUID>8026e1ef-8526-4cd6-b642-5b2cee45df76</ExperimentUID><ClientRole>0</ClientRole><ClientAgentConnection><ClientIPAddress>127.0.0.1</ClientIPAddress><ClientMissionControlPort>0</ClientMissionControlPort><ClientCommandsPort>0</ClientCommandsPort><AgentIPAddress>127.0.0.1</AgentIPAddress><AgentMissionControlPort>0</AgentMissionControlPort><AgentVideoPort>0</AgentVideoPort><AgentDepthPort>0</AgentDepthPort><AgentLuminancePort>0</AgentLuminancePort><AgentObservationsPort>0</AgentObservationsPort><AgentRewardsPort>0</AgentRewardsPort><AgentColourMapPort>0</AgentColourMapPort></ClientAgentConnection></MissionInit>
[23:46:57] [EnvServerSocketHandler/INFO]: [STDOUT]: Setting width, height to 640, 360
[23:46:57] [EnvServerSocketHandler/INFO]: [STDOUT]: Gamma: 2.0
[23:46:57] [EnvServerSocketHandler/INFO]: [STDOUT]: FOV: 70.0
[23:46:57] [EnvServerSocketHandler/INFO]: [STDOUT]: GuiScale: 1.0
[23:46:57] [Sound engine/FATAL]: Error executing task on Sound executor
java.lang.NullPointerException: null
	at net.minecraft.client.audio.ChannelManager.lambda$tick$3(ChannelManager.java:57) ~[mcprec-6.13.jar:?]
	at net.minecraft.util.concurrent.ThreadTaskExecutor.run(ThreadTaskExecutor.java:136) ~[mcprec-6.13.jar:?]
	at net.minecraft.util.concurrent.ThreadTaskExecutor.driveOne(ThreadTaskExecutor.java:109) ~[mcprec-6.13.jar:?]
	at net.minecraft.util.concurrent.ThreadTaskExecutor.driveUntil(ThreadTaskExecutor.java:119) ~[mcprec-6.13.jar:?]
	at net.minecraft.client.audio.SoundEngineExecutor.run(SoundEngineExecutor.java:39) ~[mcprec-6.13.jar:?]
	at java.lang.Thread.run(Unknown Source) [?:1.8.0_333]
[23:46:57] [Render thread/INFO]: [STDOUT]: Seed not provided, generating random one: 2755459556097236362
[23:46:57] [Render thread/WARN]: Ambiguity between arguments [teleport, destination] and [teleport, targets] with inputs: [Player, 0123, @e, dd12be42-52a9-4a91-a8a1-11c01849e498]
[23:46:57] [Render thread/WARN]: Ambiguity between arguments [teleport, location] and [teleport, destination] with inputs: [0.1 -0.5 .9, 0 0 0]
[23:46:57] [Render thread/WARN]: Ambiguity between arguments [teleport, location] and [teleport, targets] with inputs: [0.1 -0.5 .9, 0 0 0]
[23:46:57] [Render thread/WARN]: Ambiguity between arguments [teleport, targets] and [teleport, destination] with inputs: [Player, 0123, dd12be42-52a9-4a91-a8a1-11c01849e498]
[23:46:57] [Render thread/WARN]: Ambiguity between arguments [teleport, targets, location] and [teleport, targets, destination] with inputs: [0.1 -0.5 .9, 0 0 0]
[23:46:57] [Render thread/INFO]: Reloading ResourceManager: Default
[23:46:58] [Render thread/INFO]: Loaded 7 recipes
[23:46:58] [Render thread/INFO]: Loaded 927 advancements
[23:46:59] [Render thread/INFO]: Environment: authHost='https://authserver.mojang.com', accountsHost='https://api.mojang.com', sessionHost='https://sessionserver.mojang.com', servicesHost='https://api.minecraftservices.com', name='PROD'
[23:46:59] [Render thread/INFO]: Starting integrated minecraft server version 1.16.5
[23:46:59] [Render thread/INFO]: Generating keypair
[23:47:02] [Render thread/INFO]: Preparing start region for dimension minecraft:overworld
[23:47:08] [Render thread/INFO]: Changing view distance to 11, from 10
[23:47:08] [Render thread/INFO]: MineRLAgent0[local:E:af75b035] logged in with entity id 368 at (82.5, 64.0, 794.5)
[23:47:08] [Render thread/INFO]: MineRLAgent0 joined the game
[23:47:08] [Render thread/INFO]: [STDOUT]: *** creating fake mouse cursor ***
[23:47:08] [Render thread/INFO]: Preparing spawn area: 7%
[23:47:08] [Render thread/INFO]: Time elapsed: 4 ms
[23:47:08] [Render thread/INFO]: [STDOUT]: Starting new video null
[23:47:08] [Render thread/INFO]: Saving and pausing game...
[23:47:08] [Render thread/INFO]: Saving chunks for level 'ServerLevel[mcpworldf8a510abb206]'/minecraft:overworld
[23:47:09] [Render thread/INFO]: Saving chunks for level 'ServerLevel[mcpworldf8a510abb206]'/minecraft:the_nether
[23:47:09] [Render thread/INFO]: Saving chunks for level 'ServerLevel[mcpworldf8a510abb206]'/minecraft:the_end
[23:47:09] [Render thread/INFO]: Loaded 0 advancements
[23:47:10] [EnvServerSocketHandler/INFO]: [STDOUT]: *** Stopping the replay, returning control to the inputs
[23:47:10] [EnvServerSocketHandler/INFO]: Received Mission token 1e8638f1-4b13-45db-a1b9-6395bc2526ae:0:0:1:true
[23:47:10] [EnvServerSocketHandler/INFO]: Received mission init command  <MissionInit xmlns="http://ProjectMalmo.microsoft.com" xmlns:xsi="http://www.w3.org/2001/XMLSchema-instance" SchemaVersion="" PlatformVersion="0.37.0"><Mission><About><Summary>MineRLObtainDiamondShovel-v0</Summary></About><ModSettings><MsPerTick>50</MsPerTick></ModSettings><ServerSection><ServerInitialConditions><Time><AllowPassageOfTime>true</AllowPassageOfTime></Time><AllowSpawning>true</AllowSpawning></ServerInitialConditions><ServerHandlers><DefaultWorldGenerator forceReset="true" generatorOptions="{}"/><ServerQuitWhenAnyAgentFinishes/></ServerHandlers></ServerSection><AgentSection mode="Survival"><Name>MineRLAgent0</Name><AgentStart><LowLevelInputs>true</LowLevelInputs><GuiScale>1.0</GuiScale><GammaSetting>2.0</GammaSetting><FOVSetting>70.0</FOVSetting><FakeCursorSize>16</FakeCursorSize></AgentStart><AgentHandlers><FileBasedPerformanceProducer/><PauseCommand/><VideoProducer want_depth="false"><Width>640</Width><Height>360</Height></VideoProducer><ObservationFromFullInventory flat="false"/><HumanLevelCommands/><CameraCommands/></AgentHandlers></AgentSection></Mission><ExperimentUID>1e8638f1-4b13-45db-a1b9-6395bc2526ae</ExperimentUID><ClientRole>0</ClientRole><ClientAgentConnection><ClientIPAddress>127.0.0.1</ClientIPAddress><ClientMissionControlPort>0</ClientMissionControlPort><ClientCommandsPort>0</ClientCommandsPort><AgentIPAddress>127.0.0.1</AgentIPAddress><AgentMissionControlPort>0</AgentMissionControlPort><AgentVideoPort>0</AgentVideoPort><AgentDepthPort>0</AgentDepthPort><AgentLuminancePort>0</AgentLuminancePort><AgentObservationsPort>0</AgentObservationsPort><AgentRewardsPort>0</AgentRewardsPort><AgentColourMapPort>0</AgentColourMapPort></ClientAgentConnection></MissionInit>
[23:47:10] [EnvServerSocketHandler/INFO]: [STDOUT]: Setting width, height to 640, 360
[23:47:11] [EnvServerSocketHandler/INFO]: [STDOUT]: Gamma: 2.0
[23:47:11] [EnvServerSocketHandler/INFO]: [STDOUT]: FOV: 70.0
[23:47:11] [EnvServerSocketHandler/INFO]: [STDOUT]: GuiScale: 1.0
[23:47:11] [Render thread/INFO]: [STDOUT]: Seed not provided, generating random one: -5065988054390837515
[23:47:11] [Render thread/WARN]: Ambiguity between arguments [teleport, destination] and [teleport, targets] with inputs: [Player, 0123, @e, dd12be42-52a9-4a91-a8a1-11c01849e498]
[23:47:11] [Render thread/WARN]: Ambiguity between arguments [teleport, location] and [teleport, destination] with inputs: [0.1 -0.5 .9, 0 0 0]
[23:47:11] [Render thread/WARN]: Ambiguity between arguments [teleport, location] and [teleport, targets] with inputs: [0.1 -0.5 .9, 0 0 0]
[23:47:11] [Render thread/WARN]: Ambiguity between arguments [teleport, targets] and [teleport, destination] with inputs: [Player, 0123, dd12be42-52a9-4a91-a8a1-11c01849e498]
[23:47:11] [Render thread/WARN]: Ambiguity between arguments [teleport, targets, location] and [teleport, targets, destination] with inputs: [0.1 -0.5 .9, 0 0 0]
[23:47:11] [Render thread/INFO]: Reloading ResourceManager: Default
[23:47:11] [Render thread/INFO]: Loaded 7 recipes
[23:47:11] [Render thread/INFO]: Loaded 927 advancements
[23:47:11] [Render thread/INFO]: Environment: authHost='https://authserver.mojang.com', accountsHost='https://api.mojang.com', sessionHost='https://sessionserver.mojang.com', servicesHost='https://api.minecraftservices.com', name='PROD'
[23:47:11] [Render thread/INFO]: Starting integrated minecraft server version 1.16.5
[23:47:11] [Render thread/INFO]: Generating keypair
[23:47:14] [Render thread/INFO]: Preparing start region for dimension minecraft:overworld
[23:47:19] [Render thread/INFO]: Changing view distance to 11, from 10
[23:47:19] [Render thread/INFO]: MineRLAgent0[local:E:4751b60c] logged in with entity id 986 at (290.5, 69.0, -149.5)
[23:47:19] [Render thread/INFO]: MineRLAgent0 joined the game
[23:47:19] [Render thread/INFO]: Preparing spawn area: 31%
[23:47:19] [Render thread/INFO]: Time elapsed: 2 ms
[23:47:19] [Render thread/INFO]: [STDOUT]: Starting new video null
[23:47:19] [Render thread/INFO]: Saving and pausing game...
[23:47:19] [Render thread/INFO]: Saving chunks for level 'ServerLevel[mcpworld6ce4423117ad]'/minecraft:overworld
[23:47:20] [Render thread/INFO]: Saving chunks for level 'ServerLevel[mcpworld6ce4423117ad]'/minecraft:the_nether
[23:47:20] [Render thread/INFO]: Saving chunks for level 'ServerLevel[mcpworld6ce4423117ad]'/minecraft:the_end
[23:47:20] [Render thread/INFO]: Loaded 0 advancements
[23:47:57] [EnvServerSocketHandler/INFO]: [STDOUT]: *** Stopping the replay, returning control to the inputs
[23:47:57] [EnvServerSocketHandler/INFO]: Received Mission token 3332044a-c1d1-49d4-bb43-8c435e75de5d:0:0:1:true
[23:47:57] [EnvServerSocketHandler/INFO]: Received mission init command  <MissionInit xmlns="http://ProjectMalmo.microsoft.com" xmlns:xsi="http://www.w3.org/2001/XMLSchema-instance" SchemaVersion="" PlatformVersion="0.37.0"><Mission><About><Summary>MineRLObtainDiamondShovel-v0</Summary></About><ModSettings><MsPerTick>50</MsPerTick></ModSettings><ServerSection><ServerInitialConditions><Time><AllowPassageOfTime>true</AllowPassageOfTime></Time><AllowSpawning>true</AllowSpawning></ServerInitialConditions><ServerHandlers><DefaultWorldGenerator forceReset="true" generatorOptions="{}"/><ServerQuitWhenAnyAgentFinishes/></ServerHandlers></ServerSection><AgentSection mode="Survival"><Name>MineRLAgent0</Name><AgentStart><LowLevelInputs>true</LowLevelInputs><GuiScale>1.0</GuiScale><GammaSetting>2.0</GammaSetting><FOVSetting>70.0</FOVSetting><FakeCursorSize>16</FakeCursorSize></AgentStart><AgentHandlers><FileBasedPerformanceProducer/><PauseCommand/><VideoProducer want_depth="false"><Width>640</Width><Height>360</Height></VideoProducer><ObservationFromFullInventory flat="false"/><HumanLevelCommands/><CameraCommands/></AgentHandlers></AgentSection></Mission><ExperimentUID>3332044a-c1d1-49d4-bb43-8c435e75de5d</ExperimentUID><ClientRole>0</ClientRole><ClientAgentConnection><ClientIPAddress>127.0.0.1</ClientIPAddress><ClientMissionControlPort>0</ClientMissionControlPort><ClientCommandsPort>0</ClientCommandsPort><AgentIPAddress>127.0.0.1</AgentIPAddress><AgentMissionControlPort>0</AgentMissionControlPort><AgentVideoPort>0</AgentVideoPort><AgentDepthPort>0</AgentDepthPort><AgentLuminancePort>0</AgentLuminancePort><AgentObservationsPort>0</AgentObservationsPort><AgentRewardsPort>0</AgentRewardsPort><AgentColourMapPort>0</AgentColourMapPort></ClientAgentConnection></MissionInit>
[23:47:57] [EnvServerSocketHandler/INFO]: [STDOUT]: Setting width, height to 640, 360
[23:47:57] [EnvServerSocketHandler/INFO]: [STDOUT]: Gamma: 2.0
[23:47:57] [EnvServerSocketHandler/INFO]: [STDOUT]: FOV: 70.0
[23:47:57] [EnvServerSocketHandler/INFO]: [STDOUT]: GuiScale: 1.0
[23:47:57] [Render thread/INFO]: [STDOUT]: Seed not provided, generating random one: 7384627330200489898
[23:47:58] [Render thread/WARN]: Ambiguity between arguments [teleport, destination] and [teleport, targets] with inputs: [Player, 0123, @e, dd12be42-52a9-4a91-a8a1-11c01849e498]
[23:47:58] [Render thread/WARN]: Ambiguity between arguments [teleport, location] and [teleport, destination] with inputs: [0.1 -0.5 .9, 0 0 0]
[23:47:58] [Render thread/WARN]: Ambiguity between arguments [teleport, location] and [teleport, targets] with inputs: [0.1 -0.5 .9, 0 0 0]
[23:47:58] [Render thread/WARN]: Ambiguity between arguments [teleport, targets] and [teleport, destination] with inputs: [Player, 0123, dd12be42-52a9-4a91-a8a1-11c01849e498]
[23:47:58] [Render thread/WARN]: Ambiguity between arguments [teleport, targets, location] and [teleport, targets, destination] with inputs: [0.1 -0.5 .9, 0 0 0]
[23:47:58] [Render thread/INFO]: Reloading ResourceManager: Default
[23:47:58] [Render thread/INFO]: Loaded 7 recipes
[23:47:58] [Render thread/INFO]: Loaded 927 advancements
[23:47:58] [Render thread/INFO]: Environment: authHost='https://authserver.mojang.com', accountsHost='https://api.mojang.com', sessionHost='https://sessionserver.mojang.com', servicesHost='https://api.minecraftservices.com', name='PROD'
[23:47:58] [Render thread/INFO]: Starting integrated minecraft server version 1.16.5
[23:47:58] [Render thread/INFO]: Generating keypair
[23:48:00] [Render thread/INFO]: Preparing start region for dimension minecraft:overworld
[23:48:05] [Render thread/INFO]: Changing view distance to 11, from 10
[23:48:05] [Render thread/INFO]: MineRLAgent0[local:E:434b3d90] logged in with entity id 1599 at (-769.5, 70.0, 683.5)
[23:48:05] [Render thread/INFO]: MineRLAgent0 joined the game
[23:48:05] [Render thread/INFO]: Preparing spawn area: 34%
[23:48:05] [Render thread/INFO]: Time elapsed: 1 ms
[23:48:05] [Render thread/INFO]: [STDOUT]: Starting new video null
[23:48:05] [Render thread/INFO]: Saving and pausing game...
[23:48:05] [Render thread/INFO]: Saving chunks for level 'ServerLevel[mcpworld0d33ba23338b]'/minecraft:overworld
[23:48:06] [Render thread/INFO]: Saving chunks for level 'ServerLevel[mcpworld0d33ba23338b]'/minecraft:the_nether
[23:48:06] [Render thread/INFO]: Saving chunks for level 'ServerLevel[mcpworld0d33ba23338b]'/minecraft:the_end
[23:48:06] [Render thread/INFO]: Loaded 0 advancements
[23:48:39] [EnvServerSocketHandler/INFO]: [STDOUT]: *** Stopping the replay, returning control to the inputs
[23:48:39] [EnvServerSocketHandler/INFO]: Received Mission token 8eb59d6a-2830-4865-9176-67401091d434:0:0:1:true
[23:48:39] [EnvServerSocketHandler/INFO]: Received mission init command  <MissionInit xmlns="http://ProjectMalmo.microsoft.com" xmlns:xsi="http://www.w3.org/2001/XMLSchema-instance" SchemaVersion="" PlatformVersion="0.37.0"><Mission><About><Summary>MineRLObtainDiamondShovel-v0</Summary></About><ModSettings><MsPerTick>50</MsPerTick></ModSettings><ServerSection><ServerInitialConditions><Time><AllowPassageOfTime>true</AllowPassageOfTime></Time><AllowSpawning>true</AllowSpawning></ServerInitialConditions><ServerHandlers><DefaultWorldGenerator forceReset="true" generatorOptions="{}"/><ServerQuitWhenAnyAgentFinishes/></ServerHandlers></ServerSection><AgentSection mode="Survival"><Name>MineRLAgent0</Name><AgentStart><LowLevelInputs>true</LowLevelInputs><GuiScale>1.0</GuiScale><GammaSetting>2.0</GammaSetting><FOVSetting>70.0</FOVSetting><FakeCursorSize>16</FakeCursorSize></AgentStart><AgentHandlers><FileBasedPerformanceProducer/><PauseCommand/><VideoProducer want_depth="false"><Width>640</Width><Height>360</Height></VideoProducer><ObservationFromFullInventory flat="false"/><HumanLevelCommands/><CameraCommands/></AgentHandlers></AgentSection></Mission><ExperimentUID>8eb59d6a-2830-4865-9176-67401091d434</ExperimentUID><ClientRole>0</ClientRole><ClientAgentConnection><ClientIPAddress>127.0.0.1</ClientIPAddress><ClientMissionControlPort>0</ClientMissionControlPort><ClientCommandsPort>0</ClientCommandsPort><AgentIPAddress>127.0.0.1</AgentIPAddress><AgentMissionControlPort>0</AgentMissionControlPort><AgentVideoPort>0</AgentVideoPort><AgentDepthPort>0</AgentDepthPort><AgentLuminancePort>0</AgentLuminancePort><AgentObservationsPort>0</AgentObservationsPort><AgentRewardsPort>0</AgentRewardsPort><AgentColourMapPort>0</AgentColourMapPort></ClientAgentConnection></MissionInit>
[23:48:40] [EnvServerSocketHandler/INFO]: [STDOUT]: Setting width, height to 640, 360
[23:48:40] [EnvServerSocketHandler/INFO]: [STDOUT]: Gamma: 2.0
[23:48:40] [EnvServerSocketHandler/INFO]: [STDOUT]: FOV: 70.0
[23:48:40] [EnvServerSocketHandler/INFO]: [STDOUT]: GuiScale: 1.0
[23:48:40] [Render thread/INFO]: [STDOUT]: Seed not provided, generating random one: -4837319369600375645
[23:48:40] [Render thread/WARN]: Ambiguity between arguments [teleport, destination] and [teleport, targets] with inputs: [Player, 0123, @e, dd12be42-52a9-4a91-a8a1-11c01849e498]
[23:48:40] [Render thread/WARN]: Ambiguity between arguments [teleport, location] and [teleport, destination] with inputs: [0.1 -0.5 .9, 0 0 0]
[23:48:40] [Render thread/WARN]: Ambiguity between arguments [teleport, location] and [teleport, targets] with inputs: [0.1 -0.5 .9, 0 0 0]
[23:48:40] [Render thread/WARN]: Ambiguity between arguments [teleport, targets] and [teleport, destination] with inputs: [Player, 0123, dd12be42-52a9-4a91-a8a1-11c01849e498]
[23:48:40] [Render thread/WARN]: Ambiguity between arguments [teleport, targets, location] and [teleport, targets, destination] with inputs: [0.1 -0.5 .9, 0 0 0]
[23:48:40] [Render thread/INFO]: Reloading ResourceManager: Default
[23:48:40] [Render thread/INFO]: Loaded 7 recipes
[23:48:40] [Render thread/INFO]: Loaded 927 advancements
[23:48:40] [Render thread/INFO]: Environment: authHost='https://authserver.mojang.com', accountsHost='https://api.mojang.com', sessionHost='https://sessionserver.mojang.com', servicesHost='https://api.minecraftservices.com', name='PROD'
[23:48:40] [Render thread/INFO]: Starting integrated minecraft server version 1.16.5
[23:48:40] [Render thread/INFO]: Generating keypair
[23:48:42] [Render thread/INFO]: Preparing start region for dimension minecraft:overworld
[23:48:48] [Render thread/INFO]: Changing view distance to 11, from 10
[23:48:48] [Render thread/INFO]: MineRLAgent0[local:E:1e05b225] logged in with entity id 2201 at (206.5, 69.0, 763.5)
[23:48:48] [Render thread/INFO]: MineRLAgent0 joined the game
[23:48:48] [Render thread/INFO]: Preparing spawn area: 25%
[23:48:48] [Render thread/INFO]: Time elapsed: 1 ms
[23:48:48] [Render thread/INFO]: [STDOUT]: Starting new video null
[23:48:48] [Render thread/INFO]: Saving and pausing game...
[23:48:48] [Render thread/INFO]: Saving chunks for level 'ServerLevel[mcpworlddb69692237e9]'/minecraft:overworld
[23:48:48] [Render thread/INFO]: Saving chunks for level 'ServerLevel[mcpworlddb69692237e9]'/minecraft:the_nether
[23:48:48] [Render thread/INFO]: Saving chunks for level 'ServerLevel[mcpworlddb69692237e9]'/minecraft:the_end
[23:48:48] [Render thread/INFO]: Loaded 0 advancements
[23:49:22] [EnvServerSocketHandler/INFO]: [STDOUT]: *** Stopping the replay, returning control to the inputs
[23:49:22] [EnvServerSocketHandler/INFO]: Received Mission token 8693ae8a-849b-4acc-8c1e-3363b9f56b9d:0:0:1:true
[23:49:22] [EnvServerSocketHandler/INFO]: Received mission init command  <MissionInit xmlns="http://ProjectMalmo.microsoft.com" xmlns:xsi="http://www.w3.org/2001/XMLSchema-instance" SchemaVersion="" PlatformVersion="0.37.0"><Mission><About><Summary>MineRLObtainDiamondShovel-v0</Summary></About><ModSettings><MsPerTick>50</MsPerTick></ModSettings><ServerSection><ServerInitialConditions><Time><AllowPassageOfTime>true</AllowPassageOfTime></Time><AllowSpawning>true</AllowSpawning></ServerInitialConditions><ServerHandlers><DefaultWorldGenerator forceReset="true" generatorOptions="{}"/><ServerQuitWhenAnyAgentFinishes/></ServerHandlers></ServerSection><AgentSection mode="Survival"><Name>MineRLAgent0</Name><AgentStart><LowLevelInputs>true</LowLevelInputs><GuiScale>1.0</GuiScale><GammaSetting>2.0</GammaSetting><FOVSetting>70.0</FOVSetting><FakeCursorSize>16</FakeCursorSize></AgentStart><AgentHandlers><FileBasedPerformanceProducer/><PauseCommand/><VideoProducer want_depth="false"><Width>640</Width><Height>360</Height></VideoProducer><ObservationFromFullInventory flat="false"/><HumanLevelCommands/><CameraCommands/></AgentHandlers></AgentSection></Mission><ExperimentUID>8693ae8a-849b-4acc-8c1e-3363b9f56b9d</ExperimentUID><ClientRole>0</ClientRole><ClientAgentConnection><ClientIPAddress>127.0.0.1</ClientIPAddress><ClientMissionControlPort>0</ClientMissionControlPort><ClientCommandsPort>0</ClientCommandsPort><AgentIPAddress>127.0.0.1</AgentIPAddress><AgentMissionControlPort>0</AgentMissionControlPort><AgentVideoPort>0</AgentVideoPort><AgentDepthPort>0</AgentDepthPort><AgentLuminancePort>0</AgentLuminancePort><AgentObservationsPort>0</AgentObservationsPort><AgentRewardsPort>0</AgentRewardsPort><AgentColourMapPort>0</AgentColourMapPort></ClientAgentConnection></MissionInit>
[23:49:23] [EnvServerSocketHandler/INFO]: [STDOUT]: Setting width, height to 640, 360
[23:49:23] [EnvServerSocketHandler/INFO]: [STDOUT]: Gamma: 2.0
[23:49:23] [EnvServerSocketHandler/INFO]: [STDOUT]: FOV: 70.0
[23:49:23] [EnvServerSocketHandler/INFO]: [STDOUT]: GuiScale: 1.0
[23:49:23] [Render thread/INFO]: [STDOUT]: Seed not provided, generating random one: 6071671187698306958
[23:49:23] [Render thread/WARN]: Ambiguity between arguments [teleport, destination] and [teleport, targets] with inputs: [Player, 0123, @e, dd12be42-52a9-4a91-a8a1-11c01849e498]
[23:49:23] [Render thread/WARN]: Ambiguity between arguments [teleport, location] and [teleport, destination] with inputs: [0.1 -0.5 .9, 0 0 0]
[23:49:23] [Render thread/WARN]: Ambiguity between arguments [teleport, location] and [teleport, targets] with inputs: [0.1 -0.5 .9, 0 0 0]
[23:49:23] [Render thread/WARN]: Ambiguity between arguments [teleport, targets] and [teleport, destination] with inputs: [Player, 0123, dd12be42-52a9-4a91-a8a1-11c01849e498]
[23:49:23] [Render thread/WARN]: Ambiguity between arguments [teleport, targets, location] and [teleport, targets, destination] with inputs: [0.1 -0.5 .9, 0 0 0]
[23:49:23] [Render thread/INFO]: Reloading ResourceManager: Default
[23:49:23] [Render thread/INFO]: Loaded 7 recipes
[23:49:23] [Render thread/INFO]: Loaded 927 advancements
[23:49:23] [Render thread/INFO]: Environment: authHost='https://authserver.mojang.com', accountsHost='https://api.mojang.com', sessionHost='https://sessionserver.mojang.com', servicesHost='https://api.minecraftservices.com', name='PROD'
[23:49:23] [Render thread/INFO]: Starting integrated minecraft server version 1.16.5
[23:49:23] [Render thread/INFO]: Generating keypair
[23:49:26] [Render thread/INFO]: Preparing start region for dimension minecraft:overworld
[23:49:30] [Render thread/INFO]: Changing view distance to 11, from 10
[23:49:30] [Render thread/INFO]: MineRLAgent0[local:E:da56a239] logged in with entity id 2697 at (-952.5, 66.0, 669.5)
[23:49:30] [Render thread/INFO]: MineRLAgent0 joined the game
[23:49:30] [Render thread/INFO]: Time elapsed: 0 ms
[23:49:30] [Render thread/INFO]: [STDOUT]: Starting new video null
[23:49:30] [Render thread/INFO]: Saving and pausing game...
[23:49:30] [Render thread/INFO]: Saving chunks for level 'ServerLevel[mcpworld5a426c560e15]'/minecraft:overworld
[23:49:31] [Render thread/INFO]: Saving chunks for level 'ServerLevel[mcpworld5a426c560e15]'/minecraft:the_nether
[23:49:31] [Render thread/INFO]: Saving chunks for level 'ServerLevel[mcpworld5a426c560e15]'/minecraft:the_end
[23:49:31] [Render thread/INFO]: Loaded 0 advancements
[23:50:36] [EnvServerSocketHandler/INFO]: [STDOUT]: *** Stopping the replay, returning control to the inputs
[23:50:36] [EnvServerSocketHandler/INFO]: Received Mission token 1568ecde-741b-40e6-9dda-2a3a514cd99d:0:0:1:true
[23:50:36] [EnvServerSocketHandler/INFO]: Received mission init command  <MissionInit xmlns="http://ProjectMalmo.microsoft.com" xmlns:xsi="http://www.w3.org/2001/XMLSchema-instance" SchemaVersion="" PlatformVersion="0.37.0"><Mission><About><Summary>MineRLObtainDiamondShovel-v0</Summary></About><ModSettings><MsPerTick>50</MsPerTick></ModSettings><ServerSection><ServerInitialConditions><Time><AllowPassageOfTime>true</AllowPassageOfTime></Time><AllowSpawning>true</AllowSpawning></ServerInitialConditions><ServerHandlers><DefaultWorldGenerator forceReset="true" generatorOptions="{}"/><ServerQuitWhenAnyAgentFinishes/></ServerHandlers></ServerSection><AgentSection mode="Survival"><Name>MineRLAgent0</Name><AgentStart><LowLevelInputs>true</LowLevelInputs><GuiScale>1.0</GuiScale><GammaSetting>2.0</GammaSetting><FOVSetting>70.0</FOVSetting><FakeCursorSize>16</FakeCursorSize></AgentStart><AgentHandlers><FileBasedPerformanceProducer/><PauseCommand/><VideoProducer want_depth="false"><Width>640</Width><Height>360</Height></VideoProducer><ObservationFromFullInventory flat="false"/><HumanLevelCommands/><CameraCommands/></AgentHandlers></AgentSection></Mission><ExperimentUID>1568ecde-741b-40e6-9dda-2a3a514cd99d</ExperimentUID><ClientRole>0</ClientRole><ClientAgentConnection><ClientIPAddress>127.0.0.1</ClientIPAddress><ClientMissionControlPort>0</ClientMissionControlPort><ClientCommandsPort>0</ClientCommandsPort><AgentIPAddress>127.0.0.1</AgentIPAddress><AgentMissionControlPort>0</AgentMissionControlPort><AgentVideoPort>0</AgentVideoPort><AgentDepthPort>0</AgentDepthPort><AgentLuminancePort>0</AgentLuminancePort><AgentObservationsPort>0</AgentObservationsPort><AgentRewardsPort>0</AgentRewardsPort><AgentColourMapPort>0</AgentColourMapPort></ClientAgentConnection></MissionInit>
[23:50:37] [EnvServerSocketHandler/INFO]: [STDOUT]: Setting width, height to 640, 360
[23:50:37] [EnvServerSocketHandler/INFO]: [STDOUT]: Gamma: 2.0
[23:50:37] [EnvServerSocketHandler/INFO]: [STDOUT]: FOV: 70.0
[23:50:37] [EnvServerSocketHandler/INFO]: [STDOUT]: GuiScale: 1.0
[23:50:37] [Render thread/INFO]: [STDOUT]: Seed not provided, generating random one: 3539088832491333256
[23:50:37] [Render thread/WARN]: Ambiguity between arguments [teleport, destination] and [teleport, targets] with inputs: [Player, 0123, @e, dd12be42-52a9-4a91-a8a1-11c01849e498]
[23:50:37] [Render thread/WARN]: Ambiguity between arguments [teleport, location] and [teleport, destination] with inputs: [0.1 -0.5 .9, 0 0 0]
[23:50:37] [Render thread/WARN]: Ambiguity between arguments [teleport, location] and [teleport, targets] with inputs: [0.1 -0.5 .9, 0 0 0]
[23:50:37] [Render thread/WARN]: Ambiguity between arguments [teleport, targets] and [teleport, destination] with inputs: [Player, 0123, dd12be42-52a9-4a91-a8a1-11c01849e498]
[23:50:37] [Render thread/WARN]: Ambiguity between arguments [teleport, targets, location] and [teleport, targets, destination] with inputs: [0.1 -0.5 .9, 0 0 0]
[23:50:37] [Render thread/INFO]: Reloading ResourceManager: Default
[23:50:37] [Render thread/INFO]: Loaded 7 recipes
[23:50:37] [Render thread/INFO]: Loaded 927 advancements
[23:50:37] [Render thread/INFO]: Environment: authHost='https://authserver.mojang.com', accountsHost='https://api.mojang.com', sessionHost='https://sessionserver.mojang.com', servicesHost='https://api.minecraftservices.com', name='PROD'
[23:50:37] [Render thread/INFO]: Starting integrated minecraft server version 1.16.5
[23:50:37] [Render thread/INFO]: Generating keypair
[23:50:40] [Render thread/INFO]: Preparing start region for dimension minecraft:overworld
[23:50:49] [Render thread/INFO]: Changing view distance to 11, from 10
[23:50:49] [Render thread/INFO]: MineRLAgent0[local:E:62a71634] logged in with entity id 3892 at (-956.5, 63.0, 959.5)
[23:50:49] [Render thread/INFO]: MineRLAgent0 joined the game
[23:50:49] [Render thread/INFO]: Preparing spawn area: 37%
[23:50:49] [Render thread/INFO]: Time elapsed: 1 ms
[23:50:49] [Render thread/INFO]: [STDOUT]: Starting new video null
[23:50:49] [Render thread/INFO]: Saving and pausing game...
[23:50:49] [Render thread/INFO]: Saving chunks for level 'ServerLevel[mcpworlda0f9d9662daf]'/minecraft:overworld
[23:50:51] [Render thread/INFO]: Saving chunks for level 'ServerLevel[mcpworlda0f9d9662daf]'/minecraft:the_nether
[23:50:51] [Render thread/INFO]: Saving chunks for level 'ServerLevel[mcpworlda0f9d9662daf]'/minecraft:the_end
[23:50:51] [Render thread/INFO]: Loaded 0 advancements
[23:54:00] [EnvServerSocketHandler/INFO]: [STDOUT]: *** Stopping the replay, returning control to the inputs
