[03:29:46] [Thread-5/INFO]: [STDOUT]: SERVER enter state: DORMANT
[03:29:46] [EnvServerSocketHandler/INFO]: Received Mission token 62c889a3-cdff-476f-b7c2-5332efeae81b:0:0:1:true
[03:29:46] [EnvServerSocketHandler/INFO]: Received mission init command  <MissionInit xmlns="http://ProjectMalmo.microsoft.com" xmlns:xsi="http://www.w3.org/2001/XMLSchema-instance" SchemaVersion="" PlatformVersion="0.37.0"><Mission><About><Summary>MineRLObtainDiamondShovel-v0</Summary></About><ModSettings><MsPerTick>50</MsPerTick></ModSettings><ServerSection><ServerInitialConditions><Time><AllowPassageOfTime>true</AllowPassageOfTime></Time><AllowSpawning>true</AllowSpawning></ServerInitialConditions><ServerHandlers><DefaultWorldGenerator forceReset="true" generatorOptions="{}"/><ServerQuitWhenAnyAgentFinishes/></ServerHandlers></ServerSection><AgentSection mode="Survival"><Name>MineRLAgent0</Name><AgentStart><LowLevelInputs>true</LowLevelInputs><GuiScale>1.0</GuiScale><GammaSetting>2.0</GammaSetting><FOVSetting>70.0</FOVSetting><FakeCursorSize>16</FakeCursorSize></AgentStart><AgentHandlers><FileBasedPerformanceProducer/><PauseCommand/><VideoProducer want_depth="false"><Width>640</Width><Height>360</Height></VideoProducer><ObservationFromFullInventory flat="false"/><HumanLevelCommands/><CameraCommands/></AgentHandlers></AgentSection></Mission><ExperimentUID>62c889a3-cdff-476f-b7c2-5332efeae81b</ExperimentUID><ClientRole>0</ClientRole><ClientAgentConnection><ClientIPAddress>127.0.0.1</ClientIPAddress><ClientMissionControlPort>0</ClientMissionControlPort><ClientCommandsPort>0</ClientCommandsPort><AgentIPAddress>127.0.0.1</AgentIPAddress><AgentMissionControlPort>0</AgentMissionControlPort><AgentVideoPort>0</AgentVideoPort><AgentDepthPort>0</AgentDepthPort><AgentLuminancePort>0</AgentLuminancePort><AgentObservationsPort>0</AgentObservationsPort><AgentRewardsPort>0</AgentRewardsPort><AgentColourMapPort>0</AgentColourMapPort></ClientAgentConnection></MissionInit>
[03:29:47] [EnvServerSocketHandler/INFO]: [STDOUT]: Setting width, height to 640, 360
[03:29:47] [EnvServerSocketHandler/INFO]: [STDOUT]: Gamma: 2.0
[03:29:47] [EnvServerSocketHandler/INFO]: [STDOUT]: FOV: 70.0
[03:29:47] [EnvServerSocketHandler/INFO]: [STDOUT]: GuiScale: 1.0
[03:29:47] [Render thread/INFO]: [STDOUT]: Seed not provided, generating random one: -154390079386801466
[03:29:47] [Render thread/WARN]: Ambiguity between arguments [teleport, destination] and [teleport, targets] with inputs: [Player, 0123, @e, dd12be42-52a9-4a91-a8a1-11c01849e498]
[03:29:47] [Render thread/WARN]: Ambiguity between arguments [teleport, location] and [teleport, destination] with inputs: [0.1 -0.5 .9, 0 0 0]
[03:29:47] [Render thread/WARN]: Ambiguity between arguments [teleport, location] and [teleport, targets] with inputs: [0.1 -0.5 .9, 0 0 0]
[03:29:47] [Render thread/WARN]: Ambiguity between arguments [teleport, targets] and [teleport, destination] with inputs: [Player, 0123, dd12be42-52a9-4a91-a8a1-11c01849e498]
[03:29:47] [Render thread/WARN]: Ambiguity between arguments [teleport, targets, location] and [teleport, targets, destination] with inputs: [0.1 -0.5 .9, 0 0 0]
[03:29:47] [Render thread/INFO]: Reloading ResourceManager: Default
[03:29:48] [Render thread/INFO]: Loaded 7 recipes
[03:29:48] [Render thread/INFO]: Loaded 927 advancements
[03:29:48] [Render thread/INFO]: Environment: authHost='https://authserver.mojang.com', accountsHost='https://api.mojang.com', sessionHost='https://sessionserver.mojang.com', servicesHost='https://api.minecraftservices.com', name='PROD'
[03:29:48] [Render thread/INFO]: Starting integrated minecraft server version 1.16.5
[03:29:48] [Render thread/INFO]: Generating keypair
[03:29:51] [Render thread/INFO]: Preparing start region for dimension minecraft:overworld
[03:29:56] [Render thread/INFO]: Changing view distance to 11, from 10
[03:29:56] [Render thread/INFO]: MineRLAgent0[local:E:694d16bd] logged in with entity id 231 at (34.5, 66.0, -629.5)
[03:29:56] [Render thread/INFO]: MineRLAgent0 joined the game
[03:29:56] [Render thread/INFO]: [STDOUT]: *** creating fake mouse cursor ***
[03:29:56] [Render thread/INFO]: Preparing spawn area: 0%
[03:29:56] [Render thread/INFO]: Time elapsed: 3 ms
[03:29:56] [Render thread/INFO]: [STDOUT]: Starting new video null
[03:29:56] [Render thread/INFO]: Saving and pausing game...
[03:29:56] [Render thread/INFO]: Saving chunks for level 'ServerLevel[mcpworld8718295fea6a]'/minecraft:overworld
[03:29:57] [Render thread/INFO]: Saving chunks for level 'ServerLevel[mcpworld8718295fea6a]'/minecraft:the_nether
[03:29:57] [Render thread/INFO]: Saving chunks for level 'ServerLevel[mcpworld8718295fea6a]'/minecraft:the_end
[03:29:57] [Render thread/INFO]: Loaded 0 advancements
[03:29:58] [EnvServerSocketHandler/INFO]: [STDOUT]: *** Stopping the replay, returning control to the inputs
[03:29:58] [EnvServerSocketHandler/INFO]: Received Mission token c34c2722-7f24-4361-8a0d-ef4f94faa407:0:0:1:true
[03:29:58] [EnvServerSocketHandler/INFO]: Received mission init command  <MissionInit xmlns="http://ProjectMalmo.microsoft.com" xmlns:xsi="http://www.w3.org/2001/XMLSchema-instance" SchemaVersion="" PlatformVersion="0.37.0"><Mission><About><Summary>MineRLObtainDiamondShovel-v0</Summary></About><ModSettings><MsPerTick>50</MsPerTick></ModSettings><ServerSection><ServerInitialConditions><Time><AllowPassageOfTime>true</AllowPassageOfTime></Time><AllowSpawning>true</AllowSpawning></ServerInitialConditions><ServerHandlers><DefaultWorldGenerator forceReset="true" generatorOptions="{}"/><ServerQuitWhenAnyAgentFinishes/></ServerHandlers></ServerSection><AgentSection mode="Survival"><Name>MineRLAgent0</Name><AgentStart><LowLevelInputs>true</LowLevelInputs><GuiScale>1.0</GuiScale><GammaSetting>2.0</GammaSetting><FOVSetting>70.0</FOVSetting><FakeCursorSize>16</FakeCursorSize></AgentStart><AgentHandlers><FileBasedPerformanceProducer/><PauseCommand/><VideoProducer want_depth="false"><Width>640</Width><Height>360</Height></VideoProducer><ObservationFromFullInventory flat="false"/><HumanLevelCommands/><CameraCommands/></AgentHandlers></AgentSection></Mission><ExperimentUID>c34c2722-7f24-4361-8a0d-ef4f94faa407</ExperimentUID><ClientRole>0</ClientRole><ClientAgentConnection><ClientIPAddress>127.0.0.1</ClientIPAddress><ClientMissionControlPort>0</ClientMissionControlPort><ClientCommandsPort>0</ClientCommandsPort><AgentIPAddress>127.0.0.1</AgentIPAddress><AgentMissionControlPort>0</AgentMissionControlPort><AgentVideoPort>0</AgentVideoPort><AgentDepthPort>0</AgentDepthPort><AgentLuminancePort>0</AgentLuminancePort><AgentObservationsPort>0</AgentObservationsPort><AgentRewardsPort>0</AgentRewardsPort><AgentColourMapPort>0</AgentColourMapPort></ClientAgentConnection></MissionInit>
[03:29:59] [EnvServerSocketHandler/INFO]: [STDOUT]: Setting width, height to 640, 360
[03:29:59] [EnvServerSocketHandler/INFO]: [STDOUT]: Gamma: 2.0
[03:29:59] [EnvServerSocketHandler/INFO]: [STDOUT]: FOV: 70.0
[03:29:59] [EnvServerSocketHandler/INFO]: [STDOUT]: GuiScale: 1.0
[03:29:59] [Render thread/INFO]: [STDOUT]: Seed not provided, generating random one: 696115521278196126
[03:29:59] [Render thread/WARN]: Ambiguity between arguments [teleport, destination] and [teleport, targets] with inputs: [Player, 0123, @e, dd12be42-52a9-4a91-a8a1-11c01849e498]
[03:29:59] [Render thread/WARN]: Ambiguity between arguments [teleport, location] and [teleport, destination] with inputs: [0.1 -0.5 .9, 0 0 0]
[03:29:59] [Render thread/WARN]: Ambiguity between arguments [teleport, location] and [teleport, targets] with inputs: [0.1 -0.5 .9, 0 0 0]
[03:29:59] [Render thread/WARN]: Ambiguity between arguments [teleport, targets] and [teleport, destination] with inputs: [Player, 0123, dd12be42-52a9-4a91-a8a1-11c01849e498]
[03:29:59] [Render thread/WARN]: Ambiguity between arguments [teleport, targets, location] and [teleport, targets, destination] with inputs: [0.1 -0.5 .9, 0 0 0]
[03:29:59] [Render thread/INFO]: Reloading ResourceManager: Default
[03:29:59] [Render thread/INFO]: Loaded 7 recipes
[03:29:59] [Render thread/INFO]: Loaded 927 advancements
[03:29:59] [Render thread/INFO]: Environment: authHost='https://authserver.mojang.com', accountsHost='https://api.mojang.com', sessionHost='https://sessionserver.mojang.com', servicesHost='https://api.minecraftservices.com', name='PROD'
[03:29:59] [Render thread/INFO]: Starting integrated minecraft server version 1.16.5
[03:29:59] [Render thread/INFO]: Generating keypair
[03:30:02] [Render thread/INFO]: Preparing start region for dimension minecraft:overworld
[03:30:08] [Render thread/INFO]: Changing view distance to 11, from 10
[03:30:08] [Render thread/INFO]: MineRLAgent0[local:E:e55619b6] logged in with entity id 590 at (-13.5, 72.0, -869.5)
[03:30:08] [Render thread/INFO]: MineRLAgent0 joined the game
[03:30:08] [Render thread/INFO]: Preparing spawn area: 10%
[03:30:08] [Render thread/INFO]: Time elapsed: 2 ms
[03:30:08] [Render thread/INFO]: [STDOUT]: Starting new video null
[03:30:08] [Render thread/INFO]: Saving and pausing game...
[03:30:08] [Render thread/INFO]: Saving chunks for level 'ServerLevel[mcpworldd91179b2204c]'/minecraft:overworld
[03:30:09] [Render thread/INFO]: Saving chunks for level 'ServerLevel[mcpworldd91179b2204c]'/minecraft:the_nether
[03:30:09] [Render thread/INFO]: Saving chunks for level 'ServerLevel[mcpworldd91179b2204c]'/minecraft:the_end
[03:30:09] [Render thread/INFO]: Loaded 0 advancements
Terminate batch job (Y/N)? 
