[01:53:54] [Thread-5/INFO]: [STDOUT]: SERVER enter state: DORMANT
[01:53:55] [Render thread/INFO]: [STDOUT]: *** creating fake mouse cursor ***
[01:53:57] [EnvServerSocketHandler/INFO]: Received Mission token 7329b830-90f0-47e9-868e-c5f8736f25e5:0:0:1:true
[01:53:57] [EnvServerSocketHandler/INFO]: Received mission init command  <MissionInit xmlns="http://ProjectMalmo.microsoft.com" xmlns:xsi="http://www.w3.org/2001/XMLSchema-instance" SchemaVersion="" PlatformVersion="0.37.0"><Mission><About><Summary>MineRLObtainDiamondShovel-v0</Summary></About><ModSettings><MsPerTick>50</MsPerTick></ModSettings><ServerSection><ServerInitialConditions><Time><AllowPassageOfTime>true</AllowPassageOfTime></Time><AllowSpawning>true</AllowSpawning></ServerInitialConditions><ServerHandlers><DefaultWorldGenerator forceReset="true" generatorOptions="{}"/><ServerQuitWhenAnyAgentFinishes/></ServerHandlers></ServerSection><AgentSection mode="Survival"><Name>MineRLAgent0</Name><AgentStart><LowLevelInputs>true</LowLevelInputs><GuiScale>1.0</GuiScale><GammaSetting>2.0</GammaSetting><FOVSetting>70.0</FOVSetting><FakeCursorSize>16</FakeCursorSize></AgentStart><AgentHandlers><FileBasedPerformanceProducer/><PauseCommand/><VideoProducer want_depth="false"><Width>640</Width><Height>360</Height></VideoProducer><ObservationFromFullInventory flat="false"/><HumanLevelCommands/><CameraCommands/></AgentHandlers></AgentSection></Mission><ExperimentUID>7329b830-90f0-47e9-868e-c5f8736f25e5</ExperimentUID><ClientRole>0</ClientRole><ClientAgentConnection><ClientIPAddress>127.0.0.1</ClientIPAddress><ClientMissionControlPort>0</ClientMissionControlPort><ClientCommandsPort>0</ClientCommandsPort><AgentIPAddress>127.0.0.1</AgentIPAddress><AgentMissionControlPort>0</AgentMissionControlPort><AgentVideoPort>0</AgentVideoPort><AgentDepthPort>0</AgentDepthPort><AgentLuminancePort>0</AgentLuminancePort><AgentObservationsPort>0</AgentObservationsPort><AgentRewardsPort>0</AgentRewardsPort><AgentColourMapPort>0</AgentColourMapPort></ClientAgentConnection></MissionInit>
[01:54:03] [EnvServerSocketHandler/INFO]: [STDOUT]: Setting width, height to 640, 360
[01:54:03] [EnvServerSocketHandler/INFO]: [STDOUT]: Gamma: 2.0
[01:54:03] [EnvServerSocketHandler/INFO]: [STDOUT]: FOV: 70.0
[01:54:03] [EnvServerSocketHandler/INFO]: [STDOUT]: GuiScale: 1.0
[01:54:05] [Render thread/INFO]: [STDOUT]: Seed not provided, generating random one: 337402700407331701
[01:54:10] [Render thread/WARN]: Ambiguity between arguments [teleport, destination] and [teleport, targets] with inputs: [Player, 0123, @e, dd12be42-52a9-4a91-a8a1-11c01849e498]
[01:54:10] [Render thread/WARN]: Ambiguity between arguments [teleport, location] and [teleport, destination] with inputs: [0.1 -0.5 .9, 0 0 0]
[01:54:10] [Render thread/WARN]: Ambiguity between arguments [teleport, location] and [teleport, targets] with inputs: [0.1 -0.5 .9, 0 0 0]
[01:54:10] [Render thread/WARN]: Ambiguity between arguments [teleport, targets] and [teleport, destination] with inputs: [Player, 0123, dd12be42-52a9-4a91-a8a1-11c01849e498]
[01:54:10] [Render thread/WARN]: Ambiguity between arguments [teleport, targets, location] and [teleport, targets, destination] with inputs: [0.1 -0.5 .9, 0 0 0]
[01:54:10] [Render thread/INFO]: Reloading ResourceManager: Default
[01:54:12] [Render thread/INFO]: Loaded 7 recipes
[01:54:13] [Render thread/INFO]: Loaded 927 advancements
[01:54:17] [Render thread/INFO]: Environment: authHost='https://authserver.mojang.com', accountsHost='https://api.mojang.com', sessionHost='https://sessionserver.mojang.com', servicesHost='https://api.minecraftservices.com', name='PROD'
[01:54:17] [Render thread/INFO]: Starting integrated minecraft server version 1.16.5
[01:54:17] [Render thread/INFO]: Generating keypair
[01:54:30] [Render thread/INFO]: Preparing start region for dimension minecraft:overworld
[01:54:55] [Render thread/INFO]: Changing view distance to 11, from 10
[01:54:57] [Render thread/INFO]: MineRLAgent0[local:E:977deb94] logged in with entity id 139 at (162.5, 63.0, 218.5)
[01:54:57] [Render thread/INFO]: MineRLAgent0 joined the game
[01:54:57] [Render thread/INFO]: Preparing spawn area: 1%
[01:54:57] [Render thread/INFO]: Time elapsed: 16 ms
[01:54:59] [Render thread/INFO]: Loaded 0 advancements
[01:54:59] [Render thread/INFO]: [STDOUT]: Starting new video null
[01:54:59] [Render thread/INFO]: Saving and pausing game...
[01:54:59] [Render thread/INFO]: Saving chunks for level 'ServerLevel[mcpworld4e3aaf34b80a]'/minecraft:overworld
[01:55:01] [Render thread/INFO]: Saving chunks for level 'ServerLevel[mcpworld4e3aaf34b80a]'/minecraft:the_nether
[01:55:01] [Render thread/INFO]: Saving chunks for level 'ServerLevel[mcpworld4e3aaf34b80a]'/minecraft:the_end
[01:55:09] [EnvServerSocketHandler/INFO]: [STDOUT]: *** Stopping the replay, returning control to the inputs
[01:55:10] [EnvServerSocketHandler/INFO]: Received Mission token aa9f2b19-df67-4546-a849-0c10a5ece886:0:0:1:true
[01:55:10] [EnvServerSocketHandler/INFO]: Received mission init command  <MissionInit xmlns="http://ProjectMalmo.microsoft.com" xmlns:xsi="http://www.w3.org/2001/XMLSchema-instance" SchemaVersion="" PlatformVersion="0.37.0"><Mission><About><Summary>MineRLObtainDiamondShovel-v0</Summary></About><ModSettings><MsPerTick>50</MsPerTick></ModSettings><ServerSection><ServerInitialConditions><Time><AllowPassageOfTime>true</AllowPassageOfTime></Time><AllowSpawning>true</AllowSpawning></ServerInitialConditions><ServerHandlers><DefaultWorldGenerator forceReset="true" generatorOptions="{}"/><ServerQuitWhenAnyAgentFinishes/></ServerHandlers></ServerSection><AgentSection mode="Survival"><Name>MineRLAgent0</Name><AgentStart><LowLevelInputs>true</LowLevelInputs><GuiScale>1.0</GuiScale><GammaSetting>2.0</GammaSetting><FOVSetting>70.0</FOVSetting><FakeCursorSize>16</FakeCursorSize></AgentStart><AgentHandlers><FileBasedPerformanceProducer/><PauseCommand/><VideoProducer want_depth="false"><Width>640</Width><Height>360</Height></VideoProducer><ObservationFromFullInventory flat="false"/><HumanLevelCommands/><CameraCommands/></AgentHandlers></AgentSection></Mission><ExperimentUID>aa9f2b19-df67-4546-a849-0c10a5ece886</ExperimentUID><ClientRole>0</ClientRole><ClientAgentConnection><ClientIPAddress>127.0.0.1</ClientIPAddress><ClientMissionControlPort>0</ClientMissionControlPort><ClientCommandsPort>0</ClientCommandsPort><AgentIPAddress>127.0.0.1</AgentIPAddress><AgentMissionControlPort>0</AgentMissionControlPort><AgentVideoPort>0</AgentVideoPort><AgentDepthPort>0</AgentDepthPort><AgentLuminancePort>0</AgentLuminancePort><AgentObservationsPort>0</AgentObservationsPort><AgentRewardsPort>0</AgentRewardsPort><AgentColourMapPort>0</AgentColourMapPort></ClientAgentConnection></MissionInit>
[01:55:10] [EnvServerSocketHandler/INFO]: [STDOUT]: Setting width, height to 640, 360
[01:55:10] [EnvServerSocketHandler/INFO]: [STDOUT]: Gamma: 2.0
[01:55:10] [EnvServerSocketHandler/INFO]: [STDOUT]: FOV: 70.0
[01:55:10] [EnvServerSocketHandler/INFO]: [STDOUT]: GuiScale: 1.0
[01:55:10] [Render thread/INFO]: [STDOUT]: Seed not provided, generating random one: 2439868994190118978
[01:55:11] [Render thread/WARN]: Ambiguity between arguments [teleport, destination] and [teleport, targets] with inputs: [Player, 0123, @e, dd12be42-52a9-4a91-a8a1-11c01849e498]
[01:55:11] [Render thread/WARN]: Ambiguity between arguments [teleport, location] and [teleport, destination] with inputs: [0.1 -0.5 .9, 0 0 0]
[01:55:11] [Render thread/WARN]: Ambiguity between arguments [teleport, location] and [teleport, targets] with inputs: [0.1 -0.5 .9, 0 0 0]
[01:55:11] [Render thread/WARN]: Ambiguity between arguments [teleport, targets] and [teleport, destination] with inputs: [Player, 0123, dd12be42-52a9-4a91-a8a1-11c01849e498]
[01:55:11] [Render thread/WARN]: Ambiguity between arguments [teleport, targets, location] and [teleport, targets, destination] with inputs: [0.1 -0.5 .9, 0 0 0]
[01:55:11] [Render thread/INFO]: Reloading ResourceManager: Default
[01:55:12] [Render thread/INFO]: Loaded 7 recipes
[01:55:12] [Render thread/INFO]: Loaded 927 advancements
[01:55:13] [Render thread/INFO]: Environment: authHost='https://authserver.mojang.com', accountsHost='https://api.mojang.com', sessionHost='https://sessionserver.mojang.com', servicesHost='https://api.minecraftservices.com', name='PROD'
[01:55:13] [Render thread/INFO]: Starting integrated minecraft server version 1.16.5
[01:55:13] [Render thread/INFO]: Generating keypair
[01:55:20] [Render thread/INFO]: Preparing start region for dimension minecraft:overworld
[01:55:39] [Render thread/INFO]: Changing view distance to 11, from 10
[01:55:39] [Render thread/INFO]: MineRLAgent0[local:E:d78473c7] logged in with entity id 751 at (-621.5, 64.0, -517.5)
[01:55:39] [Render thread/INFO]: MineRLAgent0 joined the game
[01:55:40] [Render thread/INFO]: Preparing spawn area: 0%
[01:55:40] [Render thread/INFO]: Time elapsed: 13 ms
[01:55:41] [Render thread/INFO]: Loaded 0 advancements
[01:55:41] [Render thread/INFO]: [STDOUT]: Starting new video null
[01:55:41] [Render thread/INFO]: Saving and pausing game...
[01:55:41] [Render thread/INFO]: Saving chunks for level 'ServerLevel[mcpworld1406e344254b]'/minecraft:overworld
[01:55:43] [Render thread/INFO]: Saving chunks for level 'ServerLevel[mcpworld1406e344254b]'/minecraft:the_nether
[01:55:43] [Render thread/INFO]: Saving chunks for level 'ServerLevel[mcpworld1406e344254b]'/minecraft:the_end
[01:56:37] [EnvServerSocketHandler/INFO]: [STDOUT]: *** Stopping the replay, returning control to the inputs
[01:56:37] [EnvServerSocketHandler/INFO]: Received Mission token 6e2123cd-ba66-41cc-91f1-3a606ebd1563:0:0:1:true:1000
[01:56:37] [EnvServerSocketHandler/INFO]: Received mission init command  <MissionInit xmlns="http://ProjectMalmo.microsoft.com" xmlns:xsi="http://www.w3.org/2001/XMLSchema-instance" SchemaVersion="" PlatformVersion="0.37.0"><Mission><About><Summary>MineRLObtainDiamondShovel-v0</Summary></About><ModSettings><MsPerTick>50</MsPerTick></ModSettings><ServerSection><ServerInitialConditions><Time><AllowPassageOfTime>true</AllowPassageOfTime></Time><AllowSpawning>true</AllowSpawning></ServerInitialConditions><ServerHandlers><DefaultWorldGenerator forceReset="true" generatorOptions="{}"/><ServerQuitWhenAnyAgentFinishes/></ServerHandlers></ServerSection><AgentSection mode="Survival"><Name>MineRLAgent0</Name><AgentStart><LowLevelInputs>true</LowLevelInputs><GuiScale>1.0</GuiScale><GammaSetting>2.0</GammaSetting><FOVSetting>70.0</FOVSetting><FakeCursorSize>16</FakeCursorSize></AgentStart><AgentHandlers><FileBasedPerformanceProducer/><PauseCommand/><VideoProducer want_depth="false"><Width>640</Width><Height>360</Height></VideoProducer><ObservationFromFullInventory flat="false"/><HumanLevelCommands/><CameraCommands/></AgentHandlers></AgentSection></Mission><ExperimentUID>6e2123cd-ba66-41cc-91f1-3a606ebd1563</ExperimentUID><ClientRole>0</ClientRole><ClientAgentConnection><ClientIPAddress>127.0.0.1</ClientIPAddress><ClientMissionControlPort>0</ClientMissionControlPort><ClientCommandsPort>0</ClientCommandsPort><AgentIPAddress>127.0.0.1</AgentIPAddress><AgentMissionControlPort>0</AgentMissionControlPort><AgentVideoPort>0</AgentVideoPort><AgentDepthPort>0</AgentDepthPort><AgentLuminancePort>0</AgentLuminancePort><AgentObservationsPort>0</AgentObservationsPort><AgentRewardsPort>0</AgentRewardsPort><AgentColourMapPort>0</AgentColourMapPort></ClientAgentConnection></MissionInit>
[01:56:37] [EnvServerSocketHandler/INFO]: [STDOUT]: Setting width, height to 640, 360
[01:56:37] [EnvServerSocketHandler/INFO]: [STDOUT]: Gamma: 2.0
[01:56:37] [EnvServerSocketHandler/INFO]: [STDOUT]: FOV: 70.0
[01:56:37] [EnvServerSocketHandler/INFO]: [STDOUT]: GuiScale: 1.0
[01:56:38] [Render thread/WARN]: Ambiguity between arguments [teleport, destination] and [teleport, targets] with inputs: [Player, 0123, @e, dd12be42-52a9-4a91-a8a1-11c01849e498]
[01:56:38] [Render thread/WARN]: Ambiguity between arguments [teleport, location] and [teleport, destination] with inputs: [0.1 -0.5 .9, 0 0 0]
[01:56:38] [Render thread/WARN]: Ambiguity between arguments [teleport, location] and [teleport, targets] with inputs: [0.1 -0.5 .9, 0 0 0]
[01:56:38] [Render thread/WARN]: Ambiguity between arguments [teleport, targets] and [teleport, destination] with inputs: [Player, 0123, dd12be42-52a9-4a91-a8a1-11c01849e498]
[01:56:38] [Render thread/WARN]: Ambiguity between arguments [teleport, targets, location] and [teleport, targets, destination] with inputs: [0.1 -0.5 .9, 0 0 0]
[01:56:38] [Render thread/INFO]: Reloading ResourceManager: Default
[01:56:38] [Render thread/INFO]: Loaded 7 recipes
[01:56:38] [Render thread/INFO]: Loaded 927 advancements
[01:56:39] [Render thread/INFO]: Environment: authHost='https://authserver.mojang.com', accountsHost='https://api.mojang.com', sessionHost='https://sessionserver.mojang.com', servicesHost='https://api.minecraftservices.com', name='PROD'
[01:56:39] [Render thread/INFO]: Starting integrated minecraft server version 1.16.5
[01:56:39] [Render thread/INFO]: Generating keypair
[01:56:46] [Render thread/INFO]: Preparing start region for dimension minecraft:overworld
[01:57:10] [Render thread/INFO]: Changing view distance to 11, from 10
[01:57:10] [Render thread/INFO]: MineRLAgent0[local:E:ce233a2d] logged in with entity id 1245 at (354.5, 65.0, -917.5)
[01:57:10] [Render thread/INFO]: MineRLAgent0 joined the game
[01:57:11] [Render thread/INFO]: Preparing spawn area: 5%
[01:57:11] [Render thread/INFO]: Time elapsed: 7 ms
[01:57:11] [Render thread/INFO]: [STDOUT]: Starting new video null
[01:57:11] [Render thread/INFO]: Saving and pausing game...
[01:57:11] [Render thread/INFO]: Saving chunks for level 'ServerLevel[mcpworld0a377d66e809]'/minecraft:overworld
[01:57:13] [Render thread/INFO]: Saving chunks for level 'ServerLevel[mcpworld0a377d66e809]'/minecraft:the_nether
[01:57:13] [Render thread/INFO]: Saving chunks for level 'ServerLevel[mcpworld0a377d66e809]'/minecraft:the_end
[01:57:14] [Render thread/INFO]: Loaded 0 advancements
[01:58:06] [EnvServerSocketHandler/INFO]: [STDOUT]: *** Stopping the replay, returning control to the inputs
[01:58:06] [EnvServerSocketHandler/INFO]: Received Mission token 07ec2867-3513-4440-abb2-0334db3c0145:0:0:1:true:1000
[01:58:06] [EnvServerSocketHandler/INFO]: Received mission init command  <MissionInit xmlns="http://ProjectMalmo.microsoft.com" xmlns:xsi="http://www.w3.org/2001/XMLSchema-instance" SchemaVersion="" PlatformVersion="0.37.0"><Mission><About><Summary>MineRLObtainDiamondShovel-v0</Summary></About><ModSettings><MsPerTick>50</MsPerTick></ModSettings><ServerSection><ServerInitialConditions><Time><AllowPassageOfTime>true</AllowPassageOfTime></Time><AllowSpawning>true</AllowSpawning></ServerInitialConditions><ServerHandlers><DefaultWorldGenerator forceReset="true" generatorOptions="{}"/><ServerQuitWhenAnyAgentFinishes/></ServerHandlers></ServerSection><AgentSection mode="Survival"><Name>MineRLAgent0</Name><AgentStart><LowLevelInputs>true</LowLevelInputs><GuiScale>1.0</GuiScale><GammaSetting>2.0</GammaSetting><FOVSetting>70.0</FOVSetting><FakeCursorSize>16</FakeCursorSize></AgentStart><AgentHandlers><FileBasedPerformanceProducer/><PauseCommand/><VideoProducer want_depth="false"><Width>640</Width><Height>360</Height></VideoProducer><ObservationFromFullInventory flat="false"/><HumanLevelCommands/><CameraCommands/></AgentHandlers></AgentSection></Mission><ExperimentUID>07ec2867-3513-4440-abb2-0334db3c0145</ExperimentUID><ClientRole>0</ClientRole><ClientAgentConnection><ClientIPAddress>127.0.0.1</ClientIPAddress><ClientMissionControlPort>0</ClientMissionControlPort><ClientCommandsPort>0</ClientCommandsPort><AgentIPAddress>127.0.0.1</AgentIPAddress><AgentMissionControlPort>0</AgentMissionControlPort><AgentVideoPort>0</AgentVideoPort><AgentDepthPort>0</AgentDepthPort><AgentLuminancePort>0</AgentLuminancePort><AgentObservationsPort>0</AgentObservationsPort><AgentRewardsPort>0</AgentRewardsPort><AgentColourMapPort>0</AgentColourMapPort></ClientAgentConnection></MissionInit>
[01:58:06] [EnvServerSocketHandler/INFO]: [STDOUT]: Setting width, height to 640, 360
[01:58:06] [EnvServerSocketHandler/INFO]: [STDOUT]: Gamma: 2.0
[01:58:06] [EnvServerSocketHandler/INFO]: [STDOUT]: FOV: 70.0
[01:58:06] [EnvServerSocketHandler/INFO]: [STDOUT]: GuiScale: 1.0
[01:58:06] [Render thread/WARN]: Ambiguity between arguments [teleport, destination] and [teleport, targets] with inputs: [Player, 0123, @e, dd12be42-52a9-4a91-a8a1-11c01849e498]
[01:58:06] [Render thread/WARN]: Ambiguity between arguments [teleport, location] and [teleport, destination] with inputs: [0.1 -0.5 .9, 0 0 0]
[01:58:06] [Render thread/WARN]: Ambiguity between arguments [teleport, location] and [teleport, targets] with inputs: [0.1 -0.5 .9, 0 0 0]
[01:58:06] [Render thread/WARN]: Ambiguity between arguments [teleport, targets] and [teleport, destination] with inputs: [Player, 0123, dd12be42-52a9-4a91-a8a1-11c01849e498]
[01:58:06] [Render thread/WARN]: Ambiguity between arguments [teleport, targets, location] and [teleport, targets, destination] with inputs: [0.1 -0.5 .9, 0 0 0]
[01:58:06] [Render thread/INFO]: Reloading ResourceManager: Default
[01:58:07] [Render thread/INFO]: Loaded 7 recipes
[01:58:07] [Render thread/INFO]: Loaded 927 advancements
[01:58:08] [Render thread/INFO]: Environment: authHost='https://authserver.mojang.com', accountsHost='https://api.mojang.com', sessionHost='https://sessionserver.mojang.com', servicesHost='https://api.minecraftservices.com', name='PROD'
[01:58:08] [Render thread/INFO]: Starting integrated minecraft server version 1.16.5
[01:58:08] [Render thread/INFO]: Generating keypair
[01:58:15] [Render thread/INFO]: Preparing start region for dimension minecraft:overworld
[01:58:38] [Render thread/INFO]: Changing view distance to 11, from 10
[01:58:38] [Render thread/INFO]: MineRLAgent0[local:E:592b02e4] logged in with entity id 1720 at (354.5, 65.0, -917.5)
[01:58:38] [Render thread/INFO]: MineRLAgent0 joined the game
[01:58:38] [Render thread/INFO]: Preparing spawn area: 2%
[01:58:38] [Render thread/INFO]: Time elapsed: 7 ms
[01:58:39] [Render thread/INFO]: [STDOUT]: Starting new video null
[01:58:39] [Render thread/INFO]: Saving and pausing game...
[01:58:39] [Render thread/INFO]: Saving chunks for level 'ServerLevel[mcpworldac03dfb094af]'/minecraft:overworld
[01:58:41] [Render thread/INFO]: Saving chunks for level 'ServerLevel[mcpworldac03dfb094af]'/minecraft:the_nether
[01:58:41] [Render thread/INFO]: Saving chunks for level 'ServerLevel[mcpworldac03dfb094af]'/minecraft:the_end
[01:58:41] [Render thread/INFO]: Loaded 0 advancements
[01:59:23] [EnvServerSocketHandler/INFO]: [STDOUT]: *** Stopping the replay, returning control to the inputs
