[15:03:49] [Thread-4/INFO]: [STDOUT]: SERVER enter state: DORMANT
[15:03:49] [EnvServerSocketHandler/INFO]: Received Mission token 25b935ba-2eb8-433a-9517-dbfe53768f8a:0:0:1:true
[15:03:49] [EnvServerSocketHandler/INFO]: Received mission init command  <MissionInit xmlns="http://ProjectMalmo.microsoft.com" xmlns:xsi="http://www.w3.org/2001/XMLSchema-instance" SchemaVersion="" PlatformVersion="0.37.0"><Mission><About><Summary>MineRLObtainDiamondShovel-v0</Summary></About><ModSettings><MsPerTick>50</MsPerTick></ModSettings><ServerSection><ServerInitialConditions><Time><AllowPassageOfTime>true</AllowPassageOfTime></Time><AllowSpawning>true</AllowSpawning></ServerInitialConditions><ServerHandlers><DefaultWorldGenerator forceReset="true" generatorOptions="{}"/><ServerQuitWhenAnyAgentFinishes/></ServerHandlers></ServerSection><AgentSection mode="Survival"><Name>MineRLAgent0</Name><AgentStart><LowLevelInputs>true</LowLevelInputs><GuiScale>1.0</GuiScale><GammaSetting>2.0</GammaSetting><FOVSetting>70.0</FOVSetting><FakeCursorSize>16</FakeCursorSize></AgentStart><AgentHandlers><FileBasedPerformanceProducer/><PauseCommand/><VideoProducer want_depth="false"><Width>640</Width><Height>360</Height></VideoProducer><ObservationFromFullInventory flat="false"/><HumanLevelCommands/><CameraCommands/></AgentHandlers></AgentSection></Mission><ExperimentUID>25b935ba-2eb8-433a-9517-dbfe53768f8a</ExperimentUID><ClientRole>0</ClientRole><ClientAgentConnection><ClientIPAddress>127.0.0.1</ClientIPAddress><ClientMissionControlPort>0</ClientMissionControlPort><ClientCommandsPort>0</ClientCommandsPort><AgentIPAddress>127.0.0.1</AgentIPAddress><AgentMissionControlPort>0</AgentMissionControlPort><AgentVideoPort>0</AgentVideoPort><AgentDepthPort>0</AgentDepthPort><AgentLuminancePort>0</AgentLuminancePort><AgentObservationsPort>0</AgentObservationsPort><AgentRewardsPort>0</AgentRewardsPort><AgentColourMapPort>0</AgentColourMapPort></ClientAgentConnection></MissionInit>
[15:03:49] [EnvServerSocketHandler/INFO]: [STDOUT]: Setting width, height to 640, 360
[15:03:49] [EnvServerSocketHandler/INFO]: [STDOUT]: Gamma: 2.0
[15:03:49] [EnvServerSocketHandler/INFO]: [STDOUT]: FOV: 70.0
[15:03:49] [EnvServerSocketHandler/INFO]: [STDOUT]: GuiScale: 1.0
[15:03:49] [Render thread/INFO]: [STDOUT]: Seed not provided, generating random one: 7543593613587709577
[15:03:50] [Render thread/WARN]: Ambiguity between arguments [teleport, destination] and [teleport, targets] with inputs: [Player, 0123, @e, dd12be42-52a9-4a91-a8a1-11c01849e498]
[15:03:50] [Render thread/WARN]: Ambiguity between arguments [teleport, location] and [teleport, destination] with inputs: [0.1 -0.5 .9, 0 0 0]
[15:03:50] [Render thread/WARN]: Ambiguity between arguments [teleport, location] and [teleport, targets] with inputs: [0.1 -0.5 .9, 0 0 0]
[15:03:50] [Render thread/WARN]: Ambiguity between arguments [teleport, targets] and [teleport, destination] with inputs: [Player, 0123, dd12be42-52a9-4a91-a8a1-11c01849e498]
[15:03:50] [Render thread/WARN]: Ambiguity between arguments [teleport, targets, location] and [teleport, targets, destination] with inputs: [0.1 -0.5 .9, 0 0 0]
[15:03:50] [Render thread/INFO]: Reloading ResourceManager: Default
[15:03:50] [Render thread/INFO]: Loaded 7 recipes
[15:03:50] [Render thread/INFO]: Loaded 927 advancements
[15:03:50] [Render thread/INFO]: Environment: authHost='https://authserver.mojang.com', accountsHost='https://api.mojang.com', sessionHost='https://sessionserver.mojang.com', servicesHost='https://api.minecraftservices.com', name='PROD'
[15:03:51] [Render thread/INFO]: Starting integrated minecraft server version 1.16.5
[15:03:51] [Render thread/INFO]: Generating keypair
[15:03:55] [Render thread/INFO]: Preparing start region for dimension minecraft:overworld
[15:04:02] [Render thread/INFO]: Changing view distance to 11, from 10
[15:04:02] [Render thread/INFO]: MineRLAgent0[local:E:8186c8e8] logged in with entity id 171 at (-461.5, 64.0, 794.5)
[15:04:02] [Render thread/INFO]: MineRLAgent0 joined the game
[15:04:02] [Render thread/INFO]: [STDOUT]: *** creating fake mouse cursor ***
[15:04:03] [Render thread/INFO]: Preparing spawn area: 0%
[15:04:03] [Render thread/INFO]: Time elapsed: 5 ms
[15:04:03] [Render thread/INFO]: [STDOUT]: Starting new video null
[15:04:03] [Render thread/INFO]: Saving and pausing game...
[15:04:03] [Render thread/INFO]: Saving chunks for level 'ServerLevel[mcpworld6d7f8fd9881c]'/minecraft:overworld
[15:04:04] [Render thread/INFO]: Saving chunks for level 'ServerLevel[mcpworld6d7f8fd9881c]'/minecraft:the_nether
[15:04:04] [Render thread/INFO]: Saving chunks for level 'ServerLevel[mcpworld6d7f8fd9881c]'/minecraft:the_end
[15:04:04] [Render thread/INFO]: Loaded 0 advancements
[15:04:06] [EnvServerSocketHandler/INFO]: [STDOUT]: *** Stopping the replay, returning control to the inputs
[15:04:06] [EnvServerSocketHandler/INFO]: Received Mission token 38d60659-11a8-4890-82ea-1bee8c91a263:0:0:1:true
[15:04:06] [EnvServerSocketHandler/INFO]: Received mission init command  <MissionInit xmlns="http://ProjectMalmo.microsoft.com" xmlns:xsi="http://www.w3.org/2001/XMLSchema-instance" SchemaVersion="" PlatformVersion="0.37.0"><Mission><About><Summary>MineRLObtainDiamondShovel-v0</Summary></About><ModSettings><MsPerTick>50</MsPerTick></ModSettings><ServerSection><ServerInitialConditions><Time><AllowPassageOfTime>true</AllowPassageOfTime></Time><AllowSpawning>true</AllowSpawning></ServerInitialConditions><ServerHandlers><DefaultWorldGenerator forceReset="true" generatorOptions="{}"/><ServerQuitWhenAnyAgentFinishes/></ServerHandlers></ServerSection><AgentSection mode="Survival"><Name>MineRLAgent0</Name><AgentStart><LowLevelInputs>true</LowLevelInputs><GuiScale>1.0</GuiScale><GammaSetting>2.0</GammaSetting><FOVSetting>70.0</FOVSetting><FakeCursorSize>16</FakeCursorSize></AgentStart><AgentHandlers><FileBasedPerformanceProducer/><PauseCommand/><VideoProducer want_depth="false"><Width>640</Width><Height>360</Height></VideoProducer><ObservationFromFullInventory flat="false"/><HumanLevelCommands/><CameraCommands/></AgentHandlers></AgentSection></Mission><ExperimentUID>38d60659-11a8-4890-82ea-1bee8c91a263</ExperimentUID><ClientRole>0</ClientRole><ClientAgentConnection><ClientIPAddress>127.0.0.1</ClientIPAddress><ClientMissionControlPort>0</ClientMissionControlPort><ClientCommandsPort>0</ClientCommandsPort><AgentIPAddress>127.0.0.1</AgentIPAddress><AgentMissionControlPort>0</AgentMissionControlPort><AgentVideoPort>0</AgentVideoPort><AgentDepthPort>0</AgentDepthPort><AgentLuminancePort>0</AgentLuminancePort><AgentObservationsPort>0</AgentObservationsPort><AgentRewardsPort>0</AgentRewardsPort><AgentColourMapPort>0</AgentColourMapPort></ClientAgentConnection></MissionInit>
[15:04:06] [EnvServerSocketHandler/INFO]: [STDOUT]: Setting width, height to 640, 360
[15:04:06] [EnvServerSocketHandler/INFO]: [STDOUT]: Gamma: 2.0
[15:04:06] [EnvServerSocketHandler/INFO]: [STDOUT]: FOV: 70.0
[15:04:06] [EnvServerSocketHandler/INFO]: [STDOUT]: GuiScale: 1.0
[15:04:06] [Render thread/INFO]: [STDOUT]: Seed not provided, generating random one: -4347807809445184342
[15:04:06] [Render thread/WARN]: Ambiguity between arguments [teleport, destination] and [teleport, targets] with inputs: [Player, 0123, @e, dd12be42-52a9-4a91-a8a1-11c01849e498]
[15:04:06] [Render thread/WARN]: Ambiguity between arguments [teleport, location] and [teleport, destination] with inputs: [0.1 -0.5 .9, 0 0 0]
[15:04:06] [Render thread/WARN]: Ambiguity between arguments [teleport, location] and [teleport, targets] with inputs: [0.1 -0.5 .9, 0 0 0]
[15:04:06] [Render thread/WARN]: Ambiguity between arguments [teleport, targets] and [teleport, destination] with inputs: [Player, 0123, dd12be42-52a9-4a91-a8a1-11c01849e498]
[15:04:06] [Render thread/WARN]: Ambiguity between arguments [teleport, targets, location] and [teleport, targets, destination] with inputs: [0.1 -0.5 .9, 0 0 0]
[15:04:06] [Render thread/INFO]: Reloading ResourceManager: Default
[15:04:06] [Render thread/INFO]: Loaded 7 recipes
[15:04:06] [Render thread/INFO]: Loaded 927 advancements
[15:04:07] [Render thread/INFO]: Environment: authHost='https://authserver.mojang.com', accountsHost='https://api.mojang.com', sessionHost='https://sessionserver.mojang.com', servicesHost='https://api.minecraftservices.com', name='PROD'
[15:04:07] [Render thread/INFO]: Starting integrated minecraft server version 1.16.5
[15:04:07] [Render thread/INFO]: Generating keypair
[15:04:10] [Render thread/INFO]: Preparing start region for dimension minecraft:overworld
[15:04:19] [Render thread/INFO]: Changing view distance to 11, from 10
[15:04:19] [Render thread/INFO]: MineRLAgent0[local:E:6ec275f7] logged in with entity id 657 at (-541.5, 79.0, -453.5)
[15:04:19] [Render thread/INFO]: MineRLAgent0 joined the game
[15:04:19] [Render thread/INFO]: Preparing spawn area: 43%
[15:04:19] [Render thread/INFO]: Time elapsed: 1 ms
[15:04:19] [Render thread/INFO]: [STDOUT]: Starting new video null
[15:04:19] [Render thread/INFO]: Saving and pausing game...
[15:04:19] [Render thread/INFO]: Saving chunks for level 'ServerLevel[mcpworld2c9b3e942f20]'/minecraft:overworld
[15:04:20] [Render thread/INFO]: Saving chunks for level 'ServerLevel[mcpworld2c9b3e942f20]'/minecraft:the_nether
[15:04:20] [Render thread/INFO]: Saving chunks for level 'ServerLevel[mcpworld2c9b3e942f20]'/minecraft:the_end
[15:04:20] [Render thread/INFO]: Loaded 0 advancements
[15:05:03] [EnvServerSocketHandler/INFO]: [STDOUT]: *** Stopping the replay, returning control to the inputs
