[22:48:48] [Thread-4/INFO]: [STDOUT]: SERVER enter state: DORMANT
[22:48:48] [EnvServerSocketHandler/INFO]: Received Mission token 5b7418e1-e7a9-4615-82f7-f5cc6a9d20ce:0:0:1:true
[22:48:48] [EnvServerSocketHandler/INFO]: Received mission init command  <MissionInit xmlns="http://ProjectMalmo.microsoft.com" xmlns:xsi="http://www.w3.org/2001/XMLSchema-instance" SchemaVersion="" PlatformVersion="0.37.0"><Mission><About><Summary>MineRLObtainDiamondShovel-v0</Summary></About><ModSettings><MsPerTick>50</MsPerTick></ModSettings><ServerSection><ServerInitialConditions><Time><AllowPassageOfTime>true</AllowPassageOfTime></Time><AllowSpawning>true</AllowSpawning></ServerInitialConditions><ServerHandlers><DefaultWorldGenerator forceReset="true" generatorOptions="{}"/><ServerQuitWhenAnyAgentFinishes/></ServerHandlers></ServerSection><AgentSection mode="Survival"><Name>MineRLAgent0</Name><AgentStart><LowLevelInputs>true</LowLevelInputs><GuiScale>1.0</GuiScale><GammaSetting>2.0</GammaSetting><FOVSetting>70.0</FOVSetting><FakeCursorSize>16</FakeCursorSize></AgentStart><AgentHandlers><FileBasedPerformanceProducer/><PauseCommand/><VideoProducer want_depth="false"><Width>640</Width><Height>360</Height></VideoProducer><ObservationFromFullInventory flat="false"/><HumanLevelCommands/><CameraCommands/></AgentHandlers></AgentSection></Mission><ExperimentUID>5b7418e1-e7a9-4615-82f7-f5cc6a9d20ce</ExperimentUID><ClientRole>0</ClientRole><ClientAgentConnection><ClientIPAddress>127.0.0.1</ClientIPAddress><ClientMissionControlPort>0</ClientMissionControlPort><ClientCommandsPort>0</ClientCommandsPort><AgentIPAddress>127.0.0.1</AgentIPAddress><AgentMissionControlPort>0</AgentMissionControlPort><AgentVideoPort>0</AgentVideoPort><AgentDepthPort>0</AgentDepthPort><AgentLuminancePort>0</AgentLuminancePort><AgentObservationsPort>0</AgentObservationsPort><AgentRewardsPort>0</AgentRewardsPort><AgentColourMapPort>0</AgentColourMapPort></ClientAgentConnection></MissionInit>
[22:48:49] [Render thread/INFO]: [STDOUT]: *** creating fake mouse cursor ***
[22:48:49] [EnvServerSocketHandler/INFO]: [STDOUT]: Setting width, height to 640, 360
[22:48:49] [EnvServerSocketHandler/INFO]: [STDOUT]: Gamma: 2.0
[22:48:49] [EnvServerSocketHandler/INFO]: [STDOUT]: FOV: 70.0
[22:48:50] [EnvServerSocketHandler/INFO]: [STDOUT]: GuiScale: 1.0
[22:48:50] [Render thread/INFO]: [STDOUT]: Seed not provided, generating random one: 1798684209109938976
[22:48:51] [Render thread/WARN]: Ambiguity between arguments [teleport, destination] and [teleport, targets] with inputs: [Player, 0123, @e, dd12be42-52a9-4a91-a8a1-11c01849e498]
[22:48:51] [Render thread/WARN]: Ambiguity between arguments [teleport, location] and [teleport, destination] with inputs: [0.1 -0.5 .9, 0 0 0]
[22:48:51] [Render thread/WARN]: Ambiguity between arguments [teleport, location] and [teleport, targets] with inputs: [0.1 -0.5 .9, 0 0 0]
[22:48:51] [Render thread/WARN]: Ambiguity between arguments [teleport, targets] and [teleport, destination] with inputs: [Player, 0123, dd12be42-52a9-4a91-a8a1-11c01849e498]
[22:48:51] [Render thread/WARN]: Ambiguity between arguments [teleport, targets, location] and [teleport, targets, destination] with inputs: [0.1 -0.5 .9, 0 0 0]
[22:48:51] [Render thread/INFO]: Reloading ResourceManager: Default
[22:48:52] [Render thread/INFO]: Loaded 7 recipes
[22:48:52] [Render thread/INFO]: Loaded 927 advancements
[22:48:55] [Render thread/INFO]: Environment: authHost='https://authserver.mojang.com', accountsHost='https://api.mojang.com', sessionHost='https://sessionserver.mojang.com', servicesHost='https://api.minecraftservices.com', name='PROD'
[22:48:55] [Render thread/INFO]: Starting integrated minecraft server version 1.16.5
[22:48:55] [Render thread/INFO]: Generating keypair
[22:49:03] [Render thread/INFO]: Preparing start region for dimension minecraft:overworld
[22:49:15] [Render thread/INFO]: Changing view distance to 11, from 10
[22:49:15] [Render thread/INFO]: MineRLAgent0[local:E:f6c757a3] logged in with entity id 236 at (-221.5, 68.0, -1029.5)
[22:49:16] [Render thread/INFO]: MineRLAgent0 joined the game
[22:49:16] [Render thread/INFO]: Preparing spawn area: 0%
[22:49:16] [Render thread/INFO]: Time elapsed: 5 ms
[22:49:16] [Render thread/INFO]: [STDOUT]: Starting new video null
[22:49:16] [Render thread/INFO]: Saving and pausing game...
[22:49:16] [Render thread/INFO]: Saving chunks for level 'ServerLevel[mcpworldfddb9749702b]'/minecraft:overworld
[22:49:17] [Render thread/INFO]: Saving chunks for level 'ServerLevel[mcpworldfddb9749702b]'/minecraft:the_nether
[22:49:17] [Render thread/INFO]: Saving chunks for level 'ServerLevel[mcpworldfddb9749702b]'/minecraft:the_end
[22:49:18] [Render thread/INFO]: Loaded 0 advancements
[22:49:20] [EnvServerSocketHandler/INFO]: [STDOUT]: *** Stopping the replay, returning control to the inputs
[22:49:20] [EnvServerSocketHandler/INFO]: Received Mission token 95393690-becb-4a63-a757-ee3b91bb36b2:0:0:1:true
[22:49:20] [EnvServerSocketHandler/INFO]: Received mission init command  <MissionInit xmlns="http://ProjectMalmo.microsoft.com" xmlns:xsi="http://www.w3.org/2001/XMLSchema-instance" SchemaVersion="" PlatformVersion="0.37.0"><Mission><About><Summary>MineRLObtainDiamondShovel-v0</Summary></About><ModSettings><MsPerTick>50</MsPerTick></ModSettings><ServerSection><ServerInitialConditions><Time><AllowPassageOfTime>true</AllowPassageOfTime></Time><AllowSpawning>true</AllowSpawning></ServerInitialConditions><ServerHandlers><DefaultWorldGenerator forceReset="true" generatorOptions="{}"/><ServerQuitWhenAnyAgentFinishes/></ServerHandlers></ServerSection><AgentSection mode="Survival"><Name>MineRLAgent0</Name><AgentStart><LowLevelInputs>true</LowLevelInputs><GuiScale>1.0</GuiScale><GammaSetting>2.0</GammaSetting><FOVSetting>70.0</FOVSetting><FakeCursorSize>16</FakeCursorSize></AgentStart><AgentHandlers><FileBasedPerformanceProducer/><PauseCommand/><VideoProducer want_depth="false"><Width>640</Width><Height>360</Height></VideoProducer><ObservationFromFullInventory flat="false"/><HumanLevelCommands/><CameraCommands/></AgentHandlers></AgentSection></Mission><ExperimentUID>95393690-becb-4a63-a757-ee3b91bb36b2</ExperimentUID><ClientRole>0</ClientRole><ClientAgentConnection><ClientIPAddress>127.0.0.1</ClientIPAddress><ClientMissionControlPort>0</ClientMissionControlPort><ClientCommandsPort>0</ClientCommandsPort><AgentIPAddress>127.0.0.1</AgentIPAddress><AgentMissionControlPort>0</AgentMissionControlPort><AgentVideoPort>0</AgentVideoPort><AgentDepthPort>0</AgentDepthPort><AgentLuminancePort>0</AgentLuminancePort><AgentObservationsPort>0</AgentObservationsPort><AgentRewardsPort>0</AgentRewardsPort><AgentColourMapPort>0</AgentColourMapPort></ClientAgentConnection></MissionInit>
[22:49:21] [EnvServerSocketHandler/INFO]: [STDOUT]: Setting width, height to 640, 360
[22:49:21] [EnvServerSocketHandler/INFO]: [STDOUT]: Gamma: 2.0
[22:49:21] [EnvServerSocketHandler/INFO]: [STDOUT]: FOV: 70.0
[22:49:21] [EnvServerSocketHandler/INFO]: [STDOUT]: GuiScale: 1.0
[22:49:21] [Render thread/INFO]: [STDOUT]: Seed not provided, generating random one: 7213853227835616729
[22:49:21] [Render thread/WARN]: Ambiguity between arguments [teleport, destination] and [teleport, targets] with inputs: [Player, 0123, @e, dd12be42-52a9-4a91-a8a1-11c01849e498]
[22:49:21] [Render thread/WARN]: Ambiguity between arguments [teleport, location] and [teleport, destination] with inputs: [0.1 -0.5 .9, 0 0 0]
[22:49:21] [Render thread/WARN]: Ambiguity between arguments [teleport, location] and [teleport, targets] with inputs: [0.1 -0.5 .9, 0 0 0]
[22:49:21] [Render thread/WARN]: Ambiguity between arguments [teleport, targets] and [teleport, destination] with inputs: [Player, 0123, dd12be42-52a9-4a91-a8a1-11c01849e498]
[22:49:21] [Render thread/WARN]: Ambiguity between arguments [teleport, targets, location] and [teleport, targets, destination] with inputs: [0.1 -0.5 .9, 0 0 0]
[22:49:21] [Render thread/INFO]: Reloading ResourceManager: Default
[22:49:21] [Render thread/INFO]: Loaded 7 recipes
[22:49:22] [Render thread/INFO]: Loaded 927 advancements
[22:49:22] [Render thread/INFO]: Environment: authHost='https://authserver.mojang.com', accountsHost='https://api.mojang.com', sessionHost='https://sessionserver.mojang.com', servicesHost='https://api.minecraftservices.com', name='PROD'
[22:49:22] [Render thread/INFO]: Starting integrated minecraft server version 1.16.5
[22:49:22] [Render thread/INFO]: Generating keypair
[22:49:26] [Render thread/INFO]: Preparing start region for dimension minecraft:overworld
[22:49:38] [Render thread/INFO]: Changing view distance to 11, from 10
[22:49:38] [Render thread/INFO]: MineRLAgent0[local:E:81ce1f4d] logged in with entity id 858 at (-221.5, 76.0, 298.5)
[22:49:38] [Render thread/INFO]: MineRLAgent0 joined the game
[22:49:39] [Render thread/INFO]: Preparing spawn area: 0%
[22:49:39] [Render thread/INFO]: Time elapsed: 3 ms
[22:49:39] [Render thread/INFO]: [STDOUT]: Starting new video null
[22:49:39] [Render thread/INFO]: Saving and pausing game...
[22:49:39] [Render thread/INFO]: Saving chunks for level 'ServerLevel[mcpworld102f99f5cf25]'/minecraft:overworld
[22:49:39] [Render thread/INFO]: Saving chunks for level 'ServerLevel[mcpworld102f99f5cf25]'/minecraft:the_nether
[22:49:39] [Render thread/INFO]: Saving chunks for level 'ServerLevel[mcpworld102f99f5cf25]'/minecraft:the_end
[22:49:40] [Render thread/INFO]: Loaded 0 advancements
