[01:17:23] [Thread-5/INFO]: [STDOUT]: SERVER enter state: DORMANT
[01:17:23] [EnvServerSocketHandler/INFO]: Received Mission token 5b1eb68a-ea9a-41da-a3bc-0b477ad8cc9d:0:0:1:true
[01:17:23] [EnvServerSocketHandler/INFO]: Received mission init command  <MissionInit xmlns="http://ProjectMalmo.microsoft.com" xmlns:xsi="http://www.w3.org/2001/XMLSchema-instance" SchemaVersion="" PlatformVersion="0.37.0"><Mission><About><Summary>MineRLObtainDiamondShovel-v0</Summary></About><ModSettings><MsPerTick>50</MsPerTick></ModSettings><ServerSection><ServerInitialConditions><Time><AllowPassageOfTime>true</AllowPassageOfTime></Time><AllowSpawning>true</AllowSpawning></ServerInitialConditions><ServerHandlers><DefaultWorldGenerator forceReset="true" generatorOptions="{}"/><ServerQuitWhenAnyAgentFinishes/></ServerHandlers></ServerSection><AgentSection mode="Survival"><Name>MineRLAgent0</Name><AgentStart><LowLevelInputs>true</LowLevelInputs><GuiScale>1.0</GuiScale><GammaSetting>2.0</GammaSetting><FOVSetting>70.0</FOVSetting><FakeCursorSize>16</FakeCursorSize></AgentStart><AgentHandlers><FileBasedPerformanceProducer/><PauseCommand/><VideoProducer want_depth="false"><Width>640</Width><Height>360</Height></VideoProducer><ObservationFromFullInventory flat="false"/><HumanLevelCommands/><CameraCommands/></AgentHandlers></AgentSection></Mission><ExperimentUID>5b1eb68a-ea9a-41da-a3bc-0b477ad8cc9d</ExperimentUID><ClientRole>0</ClientRole><ClientAgentConnection><ClientIPAddress>127.0.0.1</ClientIPAddress><ClientMissionControlPort>0</ClientMissionControlPort><ClientCommandsPort>0</ClientCommandsPort><AgentIPAddress>127.0.0.1</AgentIPAddress><AgentMissionControlPort>0</AgentMissionControlPort><AgentVideoPort>0</AgentVideoPort><AgentDepthPort>0</AgentDepthPort><AgentLuminancePort>0</AgentLuminancePort><AgentObservationsPort>0</AgentObservationsPort><AgentRewardsPort>0</AgentRewardsPort><AgentColourMapPort>0</AgentColourMapPort></ClientAgentConnection></MissionInit>
[01:17:24] [Render thread/INFO]: [STDOUT]: *** creating fake mouse cursor ***
[01:17:24] [EnvServerSocketHandler/INFO]: [STDOUT]: Setting width, height to 640, 360
[01:17:24] [EnvServerSocketHandler/INFO]: [STDOUT]: Gamma: 2.0
[01:17:24] [EnvServerSocketHandler/INFO]: [STDOUT]: FOV: 70.0
[01:17:24] [EnvServerSocketHandler/INFO]: [STDOUT]: GuiScale: 1.0
[01:17:24] [Render thread/INFO]: [STDOUT]: Seed not provided, generating random one: 8664105202721892279
[01:17:26] [Render thread/WARN]: Ambiguity between arguments [teleport, destination] and [teleport, targets] with inputs: [Player, 0123, @e, dd12be42-52a9-4a91-a8a1-11c01849e498]
[01:17:26] [Render thread/WARN]: Ambiguity between arguments [teleport, location] and [teleport, destination] with inputs: [0.1 -0.5 .9, 0 0 0]
[01:17:26] [Render thread/WARN]: Ambiguity between arguments [teleport, location] and [teleport, targets] with inputs: [0.1 -0.5 .9, 0 0 0]
[01:17:26] [Render thread/WARN]: Ambiguity between arguments [teleport, targets] and [teleport, destination] with inputs: [Player, 0123, dd12be42-52a9-4a91-a8a1-11c01849e498]
[01:17:26] [Render thread/WARN]: Ambiguity between arguments [teleport, targets, location] and [teleport, targets, destination] with inputs: [0.1 -0.5 .9, 0 0 0]
[01:17:26] [Render thread/INFO]: Reloading ResourceManager: Default
[01:17:26] [Render thread/INFO]: Loaded 7 recipes
[01:17:27] [Render thread/INFO]: Loaded 927 advancements
[01:17:28] [Render thread/INFO]: Environment: authHost='https://authserver.mojang.com', accountsHost='https://api.mojang.com', sessionHost='https://sessionserver.mojang.com', servicesHost='https://api.minecraftservices.com', name='PROD'
[01:17:28] [Render thread/INFO]: Starting integrated minecraft server version 1.16.5
[01:17:28] [Render thread/INFO]: Generating keypair
[01:17:32] [Render thread/INFO]: Preparing start region for dimension minecraft:overworld
[01:17:42] [Render thread/INFO]: Changing view distance to 11, from 10
[01:17:43] [Render thread/INFO]: MineRLAgent0[local:E:c0ef33c1] logged in with entity id 215 at (366.5, 63.0, -431.5)
[01:17:43] [Render thread/INFO]: MineRLAgent0 joined the game
[01:17:43] [Render thread/INFO]: Preparing spawn area: 0%
[01:17:43] [Render thread/INFO]: Time elapsed: 5 ms
[01:17:43] [Render thread/INFO]: [STDOUT]: Starting new video null
[01:17:43] [Render thread/INFO]: Saving and pausing game...
[01:17:43] [Render thread/INFO]: Saving chunks for level 'ServerLevel[mcpworld35afa3aa875c]'/minecraft:overworld
[01:17:44] [Render thread/INFO]: Saving chunks for level 'ServerLevel[mcpworld35afa3aa875c]'/minecraft:the_nether
[01:17:44] [Render thread/INFO]: Saving chunks for level 'ServerLevel[mcpworld35afa3aa875c]'/minecraft:the_end
[01:17:44] [Render thread/INFO]: Loaded 0 advancements
[01:17:46] [EnvServerSocketHandler/INFO]: [STDOUT]: *** Stopping the replay, returning control to the inputs
[01:17:46] [EnvServerSocketHandler/INFO]: Received Mission token b6a9dff5-a888-4b16-95bd-ae75907576e4:0:0:1:true
[01:17:46] [EnvServerSocketHandler/INFO]: Received mission init command  <MissionInit xmlns="http://ProjectMalmo.microsoft.com" xmlns:xsi="http://www.w3.org/2001/XMLSchema-instance" SchemaVersion="" PlatformVersion="0.37.0"><Mission><About><Summary>MineRLObtainDiamondShovel-v0</Summary></About><ModSettings><MsPerTick>50</MsPerTick></ModSettings><ServerSection><ServerInitialConditions><Time><AllowPassageOfTime>true</AllowPassageOfTime></Time><AllowSpawning>true</AllowSpawning></ServerInitialConditions><ServerHandlers><DefaultWorldGenerator forceReset="true" generatorOptions="{}"/><ServerQuitWhenAnyAgentFinishes/></ServerHandlers></ServerSection><AgentSection mode="Survival"><Name>MineRLAgent0</Name><AgentStart><LowLevelInputs>true</LowLevelInputs><GuiScale>1.0</GuiScale><GammaSetting>2.0</GammaSetting><FOVSetting>70.0</FOVSetting><FakeCursorSize>16</FakeCursorSize></AgentStart><AgentHandlers><FileBasedPerformanceProducer/><PauseCommand/><VideoProducer want_depth="false"><Width>640</Width><Height>360</Height></VideoProducer><ObservationFromFullInventory flat="false"/><HumanLevelCommands/><CameraCommands/></AgentHandlers></AgentSection></Mission><ExperimentUID>b6a9dff5-a888-4b16-95bd-ae75907576e4</ExperimentUID><ClientRole>0</ClientRole><ClientAgentConnection><ClientIPAddress>127.0.0.1</ClientIPAddress><ClientMissionControlPort>0</ClientMissionControlPort><ClientCommandsPort>0</ClientCommandsPort><AgentIPAddress>127.0.0.1</AgentIPAddress><AgentMissionControlPort>0</AgentMissionControlPort><AgentVideoPort>0</AgentVideoPort><AgentDepthPort>0</AgentDepthPort><AgentLuminancePort>0</AgentLuminancePort><AgentObservationsPort>0</AgentObservationsPort><AgentRewardsPort>0</AgentRewardsPort><AgentColourMapPort>0</AgentColourMapPort></ClientAgentConnection></MissionInit>
[01:17:46] [EnvServerSocketHandler/INFO]: [STDOUT]: Setting width, height to 640, 360
[01:17:46] [EnvServerSocketHandler/INFO]: [STDOUT]: Gamma: 2.0
[01:17:46] [EnvServerSocketHandler/INFO]: [STDOUT]: FOV: 70.0
[01:17:46] [EnvServerSocketHandler/INFO]: [STDOUT]: GuiScale: 1.0
[01:17:46] [Render thread/INFO]: [STDOUT]: Seed not provided, generating random one: 3911215163656360808
[01:17:46] [Render thread/WARN]: Ambiguity between arguments [teleport, destination] and [teleport, targets] with inputs: [Player, 0123, @e, dd12be42-52a9-4a91-a8a1-11c01849e498]
[01:17:46] [Render thread/WARN]: Ambiguity between arguments [teleport, location] and [teleport, destination] with inputs: [0.1 -0.5 .9, 0 0 0]
[01:17:46] [Render thread/WARN]: Ambiguity between arguments [teleport, location] and [teleport, targets] with inputs: [0.1 -0.5 .9, 0 0 0]
[01:17:46] [Render thread/WARN]: Ambiguity between arguments [teleport, targets] and [teleport, destination] with inputs: [Player, 0123, dd12be42-52a9-4a91-a8a1-11c01849e498]
[01:17:46] [Render thread/WARN]: Ambiguity between arguments [teleport, targets, location] and [teleport, targets, destination] with inputs: [0.1 -0.5 .9, 0 0 0]
[01:17:46] [Render thread/INFO]: Reloading ResourceManager: Default
[01:17:47] [Render thread/INFO]: Loaded 7 recipes
[01:17:47] [Render thread/INFO]: Loaded 927 advancements
[01:17:47] [Render thread/INFO]: Environment: authHost='https://authserver.mojang.com', accountsHost='https://api.mojang.com', sessionHost='https://sessionserver.mojang.com', servicesHost='https://api.minecraftservices.com', name='PROD'
[01:17:47] [Render thread/INFO]: Starting integrated minecraft server version 1.16.5
[01:17:47] [Render thread/INFO]: Generating keypair
[01:17:50] [Render thread/INFO]: Preparing start region for dimension minecraft:overworld
[01:17:57] [Render thread/INFO]: Changing view distance to 11, from 10
[01:17:57] [Render thread/INFO]: MineRLAgent0[local:E:5a9a5a04] logged in with entity id 625 at (-909.5, 66.0, 490.5)
[01:17:57] [Render thread/INFO]: MineRLAgent0 joined the game
[01:17:57] [Render thread/INFO]: Preparing spawn area: 31%
[01:17:57] [Render thread/INFO]: Time elapsed: 2 ms
[01:17:57] [Render thread/INFO]: [STDOUT]: Starting new video null
[01:17:57] [Render thread/INFO]: Saving and pausing game...
[01:17:57] [Render thread/INFO]: Saving chunks for level 'ServerLevel[mcpworldc8422b46196e]'/minecraft:overworld
[01:17:57] [Render thread/INFO]: Saving chunks for level 'ServerLevel[mcpworldc8422b46196e]'/minecraft:the_nether
[01:17:57] [Render thread/INFO]: Saving chunks for level 'ServerLevel[mcpworldc8422b46196e]'/minecraft:the_end
[01:17:57] [Render thread/INFO]: Loaded 0 advancements
[01:18:17] [EnvServerSocketHandler/INFO]: [STDOUT]: *** Stopping the replay, returning control to the inputs
[01:18:17] [EnvServerSocketHandler/INFO]: Received Mission token 2d792911-ce4b-4752-b72a-e875629f6a94:0:0:1:true:1000
[01:18:17] [EnvServerSocketHandler/INFO]: Received mission init command  <MissionInit xmlns="http://ProjectMalmo.microsoft.com" xmlns:xsi="http://www.w3.org/2001/XMLSchema-instance" SchemaVersion="" PlatformVersion="0.37.0"><Mission><About><Summary>MineRLObtainDiamondShovel-v0</Summary></About><ModSettings><MsPerTick>50</MsPerTick></ModSettings><ServerSection><ServerInitialConditions><Time><AllowPassageOfTime>true</AllowPassageOfTime></Time><AllowSpawning>true</AllowSpawning></ServerInitialConditions><ServerHandlers><DefaultWorldGenerator forceReset="true" generatorOptions="{}"/><ServerQuitWhenAnyAgentFinishes/></ServerHandlers></ServerSection><AgentSection mode="Survival"><Name>MineRLAgent0</Name><AgentStart><LowLevelInputs>true</LowLevelInputs><GuiScale>1.0</GuiScale><GammaSetting>2.0</GammaSetting><FOVSetting>70.0</FOVSetting><FakeCursorSize>16</FakeCursorSize></AgentStart><AgentHandlers><FileBasedPerformanceProducer/><PauseCommand/><VideoProducer want_depth="false"><Width>640</Width><Height>360</Height></VideoProducer><ObservationFromFullInventory flat="false"/><HumanLevelCommands/><CameraCommands/></AgentHandlers></AgentSection></Mission><ExperimentUID>2d792911-ce4b-4752-b72a-e875629f6a94</ExperimentUID><ClientRole>0</ClientRole><ClientAgentConnection><ClientIPAddress>127.0.0.1</ClientIPAddress><ClientMissionControlPort>0</ClientMissionControlPort><ClientCommandsPort>0</ClientCommandsPort><AgentIPAddress>127.0.0.1</AgentIPAddress><AgentMissionControlPort>0</AgentMissionControlPort><AgentVideoPort>0</AgentVideoPort><AgentDepthPort>0</AgentDepthPort><AgentLuminancePort>0</AgentLuminancePort><AgentObservationsPort>0</AgentObservationsPort><AgentRewardsPort>0</AgentRewardsPort><AgentColourMapPort>0</AgentColourMapPort></ClientAgentConnection></MissionInit>
[01:18:18] [EnvServerSocketHandler/INFO]: [STDOUT]: Setting width, height to 640, 360
[01:18:18] [EnvServerSocketHandler/INFO]: [STDOUT]: Gamma: 2.0
[01:18:18] [EnvServerSocketHandler/INFO]: [STDOUT]: FOV: 70.0
[01:18:18] [EnvServerSocketHandler/INFO]: [STDOUT]: GuiScale: 1.0
[01:18:18] [Render thread/WARN]: Ambiguity between arguments [teleport, destination] and [teleport, targets] with inputs: [Player, 0123, @e, dd12be42-52a9-4a91-a8a1-11c01849e498]
[01:18:18] [Render thread/WARN]: Ambiguity between arguments [teleport, location] and [teleport, destination] with inputs: [0.1 -0.5 .9, 0 0 0]
[01:18:18] [Render thread/WARN]: Ambiguity between arguments [teleport, location] and [teleport, targets] with inputs: [0.1 -0.5 .9, 0 0 0]
[01:18:18] [Render thread/WARN]: Ambiguity between arguments [teleport, targets] and [teleport, destination] with inputs: [Player, 0123, dd12be42-52a9-4a91-a8a1-11c01849e498]
[01:18:18] [Render thread/WARN]: Ambiguity between arguments [teleport, targets, location] and [teleport, targets, destination] with inputs: [0.1 -0.5 .9, 0 0 0]
[01:18:18] [Render thread/INFO]: Reloading ResourceManager: Default
[01:18:18] [Render thread/INFO]: Loaded 7 recipes
[01:18:18] [Render thread/INFO]: Loaded 927 advancements
[01:18:18] [Render thread/INFO]: Environment: authHost='https://authserver.mojang.com', accountsHost='https://api.mojang.com', sessionHost='https://sessionserver.mojang.com', servicesHost='https://api.minecraftservices.com', name='PROD'
[01:18:18] [Render thread/INFO]: Starting integrated minecraft server version 1.16.5
[01:18:18] [Render thread/INFO]: Generating keypair
[01:18:22] [Render thread/INFO]: Preparing start region for dimension minecraft:overworld
[01:18:31] [Render thread/INFO]: Changing view distance to 11, from 10
[01:18:31] [Render thread/INFO]: MineRLAgent0[local:E:708f45b2] logged in with entity id 1091 at (354.5, 65.0, -917.5)
[01:18:31] [Render thread/INFO]: MineRLAgent0 joined the game
[01:18:31] [Render thread/INFO]: Preparing spawn area: 4%
[01:18:31] [Render thread/INFO]: Time elapsed: 2 ms
[01:18:31] [Render thread/INFO]: [STDOUT]: Starting new video null
[01:18:31] [Render thread/INFO]: Saving and pausing game...
[01:18:31] [Render thread/INFO]: Saving chunks for level 'ServerLevel[mcpworld5bd2a8b70081]'/minecraft:overworld
[01:18:32] [Render thread/INFO]: Saving chunks for level 'ServerLevel[mcpworld5bd2a8b70081]'/minecraft:the_nether
[01:18:32] [Render thread/INFO]: Saving chunks for level 'ServerLevel[mcpworld5bd2a8b70081]'/minecraft:the_end
[01:18:32] [Render thread/INFO]: Loaded 0 advancements
[01:19:29] [EnvServerSocketHandler/INFO]: [STDOUT]: *** Stopping the replay, returning control to the inputs
[01:19:29] [EnvServerSocketHandler/INFO]: Received Mission token 79211f7e-2dd1-4b25-a584-407f3b928c19:0:0:1:true:1000
[01:19:29] [EnvServerSocketHandler/INFO]: Received mission init command  <MissionInit xmlns="http://ProjectMalmo.microsoft.com" xmlns:xsi="http://www.w3.org/2001/XMLSchema-instance" SchemaVersion="" PlatformVersion="0.37.0"><Mission><About><Summary>MineRLObtainDiamondShovel-v0</Summary></About><ModSettings><MsPerTick>50</MsPerTick></ModSettings><ServerSection><ServerInitialConditions><Time><AllowPassageOfTime>true</AllowPassageOfTime></Time><AllowSpawning>true</AllowSpawning></ServerInitialConditions><ServerHandlers><DefaultWorldGenerator forceReset="true" generatorOptions="{}"/><ServerQuitWhenAnyAgentFinishes/></ServerHandlers></ServerSection><AgentSection mode="Survival"><Name>MineRLAgent0</Name><AgentStart><LowLevelInputs>true</LowLevelInputs><GuiScale>1.0</GuiScale><GammaSetting>2.0</GammaSetting><FOVSetting>70.0</FOVSetting><FakeCursorSize>16</FakeCursorSize></AgentStart><AgentHandlers><FileBasedPerformanceProducer/><PauseCommand/><VideoProducer want_depth="false"><Width>640</Width><Height>360</Height></VideoProducer><ObservationFromFullInventory flat="false"/><HumanLevelCommands/><CameraCommands/></AgentHandlers></AgentSection></Mission><ExperimentUID>79211f7e-2dd1-4b25-a584-407f3b928c19</ExperimentUID><ClientRole>0</ClientRole><ClientAgentConnection><ClientIPAddress>127.0.0.1</ClientIPAddress><ClientMissionControlPort>0</ClientMissionControlPort><ClientCommandsPort>0</ClientCommandsPort><AgentIPAddress>127.0.0.1</AgentIPAddress><AgentMissionControlPort>0</AgentMissionControlPort><AgentVideoPort>0</AgentVideoPort><AgentDepthPort>0</AgentDepthPort><AgentLuminancePort>0</AgentLuminancePort><AgentObservationsPort>0</AgentObservationsPort><AgentRewardsPort>0</AgentRewardsPort><AgentColourMapPort>0</AgentColourMapPort></ClientAgentConnection></MissionInit>
[01:19:29] [EnvServerSocketHandler/INFO]: [STDOUT]: Setting width, height to 640, 360
[01:19:29] [EnvServerSocketHandler/INFO]: [STDOUT]: Gamma: 2.0
[01:19:29] [EnvServerSocketHandler/INFO]: [STDOUT]: FOV: 70.0
[01:19:29] [EnvServerSocketHandler/INFO]: [STDOUT]: GuiScale: 1.0
[01:19:29] [Render thread/WARN]: Ambiguity between arguments [teleport, destination] and [teleport, targets] with inputs: [Player, 0123, @e, dd12be42-52a9-4a91-a8a1-11c01849e498]
[01:19:29] [Render thread/WARN]: Ambiguity between arguments [teleport, location] and [teleport, destination] with inputs: [0.1 -0.5 .9, 0 0 0]
[01:19:29] [Render thread/WARN]: Ambiguity between arguments [teleport, location] and [teleport, targets] with inputs: [0.1 -0.5 .9, 0 0 0]
[01:19:29] [Render thread/WARN]: Ambiguity between arguments [teleport, targets] and [teleport, destination] with inputs: [Player, 0123, dd12be42-52a9-4a91-a8a1-11c01849e498]
[01:19:29] [Render thread/WARN]: Ambiguity between arguments [teleport, targets, location] and [teleport, targets, destination] with inputs: [0.1 -0.5 .9, 0 0 0]
[01:19:29] [Render thread/INFO]: Reloading ResourceManager: Default
[01:19:29] [Render thread/INFO]: Loaded 7 recipes
[01:19:29] [Render thread/INFO]: Loaded 927 advancements
[01:19:29] [Render thread/INFO]: Environment: authHost='https://authserver.mojang.com', accountsHost='https://api.mojang.com', sessionHost='https://sessionserver.mojang.com', servicesHost='https://api.minecraftservices.com', name='PROD'
[01:19:29] [Render thread/INFO]: Starting integrated minecraft server version 1.16.5
[01:19:29] [Render thread/INFO]: Generating keypair
[01:19:33] [Render thread/INFO]: Preparing start region for dimension minecraft:overworld
[01:19:42] [Render thread/INFO]: Changing view distance to 11, from 10
[01:19:42] [Render thread/INFO]: MineRLAgent0[local:E:01b6538f] logged in with entity id 1516 at (354.5, 65.0, -917.5)
[01:19:42] [Render thread/INFO]: MineRLAgent0 joined the game
[01:19:42] [Render thread/INFO]: Preparing spawn area: 15%
[01:19:42] [Render thread/INFO]: Time elapsed: 2 ms
[01:19:42] [Render thread/INFO]: [STDOUT]: Starting new video null
[01:19:42] [Render thread/INFO]: Saving and pausing game...
[01:19:42] [Render thread/INFO]: Saving chunks for level 'ServerLevel[mcpworld09d393a29802]'/minecraft:overworld
[01:19:43] [Render thread/INFO]: Saving chunks for level 'ServerLevel[mcpworld09d393a29802]'/minecraft:the_nether
[01:19:43] [Render thread/INFO]: Saving chunks for level 'ServerLevel[mcpworld09d393a29802]'/minecraft:the_end
[01:19:43] [Render thread/INFO]: Loaded 0 advancements
[01:20:16] [EnvServerSocketHandler/INFO]: [STDOUT]: *** Stopping the replay, returning control to the inputs
