[23:39:05] [Thread-5/INFO]: [STDOUT]: SERVER enter state: DORMANT
[23:39:05] [EnvServerSocketHandler/INFO]: Received Mission token 009de5da-2301-46de-bc1b-fcebd4f4c63e:0:0:1:true
[23:39:05] [EnvServerSocketHandler/INFO]: Received mission init command  <MissionInit xmlns="http://ProjectMalmo.microsoft.com" xmlns:xsi="http://www.w3.org/2001/XMLSchema-instance" SchemaVersion="" PlatformVersion="0.37.0"><Mission><About><Summary>MineRLObtainDiamondShovel-v0</Summary></About><ModSettings><MsPerTick>50</MsPerTick></ModSettings><ServerSection><ServerInitialConditions><Time><AllowPassageOfTime>true</AllowPassageOfTime></Time><AllowSpawning>true</AllowSpawning></ServerInitialConditions><ServerHandlers><DefaultWorldGenerator forceReset="true" generatorOptions="{}"/><ServerQuitWhenAnyAgentFinishes/></ServerHandlers></ServerSection><AgentSection mode="Survival"><Name>MineRLAgent0</Name><AgentStart><LowLevelInputs>true</LowLevelInputs><GuiScale>1.0</GuiScale><GammaSetting>2.0</GammaSetting><FOVSetting>70.0</FOVSetting><FakeCursorSize>16</FakeCursorSize></AgentStart><AgentHandlers><FileBasedPerformanceProducer/><PauseCommand/><VideoProducer want_depth="false"><Width>640</Width><Height>360</Height></VideoProducer><ObservationFromFullInventory flat="false"/><HumanLevelCommands/><CameraCommands/></AgentHandlers></AgentSection></Mission><ExperimentUID>009de5da-2301-46de-bc1b-fcebd4f4c63e</ExperimentUID><ClientRole>0</ClientRole><ClientAgentConnection><ClientIPAddress>127.0.0.1</ClientIPAddress><ClientMissionControlPort>0</ClientMissionControlPort><ClientCommandsPort>0</ClientCommandsPort><AgentIPAddress>127.0.0.1</AgentIPAddress><AgentMissionControlPort>0</AgentMissionControlPort><AgentVideoPort>0</AgentVideoPort><AgentDepthPort>0</AgentDepthPort><AgentLuminancePort>0</AgentLuminancePort><AgentObservationsPort>0</AgentObservationsPort><AgentRewardsPort>0</AgentRewardsPort><AgentColourMapPort>0</AgentColourMapPort></ClientAgentConnection></MissionInit>
[23:39:06] [EnvServerSocketHandler/INFO]: [STDOUT]: Setting width, height to 640, 360
[23:39:06] [EnvServerSocketHandler/INFO]: [STDOUT]: Gamma: 2.0
[23:39:06] [EnvServerSocketHandler/INFO]: [STDOUT]: FOV: 70.0
[23:39:06] [EnvServerSocketHandler/INFO]: [STDOUT]: GuiScale: 1.0
[23:39:06] [Render thread/INFO]: [STDOUT]: Seed not provided, generating random one: 1969545119892417879
[23:39:07] [Render thread/WARN]: Ambiguity between arguments [teleport, destination] and [teleport, targets] with inputs: [Player, 0123, @e, dd12be42-52a9-4a91-a8a1-11c01849e498]
[23:39:07] [Render thread/WARN]: Ambiguity between arguments [teleport, location] and [teleport, destination] with inputs: [0.1 -0.5 .9, 0 0 0]
[23:39:07] [Render thread/WARN]: Ambiguity between arguments [teleport, location] and [teleport, targets] with inputs: [0.1 -0.5 .9, 0 0 0]
[23:39:07] [Render thread/WARN]: Ambiguity between arguments [teleport, targets] and [teleport, destination] with inputs: [Player, 0123, dd12be42-52a9-4a91-a8a1-11c01849e498]
[23:39:07] [Render thread/WARN]: Ambiguity between arguments [teleport, targets, location] and [teleport, targets, destination] with inputs: [0.1 -0.5 .9, 0 0 0]
[23:39:07] [Render thread/INFO]: Reloading ResourceManager: Default
[23:39:07] [Render thread/INFO]: Loaded 7 recipes
[23:39:07] [Render thread/INFO]: Loaded 927 advancements
[23:39:08] [Render thread/INFO]: Environment: authHost='https://authserver.mojang.com', accountsHost='https://api.mojang.com', sessionHost='https://sessionserver.mojang.com', servicesHost='https://api.minecraftservices.com', name='PROD'
[23:39:08] [Render thread/INFO]: Starting integrated minecraft server version 1.16.5
[23:39:08] [Render thread/INFO]: Generating keypair
[23:39:12] [Render thread/INFO]: Preparing start region for dimension minecraft:overworld
[23:39:21] [Render thread/INFO]: Changing view distance to 11, from 10
[23:39:21] [Render thread/INFO]: MineRLAgent0[local:E:abdea1bc] logged in with entity id 227 at (722.5, 64.0, 218.5)
[23:39:21] [Render thread/INFO]: MineRLAgent0 joined the game
[23:39:21] [Render thread/INFO]: [STDOUT]: *** creating fake mouse cursor ***
[23:39:21] [Render thread/INFO]: Preparing spawn area: 23%
[23:39:21] [Render thread/INFO]: Time elapsed: 2 ms
[23:39:21] [Render thread/INFO]: [STDOUT]: Starting new video null
[23:39:21] [Render thread/INFO]: Saving and pausing game...
[23:39:21] [Render thread/INFO]: Saving chunks for level 'ServerLevel[mcpworlde02843b367f5]'/minecraft:overworld
[23:39:22] [Render thread/INFO]: Saving chunks for level 'ServerLevel[mcpworlde02843b367f5]'/minecraft:the_nether
[23:39:22] [Render thread/INFO]: Saving chunks for level 'ServerLevel[mcpworlde02843b367f5]'/minecraft:the_end
[23:39:22] [Render thread/INFO]: Loaded 0 advancements
[23:39:24] [EnvServerSocketHandler/INFO]: [STDOUT]: *** Stopping the replay, returning control to the inputs
[23:39:24] [EnvServerSocketHandler/INFO]: Received Mission token cd5f830b-23f5-4440-a3e9-73cefdb3d6b3:0:0:1:true
[23:39:24] [EnvServerSocketHandler/INFO]: Received mission init command  <MissionInit xmlns="http://ProjectMalmo.microsoft.com" xmlns:xsi="http://www.w3.org/2001/XMLSchema-instance" SchemaVersion="" PlatformVersion="0.37.0"><Mission><About><Summary>MineRLObtainDiamondShovel-v0</Summary></About><ModSettings><MsPerTick>50</MsPerTick></ModSettings><ServerSection><ServerInitialConditions><Time><AllowPassageOfTime>true</AllowPassageOfTime></Time><AllowSpawning>true</AllowSpawning></ServerInitialConditions><ServerHandlers><DefaultWorldGenerator forceReset="true" generatorOptions="{}"/><ServerQuitWhenAnyAgentFinishes/></ServerHandlers></ServerSection><AgentSection mode="Survival"><Name>MineRLAgent0</Name><AgentStart><LowLevelInputs>true</LowLevelInputs><GuiScale>1.0</GuiScale><GammaSetting>2.0</GammaSetting><FOVSetting>70.0</FOVSetting><FakeCursorSize>16</FakeCursorSize></AgentStart><AgentHandlers><FileBasedPerformanceProducer/><PauseCommand/><VideoProducer want_depth="false"><Width>640</Width><Height>360</Height></VideoProducer><ObservationFromFullInventory flat="false"/><HumanLevelCommands/><CameraCommands/></AgentHandlers></AgentSection></Mission><ExperimentUID>cd5f830b-23f5-4440-a3e9-73cefdb3d6b3</ExperimentUID><ClientRole>0</ClientRole><ClientAgentConnection><ClientIPAddress>127.0.0.1</ClientIPAddress><ClientMissionControlPort>0</ClientMissionControlPort><ClientCommandsPort>0</ClientCommandsPort><AgentIPAddress>127.0.0.1</AgentIPAddress><AgentMissionControlPort>0</AgentMissionControlPort><AgentVideoPort>0</AgentVideoPort><AgentDepthPort>0</AgentDepthPort><AgentLuminancePort>0</AgentLuminancePort><AgentObservationsPort>0</AgentObservationsPort><AgentRewardsPort>0</AgentRewardsPort><AgentColourMapPort>0</AgentColourMapPort></ClientAgentConnection></MissionInit>
[23:39:24] [EnvServerSocketHandler/INFO]: [STDOUT]: Setting width, height to 640, 360
[23:39:24] [EnvServerSocketHandler/INFO]: [STDOUT]: Gamma: 2.0
[23:39:24] [EnvServerSocketHandler/INFO]: [STDOUT]: FOV: 70.0
[23:39:24] [EnvServerSocketHandler/INFO]: [STDOUT]: GuiScale: 1.0
[23:39:24] [Render thread/INFO]: [STDOUT]: Seed not provided, generating random one: 1544789057040209568
[23:39:24] [Render thread/WARN]: Ambiguity between arguments [teleport, destination] and [teleport, targets] with inputs: [Player, 0123, @e, dd12be42-52a9-4a91-a8a1-11c01849e498]
[23:39:24] [Render thread/WARN]: Ambiguity between arguments [teleport, location] and [teleport, destination] with inputs: [0.1 -0.5 .9, 0 0 0]
[23:39:24] [Render thread/WARN]: Ambiguity between arguments [teleport, location] and [teleport, targets] with inputs: [0.1 -0.5 .9, 0 0 0]
[23:39:24] [Render thread/WARN]: Ambiguity between arguments [teleport, targets] and [teleport, destination] with inputs: [Player, 0123, dd12be42-52a9-4a91-a8a1-11c01849e498]
[23:39:24] [Render thread/WARN]: Ambiguity between arguments [teleport, targets, location] and [teleport, targets, destination] with inputs: [0.1 -0.5 .9, 0 0 0]
[23:39:24] [Render thread/INFO]: Reloading ResourceManager: Default
[23:39:25] [Render thread/INFO]: Loaded 7 recipes
[23:39:25] [Render thread/INFO]: Loaded 927 advancements
[23:39:25] [Render thread/INFO]: Environment: authHost='https://authserver.mojang.com', accountsHost='https://api.mojang.com', sessionHost='https://sessionserver.mojang.com', servicesHost='https://api.minecraftservices.com', name='PROD'
[23:39:25] [Render thread/INFO]: Starting integrated minecraft server version 1.16.5
[23:39:25] [Render thread/INFO]: Generating keypair
[23:39:28] [Render thread/INFO]: Preparing start region for dimension minecraft:overworld
[23:39:35] [Render thread/INFO]: Changing view distance to 11, from 10
[23:39:35] [Render thread/INFO]: MineRLAgent0[local:E:58bc784a] logged in with entity id 623 at (-349.5, 76.0, -101.5)
[23:39:35] [Render thread/INFO]: MineRLAgent0 joined the game
[23:39:35] [Render thread/INFO]: Preparing spawn area: 20%
[23:39:35] [Render thread/INFO]: Time elapsed: 2 ms
[23:39:35] [Render thread/INFO]: [STDOUT]: Starting new video null
[23:39:35] [Render thread/INFO]: Saving and pausing game...
[23:39:35] [Render thread/INFO]: Saving chunks for level 'ServerLevel[mcpworldedd7aafd832e]'/minecraft:overworld
[23:39:36] [Render thread/INFO]: Saving chunks for level 'ServerLevel[mcpworldedd7aafd832e]'/minecraft:the_nether
[23:39:36] [Render thread/INFO]: Saving chunks for level 'ServerLevel[mcpworldedd7aafd832e]'/minecraft:the_end
[23:39:36] [Render thread/INFO]: Loaded 0 advancements
[23:39:47] [EnvServerSocketHandler/INFO]: [STDOUT]: *** Stopping the replay, returning control to the inputs
