[20:36:21] [Thread-5/INFO]: [STDOUT]: SERVER enter state: DORMANT
[20:36:21] [EnvServerSocketHandler/INFO]: Received Mission token 07623d19-2bfd-47a4-9c8f-8b7c3f444a15:0:0:1:true
[20:36:21] [EnvServerSocketHandler/INFO]: Received mission init command  <MissionInit xmlns="http://ProjectMalmo.microsoft.com" xmlns:xsi="http://www.w3.org/2001/XMLSchema-instance" SchemaVersion="" PlatformVersion="0.37.0"><Mission><About><Summary>MineRLObtainDiamondShovel-v0</Summary></About><ModSettings><MsPerTick>50</MsPerTick></ModSettings><ServerSection><ServerInitialConditions><Time><AllowPassageOfTime>true</AllowPassageOfTime></Time><AllowSpawning>true</AllowSpawning></ServerInitialConditions><ServerHandlers><DefaultWorldGenerator forceReset="true" generatorOptions="{}"/><ServerQuitWhenAnyAgentFinishes/></ServerHandlers></ServerSection><AgentSection mode="Survival"><Name>MineRLAgent0</Name><AgentStart><LowLevelInputs>true</LowLevelInputs><GuiScale>1.0</GuiScale><GammaSetting>2.0</GammaSetting><FOVSetting>70.0</FOVSetting><FakeCursorSize>16</FakeCursorSize></AgentStart><AgentHandlers><FileBasedPerformanceProducer/><PauseCommand/><VideoProducer want_depth="false"><Width>640</Width><Height>360</Height></VideoProducer><ObservationFromFullInventory flat="false"/><HumanLevelCommands/><CameraCommands/></AgentHandlers></AgentSection></Mission><ExperimentUID>07623d19-2bfd-47a4-9c8f-8b7c3f444a15</ExperimentUID><ClientRole>0</ClientRole><ClientAgentConnection><ClientIPAddress>127.0.0.1</ClientIPAddress><ClientMissionControlPort>0</ClientMissionControlPort><ClientCommandsPort>0</ClientCommandsPort><AgentIPAddress>127.0.0.1</AgentIPAddress><AgentMissionControlPort>0</AgentMissionControlPort><AgentVideoPort>0</AgentVideoPort><AgentDepthPort>0</AgentDepthPort><AgentLuminancePort>0</AgentLuminancePort><AgentObservationsPort>0</AgentObservationsPort><AgentRewardsPort>0</AgentRewardsPort><AgentColourMapPort>0</AgentColourMapPort></ClientAgentConnection></MissionInit>
[20:36:21] [EnvServerSocketHandler/INFO]: [STDOUT]: Setting width, height to 640, 360
[20:36:21] [EnvServerSocketHandler/INFO]: [STDOUT]: Gamma: 2.0
[20:36:21] [EnvServerSocketHandler/INFO]: [STDOUT]: FOV: 70.0
[20:36:21] [EnvServerSocketHandler/INFO]: [STDOUT]: GuiScale: 1.0
[20:36:21] [Render thread/INFO]: [STDOUT]: Seed not provided, generating random one: -1462231022474030762
[20:36:21] [Render thread/WARN]: Ambiguity between arguments [teleport, destination] and [teleport, targets] with inputs: [Player, 0123, @e, dd12be42-52a9-4a91-a8a1-11c01849e498]
[20:36:21] [Render thread/WARN]: Ambiguity between arguments [teleport, location] and [teleport, destination] with inputs: [0.1 -0.5 .9, 0 0 0]
[20:36:21] [Render thread/WARN]: Ambiguity between arguments [teleport, location] and [teleport, targets] with inputs: [0.1 -0.5 .9, 0 0 0]
[20:36:21] [Render thread/WARN]: Ambiguity between arguments [teleport, targets] and [teleport, destination] with inputs: [Player, 0123, dd12be42-52a9-4a91-a8a1-11c01849e498]
[20:36:21] [Render thread/WARN]: Ambiguity between arguments [teleport, targets, location] and [teleport, targets, destination] with inputs: [0.1 -0.5 .9, 0 0 0]
[20:36:21] [Render thread/INFO]: Reloading ResourceManager: Default
[20:36:22] [Render thread/INFO]: Loaded 7 recipes
[20:36:22] [Render thread/INFO]: Loaded 927 advancements
[20:36:22] [Render thread/INFO]: Environment: authHost='https://authserver.mojang.com', accountsHost='https://api.mojang.com', sessionHost='https://sessionserver.mojang.com', servicesHost='https://api.minecraftservices.com', name='PROD'
[20:36:22] [Render thread/INFO]: Starting integrated minecraft server version 1.16.5
[20:36:22] [Render thread/INFO]: Generating keypair
[20:36:25] [Render thread/INFO]: Preparing start region for dimension minecraft:overworld
[20:36:30] [Render thread/INFO]: Changing view distance to 11, from 10
[20:36:30] [Render thread/INFO]: MineRLAgent0[local:E:b119146a] logged in with entity id 204 at (506.5, 80.0, -211.5)
[20:36:30] [Render thread/INFO]: MineRLAgent0 joined the game
[20:36:30] [Render thread/INFO]: [STDOUT]: *** creating fake mouse cursor ***
[20:36:30] [Render thread/INFO]: Preparing spawn area: 17%
[20:36:30] [Render thread/INFO]: Time elapsed: 2 ms
[20:36:31] [Render thread/INFO]: [STDOUT]: Starting new video null
[20:36:31] [Render thread/INFO]: Saving and pausing game...
[20:36:31] [Render thread/INFO]: Saving chunks for level 'ServerLevel[mcpworlde35c0ccef555]'/minecraft:overworld
[20:36:31] [Render thread/INFO]: Saving chunks for level 'ServerLevel[mcpworlde35c0ccef555]'/minecraft:the_nether
[20:36:31] [Render thread/INFO]: Saving chunks for level 'ServerLevel[mcpworlde35c0ccef555]'/minecraft:the_end
[20:36:31] [Render thread/INFO]: Loaded 0 advancements
[20:36:32] [EnvServerSocketHandler/INFO]: [STDOUT]: *** Stopping the replay, returning control to the inputs
[20:36:32] [EnvServerSocketHandler/INFO]: Received Mission token dd636b96-a7a7-4719-b6f6-153ab3c83464:0:0:1:true
[20:36:32] [EnvServerSocketHandler/INFO]: Received mission init command  <MissionInit xmlns="http://ProjectMalmo.microsoft.com" xmlns:xsi="http://www.w3.org/2001/XMLSchema-instance" SchemaVersion="" PlatformVersion="0.37.0"><Mission><About><Summary>MineRLObtainDiamondShovel-v0</Summary></About><ModSettings><MsPerTick>50</MsPerTick></ModSettings><ServerSection><ServerInitialConditions><Time><AllowPassageOfTime>true</AllowPassageOfTime></Time><AllowSpawning>true</AllowSpawning></ServerInitialConditions><ServerHandlers><DefaultWorldGenerator forceReset="true" generatorOptions="{}"/><ServerQuitWhenAnyAgentFinishes/></ServerHandlers></ServerSection><AgentSection mode="Survival"><Name>MineRLAgent0</Name><AgentStart><LowLevelInputs>true</LowLevelInputs><GuiScale>1.0</GuiScale><GammaSetting>2.0</GammaSetting><FOVSetting>70.0</FOVSetting><FakeCursorSize>16</FakeCursorSize></AgentStart><AgentHandlers><FileBasedPerformanceProducer/><PauseCommand/><VideoProducer want_depth="false"><Width>640</Width><Height>360</Height></VideoProducer><ObservationFromFullInventory flat="false"/><HumanLevelCommands/><CameraCommands/></AgentHandlers></AgentSection></Mission><ExperimentUID>dd636b96-a7a7-4719-b6f6-153ab3c83464</ExperimentUID><ClientRole>0</ClientRole><ClientAgentConnection><ClientIPAddress>127.0.0.1</ClientIPAddress><ClientMissionControlPort>0</ClientMissionControlPort><ClientCommandsPort>0</ClientCommandsPort><AgentIPAddress>127.0.0.1</AgentIPAddress><AgentMissionControlPort>0</AgentMissionControlPort><AgentVideoPort>0</AgentVideoPort><AgentDepthPort>0</AgentDepthPort><AgentLuminancePort>0</AgentLuminancePort><AgentObservationsPort>0</AgentObservationsPort><AgentRewardsPort>0</AgentRewardsPort><AgentColourMapPort>0</AgentColourMapPort></ClientAgentConnection></MissionInit>
[20:36:32] [EnvServerSocketHandler/INFO]: [STDOUT]: Setting width, height to 640, 360
[20:36:32] [EnvServerSocketHandler/INFO]: [STDOUT]: Gamma: 2.0
[20:36:32] [EnvServerSocketHandler/INFO]: [STDOUT]: FOV: 70.0
[20:36:32] [EnvServerSocketHandler/INFO]: [STDOUT]: GuiScale: 1.0
[20:36:32] [Render thread/INFO]: [STDOUT]: Seed not provided, generating random one: 5190906442950606296
[20:36:32] [Render thread/WARN]: Ambiguity between arguments [teleport, destination] and [teleport, targets] with inputs: [Player, 0123, @e, dd12be42-52a9-4a91-a8a1-11c01849e498]
[20:36:32] [Render thread/WARN]: Ambiguity between arguments [teleport, location] and [teleport, destination] with inputs: [0.1 -0.5 .9, 0 0 0]
[20:36:32] [Render thread/WARN]: Ambiguity between arguments [teleport, location] and [teleport, targets] with inputs: [0.1 -0.5 .9, 0 0 0]
[20:36:32] [Render thread/WARN]: Ambiguity between arguments [teleport, targets] and [teleport, destination] with inputs: [Player, 0123, dd12be42-52a9-4a91-a8a1-11c01849e498]
[20:36:32] [Render thread/WARN]: Ambiguity between arguments [teleport, targets, location] and [teleport, targets, destination] with inputs: [0.1 -0.5 .9, 0 0 0]
[20:36:32] [Render thread/INFO]: Reloading ResourceManager: Default
[20:36:32] [Render thread/INFO]: Loaded 7 recipes
[20:36:32] [Render thread/INFO]: Loaded 927 advancements
[20:36:33] [Render thread/INFO]: Environment: authHost='https://authserver.mojang.com', accountsHost='https://api.mojang.com', sessionHost='https://sessionserver.mojang.com', servicesHost='https://api.minecraftservices.com', name='PROD'
[20:36:33] [Render thread/INFO]: Starting integrated minecraft server version 1.16.5
[20:36:33] [Render thread/INFO]: Generating keypair
[20:36:35] [Render thread/INFO]: Preparing start region for dimension minecraft:overworld
[20:36:43] [Render thread/INFO]: Changing view distance to 11, from 10
[20:36:43] [Render thread/INFO]: MineRLAgent0[local:E:7c68b13f] logged in with entity id 333 at (878.5, 73.0, -4.5)
[20:36:43] [Render thread/INFO]: MineRLAgent0 joined the game
[20:36:43] [Render thread/INFO]: Preparing spawn area: 2%
[20:36:43] [Render thread/INFO]: Time elapsed: 2 ms
[20:36:43] [Render thread/INFO]: [STDOUT]: Starting new video null
[20:36:43] [Render thread/INFO]: Saving and pausing game...
[20:36:43] [Render thread/INFO]: Saving chunks for level 'ServerLevel[mcpworld2e9283900435]'/minecraft:overworld
[20:36:46] [Render thread/INFO]: Saving chunks for level 'ServerLevel[mcpworld2e9283900435]'/minecraft:the_nether
[20:36:46] [Render thread/INFO]: Saving chunks for level 'ServerLevel[mcpworld2e9283900435]'/minecraft:the_end
[20:36:46] [Render thread/INFO]: Loaded 0 advancements
[20:37:42] [EnvServerSocketHandler/INFO]: [STDOUT]: *** Stopping the replay, returning control to the inputs
