[00:54:03] [Thread-5/INFO]: [STDOUT]: SERVER enter state: DORMANT
[00:54:03] [EnvServerSocketHandler/INFO]: Received Mission token 76849260-a0e3-42ef-9207-3f6093b84cb3:0:0:1:true
[00:54:03] [EnvServerSocketHandler/INFO]: Received mission init command  <MissionInit xmlns="http://ProjectMalmo.microsoft.com" xmlns:xsi="http://www.w3.org/2001/XMLSchema-instance" SchemaVersion="" PlatformVersion="0.37.0"><Mission><About><Summary>MineRLObtainDiamondShovel-v0</Summary></About><ModSettings><MsPerTick>50</MsPerTick></ModSettings><ServerSection><ServerInitialConditions><Time><AllowPassageOfTime>true</AllowPassageOfTime></Time><AllowSpawning>true</AllowSpawning></ServerInitialConditions><ServerHandlers><DefaultWorldGenerator forceReset="true" generatorOptions="{}"/><ServerQuitWhenAnyAgentFinishes/></ServerHandlers></ServerSection><AgentSection mode="Survival"><Name>MineRLAgent0</Name><AgentStart><LowLevelInputs>true</LowLevelInputs><GuiScale>1.0</GuiScale><GammaSetting>2.0</GammaSetting><FOVSetting>70.0</FOVSetting><FakeCursorSize>16</FakeCursorSize></AgentStart><AgentHandlers><FileBasedPerformanceProducer/><PauseCommand/><VideoProducer want_depth="false"><Width>640</Width><Height>360</Height></VideoProducer><ObservationFromFullInventory flat="false"/><HumanLevelCommands/><CameraCommands/></AgentHandlers></AgentSection></Mission><ExperimentUID>76849260-a0e3-42ef-9207-3f6093b84cb3</ExperimentUID><ClientRole>0</ClientRole><ClientAgentConnection><ClientIPAddress>127.0.0.1</ClientIPAddress><ClientMissionControlPort>0</ClientMissionControlPort><ClientCommandsPort>0</ClientCommandsPort><AgentIPAddress>127.0.0.1</AgentIPAddress><AgentMissionControlPort>0</AgentMissionControlPort><AgentVideoPort>0</AgentVideoPort><AgentDepthPort>0</AgentDepthPort><AgentLuminancePort>0</AgentLuminancePort><AgentObservationsPort>0</AgentObservationsPort><AgentRewardsPort>0</AgentRewardsPort><AgentColourMapPort>0</AgentColourMapPort></ClientAgentConnection></MissionInit>
[00:54:04] [EnvServerSocketHandler/INFO]: [STDOUT]: Setting width, height to 640, 360
[00:54:04] [EnvServerSocketHandler/INFO]: [STDOUT]: Gamma: 2.0
[00:54:04] [EnvServerSocketHandler/INFO]: [STDOUT]: FOV: 70.0
[00:54:04] [Render thread/INFO]: [STDOUT]: *** creating fake mouse cursor ***
[00:54:04] [EnvServerSocketHandler/INFO]: [STDOUT]: GuiScale: 1.0
[00:54:04] [Render thread/INFO]: [STDOUT]: Seed not provided, generating random one: 2554531888620250160
[00:54:05] [Render thread/WARN]: Ambiguity between arguments [teleport, destination] and [teleport, targets] with inputs: [Player, 0123, @e, dd12be42-52a9-4a91-a8a1-11c01849e498]
[00:54:05] [Render thread/WARN]: Ambiguity between arguments [teleport, location] and [teleport, destination] with inputs: [0.1 -0.5 .9, 0 0 0]
[00:54:05] [Render thread/WARN]: Ambiguity between arguments [teleport, location] and [teleport, targets] with inputs: [0.1 -0.5 .9, 0 0 0]
[00:54:05] [Render thread/WARN]: Ambiguity between arguments [teleport, targets] and [teleport, destination] with inputs: [Player, 0123, dd12be42-52a9-4a91-a8a1-11c01849e498]
[00:54:05] [Render thread/WARN]: Ambiguity between arguments [teleport, targets, location] and [teleport, targets, destination] with inputs: [0.1 -0.5 .9, 0 0 0]
[00:54:05] [Render thread/INFO]: Reloading ResourceManager: Default
[00:54:06] [Render thread/INFO]: Loaded 7 recipes
[00:54:06] [Render thread/INFO]: Loaded 927 advancements
[00:54:07] [Render thread/INFO]: Environment: authHost='https://authserver.mojang.com', accountsHost='https://api.mojang.com', sessionHost='https://sessionserver.mojang.com', servicesHost='https://api.minecraftservices.com', name='PROD'
[00:54:08] [Render thread/INFO]: Starting integrated minecraft server version 1.16.5
[00:54:08] [Render thread/INFO]: Generating keypair
[00:54:10] [Render thread/INFO]: Preparing start region for dimension minecraft:overworld
[00:54:18] [Render thread/INFO]: Changing view distance to 11, from 10
[00:54:19] [Render thread/INFO]: MineRLAgent0[local:E:701cc839] logged in with entity id 210 at (110.5, 74.0, 123.5)
[00:54:19] [Render thread/INFO]: MineRLAgent0 joined the game
[00:54:19] [Render thread/INFO]: Preparing spawn area: 0%
[00:54:19] [Render thread/INFO]: Time elapsed: 6 ms
[00:54:20] [Render thread/INFO]: [STDOUT]: Starting new video null
[00:54:20] [Render thread/INFO]: Saving and pausing game...
[00:54:20] [Render thread/INFO]: Saving chunks for level 'ServerLevel[mcpworldca0849fa9cee]'/minecraft:overworld
[00:54:20] [Render thread/INFO]: Saving chunks for level 'ServerLevel[mcpworldca0849fa9cee]'/minecraft:the_nether
[00:54:20] [Render thread/INFO]: Saving chunks for level 'ServerLevel[mcpworldca0849fa9cee]'/minecraft:the_end
[00:54:21] [Render thread/INFO]: Loaded 0 advancements
[00:54:23] [EnvServerSocketHandler/INFO]: [STDOUT]: *** Stopping the replay, returning control to the inputs
[00:54:23] [EnvServerSocketHandler/INFO]: Received Mission token ad1db196-62c5-4366-b8bb-b2992c76bfad:0:0:1:true
[00:54:23] [EnvServerSocketHandler/INFO]: Received mission init command  <MissionInit xmlns="http://ProjectMalmo.microsoft.com" xmlns:xsi="http://www.w3.org/2001/XMLSchema-instance" SchemaVersion="" PlatformVersion="0.37.0"><Mission><About><Summary>MineRLObtainDiamondShovel-v0</Summary></About><ModSettings><MsPerTick>50</MsPerTick></ModSettings><ServerSection><ServerInitialConditions><Time><AllowPassageOfTime>true</AllowPassageOfTime></Time><AllowSpawning>true</AllowSpawning></ServerInitialConditions><ServerHandlers><DefaultWorldGenerator forceReset="true" generatorOptions="{}"/><ServerQuitWhenAnyAgentFinishes/></ServerHandlers></ServerSection><AgentSection mode="Survival"><Name>MineRLAgent0</Name><AgentStart><LowLevelInputs>true</LowLevelInputs><GuiScale>1.0</GuiScale><GammaSetting>2.0</GammaSetting><FOVSetting>70.0</FOVSetting><FakeCursorSize>16</FakeCursorSize></AgentStart><AgentHandlers><FileBasedPerformanceProducer/><PauseCommand/><VideoProducer want_depth="false"><Width>640</Width><Height>360</Height></VideoProducer><ObservationFromFullInventory flat="false"/><HumanLevelCommands/><CameraCommands/></AgentHandlers></AgentSection></Mission><ExperimentUID>ad1db196-62c5-4366-b8bb-b2992c76bfad</ExperimentUID><ClientRole>0</ClientRole><ClientAgentConnection><ClientIPAddress>127.0.0.1</ClientIPAddress><ClientMissionControlPort>0</ClientMissionControlPort><ClientCommandsPort>0</ClientCommandsPort><AgentIPAddress>127.0.0.1</AgentIPAddress><AgentMissionControlPort>0</AgentMissionControlPort><AgentVideoPort>0</AgentVideoPort><AgentDepthPort>0</AgentDepthPort><AgentLuminancePort>0</AgentLuminancePort><AgentObservationsPort>0</AgentObservationsPort><AgentRewardsPort>0</AgentRewardsPort><AgentColourMapPort>0</AgentColourMapPort></ClientAgentConnection></MissionInit>
[00:54:23] [EnvServerSocketHandler/INFO]: [STDOUT]: Setting width, height to 640, 360
[00:54:23] [EnvServerSocketHandler/INFO]: [STDOUT]: Gamma: 2.0
[00:54:23] [EnvServerSocketHandler/INFO]: [STDOUT]: FOV: 70.0
[00:54:23] [EnvServerSocketHandler/INFO]: [STDOUT]: GuiScale: 1.0
[00:54:23] [Render thread/INFO]: [STDOUT]: Seed not provided, generating random one: 3941155227402967140
[00:54:23] [Render thread/WARN]: Ambiguity between arguments [teleport, destination] and [teleport, targets] with inputs: [Player, 0123, @e, dd12be42-52a9-4a91-a8a1-11c01849e498]
[00:54:23] [Render thread/WARN]: Ambiguity between arguments [teleport, location] and [teleport, destination] with inputs: [0.1 -0.5 .9, 0 0 0]
[00:54:23] [Render thread/WARN]: Ambiguity between arguments [teleport, location] and [teleport, targets] with inputs: [0.1 -0.5 .9, 0 0 0]
[00:54:23] [Render thread/WARN]: Ambiguity between arguments [teleport, targets] and [teleport, destination] with inputs: [Player, 0123, dd12be42-52a9-4a91-a8a1-11c01849e498]
[00:54:23] [Render thread/WARN]: Ambiguity between arguments [teleport, targets, location] and [teleport, targets, destination] with inputs: [0.1 -0.5 .9, 0 0 0]
[00:54:23] [Render thread/INFO]: Reloading ResourceManager: Default
[00:54:24] [Render thread/INFO]: Loaded 7 recipes
[00:54:24] [Render thread/INFO]: Loaded 927 advancements
[00:54:24] [Render thread/INFO]: Environment: authHost='https://authserver.mojang.com', accountsHost='https://api.mojang.com', sessionHost='https://sessionserver.mojang.com', servicesHost='https://api.minecraftservices.com', name='PROD'
[00:54:24] [Render thread/INFO]: Starting integrated minecraft server version 1.16.5
[00:54:24] [Render thread/INFO]: Generating keypair
[00:54:27] [Render thread/INFO]: Preparing start region for dimension minecraft:overworld
[00:54:39] [Render thread/INFO]: Changing view distance to 11, from 10
[00:54:39] [Render thread/INFO]: MineRLAgent0[local:E:25080dfb] logged in with entity id 674 at (538.5, 66.0, 514.5)
[00:54:39] [Render thread/INFO]: MineRLAgent0 joined the game
[00:54:39] [Render thread/INFO]: Preparing spawn area: 5%
[00:54:39] [Render thread/INFO]: Time elapsed: 3 ms
[00:54:39] [Render thread/INFO]: [STDOUT]: Starting new video null
[00:54:39] [Render thread/INFO]: Saving and pausing game...
[00:54:39] [Render thread/INFO]: Saving chunks for level 'ServerLevel[mcpworldf5335c7ef4d4]'/minecraft:overworld
[00:54:41] [Render thread/INFO]: Saving chunks for level 'ServerLevel[mcpworldf5335c7ef4d4]'/minecraft:the_nether
[00:54:41] [Render thread/INFO]: Saving chunks for level 'ServerLevel[mcpworldf5335c7ef4d4]'/minecraft:the_end
[00:54:41] [Render thread/INFO]: Loaded 0 advancements
[00:55:01] [EnvServerSocketHandler/INFO]: [STDOUT]: *** Stopping the replay, returning control to the inputs
[00:55:01] [EnvServerSocketHandler/INFO]: Received Mission token 651980a4-0969-472e-9c92-0374c85284cb:0:0:1:true:1000
[00:55:01] [EnvServerSocketHandler/INFO]: Received mission init command  <MissionInit xmlns="http://ProjectMalmo.microsoft.com" xmlns:xsi="http://www.w3.org/2001/XMLSchema-instance" SchemaVersion="" PlatformVersion="0.37.0"><Mission><About><Summary>MineRLObtainDiamondShovel-v0</Summary></About><ModSettings><MsPerTick>50</MsPerTick></ModSettings><ServerSection><ServerInitialConditions><Time><AllowPassageOfTime>true</AllowPassageOfTime></Time><AllowSpawning>true</AllowSpawning></ServerInitialConditions><ServerHandlers><DefaultWorldGenerator forceReset="true" generatorOptions="{}"/><ServerQuitWhenAnyAgentFinishes/></ServerHandlers></ServerSection><AgentSection mode="Survival"><Name>MineRLAgent0</Name><AgentStart><LowLevelInputs>true</LowLevelInputs><GuiScale>1.0</GuiScale><GammaSetting>2.0</GammaSetting><FOVSetting>70.0</FOVSetting><FakeCursorSize>16</FakeCursorSize></AgentStart><AgentHandlers><FileBasedPerformanceProducer/><PauseCommand/><VideoProducer want_depth="false"><Width>640</Width><Height>360</Height></VideoProducer><ObservationFromFullInventory flat="false"/><HumanLevelCommands/><CameraCommands/></AgentHandlers></AgentSection></Mission><ExperimentUID>651980a4-0969-472e-9c92-0374c85284cb</ExperimentUID><ClientRole>0</ClientRole><ClientAgentConnection><ClientIPAddress>127.0.0.1</ClientIPAddress><ClientMissionControlPort>0</ClientMissionControlPort><ClientCommandsPort>0</ClientCommandsPort><AgentIPAddress>127.0.0.1</AgentIPAddress><AgentMissionControlPort>0</AgentMissionControlPort><AgentVideoPort>0</AgentVideoPort><AgentDepthPort>0</AgentDepthPort><AgentLuminancePort>0</AgentLuminancePort><AgentObservationsPort>0</AgentObservationsPort><AgentRewardsPort>0</AgentRewardsPort><AgentColourMapPort>0</AgentColourMapPort></ClientAgentConnection></MissionInit>
[00:55:01] [EnvServerSocketHandler/INFO]: [STDOUT]: Setting width, height to 640, 360
[00:55:01] [EnvServerSocketHandler/INFO]: [STDOUT]: Gamma: 2.0
[00:55:01] [EnvServerSocketHandler/INFO]: [STDOUT]: FOV: 70.0
[00:55:01] [EnvServerSocketHandler/INFO]: [STDOUT]: GuiScale: 1.0
[00:55:01] [Render thread/WARN]: Ambiguity between arguments [teleport, destination] and [teleport, targets] with inputs: [Player, 0123, @e, dd12be42-52a9-4a91-a8a1-11c01849e498]
[00:55:01] [Render thread/WARN]: Ambiguity between arguments [teleport, location] and [teleport, destination] with inputs: [0.1 -0.5 .9, 0 0 0]
[00:55:01] [Render thread/WARN]: Ambiguity between arguments [teleport, location] and [teleport, targets] with inputs: [0.1 -0.5 .9, 0 0 0]
[00:55:01] [Render thread/WARN]: Ambiguity between arguments [teleport, targets] and [teleport, destination] with inputs: [Player, 0123, dd12be42-52a9-4a91-a8a1-11c01849e498]
[00:55:01] [Render thread/WARN]: Ambiguity between arguments [teleport, targets, location] and [teleport, targets, destination] with inputs: [0.1 -0.5 .9, 0 0 0]
[00:55:01] [Render thread/INFO]: Reloading ResourceManager: Default
[00:55:01] [Render thread/INFO]: Loaded 7 recipes
[00:55:01] [Render thread/INFO]: Loaded 927 advancements
[00:55:02] [Render thread/INFO]: Environment: authHost='https://authserver.mojang.com', accountsHost='https://api.mojang.com', sessionHost='https://sessionserver.mojang.com', servicesHost='https://api.minecraftservices.com', name='PROD'
[00:55:02] [Render thread/INFO]: Starting integrated minecraft server version 1.16.5
[00:55:02] [Render thread/INFO]: Generating keypair
[00:55:05] [Render thread/INFO]: Preparing start region for dimension minecraft:overworld
[00:55:14] [Render thread/INFO]: Changing view distance to 11, from 10
[00:55:14] [Render thread/INFO]: MineRLAgent0[local:E:03663e77] logged in with entity id 1185 at (354.5, 65.0, -917.5)
[00:55:14] [Render thread/INFO]: MineRLAgent0 joined the game
[00:55:14] [Render thread/INFO]: Preparing spawn area: 32%
[00:55:14] [Render thread/INFO]: Time elapsed: 2 ms
[00:55:14] [Render thread/INFO]: [STDOUT]: Starting new video null
[00:55:14] [Render thread/INFO]: Saving and pausing game...
[00:55:14] [Render thread/INFO]: Saving chunks for level 'ServerLevel[mcpworlda9d7e9c3e2d2]'/minecraft:overworld
[00:55:15] [Render thread/INFO]: Saving chunks for level 'ServerLevel[mcpworlda9d7e9c3e2d2]'/minecraft:the_nether
[00:55:15] [Render thread/INFO]: Saving chunks for level 'ServerLevel[mcpworlda9d7e9c3e2d2]'/minecraft:the_end
[00:55:15] [Render thread/INFO]: Loaded 0 advancements
[00:55:28] [EnvServerSocketHandler/INFO]: [STDOUT]: *** Stopping the replay, returning control to the inputs
[00:55:28] [EnvServerSocketHandler/INFO]: Received Mission token c00ae6f7-f7d1-4f26-a467-ffda92a99189:0:0:1:true:1000
[00:55:28] [EnvServerSocketHandler/INFO]: Received mission init command  <MissionInit xmlns="http://ProjectMalmo.microsoft.com" xmlns:xsi="http://www.w3.org/2001/XMLSchema-instance" SchemaVersion="" PlatformVersion="0.37.0"><Mission><About><Summary>MineRLObtainDiamondShovel-v0</Summary></About><ModSettings><MsPerTick>50</MsPerTick></ModSettings><ServerSection><ServerInitialConditions><Time><AllowPassageOfTime>true</AllowPassageOfTime></Time><AllowSpawning>true</AllowSpawning></ServerInitialConditions><ServerHandlers><DefaultWorldGenerator forceReset="true" generatorOptions="{}"/><ServerQuitWhenAnyAgentFinishes/></ServerHandlers></ServerSection><AgentSection mode="Survival"><Name>MineRLAgent0</Name><AgentStart><LowLevelInputs>true</LowLevelInputs><GuiScale>1.0</GuiScale><GammaSetting>2.0</GammaSetting><FOVSetting>70.0</FOVSetting><FakeCursorSize>16</FakeCursorSize></AgentStart><AgentHandlers><FileBasedPerformanceProducer/><PauseCommand/><VideoProducer want_depth="false"><Width>640</Width><Height>360</Height></VideoProducer><ObservationFromFullInventory flat="false"/><HumanLevelCommands/><CameraCommands/></AgentHandlers></AgentSection></Mission><ExperimentUID>c00ae6f7-f7d1-4f26-a467-ffda92a99189</ExperimentUID><ClientRole>0</ClientRole><ClientAgentConnection><ClientIPAddress>127.0.0.1</ClientIPAddress><ClientMissionControlPort>0</ClientMissionControlPort><ClientCommandsPort>0</ClientCommandsPort><AgentIPAddress>127.0.0.1</AgentIPAddress><AgentMissionControlPort>0</AgentMissionControlPort><AgentVideoPort>0</AgentVideoPort><AgentDepthPort>0</AgentDepthPort><AgentLuminancePort>0</AgentLuminancePort><AgentObservationsPort>0</AgentObservationsPort><AgentRewardsPort>0</AgentRewardsPort><AgentColourMapPort>0</AgentColourMapPort></ClientAgentConnection></MissionInit>
[00:55:29] [EnvServerSocketHandler/INFO]: [STDOUT]: Setting width, height to 640, 360
[00:55:29] [EnvServerSocketHandler/INFO]: [STDOUT]: Gamma: 2.0
[00:55:29] [EnvServerSocketHandler/INFO]: [STDOUT]: FOV: 70.0
[00:55:29] [EnvServerSocketHandler/INFO]: [STDOUT]: GuiScale: 1.0
[00:55:29] [Render thread/WARN]: Ambiguity between arguments [teleport, destination] and [teleport, targets] with inputs: [Player, 0123, @e, dd12be42-52a9-4a91-a8a1-11c01849e498]
[00:55:29] [Render thread/WARN]: Ambiguity between arguments [teleport, location] and [teleport, destination] with inputs: [0.1 -0.5 .9, 0 0 0]
[00:55:29] [Render thread/WARN]: Ambiguity between arguments [teleport, location] and [teleport, targets] with inputs: [0.1 -0.5 .9, 0 0 0]
[00:55:29] [Render thread/WARN]: Ambiguity between arguments [teleport, targets] and [teleport, destination] with inputs: [Player, 0123, dd12be42-52a9-4a91-a8a1-11c01849e498]
[00:55:29] [Render thread/WARN]: Ambiguity between arguments [teleport, targets, location] and [teleport, targets, destination] with inputs: [0.1 -0.5 .9, 0 0 0]
[00:55:29] [Render thread/INFO]: Reloading ResourceManager: Default
[00:55:29] [Render thread/INFO]: Loaded 7 recipes
[00:55:29] [Render thread/INFO]: Loaded 927 advancements
[00:55:29] [Render thread/INFO]: Environment: authHost='https://authserver.mojang.com', accountsHost='https://api.mojang.com', sessionHost='https://sessionserver.mojang.com', servicesHost='https://api.minecraftservices.com', name='PROD'
[00:55:29] [Render thread/INFO]: Starting integrated minecraft server version 1.16.5
[00:55:29] [Render thread/INFO]: Generating keypair
[00:55:33] [Render thread/INFO]: Preparing start region for dimension minecraft:overworld
[00:55:42] [Render thread/INFO]: Changing view distance to 11, from 10
[00:55:42] [Render thread/INFO]: MineRLAgent0[local:E:f2af424f] logged in with entity id 1678 at (354.5, 65.0, -917.5)
[00:55:42] [Render thread/INFO]: MineRLAgent0 joined the game
[00:55:42] [Render thread/INFO]: Preparing spawn area: 42%
[00:55:42] [Render thread/INFO]: Time elapsed: 2 ms
[00:55:42] [Render thread/INFO]: [STDOUT]: Starting new video null
[00:55:42] [Render thread/INFO]: Saving and pausing game...
[00:55:42] [Render thread/INFO]: Saving chunks for level 'ServerLevel[mcpworldeac7efd7233f]'/minecraft:overworld
[00:55:43] [Render thread/INFO]: Saving chunks for level 'ServerLevel[mcpworldeac7efd7233f]'/minecraft:the_nether
[00:55:43] [Render thread/INFO]: Saving chunks for level 'ServerLevel[mcpworldeac7efd7233f]'/minecraft:the_end
[00:55:43] [Render thread/INFO]: Loaded 0 advancements
[00:55:55] [EnvServerSocketHandler/INFO]: [STDOUT]: *** Stopping the replay, returning control to the inputs
[00:55:55] [EnvServerSocketHandler/INFO]: Received Mission token a727b7f9-44ba-4913-a398-806826e4f9ce:0:0:1:true:1000
[00:55:55] [EnvServerSocketHandler/INFO]: Received mission init command  <MissionInit xmlns="http://ProjectMalmo.microsoft.com" xmlns:xsi="http://www.w3.org/2001/XMLSchema-instance" SchemaVersion="" PlatformVersion="0.37.0"><Mission><About><Summary>MineRLObtainDiamondShovel-v0</Summary></About><ModSettings><MsPerTick>50</MsPerTick></ModSettings><ServerSection><ServerInitialConditions><Time><AllowPassageOfTime>true</AllowPassageOfTime></Time><AllowSpawning>true</AllowSpawning></ServerInitialConditions><ServerHandlers><DefaultWorldGenerator forceReset="true" generatorOptions="{}"/><ServerQuitWhenAnyAgentFinishes/></ServerHandlers></ServerSection><AgentSection mode="Survival"><Name>MineRLAgent0</Name><AgentStart><LowLevelInputs>true</LowLevelInputs><GuiScale>1.0</GuiScale><GammaSetting>2.0</GammaSetting><FOVSetting>70.0</FOVSetting><FakeCursorSize>16</FakeCursorSize></AgentStart><AgentHandlers><FileBasedPerformanceProducer/><PauseCommand/><VideoProducer want_depth="false"><Width>640</Width><Height>360</Height></VideoProducer><ObservationFromFullInventory flat="false"/><HumanLevelCommands/><CameraCommands/></AgentHandlers></AgentSection></Mission><ExperimentUID>a727b7f9-44ba-4913-a398-806826e4f9ce</ExperimentUID><ClientRole>0</ClientRole><ClientAgentConnection><ClientIPAddress>127.0.0.1</ClientIPAddress><ClientMissionControlPort>0</ClientMissionControlPort><ClientCommandsPort>0</ClientCommandsPort><AgentIPAddress>127.0.0.1</AgentIPAddress><AgentMissionControlPort>0</AgentMissionControlPort><AgentVideoPort>0</AgentVideoPort><AgentDepthPort>0</AgentDepthPort><AgentLuminancePort>0</AgentLuminancePort><AgentObservationsPort>0</AgentObservationsPort><AgentRewardsPort>0</AgentRewardsPort><AgentColourMapPort>0</AgentColourMapPort></ClientAgentConnection></MissionInit>
[00:55:56] [EnvServerSocketHandler/INFO]: [STDOUT]: Setting width, height to 640, 360
[00:55:56] [EnvServerSocketHandler/INFO]: [STDOUT]: Gamma: 2.0
[00:55:56] [EnvServerSocketHandler/INFO]: [STDOUT]: FOV: 70.0
[00:55:56] [EnvServerSocketHandler/INFO]: [STDOUT]: GuiScale: 1.0
[00:55:56] [Render thread/WARN]: Ambiguity between arguments [teleport, destination] and [teleport, targets] with inputs: [Player, 0123, @e, dd12be42-52a9-4a91-a8a1-11c01849e498]
[00:55:56] [Render thread/WARN]: Ambiguity between arguments [teleport, location] and [teleport, destination] with inputs: [0.1 -0.5 .9, 0 0 0]
[00:55:56] [Render thread/WARN]: Ambiguity between arguments [teleport, location] and [teleport, targets] with inputs: [0.1 -0.5 .9, 0 0 0]
[00:55:56] [Render thread/WARN]: Ambiguity between arguments [teleport, targets] and [teleport, destination] with inputs: [Player, 0123, dd12be42-52a9-4a91-a8a1-11c01849e498]
[00:55:56] [Render thread/WARN]: Ambiguity between arguments [teleport, targets, location] and [teleport, targets, destination] with inputs: [0.1 -0.5 .9, 0 0 0]
[00:55:56] [Render thread/INFO]: Reloading ResourceManager: Default
[00:55:56] [Render thread/INFO]: Loaded 7 recipes
[00:55:56] [Render thread/INFO]: Loaded 927 advancements
[00:55:56] [Render thread/INFO]: Environment: authHost='https://authserver.mojang.com', accountsHost='https://api.mojang.com', sessionHost='https://sessionserver.mojang.com', servicesHost='https://api.minecraftservices.com', name='PROD'
[00:55:56] [Render thread/INFO]: Starting integrated minecraft server version 1.16.5
[00:55:56] [Render thread/INFO]: Generating keypair
[00:56:00] [Render thread/INFO]: Preparing start region for dimension minecraft:overworld
[00:56:09] [Render thread/INFO]: Changing view distance to 11, from 10
[00:56:09] [Render thread/INFO]: MineRLAgent0[local:E:1402ffef] logged in with entity id 2142 at (354.5, 65.0, -917.5)
[00:56:09] [Render thread/INFO]: MineRLAgent0 joined the game
[00:56:09] [Render thread/INFO]: Preparing spawn area: 35%
[00:56:09] [Render thread/INFO]: Time elapsed: 2 ms
[00:56:09] [Render thread/INFO]: [STDOUT]: Starting new video null
[00:56:09] [Render thread/INFO]: Saving and pausing game...
[00:56:09] [Render thread/INFO]: Saving chunks for level 'ServerLevel[mcpworld9e0bba511549]'/minecraft:overworld
[00:56:09] [Render thread/INFO]: Saving chunks for level 'ServerLevel[mcpworld9e0bba511549]'/minecraft:the_nether
[00:56:09] [Render thread/INFO]: Saving chunks for level 'ServerLevel[mcpworld9e0bba511549]'/minecraft:the_end
[00:56:10] [Render thread/INFO]: Loaded 0 advancements
[00:57:00] [EnvServerSocketHandler/INFO]: [STDOUT]: *** Stopping the replay, returning control to the inputs
[00:57:00] [EnvServerSocketHandler/INFO]: Received Mission token 5cdcbcf0-c04a-44f1-ad18-8effbc65adfa:0:0:1:true:1000
[00:57:00] [EnvServerSocketHandler/INFO]: Received mission init command  <MissionInit xmlns="http://ProjectMalmo.microsoft.com" xmlns:xsi="http://www.w3.org/2001/XMLSchema-instance" SchemaVersion="" PlatformVersion="0.37.0"><Mission><About><Summary>MineRLObtainDiamondShovel-v0</Summary></About><ModSettings><MsPerTick>50</MsPerTick></ModSettings><ServerSection><ServerInitialConditions><Time><AllowPassageOfTime>true</AllowPassageOfTime></Time><AllowSpawning>true</AllowSpawning></ServerInitialConditions><ServerHandlers><DefaultWorldGenerator forceReset="true" generatorOptions="{}"/><ServerQuitWhenAnyAgentFinishes/></ServerHandlers></ServerSection><AgentSection mode="Survival"><Name>MineRLAgent0</Name><AgentStart><LowLevelInputs>true</LowLevelInputs><GuiScale>1.0</GuiScale><GammaSetting>2.0</GammaSetting><FOVSetting>70.0</FOVSetting><FakeCursorSize>16</FakeCursorSize></AgentStart><AgentHandlers><FileBasedPerformanceProducer/><PauseCommand/><VideoProducer want_depth="false"><Width>640</Width><Height>360</Height></VideoProducer><ObservationFromFullInventory flat="false"/><HumanLevelCommands/><CameraCommands/></AgentHandlers></AgentSection></Mission><ExperimentUID>5cdcbcf0-c04a-44f1-ad18-8effbc65adfa</ExperimentUID><ClientRole>0</ClientRole><ClientAgentConnection><ClientIPAddress>127.0.0.1</ClientIPAddress><ClientMissionControlPort>0</ClientMissionControlPort><ClientCommandsPort>0</ClientCommandsPort><AgentIPAddress>127.0.0.1</AgentIPAddress><AgentMissionControlPort>0</AgentMissionControlPort><AgentVideoPort>0</AgentVideoPort><AgentDepthPort>0</AgentDepthPort><AgentLuminancePort>0</AgentLuminancePort><AgentObservationsPort>0</AgentObservationsPort><AgentRewardsPort>0</AgentRewardsPort><AgentColourMapPort>0</AgentColourMapPort></ClientAgentConnection></MissionInit>
[00:57:00] [EnvServerSocketHandler/INFO]: [STDOUT]: Setting width, height to 640, 360
[00:57:00] [EnvServerSocketHandler/INFO]: [STDOUT]: Gamma: 2.0
[00:57:00] [EnvServerSocketHandler/INFO]: [STDOUT]: FOV: 70.0
[00:57:00] [EnvServerSocketHandler/INFO]: [STDOUT]: GuiScale: 1.0
[00:57:00] [Render thread/WARN]: Ambiguity between arguments [teleport, destination] and [teleport, targets] with inputs: [Player, 0123, @e, dd12be42-52a9-4a91-a8a1-11c01849e498]
[00:57:00] [Render thread/WARN]: Ambiguity between arguments [teleport, location] and [teleport, destination] with inputs: [0.1 -0.5 .9, 0 0 0]
[00:57:00] [Render thread/WARN]: Ambiguity between arguments [teleport, location] and [teleport, targets] with inputs: [0.1 -0.5 .9, 0 0 0]
[00:57:00] [Render thread/WARN]: Ambiguity between arguments [teleport, targets] and [teleport, destination] with inputs: [Player, 0123, dd12be42-52a9-4a91-a8a1-11c01849e498]
[00:57:00] [Render thread/WARN]: Ambiguity between arguments [teleport, targets, location] and [teleport, targets, destination] with inputs: [0.1 -0.5 .9, 0 0 0]
[00:57:00] [Render thread/INFO]: Reloading ResourceManager: Default
[00:57:00] [Render thread/INFO]: Loaded 7 recipes
[00:57:00] [Render thread/INFO]: Loaded 927 advancements
[00:57:01] [Render thread/INFO]: Environment: authHost='https://authserver.mojang.com', accountsHost='https://api.mojang.com', sessionHost='https://sessionserver.mojang.com', servicesHost='https://api.minecraftservices.com', name='PROD'
[00:57:01] [Render thread/INFO]: Starting integrated minecraft server version 1.16.5
[00:57:01] [Render thread/INFO]: Generating keypair
[00:57:04] [Render thread/INFO]: Preparing start region for dimension minecraft:overworld
[00:57:13] [Render thread/INFO]: Changing view distance to 11, from 10
[00:57:13] [Render thread/INFO]: MineRLAgent0[local:E:d20ad108] logged in with entity id 2577 at (354.5, 65.0, -917.5)
[00:57:13] [Render thread/INFO]: MineRLAgent0 joined the game
[00:57:13] [Render thread/INFO]: Preparing spawn area: 17%
[00:57:13] [Render thread/INFO]: Time elapsed: 2 ms
[00:57:13] [Render thread/INFO]: [STDOUT]: Starting new video null
[00:57:13] [Render thread/INFO]: Saving and pausing game...
[00:57:13] [Render thread/INFO]: Saving chunks for level 'ServerLevel[mcpworldf9bc5b7142bb]'/minecraft:overworld
[00:57:14] [Render thread/INFO]: Saving chunks for level 'ServerLevel[mcpworldf9bc5b7142bb]'/minecraft:the_nether
[00:57:14] [Render thread/INFO]: Saving chunks for level 'ServerLevel[mcpworldf9bc5b7142bb]'/minecraft:the_end
[00:57:14] [Render thread/INFO]: Loaded 0 advancements
[00:58:07] [EnvServerSocketHandler/INFO]: [STDOUT]: *** Stopping the replay, returning control to the inputs
