[19:38:52] [Thread-4/INFO]: [STDOUT]: SERVER enter state: DORMANT
[19:38:52] [EnvServerSocketHandler/INFO]: Received Mission token 8ba6d702-e9c1-44aa-86de-74e7356b1be3:0:0:1:true
[19:38:52] [EnvServerSocketHandler/INFO]: Received mission init command  <MissionInit xmlns="http://ProjectMalmo.microsoft.com" xmlns:xsi="http://www.w3.org/2001/XMLSchema-instance" SchemaVersion="" PlatformVersion="0.37.0"><Mission><About><Summary>MineRLObtainDiamondShovel-v0</Summary></About><ModSettings><MsPerTick>50</MsPerTick></ModSettings><ServerSection><ServerInitialConditions><Time><AllowPassageOfTime>true</AllowPassageOfTime></Time><AllowSpawning>true</AllowSpawning></ServerInitialConditions><ServerHandlers><DefaultWorldGenerator forceReset="true" generatorOptions="{}"/><ServerQuitWhenAnyAgentFinishes/></ServerHandlers></ServerSection><AgentSection mode="Survival"><Name>MineRLAgent0</Name><AgentStart><LowLevelInputs>true</LowLevelInputs><GuiScale>1.0</GuiScale><GammaSetting>2.0</GammaSetting><FOVSetting>70.0</FOVSetting><FakeCursorSize>16</FakeCursorSize></AgentStart><AgentHandlers><FileBasedPerformanceProducer/><PauseCommand/><VideoProducer want_depth="false"><Width>640</Width><Height>360</Height></VideoProducer><ObservationFromFullInventory flat="false"/><HumanLevelCommands/><CameraCommands/></AgentHandlers></AgentSection></Mission><ExperimentUID>8ba6d702-e9c1-44aa-86de-74e7356b1be3</ExperimentUID><ClientRole>0</ClientRole><ClientAgentConnection><ClientIPAddress>127.0.0.1</ClientIPAddress><ClientMissionControlPort>0</ClientMissionControlPort><ClientCommandsPort>0</ClientCommandsPort><AgentIPAddress>127.0.0.1</AgentIPAddress><AgentMissionControlPort>0</AgentMissionControlPort><AgentVideoPort>0</AgentVideoPort><AgentDepthPort>0</AgentDepthPort><AgentLuminancePort>0</AgentLuminancePort><AgentObservationsPort>0</AgentObservationsPort><AgentRewardsPort>0</AgentRewardsPort><AgentColourMapPort>0</AgentColourMapPort></ClientAgentConnection></MissionInit>
[19:38:52] [EnvServerSocketHandler/INFO]: [STDOUT]: Setting width, height to 640, 360
[19:38:52] [EnvServerSocketHandler/INFO]: [STDOUT]: Gamma: 2.0
[19:38:52] [EnvServerSocketHandler/INFO]: [STDOUT]: FOV: 70.0
[19:38:52] [EnvServerSocketHandler/INFO]: [STDOUT]: GuiScale: 1.0
[19:38:52] [Render thread/INFO]: [STDOUT]: Seed not provided, generating random one: 2286864111097769142
[19:38:53] [Render thread/WARN]: Ambiguity between arguments [teleport, destination] and [teleport, targets] with inputs: [Player, 0123, @e, dd12be42-52a9-4a91-a8a1-11c01849e498]
[19:38:53] [Render thread/WARN]: Ambiguity between arguments [teleport, location] and [teleport, destination] with inputs: [0.1 -0.5 .9, 0 0 0]
[19:38:53] [Render thread/WARN]: Ambiguity between arguments [teleport, location] and [teleport, targets] with inputs: [0.1 -0.5 .9, 0 0 0]
[19:38:53] [Render thread/WARN]: Ambiguity between arguments [teleport, targets] and [teleport, destination] with inputs: [Player, 0123, dd12be42-52a9-4a91-a8a1-11c01849e498]
[19:38:53] [Render thread/WARN]: Ambiguity between arguments [teleport, targets, location] and [teleport, targets, destination] with inputs: [0.1 -0.5 .9, 0 0 0]
[19:38:53] [Render thread/INFO]: Reloading ResourceManager: Default
[19:38:54] [Render thread/INFO]: Loaded 7 recipes
[19:38:54] [Render thread/INFO]: Loaded 927 advancements
[19:38:55] [Render thread/INFO]: Environment: authHost='https://authserver.mojang.com', accountsHost='https://api.mojang.com', sessionHost='https://sessionserver.mojang.com', servicesHost='https://api.minecraftservices.com', name='PROD'
[19:38:55] [Render thread/INFO]: Starting integrated minecraft server version 1.16.5
[19:38:55] [Render thread/INFO]: Generating keypair
[19:39:00] [Render thread/INFO]: Preparing start region for dimension minecraft:overworld
[19:39:16] [Render thread/INFO]: Changing view distance to 11, from 10
[19:39:17] [Render thread/INFO]: MineRLAgent0[local:E:4ce0332e] logged in with entity id 179 at (30.5, 64.0, -644.5)
[19:39:17] [Render thread/INFO]: MineRLAgent0 joined the game
[19:39:17] [Render thread/INFO]: [STDOUT]: *** creating fake mouse cursor ***
[19:39:17] [Render thread/INFO]: Preparing spawn area: 14%
[19:39:17] [Render thread/INFO]: Time elapsed: 3 ms
[19:39:17] [Render thread/INFO]: [STDOUT]: Starting new video null
[19:39:17] [Render thread/INFO]: Saving and pausing game...
[19:39:17] [Render thread/INFO]: Saving chunks for level 'ServerLevel[mcpworld05c29e6a81f3]'/minecraft:overworld
[19:39:18] [Render thread/INFO]: Saving chunks for level 'ServerLevel[mcpworld05c29e6a81f3]'/minecraft:the_nether
[19:39:18] [Render thread/INFO]: Saving chunks for level 'ServerLevel[mcpworld05c29e6a81f3]'/minecraft:the_end
[19:39:19] [Render thread/INFO]: Loaded 0 advancements
[19:39:22] [EnvServerSocketHandler/INFO]: [STDOUT]: *** Stopping the replay, returning control to the inputs
[19:39:22] [EnvServerSocketHandler/INFO]: Received Mission token b76a9699-9992-4854-8207-0f4103970117:0:0:1:true
[19:39:22] [EnvServerSocketHandler/INFO]: Received mission init command  <MissionInit xmlns="http://ProjectMalmo.microsoft.com" xmlns:xsi="http://www.w3.org/2001/XMLSchema-instance" SchemaVersion="" PlatformVersion="0.37.0"><Mission><About><Summary>MineRLObtainDiamondShovel-v0</Summary></About><ModSettings><MsPerTick>50</MsPerTick></ModSettings><ServerSection><ServerInitialConditions><Time><AllowPassageOfTime>true</AllowPassageOfTime></Time><AllowSpawning>true</AllowSpawning></ServerInitialConditions><ServerHandlers><DefaultWorldGenerator forceReset="true" generatorOptions="{}"/><ServerQuitWhenAnyAgentFinishes/></ServerHandlers></ServerSection><AgentSection mode="Survival"><Name>MineRLAgent0</Name><AgentStart><LowLevelInputs>true</LowLevelInputs><GuiScale>1.0</GuiScale><GammaSetting>2.0</GammaSetting><FOVSetting>70.0</FOVSetting><FakeCursorSize>16</FakeCursorSize></AgentStart><AgentHandlers><FileBasedPerformanceProducer/><PauseCommand/><VideoProducer want_depth="false"><Width>640</Width><Height>360</Height></VideoProducer><ObservationFromFullInventory flat="false"/><HumanLevelCommands/><CameraCommands/></AgentHandlers></AgentSection></Mission><ExperimentUID>b76a9699-9992-4854-8207-0f4103970117</ExperimentUID><ClientRole>0</ClientRole><ClientAgentConnection><ClientIPAddress>127.0.0.1</ClientIPAddress><ClientMissionControlPort>0</ClientMissionControlPort><ClientCommandsPort>0</ClientCommandsPort><AgentIPAddress>127.0.0.1</AgentIPAddress><AgentMissionControlPort>0</AgentMissionControlPort><AgentVideoPort>0</AgentVideoPort><AgentDepthPort>0</AgentDepthPort><AgentLuminancePort>0</AgentLuminancePort><AgentObservationsPort>0</AgentObservationsPort><AgentRewardsPort>0</AgentRewardsPort><AgentColourMapPort>0</AgentColourMapPort></ClientAgentConnection></MissionInit>
[19:39:22] [EnvServerSocketHandler/INFO]: [STDOUT]: Setting width, height to 640, 360
[19:39:22] [EnvServerSocketHandler/INFO]: [STDOUT]: Gamma: 2.0
[19:39:22] [EnvServerSocketHandler/INFO]: [STDOUT]: FOV: 70.0
[19:39:22] [EnvServerSocketHandler/INFO]: [STDOUT]: GuiScale: 1.0
[19:39:22] [Render thread/INFO]: [STDOUT]: Seed not provided, generating random one: -3200194568970809825
[19:39:22] [Render thread/WARN]: Ambiguity between arguments [teleport, destination] and [teleport, targets] with inputs: [Player, 0123, @e, dd12be42-52a9-4a91-a8a1-11c01849e498]
[19:39:22] [Render thread/WARN]: Ambiguity between arguments [teleport, location] and [teleport, destination] with inputs: [0.1 -0.5 .9, 0 0 0]
[19:39:22] [Render thread/WARN]: Ambiguity between arguments [teleport, location] and [teleport, targets] with inputs: [0.1 -0.5 .9, 0 0 0]
[19:39:22] [Render thread/WARN]: Ambiguity between arguments [teleport, targets] and [teleport, destination] with inputs: [Player, 0123, dd12be42-52a9-4a91-a8a1-11c01849e498]
[19:39:22] [Render thread/WARN]: Ambiguity between arguments [teleport, targets, location] and [teleport, targets, destination] with inputs: [0.1 -0.5 .9, 0 0 0]
[19:39:22] [Render thread/INFO]: Reloading ResourceManager: Default
[19:39:23] [Render thread/INFO]: Loaded 7 recipes
[19:39:23] [Render thread/INFO]: Loaded 927 advancements
[19:39:23] [Render thread/INFO]: Environment: authHost='https://authserver.mojang.com', accountsHost='https://api.mojang.com', sessionHost='https://sessionserver.mojang.com', servicesHost='https://api.minecraftservices.com', name='PROD'
[19:39:23] [Render thread/INFO]: Starting integrated minecraft server version 1.16.5
[19:39:23] [Render thread/INFO]: Generating keypair
[19:39:29] [Render thread/INFO]: Preparing start region for dimension minecraft:overworld
[19:39:40] [Render thread/INFO]: Changing view distance to 11, from 10
[19:39:40] [Render thread/INFO]: MineRLAgent0[local:E:e7c80702] logged in with entity id 594 at (-877.5, 70.0, 410.5)
[19:39:40] [Render thread/INFO]: MineRLAgent0 joined the game
[19:39:41] [Render thread/INFO]: Preparing spawn area: 7%
[19:39:41] [Render thread/INFO]: Time elapsed: 2 ms
[19:39:41] [Render thread/INFO]: [STDOUT]: Starting new video null
[19:39:41] [Render thread/INFO]: Saving and pausing game...
[19:39:41] [Render thread/INFO]: Saving chunks for level 'ServerLevel[mcpworldfb271c409dce]'/minecraft:overworld
[19:39:41] [Render thread/INFO]: Saving chunks for level 'ServerLevel[mcpworldfb271c409dce]'/minecraft:the_nether
[19:39:41] [Render thread/INFO]: Saving chunks for level 'ServerLevel[mcpworldfb271c409dce]'/minecraft:the_end
[19:39:42] [Render thread/INFO]: Loaded 0 advancements
