[15:30:00] [Thread-4/INFO]: [STDOUT]: SERVER enter state: DORMANT
[15:30:00] [EnvServerSocketHandler/INFO]: Received Mission token 81860dfb-12f6-4a28-9222-c0735c71773b:0:0:1:true
[15:30:00] [EnvServerSocketHandler/INFO]: Received mission init command  <MissionInit xmlns="http://ProjectMalmo.microsoft.com" xmlns:xsi="http://www.w3.org/2001/XMLSchema-instance" SchemaVersion="" PlatformVersion="0.37.0"><Mission><About><Summary>MineRLObtainDiamondShovel-v0</Summary></About><ModSettings><MsPerTick>50</MsPerTick></ModSettings><ServerSection><ServerInitialConditions><Time><AllowPassageOfTime>true</AllowPassageOfTime></Time><AllowSpawning>true</AllowSpawning></ServerInitialConditions><ServerHandlers><DefaultWorldGenerator forceReset="true" generatorOptions="{}"/><ServerQuitWhenAnyAgentFinishes/></ServerHandlers></ServerSection><AgentSection mode="Survival"><Name>MineRLAgent0</Name><AgentStart><LowLevelInputs>true</LowLevelInputs><GuiScale>1.0</GuiScale><GammaSetting>2.0</GammaSetting><FOVSetting>70.0</FOVSetting><FakeCursorSize>16</FakeCursorSize></AgentStart><AgentHandlers><FileBasedPerformanceProducer/><PauseCommand/><VideoProducer want_depth="false"><Width>640</Width><Height>360</Height></VideoProducer><ObservationFromFullInventory flat="false"/><HumanLevelCommands/><CameraCommands/></AgentHandlers></AgentSection></Mission><ExperimentUID>81860dfb-12f6-4a28-9222-c0735c71773b</ExperimentUID><ClientRole>0</ClientRole><ClientAgentConnection><ClientIPAddress>127.0.0.1</ClientIPAddress><ClientMissionControlPort>0</ClientMissionControlPort><ClientCommandsPort>0</ClientCommandsPort><AgentIPAddress>127.0.0.1</AgentIPAddress><AgentMissionControlPort>0</AgentMissionControlPort><AgentVideoPort>0</AgentVideoPort><AgentDepthPort>0</AgentDepthPort><AgentLuminancePort>0</AgentLuminancePort><AgentObservationsPort>0</AgentObservationsPort><AgentRewardsPort>0</AgentRewardsPort><AgentColourMapPort>0</AgentColourMapPort></ClientAgentConnection></MissionInit>
[15:30:00] [EnvServerSocketHandler/INFO]: [STDOUT]: Setting width, height to 640, 360
[15:30:00] [EnvServerSocketHandler/INFO]: [STDOUT]: Gamma: 2.0
[15:30:00] [EnvServerSocketHandler/INFO]: [STDOUT]: FOV: 70.0
[15:30:00] [EnvServerSocketHandler/INFO]: [STDOUT]: GuiScale: 1.0
[15:30:00] [Render thread/INFO]: [STDOUT]: Seed not provided, generating random one: 323728341846110895
[15:30:00] [Render thread/WARN]: Ambiguity between arguments [teleport, destination] and [teleport, targets] with inputs: [Player, 0123, @e, dd12be42-52a9-4a91-a8a1-11c01849e498]
[15:30:00] [Render thread/WARN]: Ambiguity between arguments [teleport, location] and [teleport, destination] with inputs: [0.1 -0.5 .9, 0 0 0]
[15:30:00] [Render thread/WARN]: Ambiguity between arguments [teleport, location] and [teleport, targets] with inputs: [0.1 -0.5 .9, 0 0 0]
[15:30:00] [Render thread/WARN]: Ambiguity between arguments [teleport, targets] and [teleport, destination] with inputs: [Player, 0123, dd12be42-52a9-4a91-a8a1-11c01849e498]
[15:30:00] [Render thread/WARN]: Ambiguity between arguments [teleport, targets, location] and [teleport, targets, destination] with inputs: [0.1 -0.5 .9, 0 0 0]
[15:30:00] [Render thread/INFO]: Reloading ResourceManager: Default
[15:30:00] [Render thread/INFO]: Loaded 7 recipes
[15:30:01] [Render thread/INFO]: Loaded 927 advancements
[15:30:01] [Render thread/INFO]: Environment: authHost='https://authserver.mojang.com', accountsHost='https://api.mojang.com', sessionHost='https://sessionserver.mojang.com', servicesHost='https://api.minecraftservices.com', name='PROD'
[15:30:01] [Render thread/INFO]: Starting integrated minecraft server version 1.16.5
[15:30:01] [Render thread/INFO]: Generating keypair
[15:30:04] [Render thread/INFO]: Preparing start region for dimension minecraft:overworld
[15:30:10] [Render thread/INFO]: Changing view distance to 11, from 10
[15:30:10] [Render thread/INFO]: MineRLAgent0[local:E:3766beec] logged in with entity id 301 at (754.5, 70.0, -229.5)
[15:30:10] [Render thread/INFO]: MineRLAgent0 joined the game
[15:30:10] [Render thread/INFO]: Preparing spawn area: 1%
[15:30:10] [Render thread/INFO]: Time elapsed: 3 ms
[15:30:10] [Render thread/INFO]: [STDOUT]: *** creating fake mouse cursor ***
[15:30:11] [Render thread/INFO]: [STDOUT]: Starting new video null
[15:30:11] [Render thread/INFO]: Saving and pausing game...
[15:30:11] [Render thread/INFO]: Saving chunks for level 'ServerLevel[mcpworld59d9a775f114]'/minecraft:overworld
[15:30:11] [Render thread/INFO]: Saving chunks for level 'ServerLevel[mcpworld59d9a775f114]'/minecraft:the_nether
[15:30:11] [Render thread/INFO]: Saving chunks for level 'ServerLevel[mcpworld59d9a775f114]'/minecraft:the_end
[15:30:11] [Render thread/INFO]: Loaded 0 advancements
[15:30:13] [EnvServerSocketHandler/INFO]: [STDOUT]: *** Stopping the replay, returning control to the inputs
[15:30:13] [EnvServerSocketHandler/INFO]: Received Mission token 1b87b677-5a82-45e8-b3dd-a87be01f89e0:0:0:1:true
[15:30:13] [EnvServerSocketHandler/INFO]: Received mission init command  <MissionInit xmlns="http://ProjectMalmo.microsoft.com" xmlns:xsi="http://www.w3.org/2001/XMLSchema-instance" SchemaVersion="" PlatformVersion="0.37.0"><Mission><About><Summary>MineRLObtainDiamondShovel-v0</Summary></About><ModSettings><MsPerTick>50</MsPerTick></ModSettings><ServerSection><ServerInitialConditions><Time><AllowPassageOfTime>true</AllowPassageOfTime></Time><AllowSpawning>true</AllowSpawning></ServerInitialConditions><ServerHandlers><DefaultWorldGenerator forceReset="true" generatorOptions="{}"/><ServerQuitWhenAnyAgentFinishes/></ServerHandlers></ServerSection><AgentSection mode="Survival"><Name>MineRLAgent0</Name><AgentStart><LowLevelInputs>true</LowLevelInputs><GuiScale>1.0</GuiScale><GammaSetting>2.0</GammaSetting><FOVSetting>70.0</FOVSetting><FakeCursorSize>16</FakeCursorSize></AgentStart><AgentHandlers><FileBasedPerformanceProducer/><PauseCommand/><VideoProducer want_depth="false"><Width>640</Width><Height>360</Height></VideoProducer><ObservationFromFullInventory flat="false"/><HumanLevelCommands/><CameraCommands/></AgentHandlers></AgentSection></Mission><ExperimentUID>1b87b677-5a82-45e8-b3dd-a87be01f89e0</ExperimentUID><ClientRole>0</ClientRole><ClientAgentConnection><ClientIPAddress>127.0.0.1</ClientIPAddress><ClientMissionControlPort>0</ClientMissionControlPort><ClientCommandsPort>0</ClientCommandsPort><AgentIPAddress>127.0.0.1</AgentIPAddress><AgentMissionControlPort>0</AgentMissionControlPort><AgentVideoPort>0</AgentVideoPort><AgentDepthPort>0</AgentDepthPort><AgentLuminancePort>0</AgentLuminancePort><AgentObservationsPort>0</AgentObservationsPort><AgentRewardsPort>0</AgentRewardsPort><AgentColourMapPort>0</AgentColourMapPort></ClientAgentConnection></MissionInit>
[15:30:13] [EnvServerSocketHandler/INFO]: [STDOUT]: Setting width, height to 640, 360
[15:30:13] [EnvServerSocketHandler/INFO]: [STDOUT]: Gamma: 2.0
[15:30:13] [EnvServerSocketHandler/INFO]: [STDOUT]: FOV: 70.0
[15:30:13] [EnvServerSocketHandler/INFO]: [STDOUT]: GuiScale: 1.0
[15:30:13] [Render thread/INFO]: [STDOUT]: Seed not provided, generating random one: -3107878735916442038
[15:30:13] [Render thread/WARN]: Ambiguity between arguments [teleport, destination] and [teleport, targets] with inputs: [Player, 0123, @e, dd12be42-52a9-4a91-a8a1-11c01849e498]
[15:30:13] [Render thread/WARN]: Ambiguity between arguments [teleport, location] and [teleport, destination] with inputs: [0.1 -0.5 .9, 0 0 0]
[15:30:13] [Render thread/WARN]: Ambiguity between arguments [teleport, location] and [teleport, targets] with inputs: [0.1 -0.5 .9, 0 0 0]
[15:30:13] [Render thread/WARN]: Ambiguity between arguments [teleport, targets] and [teleport, destination] with inputs: [Player, 0123, dd12be42-52a9-4a91-a8a1-11c01849e498]
[15:30:13] [Render thread/WARN]: Ambiguity between arguments [teleport, targets, location] and [teleport, targets, destination] with inputs: [0.1 -0.5 .9, 0 0 0]
[15:30:13] [Render thread/INFO]: Reloading ResourceManager: Default
[15:30:13] [Render thread/INFO]: Loaded 7 recipes
[15:30:13] [Render thread/INFO]: Loaded 927 advancements
[15:30:13] [Render thread/INFO]: Environment: authHost='https://authserver.mojang.com', accountsHost='https://api.mojang.com', sessionHost='https://sessionserver.mojang.com', servicesHost='https://api.minecraftservices.com', name='PROD'
[15:30:13] [Render thread/INFO]: Starting integrated minecraft server version 1.16.5
[15:30:13] [Render thread/INFO]: Generating keypair
[15:30:15] [Render thread/INFO]: Preparing start region for dimension minecraft:overworld
[15:30:21] [Render thread/INFO]: Changing view distance to 11, from 10
[15:30:21] [Render thread/INFO]: MineRLAgent0[local:E:78258888] logged in with entity id 855 at (-445.5, 63.0, -677.5)
[15:30:21] [Render thread/INFO]: MineRLAgent0 joined the game
[15:30:21] [Render thread/INFO]: Preparing spawn area: 52%
[15:30:21] [Render thread/INFO]: Time elapsed: 1 ms
[15:30:21] [Render thread/INFO]: [STDOUT]: Starting new video null
[15:30:21] [Render thread/INFO]: Saving and pausing game...
[15:30:21] [Render thread/INFO]: Saving chunks for level 'ServerLevel[mcpworld69d93ad85f52]'/minecraft:overworld
[15:30:21] [Render thread/INFO]: Saving chunks for level 'ServerLevel[mcpworld69d93ad85f52]'/minecraft:the_nether
[15:30:21] [Render thread/INFO]: Saving chunks for level 'ServerLevel[mcpworld69d93ad85f52]'/minecraft:the_end
[15:30:21] [Render thread/INFO]: Loaded 0 advancements
[15:30:45] [EnvServerSocketHandler/INFO]: [STDOUT]: *** Stopping the replay, returning control to the inputs
