[18:36:49] [Thread-5/INFO]: [STDOUT]: SERVER enter state: DORMANT
[18:36:49] [EnvServerSocketHandler/INFO]: Received Mission token c444066f-e1f9-400f-a74b-2405dad10f71:0:0:1:true
[18:36:49] [EnvServerSocketHandler/INFO]: Received mission init command  <MissionInit xmlns="http://ProjectMalmo.microsoft.com" xmlns:xsi="http://www.w3.org/2001/XMLSchema-instance" SchemaVersion="" PlatformVersion="0.37.0"><Mission><About><Summary>MineRLObtainDiamondShovel-v0</Summary></About><ModSettings><MsPerTick>50</MsPerTick></ModSettings><ServerSection><ServerInitialConditions><Time><AllowPassageOfTime>true</AllowPassageOfTime></Time><AllowSpawning>true</AllowSpawning></ServerInitialConditions><ServerHandlers><DefaultWorldGenerator forceReset="true" generatorOptions="{}"/><ServerQuitWhenAnyAgentFinishes/></ServerHandlers></ServerSection><AgentSection mode="Survival"><Name>MineRLAgent0</Name><AgentStart><LowLevelInputs>true</LowLevelInputs><GuiScale>1.0</GuiScale><GammaSetting>2.0</GammaSetting><FOVSetting>70.0</FOVSetting><FakeCursorSize>16</FakeCursorSize></AgentStart><AgentHandlers><FileBasedPerformanceProducer/><PauseCommand/><VideoProducer want_depth="false"><Width>640</Width><Height>360</Height></VideoProducer><ObservationFromFullInventory flat="false"/><HumanLevelCommands/><CameraCommands/></AgentHandlers></AgentSection></Mission><ExperimentUID>c444066f-e1f9-400f-a74b-2405dad10f71</ExperimentUID><ClientRole>0</ClientRole><ClientAgentConnection><ClientIPAddress>127.0.0.1</ClientIPAddress><ClientMissionControlPort>0</ClientMissionControlPort><ClientCommandsPort>0</ClientCommandsPort><AgentIPAddress>127.0.0.1</AgentIPAddress><AgentMissionControlPort>0</AgentMissionControlPort><AgentVideoPort>0</AgentVideoPort><AgentDepthPort>0</AgentDepthPort><AgentLuminancePort>0</AgentLuminancePort><AgentObservationsPort>0</AgentObservationsPort><AgentRewardsPort>0</AgentRewardsPort><AgentColourMapPort>0</AgentColourMapPort></ClientAgentConnection></MissionInit>
[18:36:50] [EnvServerSocketHandler/INFO]: [STDOUT]: Setting width, height to 640, 360
[18:36:50] [EnvServerSocketHandler/INFO]: [STDOUT]: Gamma: 2.0
[18:36:50] [EnvServerSocketHandler/INFO]: [STDOUT]: FOV: 70.0
[18:36:50] [EnvServerSocketHandler/INFO]: [STDOUT]: GuiScale: 1.0
[18:36:50] [Render thread/INFO]: [STDOUT]: Seed not provided, generating random one: 2491440427516017796
[18:36:50] [Render thread/WARN]: Ambiguity between arguments [teleport, destination] and [teleport, targets] with inputs: [Player, 0123, @e, dd12be42-52a9-4a91-a8a1-11c01849e498]
[18:36:50] [Render thread/WARN]: Ambiguity between arguments [teleport, location] and [teleport, destination] with inputs: [0.1 -0.5 .9, 0 0 0]
[18:36:50] [Render thread/WARN]: Ambiguity between arguments [teleport, location] and [teleport, targets] with inputs: [0.1 -0.5 .9, 0 0 0]
[18:36:50] [Render thread/WARN]: Ambiguity between arguments [teleport, targets] and [teleport, destination] with inputs: [Player, 0123, dd12be42-52a9-4a91-a8a1-11c01849e498]
[18:36:50] [Render thread/WARN]: Ambiguity between arguments [teleport, targets, location] and [teleport, targets, destination] with inputs: [0.1 -0.5 .9, 0 0 0]
[18:36:50] [Render thread/INFO]: Reloading ResourceManager: Default
[18:36:50] [Render thread/INFO]: Loaded 7 recipes
[18:36:50] [Render thread/INFO]: Loaded 927 advancements
[18:36:51] [Render thread/INFO]: Environment: authHost='https://authserver.mojang.com', accountsHost='https://api.mojang.com', sessionHost='https://sessionserver.mojang.com', servicesHost='https://api.minecraftservices.com', name='PROD'
[18:36:51] [Render thread/INFO]: Starting integrated minecraft server version 1.16.5
[18:36:51] [Render thread/INFO]: Generating keypair
[18:36:53] [Render thread/INFO]: Preparing start region for dimension minecraft:overworld
[18:36:58] [Render thread/INFO]: Changing view distance to 11, from 10
[18:36:58] [Render thread/INFO]: MineRLAgent0[local:E:d4e1c665] logged in with entity id 273 at (-637.5, 66.0, -997.5)
[18:36:58] [Render thread/INFO]: MineRLAgent0 joined the game
[18:36:58] [Render thread/INFO]: [STDOUT]: *** creating fake mouse cursor ***
[18:36:58] [Render thread/INFO]: Preparing spawn area: 39%
[18:36:58] [Render thread/INFO]: Time elapsed: 2 ms
[18:36:59] [Render thread/INFO]: [STDOUT]: Starting new video null
[18:36:59] [Render thread/INFO]: Saving and pausing game...
[18:36:59] [Render thread/INFO]: Saving chunks for level 'ServerLevel[mcpworld39d3f23fa1a8]'/minecraft:overworld
[18:36:59] [Render thread/INFO]: Saving chunks for level 'ServerLevel[mcpworld39d3f23fa1a8]'/minecraft:the_nether
[18:36:59] [Render thread/INFO]: Saving chunks for level 'ServerLevel[mcpworld39d3f23fa1a8]'/minecraft:the_end
[18:36:59] [Render thread/INFO]: Loaded 0 advancements
[18:37:00] [EnvServerSocketHandler/INFO]: [STDOUT]: *** Stopping the replay, returning control to the inputs
[18:37:00] [EnvServerSocketHandler/INFO]: Received Mission token 4b00052c-710b-4c97-9e07-3b83cdbf2fec:0:0:1:true
[18:37:00] [EnvServerSocketHandler/INFO]: Received mission init command  <MissionInit xmlns="http://ProjectMalmo.microsoft.com" xmlns:xsi="http://www.w3.org/2001/XMLSchema-instance" SchemaVersion="" PlatformVersion="0.37.0"><Mission><About><Summary>MineRLObtainDiamondShovel-v0</Summary></About><ModSettings><MsPerTick>50</MsPerTick></ModSettings><ServerSection><ServerInitialConditions><Time><AllowPassageOfTime>true</AllowPassageOfTime></Time><AllowSpawning>true</AllowSpawning></ServerInitialConditions><ServerHandlers><DefaultWorldGenerator forceReset="true" generatorOptions="{}"/><ServerQuitWhenAnyAgentFinishes/></ServerHandlers></ServerSection><AgentSection mode="Survival"><Name>MineRLAgent0</Name><AgentStart><LowLevelInputs>true</LowLevelInputs><GuiScale>1.0</GuiScale><GammaSetting>2.0</GammaSetting><FOVSetting>70.0</FOVSetting><FakeCursorSize>16</FakeCursorSize></AgentStart><AgentHandlers><FileBasedPerformanceProducer/><PauseCommand/><VideoProducer want_depth="false"><Width>640</Width><Height>360</Height></VideoProducer><ObservationFromFullInventory flat="false"/><HumanLevelCommands/><CameraCommands/></AgentHandlers></AgentSection></Mission><ExperimentUID>4b00052c-710b-4c97-9e07-3b83cdbf2fec</ExperimentUID><ClientRole>0</ClientRole><ClientAgentConnection><ClientIPAddress>127.0.0.1</ClientIPAddress><ClientMissionControlPort>0</ClientMissionControlPort><ClientCommandsPort>0</ClientCommandsPort><AgentIPAddress>127.0.0.1</AgentIPAddress><AgentMissionControlPort>0</AgentMissionControlPort><AgentVideoPort>0</AgentVideoPort><AgentDepthPort>0</AgentDepthPort><AgentLuminancePort>0</AgentLuminancePort><AgentObservationsPort>0</AgentObservationsPort><AgentRewardsPort>0</AgentRewardsPort><AgentColourMapPort>0</AgentColourMapPort></ClientAgentConnection></MissionInit>
[18:37:00] [EnvServerSocketHandler/INFO]: [STDOUT]: Setting width, height to 640, 360
[18:37:00] [EnvServerSocketHandler/INFO]: [STDOUT]: Gamma: 2.0
[18:37:00] [EnvServerSocketHandler/INFO]: [STDOUT]: FOV: 70.0
[18:37:00] [EnvServerSocketHandler/INFO]: [STDOUT]: GuiScale: 1.0
[18:37:00] [Render thread/INFO]: [STDOUT]: Seed not provided, generating random one: -5233931061681762851
[18:37:00] [Render thread/WARN]: Ambiguity between arguments [teleport, destination] and [teleport, targets] with inputs: [Player, 0123, @e, dd12be42-52a9-4a91-a8a1-11c01849e498]
[18:37:00] [Render thread/WARN]: Ambiguity between arguments [teleport, location] and [teleport, destination] with inputs: [0.1 -0.5 .9, 0 0 0]
[18:37:00] [Render thread/WARN]: Ambiguity between arguments [teleport, location] and [teleport, targets] with inputs: [0.1 -0.5 .9, 0 0 0]
[18:37:00] [Render thread/WARN]: Ambiguity between arguments [teleport, targets] and [teleport, destination] with inputs: [Player, 0123, dd12be42-52a9-4a91-a8a1-11c01849e498]
[18:37:00] [Render thread/WARN]: Ambiguity between arguments [teleport, targets, location] and [teleport, targets, destination] with inputs: [0.1 -0.5 .9, 0 0 0]
[18:37:00] [Render thread/INFO]: Reloading ResourceManager: Default
[18:37:00] [Render thread/INFO]: Loaded 7 recipes
[18:37:00] [Render thread/INFO]: Loaded 927 advancements
[18:37:01] [Render thread/INFO]: Environment: authHost='https://authserver.mojang.com', accountsHost='https://api.mojang.com', sessionHost='https://sessionserver.mojang.com', servicesHost='https://api.minecraftservices.com', name='PROD'
[18:37:01] [Render thread/INFO]: Starting integrated minecraft server version 1.16.5
[18:37:01] [Render thread/INFO]: Generating keypair
[18:37:03] [Render thread/INFO]: Preparing start region for dimension minecraft:overworld
[18:37:09] [Render thread/INFO]: Changing view distance to 11, from 10
[18:37:09] [Render thread/INFO]: MineRLAgent0[local:E:de44aaf1] logged in with entity id 734 at (290.5, 76.0, -501.5)
[18:37:09] [Render thread/INFO]: MineRLAgent0 joined the game
[18:37:09] [Render thread/INFO]: Preparing spawn area: 24%
[18:37:09] [Render thread/INFO]: Time elapsed: 2 ms
[18:37:09] [Render thread/INFO]: [STDOUT]: Starting new video null
[18:37:09] [Render thread/INFO]: Saving and pausing game...
[18:37:09] [Render thread/INFO]: Saving chunks for level 'ServerLevel[mcpworld63c4918d7d80]'/minecraft:overworld
[18:37:10] [Render thread/INFO]: Saving chunks for level 'ServerLevel[mcpworld63c4918d7d80]'/minecraft:the_nether
[18:37:10] [Render thread/INFO]: Saving chunks for level 'ServerLevel[mcpworld63c4918d7d80]'/minecraft:the_end
[18:37:10] [Render thread/INFO]: Loaded 0 advancements
[18:37:17] [EnvServerSocketHandler/INFO]: [STDOUT]: *** Stopping the replay, returning control to the inputs
