[14:18:09] [Thread-5/INFO]: [STDOUT]: SERVER enter state: DORMANT
[14:18:09] [EnvServerSocketHandler/INFO]: Received Mission token aa28cffd-2e82-4ba0-831b-26407d451d60:0:0:1:true
[14:18:09] [EnvServerSocketHandler/INFO]: Received mission init command  <MissionInit xmlns="http://ProjectMalmo.microsoft.com" xmlns:xsi="http://www.w3.org/2001/XMLSchema-instance" SchemaVersion="" PlatformVersion="0.37.0"><Mission><About><Summary>MineRLObtainDiamondShovel-v0</Summary></About><ModSettings><MsPerTick>50</MsPerTick></ModSettings><ServerSection><ServerInitialConditions><Time><AllowPassageOfTime>true</AllowPassageOfTime></Time><AllowSpawning>true</AllowSpawning></ServerInitialConditions><ServerHandlers><DefaultWorldGenerator forceReset="true" generatorOptions="{}"/><ServerQuitWhenAnyAgentFinishes/></ServerHandlers></ServerSection><AgentSection mode="Survival"><Name>MineRLAgent0</Name><AgentStart><LowLevelInputs>true</LowLevelInputs><GuiScale>1.0</GuiScale><GammaSetting>2.0</GammaSetting><FOVSetting>70.0</FOVSetting><FakeCursorSize>16</FakeCursorSize></AgentStart><AgentHandlers><FileBasedPerformanceProducer/><PauseCommand/><VideoProducer want_depth="false"><Width>640</Width><Height>360</Height></VideoProducer><ObservationFromFullInventory flat="false"/><HumanLevelCommands/><CameraCommands/></AgentHandlers></AgentSection></Mission><ExperimentUID>aa28cffd-2e82-4ba0-831b-26407d451d60</ExperimentUID><ClientRole>0</ClientRole><ClientAgentConnection><ClientIPAddress>127.0.0.1</ClientIPAddress><ClientMissionControlPort>0</ClientMissionControlPort><ClientCommandsPort>0</ClientCommandsPort><AgentIPAddress>127.0.0.1</AgentIPAddress><AgentMissionControlPort>0</AgentMissionControlPort><AgentVideoPort>0</AgentVideoPort><AgentDepthPort>0</AgentDepthPort><AgentLuminancePort>0</AgentLuminancePort><AgentObservationsPort>0</AgentObservationsPort><AgentRewardsPort>0</AgentRewardsPort><AgentColourMapPort>0</AgentColourMapPort></ClientAgentConnection></MissionInit>
[14:18:09] [EnvServerSocketHandler/INFO]: [STDOUT]: Setting width, height to 640, 360
[14:18:09] [EnvServerSocketHandler/INFO]: [STDOUT]: Gamma: 2.0
[14:18:09] [EnvServerSocketHandler/INFO]: [STDOUT]: FOV: 70.0
[14:18:09] [EnvServerSocketHandler/INFO]: [STDOUT]: GuiScale: 1.0
[14:18:09] [Render thread/INFO]: [STDOUT]: Seed not provided, generating random one: -7792227088241656384
[14:18:10] [Render thread/WARN]: Ambiguity between arguments [teleport, destination] and [teleport, targets] with inputs: [Player, 0123, @e, dd12be42-52a9-4a91-a8a1-11c01849e498]
[14:18:10] [Render thread/WARN]: Ambiguity between arguments [teleport, location] and [teleport, destination] with inputs: [0.1 -0.5 .9, 0 0 0]
[14:18:10] [Render thread/WARN]: Ambiguity between arguments [teleport, location] and [teleport, targets] with inputs: [0.1 -0.5 .9, 0 0 0]
[14:18:10] [Render thread/WARN]: Ambiguity between arguments [teleport, targets] and [teleport, destination] with inputs: [Player, 0123, dd12be42-52a9-4a91-a8a1-11c01849e498]
[14:18:10] [Render thread/WARN]: Ambiguity between arguments [teleport, targets, location] and [teleport, targets, destination] with inputs: [0.1 -0.5 .9, 0 0 0]
[14:18:10] [Render thread/INFO]: Reloading ResourceManager: Default
[14:18:10] [Render thread/INFO]: Loaded 7 recipes
[14:18:10] [Render thread/INFO]: Loaded 927 advancements
[14:18:11] [Render thread/INFO]: Environment: authHost='https://authserver.mojang.com', accountsHost='https://api.mojang.com', sessionHost='https://sessionserver.mojang.com', servicesHost='https://api.minecraftservices.com', name='PROD'
[14:18:11] [Render thread/INFO]: Starting integrated minecraft server version 1.16.5
[14:18:11] [Render thread/INFO]: Generating keypair
[14:18:14] [Render thread/INFO]: Preparing start region for dimension minecraft:overworld
[14:18:19] [Render thread/INFO]: Changing view distance to 11, from 10
[14:18:19] [Render thread/INFO]: MineRLAgent0[local:E:3192cddd] logged in with entity id 193 at (-477.5, 65.0, 538.5)
[14:18:19] [Render thread/INFO]: MineRLAgent0 joined the game
[14:18:19] [Render thread/INFO]: [STDOUT]: *** creating fake mouse cursor ***
[14:18:19] [Render thread/INFO]: Preparing spawn area: 3%
[14:18:19] [Render thread/INFO]: Time elapsed: 3 ms
[14:18:19] [Render thread/INFO]: [STDOUT]: Starting new video null
[14:18:19] [Render thread/INFO]: Saving and pausing game...
[14:18:19] [Render thread/INFO]: Saving chunks for level 'ServerLevel[mcpworldededcc784415]'/minecraft:overworld
[14:18:20] [Render thread/INFO]: Saving chunks for level 'ServerLevel[mcpworldededcc784415]'/minecraft:the_nether
[14:18:20] [Render thread/INFO]: Saving chunks for level 'ServerLevel[mcpworldededcc784415]'/minecraft:the_end
[14:18:20] [Render thread/INFO]: Loaded 0 advancements
[14:18:21] [EnvServerSocketHandler/INFO]: [STDOUT]: *** Stopping the replay, returning control to the inputs
[14:18:21] [EnvServerSocketHandler/INFO]: Received Mission token 9f35c36d-9cd9-43c3-a3aa-ac22e8b4c9a7:0:0:1:true
[14:18:21] [EnvServerSocketHandler/INFO]: Received mission init command  <MissionInit xmlns="http://ProjectMalmo.microsoft.com" xmlns:xsi="http://www.w3.org/2001/XMLSchema-instance" SchemaVersion="" PlatformVersion="0.37.0"><Mission><About><Summary>MineRLObtainDiamondShovel-v0</Summary></About><ModSettings><MsPerTick>50</MsPerTick></ModSettings><ServerSection><ServerInitialConditions><Time><AllowPassageOfTime>true</AllowPassageOfTime></Time><AllowSpawning>true</AllowSpawning></ServerInitialConditions><ServerHandlers><DefaultWorldGenerator forceReset="true" generatorOptions="{}"/><ServerQuitWhenAnyAgentFinishes/></ServerHandlers></ServerSection><AgentSection mode="Survival"><Name>MineRLAgent0</Name><AgentStart><LowLevelInputs>true</LowLevelInputs><GuiScale>1.0</GuiScale><GammaSetting>2.0</GammaSetting><FOVSetting>70.0</FOVSetting><FakeCursorSize>16</FakeCursorSize></AgentStart><AgentHandlers><FileBasedPerformanceProducer/><PauseCommand/><VideoProducer want_depth="false"><Width>640</Width><Height>360</Height></VideoProducer><ObservationFromFullInventory flat="false"/><HumanLevelCommands/><CameraCommands/></AgentHandlers></AgentSection></Mission><ExperimentUID>9f35c36d-9cd9-43c3-a3aa-ac22e8b4c9a7</ExperimentUID><ClientRole>0</ClientRole><ClientAgentConnection><ClientIPAddress>127.0.0.1</ClientIPAddress><ClientMissionControlPort>0</ClientMissionControlPort><ClientCommandsPort>0</ClientCommandsPort><AgentIPAddress>127.0.0.1</AgentIPAddress><AgentMissionControlPort>0</AgentMissionControlPort><AgentVideoPort>0</AgentVideoPort><AgentDepthPort>0</AgentDepthPort><AgentLuminancePort>0</AgentLuminancePort><AgentObservationsPort>0</AgentObservationsPort><AgentRewardsPort>0</AgentRewardsPort><AgentColourMapPort>0</AgentColourMapPort></ClientAgentConnection></MissionInit>
[14:18:22] [EnvServerSocketHandler/INFO]: [STDOUT]: Setting width, height to 640, 360
[14:18:22] [EnvServerSocketHandler/INFO]: [STDOUT]: Gamma: 2.0
[14:18:22] [EnvServerSocketHandler/INFO]: [STDOUT]: FOV: 70.0
[14:18:22] [EnvServerSocketHandler/INFO]: [STDOUT]: GuiScale: 1.0
[14:18:22] [Render thread/INFO]: [STDOUT]: Seed not provided, generating random one: -4814968459508560072
[14:18:22] [Render thread/WARN]: Ambiguity between arguments [teleport, destination] and [teleport, targets] with inputs: [Player, 0123, @e, dd12be42-52a9-4a91-a8a1-11c01849e498]
[14:18:22] [Render thread/WARN]: Ambiguity between arguments [teleport, location] and [teleport, destination] with inputs: [0.1 -0.5 .9, 0 0 0]
[14:18:22] [Render thread/WARN]: Ambiguity between arguments [teleport, location] and [teleport, targets] with inputs: [0.1 -0.5 .9, 0 0 0]
[14:18:22] [Render thread/WARN]: Ambiguity between arguments [teleport, targets] and [teleport, destination] with inputs: [Player, 0123, dd12be42-52a9-4a91-a8a1-11c01849e498]
[14:18:22] [Render thread/WARN]: Ambiguity between arguments [teleport, targets, location] and [teleport, targets, destination] with inputs: [0.1 -0.5 .9, 0 0 0]
[14:18:22] [Render thread/INFO]: Reloading ResourceManager: Default
[14:18:22] [Render thread/INFO]: Loaded 7 recipes
[14:18:22] [Render thread/INFO]: Loaded 927 advancements
[14:18:22] [Render thread/INFO]: Environment: authHost='https://authserver.mojang.com', accountsHost='https://api.mojang.com', sessionHost='https://sessionserver.mojang.com', servicesHost='https://api.minecraftservices.com', name='PROD'
[14:18:22] [Render thread/INFO]: Starting integrated minecraft server version 1.16.5
[14:18:22] [Render thread/INFO]: Generating keypair
[14:18:24] [Render thread/INFO]: Preparing start region for dimension minecraft:overworld
[14:18:28] [Render thread/INFO]: Changing view distance to 11, from 10
[14:18:28] [Render thread/INFO]: MineRLAgent0[local:E:2a3171f2] logged in with entity id 503 at (562.5, 68.0, -837.5)
[14:18:28] [Render thread/INFO]: MineRLAgent0 joined the game
[14:18:28] [Render thread/INFO]: Preparing spawn area: 44%
[14:18:28] [Render thread/INFO]: Time elapsed: 1 ms
[14:18:29] [Render thread/INFO]: [STDOUT]: Starting new video null
[14:18:29] [Render thread/INFO]: Saving and pausing game...
[14:18:29] [Render thread/INFO]: Saving chunks for level 'ServerLevel[mcpworld393c92d8f0e8]'/minecraft:overworld
[14:18:29] [Render thread/INFO]: Saving chunks for level 'ServerLevel[mcpworld393c92d8f0e8]'/minecraft:the_nether
[14:18:29] [Render thread/INFO]: Saving chunks for level 'ServerLevel[mcpworld393c92d8f0e8]'/minecraft:the_end
[14:18:29] [Render thread/INFO]: Loaded 0 advancements
[14:22:42] [Render thread/INFO]: [STDOUT]: Starting new video null
[14:22:43] [EnvServerSocketHandler/INFO]: [STDOUT]: *** Stopping the replay, returning control to the inputs
[14:22:43] [EnvServerSocketHandler/INFO]: Received Mission token 2145f885-84e7-41a1-ac13-f358ed1eeeef:0:0:1:true
[14:22:43] [EnvServerSocketHandler/INFO]: Received mission init command  <MissionInit xmlns="http://ProjectMalmo.microsoft.com" xmlns:xsi="http://www.w3.org/2001/XMLSchema-instance" SchemaVersion="" PlatformVersion="0.37.0"><Mission><About><Summary>MineRLObtainDiamondShovel-v0</Summary></About><ModSettings><MsPerTick>50</MsPerTick></ModSettings><ServerSection><ServerInitialConditions><Time><AllowPassageOfTime>true</AllowPassageOfTime></Time><AllowSpawning>true</AllowSpawning></ServerInitialConditions><ServerHandlers><DefaultWorldGenerator forceReset="true" generatorOptions="{}"/><ServerQuitWhenAnyAgentFinishes/></ServerHandlers></ServerSection><AgentSection mode="Survival"><Name>MineRLAgent0</Name><AgentStart><LowLevelInputs>true</LowLevelInputs><GuiScale>1.0</GuiScale><GammaSetting>2.0</GammaSetting><FOVSetting>70.0</FOVSetting><FakeCursorSize>16</FakeCursorSize></AgentStart><AgentHandlers><FileBasedPerformanceProducer/><PauseCommand/><VideoProducer want_depth="false"><Width>640</Width><Height>360</Height></VideoProducer><ObservationFromFullInventory flat="false"/><HumanLevelCommands/><CameraCommands/></AgentHandlers></AgentSection></Mission><ExperimentUID>2145f885-84e7-41a1-ac13-f358ed1eeeef</ExperimentUID><ClientRole>0</ClientRole><ClientAgentConnection><ClientIPAddress>127.0.0.1</ClientIPAddress><ClientMissionControlPort>0</ClientMissionControlPort><ClientCommandsPort>0</ClientCommandsPort><AgentIPAddress>127.0.0.1</AgentIPAddress><AgentMissionControlPort>0</AgentMissionControlPort><AgentVideoPort>0</AgentVideoPort><AgentDepthPort>0</AgentDepthPort><AgentLuminancePort>0</AgentLuminancePort><AgentObservationsPort>0</AgentObservationsPort><AgentRewardsPort>0</AgentRewardsPort><AgentColourMapPort>0</AgentColourMapPort></ClientAgentConnection></MissionInit>
[14:22:43] [EnvServerSocketHandler/INFO]: [STDOUT]: Setting width, height to 640, 360
[14:22:43] [EnvServerSocketHandler/INFO]: [STDOUT]: Gamma: 2.0
[14:22:43] [EnvServerSocketHandler/INFO]: [STDOUT]: FOV: 70.0
[14:22:43] [EnvServerSocketHandler/INFO]: [STDOUT]: GuiScale: 1.0
[14:22:43] [Render thread/INFO]: [STDOUT]: Seed not provided, generating random one: 4908556019941388831
[14:22:43] [Render thread/WARN]: Ambiguity between arguments [teleport, destination] and [teleport, targets] with inputs: [Player, 0123, @e, dd12be42-52a9-4a91-a8a1-11c01849e498]
[14:22:43] [Render thread/WARN]: Ambiguity between arguments [teleport, location] and [teleport, destination] with inputs: [0.1 -0.5 .9, 0 0 0]
[14:22:43] [Render thread/WARN]: Ambiguity between arguments [teleport, location] and [teleport, targets] with inputs: [0.1 -0.5 .9, 0 0 0]
[14:22:43] [Render thread/WARN]: Ambiguity between arguments [teleport, targets] and [teleport, destination] with inputs: [Player, 0123, dd12be42-52a9-4a91-a8a1-11c01849e498]
[14:22:43] [Render thread/WARN]: Ambiguity between arguments [teleport, targets, location] and [teleport, targets, destination] with inputs: [0.1 -0.5 .9, 0 0 0]
[14:22:43] [Render thread/INFO]: Reloading ResourceManager: Default
[14:22:43] [Render thread/INFO]: Loaded 7 recipes
[14:22:43] [Render thread/INFO]: Loaded 927 advancements
[14:22:43] [Render thread/INFO]: Environment: authHost='https://authserver.mojang.com', accountsHost='https://api.mojang.com', sessionHost='https://sessionserver.mojang.com', servicesHost='https://api.minecraftservices.com', name='PROD'
[14:22:43] [Render thread/INFO]: Starting integrated minecraft server version 1.16.5
[14:22:43] [Render thread/INFO]: Generating keypair
[14:22:46] [Render thread/INFO]: Preparing start region for dimension minecraft:overworld
[14:22:50] [Render thread/INFO]: Changing view distance to 11, from 10
[14:22:50] [Render thread/INFO]: MineRLAgent0[local:E:7f4767bb] logged in with entity id 2268 at (1002.5, 68.0, -336.5)
[14:22:50] [Render thread/INFO]: MineRLAgent0 joined the game
[14:22:50] [Render thread/INFO]: Preparing spawn area: 22%
[14:22:50] [Render thread/INFO]: Time elapsed: 2 ms
[14:22:50] [Render thread/INFO]: [STDOUT]: Starting new video null
[14:22:50] [Render thread/INFO]: Saving and pausing game...
[14:22:50] [Render thread/INFO]: Saving chunks for level 'ServerLevel[mcpworld55e30a90cbad]'/minecraft:overworld
[14:22:50] [Render thread/INFO]: Saving chunks for level 'ServerLevel[mcpworld55e30a90cbad]'/minecraft:the_nether
[14:22:50] [Render thread/INFO]: Saving chunks for level 'ServerLevel[mcpworld55e30a90cbad]'/minecraft:the_end
[14:22:50] [Render thread/INFO]: Loaded 0 advancements
[14:23:02] [Render thread/INFO]: MineRLAgent0 tried to swim in lava
[14:23:02] [Render thread/INFO]: [CHAT] MineRLAgent0 tried to swim in lava
[14:23:02] [Render thread/INFO]: [STDOUT]: Starting new video null
[14:26:48] [EnvServerSocketHandler/INFO]: [STDOUT]: *** Stopping the replay, returning control to the inputs
[14:26:48] [EnvServerSocketHandler/INFO]: Received Mission token f5035b11-ab4d-4e8d-ada7-6b8777f757fb:0:0:1:true
[14:26:48] [EnvServerSocketHandler/INFO]: Received mission init command  <MissionInit xmlns="http://ProjectMalmo.microsoft.com" xmlns:xsi="http://www.w3.org/2001/XMLSchema-instance" SchemaVersion="" PlatformVersion="0.37.0"><Mission><About><Summary>MineRLObtainDiamondShovel-v0</Summary></About><ModSettings><MsPerTick>50</MsPerTick></ModSettings><ServerSection><ServerInitialConditions><Time><AllowPassageOfTime>true</AllowPassageOfTime></Time><AllowSpawning>true</AllowSpawning></ServerInitialConditions><ServerHandlers><DefaultWorldGenerator forceReset="true" generatorOptions="{}"/><ServerQuitWhenAnyAgentFinishes/></ServerHandlers></ServerSection><AgentSection mode="Survival"><Name>MineRLAgent0</Name><AgentStart><LowLevelInputs>true</LowLevelInputs><GuiScale>1.0</GuiScale><GammaSetting>2.0</GammaSetting><FOVSetting>70.0</FOVSetting><FakeCursorSize>16</FakeCursorSize></AgentStart><AgentHandlers><FileBasedPerformanceProducer/><PauseCommand/><VideoProducer want_depth="false"><Width>640</Width><Height>360</Height></VideoProducer><ObservationFromFullInventory flat="false"/><HumanLevelCommands/><CameraCommands/></AgentHandlers></AgentSection></Mission><ExperimentUID>f5035b11-ab4d-4e8d-ada7-6b8777f757fb</ExperimentUID><ClientRole>0</ClientRole><ClientAgentConnection><ClientIPAddress>127.0.0.1</ClientIPAddress><ClientMissionControlPort>0</ClientMissionControlPort><ClientCommandsPort>0</ClientCommandsPort><AgentIPAddress>127.0.0.1</AgentIPAddress><AgentMissionControlPort>0</AgentMissionControlPort><AgentVideoPort>0</AgentVideoPort><AgentDepthPort>0</AgentDepthPort><AgentLuminancePort>0</AgentLuminancePort><AgentObservationsPort>0</AgentObservationsPort><AgentRewardsPort>0</AgentRewardsPort><AgentColourMapPort>0</AgentColourMapPort></ClientAgentConnection></MissionInit>
[14:26:48] [EnvServerSocketHandler/INFO]: [STDOUT]: Setting width, height to 640, 360
[14:26:48] [EnvServerSocketHandler/INFO]: [STDOUT]: Gamma: 2.0
[14:26:48] [EnvServerSocketHandler/INFO]: [STDOUT]: FOV: 70.0
[14:26:48] [EnvServerSocketHandler/INFO]: [STDOUT]: GuiScale: 1.0
[14:26:48] [Render thread/INFO]: [STDOUT]: Seed not provided, generating random one: 1603230437111737444
[14:26:48] [Render thread/WARN]: Ambiguity between arguments [teleport, destination] and [teleport, targets] with inputs: [Player, 0123, @e, dd12be42-52a9-4a91-a8a1-11c01849e498]
[14:26:48] [Render thread/WARN]: Ambiguity between arguments [teleport, location] and [teleport, destination] with inputs: [0.1 -0.5 .9, 0 0 0]
[14:26:48] [Render thread/WARN]: Ambiguity between arguments [teleport, location] and [teleport, targets] with inputs: [0.1 -0.5 .9, 0 0 0]
[14:26:48] [Render thread/WARN]: Ambiguity between arguments [teleport, targets] and [teleport, destination] with inputs: [Player, 0123, dd12be42-52a9-4a91-a8a1-11c01849e498]
[14:26:48] [Render thread/WARN]: Ambiguity between arguments [teleport, targets, location] and [teleport, targets, destination] with inputs: [0.1 -0.5 .9, 0 0 0]
[14:26:48] [Render thread/INFO]: Reloading ResourceManager: Default
[14:26:48] [Render thread/INFO]: Loaded 7 recipes
[14:26:48] [Render thread/INFO]: Loaded 927 advancements
[14:26:49] [Render thread/INFO]: Environment: authHost='https://authserver.mojang.com', accountsHost='https://api.mojang.com', sessionHost='https://sessionserver.mojang.com', servicesHost='https://api.minecraftservices.com', name='PROD'
[14:26:49] [Render thread/INFO]: Starting integrated minecraft server version 1.16.5
[14:26:49] [Render thread/INFO]: Generating keypair
[14:26:51] [Render thread/INFO]: Preparing start region for dimension minecraft:overworld
[14:26:55] [Render thread/INFO]: Changing view distance to 11, from 10
[14:26:55] [Render thread/INFO]: MineRLAgent0[local:E:edb60379] logged in with entity id 4207 at (402.5, 70.0, 26.5)
[14:26:55] [Render thread/INFO]: MineRLAgent0 joined the game
[14:26:55] [Render thread/INFO]: Preparing spawn area: 36%
[14:26:55] [Render thread/INFO]: Time elapsed: 1 ms
[14:26:55] [Render thread/INFO]: [STDOUT]: Starting new video null
[14:26:55] [Render thread/INFO]: Saving and pausing game...
[14:26:55] [Render thread/INFO]: Saving chunks for level 'ServerLevel[mcpworld69a55a485bf2]'/minecraft:overworld
[14:26:56] [Render thread/INFO]: Saving chunks for level 'ServerLevel[mcpworld69a55a485bf2]'/minecraft:the_nether
[14:26:56] [Render thread/INFO]: Saving chunks for level 'ServerLevel[mcpworld69a55a485bf2]'/minecraft:the_end
[14:26:56] [Render thread/INFO]: Loaded 0 advancements
Terminate batch job (Y/N)? 
