[11:18:31] [Thread-5/INFO]: [STDOUT]: SERVER enter state: DORMANT
[11:18:31] [EnvServerSocketHandler/INFO]: Received Mission token b53dfd9c-13e4-4783-a8d9-b3df82610035:0:0:1:true
[11:18:31] [EnvServerSocketHandler/INFO]: Received mission init command  <MissionInit xmlns="http://ProjectMalmo.microsoft.com" xmlns:xsi="http://www.w3.org/2001/XMLSchema-instance" SchemaVersion="" PlatformVersion="0.37.0"><Mission><About><Summary>MineRLObtainDiamondShovel-v0</Summary></About><ModSettings><MsPerTick>50</MsPerTick></ModSettings><ServerSection><ServerInitialConditions><Time><AllowPassageOfTime>true</AllowPassageOfTime></Time><AllowSpawning>true</AllowSpawning></ServerInitialConditions><ServerHandlers><DefaultWorldGenerator forceReset="true" generatorOptions="{}"/><ServerQuitWhenAnyAgentFinishes/></ServerHandlers></ServerSection><AgentSection mode="Survival"><Name>MineRLAgent0</Name><AgentStart><LowLevelInputs>true</LowLevelInputs><GuiScale>1.0</GuiScale><GammaSetting>2.0</GammaSetting><FOVSetting>70.0</FOVSetting><FakeCursorSize>16</FakeCursorSize></AgentStart><AgentHandlers><FileBasedPerformanceProducer/><PauseCommand/><VideoProducer want_depth="false"><Width>640</Width><Height>360</Height></VideoProducer><ObservationFromFullInventory flat="false"/><HumanLevelCommands/><CameraCommands/></AgentHandlers></AgentSection></Mission><ExperimentUID>b53dfd9c-13e4-4783-a8d9-b3df82610035</ExperimentUID><ClientRole>0</ClientRole><ClientAgentConnection><ClientIPAddress>127.0.0.1</ClientIPAddress><ClientMissionControlPort>0</ClientMissionControlPort><ClientCommandsPort>0</ClientCommandsPort><AgentIPAddress>127.0.0.1</AgentIPAddress><AgentMissionControlPort>0</AgentMissionControlPort><AgentVideoPort>0</AgentVideoPort><AgentDepthPort>0</AgentDepthPort><AgentLuminancePort>0</AgentLuminancePort><AgentObservationsPort>0</AgentObservationsPort><AgentRewardsPort>0</AgentRewardsPort><AgentColourMapPort>0</AgentColourMapPort></ClientAgentConnection></MissionInit>
[11:18:31] [EnvServerSocketHandler/INFO]: [STDOUT]: Setting width, height to 640, 360
[11:18:31] [EnvServerSocketHandler/INFO]: [STDOUT]: Gamma: 2.0
[11:18:31] [EnvServerSocketHandler/INFO]: [STDOUT]: FOV: 70.0
[11:18:31] [EnvServerSocketHandler/INFO]: [STDOUT]: GuiScale: 1.0
[11:18:31] [Render thread/INFO]: [STDOUT]: Seed not provided, generating random one: -4747719422161694338
[11:18:32] [Render thread/WARN]: Ambiguity between arguments [teleport, destination] and [teleport, targets] with inputs: [Player, 0123, @e, dd12be42-52a9-4a91-a8a1-11c01849e498]
[11:18:32] [Render thread/WARN]: Ambiguity between arguments [teleport, location] and [teleport, destination] with inputs: [0.1 -0.5 .9, 0 0 0]
[11:18:32] [Render thread/WARN]: Ambiguity between arguments [teleport, location] and [teleport, targets] with inputs: [0.1 -0.5 .9, 0 0 0]
[11:18:32] [Render thread/WARN]: Ambiguity between arguments [teleport, targets] and [teleport, destination] with inputs: [Player, 0123, dd12be42-52a9-4a91-a8a1-11c01849e498]
[11:18:32] [Render thread/WARN]: Ambiguity between arguments [teleport, targets, location] and [teleport, targets, destination] with inputs: [0.1 -0.5 .9, 0 0 0]
[11:18:32] [Render thread/INFO]: Reloading ResourceManager: Default
[11:18:32] [Render thread/INFO]: Loaded 7 recipes
[11:18:33] [Render thread/INFO]: Loaded 927 advancements
[11:18:33] [Render thread/INFO]: Environment: authHost='https://authserver.mojang.com', accountsHost='https://api.mojang.com', sessionHost='https://sessionserver.mojang.com', servicesHost='https://api.minecraftservices.com', name='PROD'
[11:18:33] [Render thread/INFO]: Starting integrated minecraft server version 1.16.5
[11:18:33] [Render thread/INFO]: Generating keypair
[11:18:36] [Render thread/INFO]: Preparing start region for dimension minecraft:overworld
[11:18:42] [Render thread/INFO]: Changing view distance to 11, from 10
[11:18:42] [Render thread/INFO]: MineRLAgent0[local:E:c5a8be89] logged in with entity id 153 at (386.5, 67.0, 986.5)
[11:18:42] [Render thread/INFO]: MineRLAgent0 joined the game
[11:18:42] [Render thread/INFO]: [STDOUT]: *** creating fake mouse cursor ***
[11:18:42] [Render thread/INFO]: Preparing spawn area: 6%
[11:18:42] [Render thread/INFO]: Time elapsed: 3 ms
[11:18:42] [Render thread/INFO]: [STDOUT]: Starting new video null
[11:18:42] [Render thread/INFO]: Saving and pausing game...
[11:18:42] [Render thread/INFO]: Saving chunks for level 'ServerLevel[mcpworld702bcbd07eaa]'/minecraft:overworld
[11:18:43] [Render thread/INFO]: Saving chunks for level 'ServerLevel[mcpworld702bcbd07eaa]'/minecraft:the_nether
[11:18:43] [Render thread/INFO]: Saving chunks for level 'ServerLevel[mcpworld702bcbd07eaa]'/minecraft:the_end
[11:18:43] [Render thread/INFO]: Loaded 0 advancements
[11:18:44] [EnvServerSocketHandler/INFO]: [STDOUT]: *** Stopping the replay, returning control to the inputs
[11:18:44] [EnvServerSocketHandler/INFO]: Received Mission token 07f39959-59ba-4715-9d47-1edf2104fc0b:0:0:1:true
[11:18:44] [EnvServerSocketHandler/INFO]: Received mission init command  <MissionInit xmlns="http://ProjectMalmo.microsoft.com" xmlns:xsi="http://www.w3.org/2001/XMLSchema-instance" SchemaVersion="" PlatformVersion="0.37.0"><Mission><About><Summary>MineRLObtainDiamondShovel-v0</Summary></About><ModSettings><MsPerTick>50</MsPerTick></ModSettings><ServerSection><ServerInitialConditions><Time><AllowPassageOfTime>true</AllowPassageOfTime></Time><AllowSpawning>true</AllowSpawning></ServerInitialConditions><ServerHandlers><DefaultWorldGenerator forceReset="true" generatorOptions="{}"/><ServerQuitWhenAnyAgentFinishes/></ServerHandlers></ServerSection><AgentSection mode="Survival"><Name>MineRLAgent0</Name><AgentStart><LowLevelInputs>true</LowLevelInputs><GuiScale>1.0</GuiScale><GammaSetting>2.0</GammaSetting><FOVSetting>70.0</FOVSetting><FakeCursorSize>16</FakeCursorSize></AgentStart><AgentHandlers><FileBasedPerformanceProducer/><PauseCommand/><VideoProducer want_depth="false"><Width>640</Width><Height>360</Height></VideoProducer><ObservationFromFullInventory flat="false"/><HumanLevelCommands/><CameraCommands/></AgentHandlers></AgentSection></Mission><ExperimentUID>07f39959-59ba-4715-9d47-1edf2104fc0b</ExperimentUID><ClientRole>0</ClientRole><ClientAgentConnection><ClientIPAddress>127.0.0.1</ClientIPAddress><ClientMissionControlPort>0</ClientMissionControlPort><ClientCommandsPort>0</ClientCommandsPort><AgentIPAddress>127.0.0.1</AgentIPAddress><AgentMissionControlPort>0</AgentMissionControlPort><AgentVideoPort>0</AgentVideoPort><AgentDepthPort>0</AgentDepthPort><AgentLuminancePort>0</AgentLuminancePort><AgentObservationsPort>0</AgentObservationsPort><AgentRewardsPort>0</AgentRewardsPort><AgentColourMapPort>0</AgentColourMapPort></ClientAgentConnection></MissionInit>
[11:18:44] [EnvServerSocketHandler/INFO]: [STDOUT]: Setting width, height to 640, 360
[11:18:44] [EnvServerSocketHandler/INFO]: [STDOUT]: Gamma: 2.0
[11:18:44] [EnvServerSocketHandler/INFO]: [STDOUT]: FOV: 70.0
[11:18:44] [EnvServerSocketHandler/INFO]: [STDOUT]: GuiScale: 1.0
[11:18:44] [Render thread/INFO]: [STDOUT]: Seed not provided, generating random one: -6961963069647854407
[11:18:44] [Render thread/WARN]: Ambiguity between arguments [teleport, destination] and [teleport, targets] with inputs: [Player, 0123, @e, dd12be42-52a9-4a91-a8a1-11c01849e498]
[11:18:44] [Render thread/WARN]: Ambiguity between arguments [teleport, location] and [teleport, destination] with inputs: [0.1 -0.5 .9, 0 0 0]
[11:18:44] [Render thread/WARN]: Ambiguity between arguments [teleport, location] and [teleport, targets] with inputs: [0.1 -0.5 .9, 0 0 0]
[11:18:44] [Render thread/WARN]: Ambiguity between arguments [teleport, targets] and [teleport, destination] with inputs: [Player, 0123, dd12be42-52a9-4a91-a8a1-11c01849e498]
[11:18:44] [Render thread/WARN]: Ambiguity between arguments [teleport, targets, location] and [teleport, targets, destination] with inputs: [0.1 -0.5 .9, 0 0 0]
[11:18:44] [Render thread/INFO]: Reloading ResourceManager: Default
[11:18:45] [Render thread/INFO]: Loaded 7 recipes
[11:18:45] [Render thread/INFO]: Loaded 927 advancements
[11:18:45] [Render thread/INFO]: Environment: authHost='https://authserver.mojang.com', accountsHost='https://api.mojang.com', sessionHost='https://sessionserver.mojang.com', servicesHost='https://api.minecraftservices.com', name='PROD'
[11:18:45] [Render thread/INFO]: Starting integrated minecraft server version 1.16.5
[11:18:45] [Render thread/INFO]: Generating keypair
[11:18:48] [Render thread/INFO]: Preparing start region for dimension minecraft:overworld
[11:18:53] [Render thread/INFO]: Changing view distance to 11, from 10
[11:18:53] [Render thread/INFO]: MineRLAgent0[local:E:be895a7a] logged in with entity id 638 at (130.5, 70.0, -917.5)
[11:18:53] [Render thread/INFO]: MineRLAgent0 joined the game
[11:18:53] [Render thread/INFO]: Preparing spawn area: 10%
[11:18:53] [Render thread/INFO]: Time elapsed: 2 ms
[11:18:53] [Render thread/INFO]: [STDOUT]: Starting new video null
[11:18:53] [Render thread/INFO]: Saving and pausing game...
[11:18:53] [Render thread/INFO]: Saving chunks for level 'ServerLevel[mcpworldb822e8bf14e6]'/minecraft:overworld
[11:18:53] [Render thread/INFO]: Saving chunks for level 'ServerLevel[mcpworldb822e8bf14e6]'/minecraft:the_nether
[11:18:53] [Render thread/INFO]: Saving chunks for level 'ServerLevel[mcpworldb822e8bf14e6]'/minecraft:the_end
[11:18:53] [Render thread/INFO]: Loaded 0 advancements
[11:19:58] [EnvServerSocketHandler/INFO]: [STDOUT]: *** Stopping the replay, returning control to the inputs
[11:19:58] [EnvServerSocketHandler/INFO]: Received Mission token 4f993cce-6a1c-4711-b042-59d3cfecd075:0:0:1:true:1000
[11:19:58] [EnvServerSocketHandler/INFO]: Received mission init command  <MissionInit xmlns="http://ProjectMalmo.microsoft.com" xmlns:xsi="http://www.w3.org/2001/XMLSchema-instance" SchemaVersion="" PlatformVersion="0.37.0"><Mission><About><Summary>MineRLObtainDiamondShovel-v0</Summary></About><ModSettings><MsPerTick>50</MsPerTick></ModSettings><ServerSection><ServerInitialConditions><Time><AllowPassageOfTime>true</AllowPassageOfTime></Time><AllowSpawning>true</AllowSpawning></ServerInitialConditions><ServerHandlers><DefaultWorldGenerator forceReset="true" generatorOptions="{}"/><ServerQuitWhenAnyAgentFinishes/></ServerHandlers></ServerSection><AgentSection mode="Survival"><Name>MineRLAgent0</Name><AgentStart><LowLevelInputs>true</LowLevelInputs><GuiScale>1.0</GuiScale><GammaSetting>2.0</GammaSetting><FOVSetting>70.0</FOVSetting><FakeCursorSize>16</FakeCursorSize></AgentStart><AgentHandlers><FileBasedPerformanceProducer/><PauseCommand/><VideoProducer want_depth="false"><Width>640</Width><Height>360</Height></VideoProducer><ObservationFromFullInventory flat="false"/><HumanLevelCommands/><CameraCommands/></AgentHandlers></AgentSection></Mission><ExperimentUID>4f993cce-6a1c-4711-b042-59d3cfecd075</ExperimentUID><ClientRole>0</ClientRole><ClientAgentConnection><ClientIPAddress>127.0.0.1</ClientIPAddress><ClientMissionControlPort>0</ClientMissionControlPort><ClientCommandsPort>0</ClientCommandsPort><AgentIPAddress>127.0.0.1</AgentIPAddress><AgentMissionControlPort>0</AgentMissionControlPort><AgentVideoPort>0</AgentVideoPort><AgentDepthPort>0</AgentDepthPort><AgentLuminancePort>0</AgentLuminancePort><AgentObservationsPort>0</AgentObservationsPort><AgentRewardsPort>0</AgentRewardsPort><AgentColourMapPort>0</AgentColourMapPort></ClientAgentConnection></MissionInit>
[11:19:58] [EnvServerSocketHandler/INFO]: [STDOUT]: Setting width, height to 640, 360
[11:19:58] [EnvServerSocketHandler/INFO]: [STDOUT]: Gamma: 2.0
[11:19:58] [EnvServerSocketHandler/INFO]: [STDOUT]: FOV: 70.0
[11:19:58] [EnvServerSocketHandler/INFO]: [STDOUT]: GuiScale: 1.0
[11:19:58] [Render thread/WARN]: Ambiguity between arguments [teleport, destination] and [teleport, targets] with inputs: [Player, 0123, @e, dd12be42-52a9-4a91-a8a1-11c01849e498]
[11:19:58] [Render thread/WARN]: Ambiguity between arguments [teleport, location] and [teleport, destination] with inputs: [0.1 -0.5 .9, 0 0 0]
[11:19:58] [Render thread/WARN]: Ambiguity between arguments [teleport, location] and [teleport, targets] with inputs: [0.1 -0.5 .9, 0 0 0]
[11:19:58] [Render thread/WARN]: Ambiguity between arguments [teleport, targets] and [teleport, destination] with inputs: [Player, 0123, dd12be42-52a9-4a91-a8a1-11c01849e498]
[11:19:58] [Render thread/WARN]: Ambiguity between arguments [teleport, targets, location] and [teleport, targets, destination] with inputs: [0.1 -0.5 .9, 0 0 0]
[11:19:58] [Render thread/INFO]: Reloading ResourceManager: Default
[11:19:58] [Render thread/INFO]: Loaded 7 recipes
[11:19:58] [Render thread/INFO]: Loaded 927 advancements
[11:19:59] [Render thread/INFO]: Environment: authHost='https://authserver.mojang.com', accountsHost='https://api.mojang.com', sessionHost='https://sessionserver.mojang.com', servicesHost='https://api.minecraftservices.com', name='PROD'
[11:19:59] [Render thread/INFO]: Starting integrated minecraft server version 1.16.5
[11:19:59] [Render thread/INFO]: Generating keypair
[11:20:01] [Render thread/INFO]: Preparing start region for dimension minecraft:overworld
[11:20:07] [Render thread/INFO]: Changing view distance to 11, from 10
[11:20:07] [Render thread/INFO]: MineRLAgent0[local:E:5e062ac9] logged in with entity id 1546 at (354.5, 65.0, -917.5)
[11:20:07] [Render thread/INFO]: MineRLAgent0 joined the game
[11:20:07] [Render thread/INFO]: Preparing spawn area: 15%
[11:20:07] [Render thread/INFO]: Time elapsed: 2 ms
[11:20:07] [Render thread/INFO]: [STDOUT]: Starting new video null
[11:20:07] [Render thread/INFO]: Saving and pausing game...
[11:20:07] [Render thread/INFO]: Saving chunks for level 'ServerLevel[mcpworld6b072d3871a6]'/minecraft:overworld
[11:20:08] [Render thread/INFO]: Saving chunks for level 'ServerLevel[mcpworld6b072d3871a6]'/minecraft:the_nether
[11:20:08] [Render thread/INFO]: Saving chunks for level 'ServerLevel[mcpworld6b072d3871a6]'/minecraft:the_end
[11:20:08] [Render thread/INFO]: Loaded 0 advancements
[11:21:04] [EnvServerSocketHandler/INFO]: [STDOUT]: *** Stopping the replay, returning control to the inputs
[11:21:05] [EnvServerSocketHandler/INFO]: Received Mission token a3ea2631-01e3-4089-a5ae-140ddeb5270a:0:0:1:true:1000
[11:21:05] [EnvServerSocketHandler/INFO]: Received mission init command  <MissionInit xmlns="http://ProjectMalmo.microsoft.com" xmlns:xsi="http://www.w3.org/2001/XMLSchema-instance" SchemaVersion="" PlatformVersion="0.37.0"><Mission><About><Summary>MineRLObtainDiamondShovel-v0</Summary></About><ModSettings><MsPerTick>50</MsPerTick></ModSettings><ServerSection><ServerInitialConditions><Time><AllowPassageOfTime>true</AllowPassageOfTime></Time><AllowSpawning>true</AllowSpawning></ServerInitialConditions><ServerHandlers><DefaultWorldGenerator forceReset="true" generatorOptions="{}"/><ServerQuitWhenAnyAgentFinishes/></ServerHandlers></ServerSection><AgentSection mode="Survival"><Name>MineRLAgent0</Name><AgentStart><LowLevelInputs>true</LowLevelInputs><GuiScale>1.0</GuiScale><GammaSetting>2.0</GammaSetting><FOVSetting>70.0</FOVSetting><FakeCursorSize>16</FakeCursorSize></AgentStart><AgentHandlers><FileBasedPerformanceProducer/><PauseCommand/><VideoProducer want_depth="false"><Width>640</Width><Height>360</Height></VideoProducer><ObservationFromFullInventory flat="false"/><HumanLevelCommands/><CameraCommands/></AgentHandlers></AgentSection></Mission><ExperimentUID>a3ea2631-01e3-4089-a5ae-140ddeb5270a</ExperimentUID><ClientRole>0</ClientRole><ClientAgentConnection><ClientIPAddress>127.0.0.1</ClientIPAddress><ClientMissionControlPort>0</ClientMissionControlPort><ClientCommandsPort>0</ClientCommandsPort><AgentIPAddress>127.0.0.1</AgentIPAddress><AgentMissionControlPort>0</AgentMissionControlPort><AgentVideoPort>0</AgentVideoPort><AgentDepthPort>0</AgentDepthPort><AgentLuminancePort>0</AgentLuminancePort><AgentObservationsPort>0</AgentObservationsPort><AgentRewardsPort>0</AgentRewardsPort><AgentColourMapPort>0</AgentColourMapPort></ClientAgentConnection></MissionInit>
[11:21:05] [EnvServerSocketHandler/INFO]: [STDOUT]: Setting width, height to 640, 360
[11:21:05] [EnvServerSocketHandler/INFO]: [STDOUT]: Gamma: 2.0
[11:21:05] [EnvServerSocketHandler/INFO]: [STDOUT]: FOV: 70.0
[11:21:05] [EnvServerSocketHandler/INFO]: [STDOUT]: GuiScale: 1.0
[11:21:05] [Render thread/WARN]: Ambiguity between arguments [teleport, destination] and [teleport, targets] with inputs: [Player, 0123, @e, dd12be42-52a9-4a91-a8a1-11c01849e498]
[11:21:05] [Render thread/WARN]: Ambiguity between arguments [teleport, location] and [teleport, destination] with inputs: [0.1 -0.5 .9, 0 0 0]
[11:21:05] [Render thread/WARN]: Ambiguity between arguments [teleport, location] and [teleport, targets] with inputs: [0.1 -0.5 .9, 0 0 0]
[11:21:05] [Render thread/WARN]: Ambiguity between arguments [teleport, targets] and [teleport, destination] with inputs: [Player, 0123, dd12be42-52a9-4a91-a8a1-11c01849e498]
[11:21:05] [Render thread/WARN]: Ambiguity between arguments [teleport, targets, location] and [teleport, targets, destination] with inputs: [0.1 -0.5 .9, 0 0 0]
[11:21:05] [Render thread/INFO]: Reloading ResourceManager: Default
[11:21:05] [Render thread/INFO]: Loaded 7 recipes
[11:21:05] [Render thread/INFO]: Loaded 927 advancements
[11:21:05] [Render thread/INFO]: Environment: authHost='https://authserver.mojang.com', accountsHost='https://api.mojang.com', sessionHost='https://sessionserver.mojang.com', servicesHost='https://api.minecraftservices.com', name='PROD'
[11:21:05] [Render thread/INFO]: Starting integrated minecraft server version 1.16.5
[11:21:05] [Render thread/INFO]: Generating keypair
[11:21:07] [Render thread/INFO]: Preparing start region for dimension minecraft:overworld
[11:21:13] [Render thread/INFO]: Changing view distance to 11, from 10
[11:21:13] [Render thread/INFO]: MineRLAgent0[local:E:e8858cfc] logged in with entity id 2262 at (354.5, 65.0, -917.5)
[11:21:13] [Render thread/INFO]: MineRLAgent0 joined the game
[11:21:13] [Render thread/INFO]: Preparing spawn area: 0%
[11:21:13] [Render thread/INFO]: Time elapsed: 2 ms
[11:21:13] [Render thread/INFO]: [STDOUT]: Starting new video null
[11:21:13] [Render thread/INFO]: Saving and pausing game...
[11:21:13] [Render thread/INFO]: Saving chunks for level 'ServerLevel[mcpworld992fdc754536]'/minecraft:overworld
[11:21:14] [Render thread/INFO]: Saving chunks for level 'ServerLevel[mcpworld992fdc754536]'/minecraft:the_nether
[11:21:14] [Render thread/INFO]: Saving chunks for level 'ServerLevel[mcpworld992fdc754536]'/minecraft:the_end
[11:21:14] [Render thread/INFO]: Loaded 0 advancements
[11:22:10] [EnvServerSocketHandler/INFO]: [STDOUT]: *** Stopping the replay, returning control to the inputs
[11:22:10] [EnvServerSocketHandler/INFO]: Received Mission token 49c74be3-342f-4749-b72f-11d1201d121c:0:0:1:true:1000
[11:22:10] [EnvServerSocketHandler/INFO]: Received mission init command  <MissionInit xmlns="http://ProjectMalmo.microsoft.com" xmlns:xsi="http://www.w3.org/2001/XMLSchema-instance" SchemaVersion="" PlatformVersion="0.37.0"><Mission><About><Summary>MineRLObtainDiamondShovel-v0</Summary></About><ModSettings><MsPerTick>50</MsPerTick></ModSettings><ServerSection><ServerInitialConditions><Time><AllowPassageOfTime>true</AllowPassageOfTime></Time><AllowSpawning>true</AllowSpawning></ServerInitialConditions><ServerHandlers><DefaultWorldGenerator forceReset="true" generatorOptions="{}"/><ServerQuitWhenAnyAgentFinishes/></ServerHandlers></ServerSection><AgentSection mode="Survival"><Name>MineRLAgent0</Name><AgentStart><LowLevelInputs>true</LowLevelInputs><GuiScale>1.0</GuiScale><GammaSetting>2.0</GammaSetting><FOVSetting>70.0</FOVSetting><FakeCursorSize>16</FakeCursorSize></AgentStart><AgentHandlers><FileBasedPerformanceProducer/><PauseCommand/><VideoProducer want_depth="false"><Width>640</Width><Height>360</Height></VideoProducer><ObservationFromFullInventory flat="false"/><HumanLevelCommands/><CameraCommands/></AgentHandlers></AgentSection></Mission><ExperimentUID>49c74be3-342f-4749-b72f-11d1201d121c</ExperimentUID><ClientRole>0</ClientRole><ClientAgentConnection><ClientIPAddress>127.0.0.1</ClientIPAddress><ClientMissionControlPort>0</ClientMissionControlPort><ClientCommandsPort>0</ClientCommandsPort><AgentIPAddress>127.0.0.1</AgentIPAddress><AgentMissionControlPort>0</AgentMissionControlPort><AgentVideoPort>0</AgentVideoPort><AgentDepthPort>0</AgentDepthPort><AgentLuminancePort>0</AgentLuminancePort><AgentObservationsPort>0</AgentObservationsPort><AgentRewardsPort>0</AgentRewardsPort><AgentColourMapPort>0</AgentColourMapPort></ClientAgentConnection></MissionInit>
[11:22:10] [EnvServerSocketHandler/INFO]: [STDOUT]: Setting width, height to 640, 360
[11:22:10] [EnvServerSocketHandler/INFO]: [STDOUT]: Gamma: 2.0
[11:22:10] [EnvServerSocketHandler/INFO]: [STDOUT]: FOV: 70.0
[11:22:10] [EnvServerSocketHandler/INFO]: [STDOUT]: GuiScale: 1.0
[11:22:10] [Render thread/WARN]: Ambiguity between arguments [teleport, destination] and [teleport, targets] with inputs: [Player, 0123, @e, dd12be42-52a9-4a91-a8a1-11c01849e498]
[11:22:10] [Render thread/WARN]: Ambiguity between arguments [teleport, location] and [teleport, destination] with inputs: [0.1 -0.5 .9, 0 0 0]
[11:22:10] [Render thread/WARN]: Ambiguity between arguments [teleport, location] and [teleport, targets] with inputs: [0.1 -0.5 .9, 0 0 0]
[11:22:10] [Render thread/WARN]: Ambiguity between arguments [teleport, targets] and [teleport, destination] with inputs: [Player, 0123, dd12be42-52a9-4a91-a8a1-11c01849e498]
[11:22:10] [Render thread/WARN]: Ambiguity between arguments [teleport, targets, location] and [teleport, targets, destination] with inputs: [0.1 -0.5 .9, 0 0 0]
[11:22:10] [Render thread/INFO]: Reloading ResourceManager: Default
[11:22:11] [Render thread/INFO]: Loaded 7 recipes
[11:22:11] [Render thread/INFO]: Loaded 927 advancements
[11:22:11] [Render thread/INFO]: Environment: authHost='https://authserver.mojang.com', accountsHost='https://api.mojang.com', sessionHost='https://sessionserver.mojang.com', servicesHost='https://api.minecraftservices.com', name='PROD'
[11:22:11] [Render thread/INFO]: Starting integrated minecraft server version 1.16.5
[11:22:11] [Render thread/INFO]: Generating keypair
[11:22:13] [Render thread/INFO]: Preparing start region for dimension minecraft:overworld
[11:22:19] [Render thread/INFO]: Changing view distance to 11, from 10
[11:22:19] [Render thread/INFO]: MineRLAgent0[local:E:13098225] logged in with entity id 2946 at (354.5, 65.0, -917.5)
[11:22:19] [Render thread/INFO]: MineRLAgent0 joined the game
[11:22:19] [Render thread/INFO]: Preparing spawn area: 55%
[11:22:19] [Render thread/INFO]: Time elapsed: 1 ms
[11:22:19] [Render thread/INFO]: [STDOUT]: Starting new video null
[11:22:19] [Render thread/INFO]: Saving and pausing game...
[11:22:19] [Render thread/INFO]: Saving chunks for level 'ServerLevel[mcpworldfd12efbdd453]'/minecraft:overworld
[11:22:20] [Render thread/INFO]: Saving chunks for level 'ServerLevel[mcpworldfd12efbdd453]'/minecraft:the_nether
[11:22:20] [Render thread/INFO]: Saving chunks for level 'ServerLevel[mcpworldfd12efbdd453]'/minecraft:the_end
[11:22:20] [Render thread/INFO]: Loaded 0 advancements
[11:23:24] [EnvServerSocketHandler/INFO]: [STDOUT]: *** Stopping the replay, returning control to the inputs
[11:23:24] [EnvServerSocketHandler/INFO]: Received Mission token 185995f3-8f64-4245-84e3-615e3d340653:0:0:1:true:1000
[11:23:24] [EnvServerSocketHandler/INFO]: Received mission init command  <MissionInit xmlns="http://ProjectMalmo.microsoft.com" xmlns:xsi="http://www.w3.org/2001/XMLSchema-instance" SchemaVersion="" PlatformVersion="0.37.0"><Mission><About><Summary>MineRLObtainDiamondShovel-v0</Summary></About><ModSettings><MsPerTick>50</MsPerTick></ModSettings><ServerSection><ServerInitialConditions><Time><AllowPassageOfTime>true</AllowPassageOfTime></Time><AllowSpawning>true</AllowSpawning></ServerInitialConditions><ServerHandlers><DefaultWorldGenerator forceReset="true" generatorOptions="{}"/><ServerQuitWhenAnyAgentFinishes/></ServerHandlers></ServerSection><AgentSection mode="Survival"><Name>MineRLAgent0</Name><AgentStart><LowLevelInputs>true</LowLevelInputs><GuiScale>1.0</GuiScale><GammaSetting>2.0</GammaSetting><FOVSetting>70.0</FOVSetting><FakeCursorSize>16</FakeCursorSize></AgentStart><AgentHandlers><FileBasedPerformanceProducer/><PauseCommand/><VideoProducer want_depth="false"><Width>640</Width><Height>360</Height></VideoProducer><ObservationFromFullInventory flat="false"/><HumanLevelCommands/><CameraCommands/></AgentHandlers></AgentSection></Mission><ExperimentUID>185995f3-8f64-4245-84e3-615e3d340653</ExperimentUID><ClientRole>0</ClientRole><ClientAgentConnection><ClientIPAddress>127.0.0.1</ClientIPAddress><ClientMissionControlPort>0</ClientMissionControlPort><ClientCommandsPort>0</ClientCommandsPort><AgentIPAddress>127.0.0.1</AgentIPAddress><AgentMissionControlPort>0</AgentMissionControlPort><AgentVideoPort>0</AgentVideoPort><AgentDepthPort>0</AgentDepthPort><AgentLuminancePort>0</AgentLuminancePort><AgentObservationsPort>0</AgentObservationsPort><AgentRewardsPort>0</AgentRewardsPort><AgentColourMapPort>0</AgentColourMapPort></ClientAgentConnection></MissionInit>
[11:23:24] [EnvServerSocketHandler/INFO]: [STDOUT]: Setting width, height to 640, 360
[11:23:24] [EnvServerSocketHandler/INFO]: [STDOUT]: Gamma: 2.0
[11:23:24] [EnvServerSocketHandler/INFO]: [STDOUT]: FOV: 70.0
[11:23:24] [EnvServerSocketHandler/INFO]: [STDOUT]: GuiScale: 1.0
[11:23:24] [Render thread/WARN]: Ambiguity between arguments [teleport, destination] and [teleport, targets] with inputs: [Player, 0123, @e, dd12be42-52a9-4a91-a8a1-11c01849e498]
[11:23:24] [Render thread/WARN]: Ambiguity between arguments [teleport, location] and [teleport, destination] with inputs: [0.1 -0.5 .9, 0 0 0]
[11:23:24] [Render thread/WARN]: Ambiguity between arguments [teleport, location] and [teleport, targets] with inputs: [0.1 -0.5 .9, 0 0 0]
[11:23:24] [Render thread/WARN]: Ambiguity between arguments [teleport, targets] and [teleport, destination] with inputs: [Player, 0123, dd12be42-52a9-4a91-a8a1-11c01849e498]
[11:23:24] [Render thread/WARN]: Ambiguity between arguments [teleport, targets, location] and [teleport, targets, destination] with inputs: [0.1 -0.5 .9, 0 0 0]
[11:23:24] [Render thread/INFO]: Reloading ResourceManager: Default
[11:23:24] [Render thread/INFO]: Loaded 7 recipes
[11:23:24] [Render thread/INFO]: Loaded 927 advancements
[11:23:25] [Render thread/INFO]: Environment: authHost='https://authserver.mojang.com', accountsHost='https://api.mojang.com', sessionHost='https://sessionserver.mojang.com', servicesHost='https://api.minecraftservices.com', name='PROD'
[11:23:25] [Render thread/INFO]: Starting integrated minecraft server version 1.16.5
[11:23:25] [Render thread/INFO]: Generating keypair
[11:23:27] [Render thread/INFO]: Preparing start region for dimension minecraft:overworld
[11:23:34] [Render thread/INFO]: Changing view distance to 11, from 10
[11:23:34] [Render thread/INFO]: MineRLAgent0[local:E:aa4b5baf] logged in with entity id 3660 at (354.5, 65.0, -917.5)
[11:23:34] [Render thread/INFO]: MineRLAgent0 joined the game
[11:23:34] [Render thread/INFO]: Preparing spawn area: 17%
[11:23:34] [Render thread/INFO]: Time elapsed: 1 ms
[11:23:34] [Render thread/INFO]: [STDOUT]: Starting new video null
[11:23:34] [Render thread/INFO]: Saving and pausing game...
[11:23:34] [Render thread/INFO]: Saving chunks for level 'ServerLevel[mcpworld2cc0b7bacaa1]'/minecraft:overworld
[11:23:34] [Render thread/INFO]: Saving chunks for level 'ServerLevel[mcpworld2cc0b7bacaa1]'/minecraft:the_nether
[11:23:34] [Render thread/INFO]: Saving chunks for level 'ServerLevel[mcpworld2cc0b7bacaa1]'/minecraft:the_end
[11:23:35] [Render thread/INFO]: Loaded 0 advancements
[11:24:31] [EnvServerSocketHandler/INFO]: [STDOUT]: *** Stopping the replay, returning control to the inputs
