[01:04:16] [Thread-5/INFO]: [STDOUT]: SERVER enter state: DORMANT
[01:04:16] [EnvServerSocketHandler/INFO]: Received Mission token 5ce94f3d-ad9f-4b3d-9176-19a45fb730a1:0:0:1:true
[01:04:16] [EnvServerSocketHandler/INFO]: Received mission init command  <MissionInit xmlns="http://ProjectMalmo.microsoft.com" xmlns:xsi="http://www.w3.org/2001/XMLSchema-instance" SchemaVersion="" PlatformVersion="0.37.0"><Mission><About><Summary>MineRLObtainDiamondShovel-v0</Summary></About><ModSettings><MsPerTick>50</MsPerTick></ModSettings><ServerSection><ServerInitialConditions><Time><AllowPassageOfTime>true</AllowPassageOfTime></Time><AllowSpawning>true</AllowSpawning></ServerInitialConditions><ServerHandlers><DefaultWorldGenerator forceReset="true" generatorOptions="{}"/><ServerQuitWhenAnyAgentFinishes/></ServerHandlers></ServerSection><AgentSection mode="Survival"><Name>MineRLAgent0</Name><AgentStart><LowLevelInputs>true</LowLevelInputs><GuiScale>1.0</GuiScale><GammaSetting>2.0</GammaSetting><FOVSetting>70.0</FOVSetting><FakeCursorSize>16</FakeCursorSize></AgentStart><AgentHandlers><FileBasedPerformanceProducer/><PauseCommand/><VideoProducer want_depth="false"><Width>640</Width><Height>360</Height></VideoProducer><ObservationFromFullInventory flat="false"/><HumanLevelCommands/><CameraCommands/></AgentHandlers></AgentSection></Mission><ExperimentUID>5ce94f3d-ad9f-4b3d-9176-19a45fb730a1</ExperimentUID><ClientRole>0</ClientRole><ClientAgentConnection><ClientIPAddress>127.0.0.1</ClientIPAddress><ClientMissionControlPort>0</ClientMissionControlPort><ClientCommandsPort>0</ClientCommandsPort><AgentIPAddress>127.0.0.1</AgentIPAddress><AgentMissionControlPort>0</AgentMissionControlPort><AgentVideoPort>0</AgentVideoPort><AgentDepthPort>0</AgentDepthPort><AgentLuminancePort>0</AgentLuminancePort><AgentObservationsPort>0</AgentObservationsPort><AgentRewardsPort>0</AgentRewardsPort><AgentColourMapPort>0</AgentColourMapPort></ClientAgentConnection></MissionInit>
[01:04:17] [Render thread/INFO]: [STDOUT]: *** creating fake mouse cursor ***
[01:04:17] [EnvServerSocketHandler/INFO]: [STDOUT]: Setting width, height to 640, 360
[01:04:17] [EnvServerSocketHandler/INFO]: [STDOUT]: Gamma: 2.0
[01:04:17] [EnvServerSocketHandler/INFO]: [STDOUT]: FOV: 70.0
[01:04:17] [EnvServerSocketHandler/INFO]: [STDOUT]: GuiScale: 1.0
[01:04:17] [Render thread/INFO]: [STDOUT]: Seed not provided, generating random one: 239320078179057592
[01:04:18] [Render thread/WARN]: Ambiguity between arguments [teleport, destination] and [teleport, targets] with inputs: [Player, 0123, @e, dd12be42-52a9-4a91-a8a1-11c01849e498]
[01:04:18] [Render thread/WARN]: Ambiguity between arguments [teleport, location] and [teleport, destination] with inputs: [0.1 -0.5 .9, 0 0 0]
[01:04:18] [Render thread/WARN]: Ambiguity between arguments [teleport, location] and [teleport, targets] with inputs: [0.1 -0.5 .9, 0 0 0]
[01:04:18] [Render thread/WARN]: Ambiguity between arguments [teleport, targets] and [teleport, destination] with inputs: [Player, 0123, dd12be42-52a9-4a91-a8a1-11c01849e498]
[01:04:18] [Render thread/WARN]: Ambiguity between arguments [teleport, targets, location] and [teleport, targets, destination] with inputs: [0.1 -0.5 .9, 0 0 0]
[01:04:18] [Render thread/INFO]: Reloading ResourceManager: Default
[01:04:19] [Render thread/INFO]: Loaded 7 recipes
[01:04:19] [Render thread/INFO]: Loaded 927 advancements
[01:04:21] [Render thread/INFO]: Environment: authHost='https://authserver.mojang.com', accountsHost='https://api.mojang.com', sessionHost='https://sessionserver.mojang.com', servicesHost='https://api.minecraftservices.com', name='PROD'
[01:04:21] [Render thread/INFO]: Starting integrated minecraft server version 1.16.5
[01:04:21] [Render thread/INFO]: Generating keypair
[01:04:22] [Render thread/INFO]: Preparing start region for dimension minecraft:overworld
[01:04:28] [Render thread/INFO]: Changing view distance to 11, from 10
[01:04:29] [Render thread/INFO]: MineRLAgent0[local:E:e39c7153] logged in with entity id 114 at (818.5, 73.0, 490.5)
[01:04:30] [Render thread/INFO]: MineRLAgent0 joined the game
[01:04:30] [Render thread/INFO]: Preparing spawn area: 0%
[01:04:30] [Render thread/INFO]: Time elapsed: 7 ms
[01:04:30] [Render thread/INFO]: [STDOUT]: Starting new video null
[01:04:30] [Render thread/INFO]: Saving and pausing game...
[01:04:30] [Render thread/INFO]: Saving chunks for level 'ServerLevel[mcpworldca0849fa9cee]'/minecraft:overworld
[01:04:31] [Render thread/INFO]: Saving chunks for level 'ServerLevel[mcpworldca0849fa9cee]'/minecraft:the_nether
[01:04:31] [Render thread/INFO]: Saving chunks for level 'ServerLevel[mcpworldca0849fa9cee]'/minecraft:the_end
[01:04:31] [Render thread/INFO]: Loaded 0 advancements
[01:04:33] [EnvServerSocketHandler/INFO]: [STDOUT]: *** Stopping the replay, returning control to the inputs
[01:04:33] [EnvServerSocketHandler/INFO]: Received Mission token 50246cd9-29a9-4ab3-8bee-0c7aaafa7ac5:0:0:1:true
[01:04:33] [EnvServerSocketHandler/INFO]: Received mission init command  <MissionInit xmlns="http://ProjectMalmo.microsoft.com" xmlns:xsi="http://www.w3.org/2001/XMLSchema-instance" SchemaVersion="" PlatformVersion="0.37.0"><Mission><About><Summary>MineRLObtainDiamondShovel-v0</Summary></About><ModSettings><MsPerTick>50</MsPerTick></ModSettings><ServerSection><ServerInitialConditions><Time><AllowPassageOfTime>true</AllowPassageOfTime></Time><AllowSpawning>true</AllowSpawning></ServerInitialConditions><ServerHandlers><DefaultWorldGenerator forceReset="true" generatorOptions="{}"/><ServerQuitWhenAnyAgentFinishes/></ServerHandlers></ServerSection><AgentSection mode="Survival"><Name>MineRLAgent0</Name><AgentStart><LowLevelInputs>true</LowLevelInputs><GuiScale>1.0</GuiScale><GammaSetting>2.0</GammaSetting><FOVSetting>70.0</FOVSetting><FakeCursorSize>16</FakeCursorSize></AgentStart><AgentHandlers><FileBasedPerformanceProducer/><PauseCommand/><VideoProducer want_depth="false"><Width>640</Width><Height>360</Height></VideoProducer><ObservationFromFullInventory flat="false"/><HumanLevelCommands/><CameraCommands/></AgentHandlers></AgentSection></Mission><ExperimentUID>50246cd9-29a9-4ab3-8bee-0c7aaafa7ac5</ExperimentUID><ClientRole>0</ClientRole><ClientAgentConnection><ClientIPAddress>127.0.0.1</ClientIPAddress><ClientMissionControlPort>0</ClientMissionControlPort><ClientCommandsPort>0</ClientCommandsPort><AgentIPAddress>127.0.0.1</AgentIPAddress><AgentMissionControlPort>0</AgentMissionControlPort><AgentVideoPort>0</AgentVideoPort><AgentDepthPort>0</AgentDepthPort><AgentLuminancePort>0</AgentLuminancePort><AgentObservationsPort>0</AgentObservationsPort><AgentRewardsPort>0</AgentRewardsPort><AgentColourMapPort>0</AgentColourMapPort></ClientAgentConnection></MissionInit>
[01:04:33] [EnvServerSocketHandler/INFO]: [STDOUT]: Setting width, height to 640, 360
[01:04:33] [EnvServerSocketHandler/INFO]: [STDOUT]: Gamma: 2.0
[01:04:33] [EnvServerSocketHandler/INFO]: [STDOUT]: FOV: 70.0
[01:04:33] [EnvServerSocketHandler/INFO]: [STDOUT]: GuiScale: 1.0
[01:04:33] [Render thread/INFO]: [STDOUT]: Seed not provided, generating random one: 661213208263848430
[01:04:33] [Render thread/WARN]: Ambiguity between arguments [teleport, destination] and [teleport, targets] with inputs: [Player, 0123, @e, dd12be42-52a9-4a91-a8a1-11c01849e498]
[01:04:33] [Render thread/WARN]: Ambiguity between arguments [teleport, location] and [teleport, destination] with inputs: [0.1 -0.5 .9, 0 0 0]
[01:04:33] [Render thread/WARN]: Ambiguity between arguments [teleport, location] and [teleport, targets] with inputs: [0.1 -0.5 .9, 0 0 0]
[01:04:34] [Render thread/WARN]: Ambiguity between arguments [teleport, targets] and [teleport, destination] with inputs: [Player, 0123, dd12be42-52a9-4a91-a8a1-11c01849e498]
[01:04:34] [Render thread/WARN]: Ambiguity between arguments [teleport, targets, location] and [teleport, targets, destination] with inputs: [0.1 -0.5 .9, 0 0 0]
[01:04:34] [Render thread/INFO]: Reloading ResourceManager: Default
[01:04:34] [Render thread/INFO]: Loaded 7 recipes
[01:04:34] [Render thread/INFO]: Loaded 927 advancements
[01:04:34] [Render thread/INFO]: Environment: authHost='https://authserver.mojang.com', accountsHost='https://api.mojang.com', sessionHost='https://sessionserver.mojang.com', servicesHost='https://api.minecraftservices.com', name='PROD'
[01:04:34] [Render thread/INFO]: Starting integrated minecraft server version 1.16.5
[01:04:34] [Render thread/INFO]: Generating keypair
[01:04:37] [Render thread/INFO]: Preparing start region for dimension minecraft:overworld
[01:04:47] [Render thread/INFO]: Changing view distance to 11, from 10
[01:04:47] [Render thread/INFO]: MineRLAgent0[local:E:f0947a0f] logged in with entity id 473 at (770.5, 70.0, -37.5)
[01:04:47] [Render thread/INFO]: MineRLAgent0 joined the game
[01:04:47] [Render thread/INFO]: Preparing spawn area: 17%
[01:04:47] [Render thread/INFO]: Time elapsed: 2 ms
[01:04:48] [Render thread/INFO]: [STDOUT]: Starting new video null
[01:04:48] [Render thread/INFO]: Saving and pausing game...
[01:04:48] [Render thread/INFO]: Saving chunks for level 'ServerLevel[mcpworldddd83d3b06ed]'/minecraft:overworld
[01:04:48] [Render thread/INFO]: Saving chunks for level 'ServerLevel[mcpworldddd83d3b06ed]'/minecraft:the_nether
[01:04:48] [Render thread/INFO]: Saving chunks for level 'ServerLevel[mcpworldddd83d3b06ed]'/minecraft:the_end
[01:04:48] [Render thread/INFO]: Loaded 0 advancements
[01:05:18] [EnvServerSocketHandler/INFO]: [STDOUT]: *** Stopping the replay, returning control to the inputs
[01:05:18] [EnvServerSocketHandler/INFO]: Received Mission token 5ffa6b3a-8a48-4675-a5d6-037ce33839e6:0:0:1:true:1000
[01:05:18] [EnvServerSocketHandler/INFO]: Received mission init command  <MissionInit xmlns="http://ProjectMalmo.microsoft.com" xmlns:xsi="http://www.w3.org/2001/XMLSchema-instance" SchemaVersion="" PlatformVersion="0.37.0"><Mission><About><Summary>MineRLObtainDiamondShovel-v0</Summary></About><ModSettings><MsPerTick>50</MsPerTick></ModSettings><ServerSection><ServerInitialConditions><Time><AllowPassageOfTime>true</AllowPassageOfTime></Time><AllowSpawning>true</AllowSpawning></ServerInitialConditions><ServerHandlers><DefaultWorldGenerator forceReset="true" generatorOptions="{}"/><ServerQuitWhenAnyAgentFinishes/></ServerHandlers></ServerSection><AgentSection mode="Survival"><Name>MineRLAgent0</Name><AgentStart><LowLevelInputs>true</LowLevelInputs><GuiScale>1.0</GuiScale><GammaSetting>2.0</GammaSetting><FOVSetting>70.0</FOVSetting><FakeCursorSize>16</FakeCursorSize></AgentStart><AgentHandlers><FileBasedPerformanceProducer/><PauseCommand/><VideoProducer want_depth="false"><Width>640</Width><Height>360</Height></VideoProducer><ObservationFromFullInventory flat="false"/><HumanLevelCommands/><CameraCommands/></AgentHandlers></AgentSection></Mission><ExperimentUID>5ffa6b3a-8a48-4675-a5d6-037ce33839e6</ExperimentUID><ClientRole>0</ClientRole><ClientAgentConnection><ClientIPAddress>127.0.0.1</ClientIPAddress><ClientMissionControlPort>0</ClientMissionControlPort><ClientCommandsPort>0</ClientCommandsPort><AgentIPAddress>127.0.0.1</AgentIPAddress><AgentMissionControlPort>0</AgentMissionControlPort><AgentVideoPort>0</AgentVideoPort><AgentDepthPort>0</AgentDepthPort><AgentLuminancePort>0</AgentLuminancePort><AgentObservationsPort>0</AgentObservationsPort><AgentRewardsPort>0</AgentRewardsPort><AgentColourMapPort>0</AgentColourMapPort></ClientAgentConnection></MissionInit>
[01:05:18] [EnvServerSocketHandler/INFO]: [STDOUT]: Setting width, height to 640, 360
[01:05:18] [EnvServerSocketHandler/INFO]: [STDOUT]: Gamma: 2.0
[01:05:18] [EnvServerSocketHandler/INFO]: [STDOUT]: FOV: 70.0
[01:05:18] [EnvServerSocketHandler/INFO]: [STDOUT]: GuiScale: 1.0
[01:05:18] [Render thread/WARN]: Ambiguity between arguments [teleport, destination] and [teleport, targets] with inputs: [Player, 0123, @e, dd12be42-52a9-4a91-a8a1-11c01849e498]
[01:05:18] [Render thread/WARN]: Ambiguity between arguments [teleport, location] and [teleport, destination] with inputs: [0.1 -0.5 .9, 0 0 0]
[01:05:18] [Render thread/WARN]: Ambiguity between arguments [teleport, location] and [teleport, targets] with inputs: [0.1 -0.5 .9, 0 0 0]
[01:05:18] [Render thread/WARN]: Ambiguity between arguments [teleport, targets] and [teleport, destination] with inputs: [Player, 0123, dd12be42-52a9-4a91-a8a1-11c01849e498]
[01:05:18] [Render thread/WARN]: Ambiguity between arguments [teleport, targets, location] and [teleport, targets, destination] with inputs: [0.1 -0.5 .9, 0 0 0]
[01:05:18] [Render thread/INFO]: Reloading ResourceManager: Default
[01:05:19] [Render thread/INFO]: Loaded 7 recipes
[01:05:19] [Render thread/INFO]: Loaded 927 advancements
[01:05:19] [Render thread/INFO]: Environment: authHost='https://authserver.mojang.com', accountsHost='https://api.mojang.com', sessionHost='https://sessionserver.mojang.com', servicesHost='https://api.minecraftservices.com', name='PROD'
[01:05:19] [Render thread/INFO]: Starting integrated minecraft server version 1.16.5
[01:05:19] [Render thread/INFO]: Generating keypair
[01:05:22] [Render thread/INFO]: Preparing start region for dimension minecraft:overworld
[01:05:32] [Render thread/INFO]: Changing view distance to 11, from 10
[01:05:32] [Render thread/INFO]: MineRLAgent0[local:E:8c3575c4] logged in with entity id 915 at (354.5, 65.0, -917.5)
[01:05:32] [Render thread/INFO]: MineRLAgent0 joined the game
[01:05:32] [Render thread/INFO]: Preparing spawn area: 37%
[01:05:32] [Render thread/INFO]: Time elapsed: 2 ms
[01:05:32] [Render thread/INFO]: [STDOUT]: Starting new video null
[01:05:32] [Render thread/INFO]: Saving and pausing game...
[01:05:32] [Render thread/INFO]: Saving chunks for level 'ServerLevel[mcpworld2cfbaf2c7a6e]'/minecraft:overworld
[01:05:33] [Render thread/INFO]: Saving chunks for level 'ServerLevel[mcpworld2cfbaf2c7a6e]'/minecraft:the_nether
[01:05:33] [Render thread/INFO]: Saving chunks for level 'ServerLevel[mcpworld2cfbaf2c7a6e]'/minecraft:the_end
[01:05:33] [Render thread/INFO]: Loaded 0 advancements
[01:05:56] [EnvServerSocketHandler/INFO]: [STDOUT]: *** Stopping the replay, returning control to the inputs
[01:05:56] [EnvServerSocketHandler/INFO]: Received Mission token 71557902-ccf8-45c0-94eb-0f05b5444e4a:0:0:1:true:1000
[01:05:56] [EnvServerSocketHandler/INFO]: Received mission init command  <MissionInit xmlns="http://ProjectMalmo.microsoft.com" xmlns:xsi="http://www.w3.org/2001/XMLSchema-instance" SchemaVersion="" PlatformVersion="0.37.0"><Mission><About><Summary>MineRLObtainDiamondShovel-v0</Summary></About><ModSettings><MsPerTick>50</MsPerTick></ModSettings><ServerSection><ServerInitialConditions><Time><AllowPassageOfTime>true</AllowPassageOfTime></Time><AllowSpawning>true</AllowSpawning></ServerInitialConditions><ServerHandlers><DefaultWorldGenerator forceReset="true" generatorOptions="{}"/><ServerQuitWhenAnyAgentFinishes/></ServerHandlers></ServerSection><AgentSection mode="Survival"><Name>MineRLAgent0</Name><AgentStart><LowLevelInputs>true</LowLevelInputs><GuiScale>1.0</GuiScale><GammaSetting>2.0</GammaSetting><FOVSetting>70.0</FOVSetting><FakeCursorSize>16</FakeCursorSize></AgentStart><AgentHandlers><FileBasedPerformanceProducer/><PauseCommand/><VideoProducer want_depth="false"><Width>640</Width><Height>360</Height></VideoProducer><ObservationFromFullInventory flat="false"/><HumanLevelCommands/><CameraCommands/></AgentHandlers></AgentSection></Mission><ExperimentUID>71557902-ccf8-45c0-94eb-0f05b5444e4a</ExperimentUID><ClientRole>0</ClientRole><ClientAgentConnection><ClientIPAddress>127.0.0.1</ClientIPAddress><ClientMissionControlPort>0</ClientMissionControlPort><ClientCommandsPort>0</ClientCommandsPort><AgentIPAddress>127.0.0.1</AgentIPAddress><AgentMissionControlPort>0</AgentMissionControlPort><AgentVideoPort>0</AgentVideoPort><AgentDepthPort>0</AgentDepthPort><AgentLuminancePort>0</AgentLuminancePort><AgentObservationsPort>0</AgentObservationsPort><AgentRewardsPort>0</AgentRewardsPort><AgentColourMapPort>0</AgentColourMapPort></ClientAgentConnection></MissionInit>
[01:05:56] [EnvServerSocketHandler/INFO]: [STDOUT]: Setting width, height to 640, 360
[01:05:56] [EnvServerSocketHandler/INFO]: [STDOUT]: Gamma: 2.0
[01:05:56] [EnvServerSocketHandler/INFO]: [STDOUT]: FOV: 70.0
[01:05:56] [EnvServerSocketHandler/INFO]: [STDOUT]: GuiScale: 1.0
[01:05:57] [Render thread/WARN]: Ambiguity between arguments [teleport, destination] and [teleport, targets] with inputs: [Player, 0123, @e, dd12be42-52a9-4a91-a8a1-11c01849e498]
[01:05:57] [Render thread/WARN]: Ambiguity between arguments [teleport, location] and [teleport, destination] with inputs: [0.1 -0.5 .9, 0 0 0]
[01:05:57] [Render thread/WARN]: Ambiguity between arguments [teleport, location] and [teleport, targets] with inputs: [0.1 -0.5 .9, 0 0 0]
[01:05:57] [Render thread/WARN]: Ambiguity between arguments [teleport, targets] and [teleport, destination] with inputs: [Player, 0123, dd12be42-52a9-4a91-a8a1-11c01849e498]
[01:05:57] [Render thread/WARN]: Ambiguity between arguments [teleport, targets, location] and [teleport, targets, destination] with inputs: [0.1 -0.5 .9, 0 0 0]
[01:05:57] [Render thread/INFO]: Reloading ResourceManager: Default
[01:05:57] [Render thread/INFO]: Loaded 7 recipes
[01:05:57] [Render thread/INFO]: Loaded 927 advancements
[01:05:57] [Render thread/INFO]: Environment: authHost='https://authserver.mojang.com', accountsHost='https://api.mojang.com', sessionHost='https://sessionserver.mojang.com', servicesHost='https://api.minecraftservices.com', name='PROD'
[01:05:57] [Render thread/INFO]: Starting integrated minecraft server version 1.16.5
[01:05:57] [Render thread/INFO]: Generating keypair
[01:06:00] [Render thread/INFO]: Preparing start region for dimension minecraft:overworld
[01:06:10] [Render thread/INFO]: Changing view distance to 11, from 10
[01:06:10] [Render thread/INFO]: MineRLAgent0[local:E:015bf854] logged in with entity id 1410 at (354.5, 65.0, -917.5)
[01:06:10] [Render thread/INFO]: MineRLAgent0 joined the game
[01:06:10] [Render thread/INFO]: Preparing spawn area: 14%
[01:06:10] [Render thread/INFO]: Time elapsed: 2 ms
[01:06:10] [Render thread/INFO]: [STDOUT]: Starting new video null
[01:06:10] [Render thread/INFO]: Saving and pausing game...
[01:06:10] [Render thread/INFO]: Saving chunks for level 'ServerLevel[mcpworld8b503c317058]'/minecraft:overworld
[01:06:11] [Render thread/INFO]: Saving chunks for level 'ServerLevel[mcpworld8b503c317058]'/minecraft:the_nether
[01:06:11] [Render thread/INFO]: Saving chunks for level 'ServerLevel[mcpworld8b503c317058]'/minecraft:the_end
[01:06:11] [Render thread/INFO]: Loaded 0 advancements
[01:06:35] [EnvServerSocketHandler/INFO]: [STDOUT]: *** Stopping the replay, returning control to the inputs
[01:06:35] [EnvServerSocketHandler/INFO]: Received Mission token ee1c0cae-3855-4d05-abcf-4426947391fe:0:0:1:true:1000
[01:06:35] [EnvServerSocketHandler/INFO]: Received mission init command  <MissionInit xmlns="http://ProjectMalmo.microsoft.com" xmlns:xsi="http://www.w3.org/2001/XMLSchema-instance" SchemaVersion="" PlatformVersion="0.37.0"><Mission><About><Summary>MineRLObtainDiamondShovel-v0</Summary></About><ModSettings><MsPerTick>50</MsPerTick></ModSettings><ServerSection><ServerInitialConditions><Time><AllowPassageOfTime>true</AllowPassageOfTime></Time><AllowSpawning>true</AllowSpawning></ServerInitialConditions><ServerHandlers><DefaultWorldGenerator forceReset="true" generatorOptions="{}"/><ServerQuitWhenAnyAgentFinishes/></ServerHandlers></ServerSection><AgentSection mode="Survival"><Name>MineRLAgent0</Name><AgentStart><LowLevelInputs>true</LowLevelInputs><GuiScale>1.0</GuiScale><GammaSetting>2.0</GammaSetting><FOVSetting>70.0</FOVSetting><FakeCursorSize>16</FakeCursorSize></AgentStart><AgentHandlers><FileBasedPerformanceProducer/><PauseCommand/><VideoProducer want_depth="false"><Width>640</Width><Height>360</Height></VideoProducer><ObservationFromFullInventory flat="false"/><HumanLevelCommands/><CameraCommands/></AgentHandlers></AgentSection></Mission><ExperimentUID>ee1c0cae-3855-4d05-abcf-4426947391fe</ExperimentUID><ClientRole>0</ClientRole><ClientAgentConnection><ClientIPAddress>127.0.0.1</ClientIPAddress><ClientMissionControlPort>0</ClientMissionControlPort><ClientCommandsPort>0</ClientCommandsPort><AgentIPAddress>127.0.0.1</AgentIPAddress><AgentMissionControlPort>0</AgentMissionControlPort><AgentVideoPort>0</AgentVideoPort><AgentDepthPort>0</AgentDepthPort><AgentLuminancePort>0</AgentLuminancePort><AgentObservationsPort>0</AgentObservationsPort><AgentRewardsPort>0</AgentRewardsPort><AgentColourMapPort>0</AgentColourMapPort></ClientAgentConnection></MissionInit>
[01:06:35] [EnvServerSocketHandler/INFO]: [STDOUT]: Setting width, height to 640, 360
[01:06:35] [EnvServerSocketHandler/INFO]: [STDOUT]: Gamma: 2.0
[01:06:35] [EnvServerSocketHandler/INFO]: [STDOUT]: FOV: 70.0
[01:06:35] [EnvServerSocketHandler/INFO]: [STDOUT]: GuiScale: 1.0
[01:06:36] [Render thread/WARN]: Ambiguity between arguments [teleport, destination] and [teleport, targets] with inputs: [Player, 0123, @e, dd12be42-52a9-4a91-a8a1-11c01849e498]
[01:06:36] [Render thread/WARN]: Ambiguity between arguments [teleport, location] and [teleport, destination] with inputs: [0.1 -0.5 .9, 0 0 0]
[01:06:36] [Render thread/WARN]: Ambiguity between arguments [teleport, location] and [teleport, targets] with inputs: [0.1 -0.5 .9, 0 0 0]
[01:06:36] [Render thread/WARN]: Ambiguity between arguments [teleport, targets] and [teleport, destination] with inputs: [Player, 0123, dd12be42-52a9-4a91-a8a1-11c01849e498]
[01:06:36] [Render thread/WARN]: Ambiguity between arguments [teleport, targets, location] and [teleport, targets, destination] with inputs: [0.1 -0.5 .9, 0 0 0]
[01:06:36] [Render thread/INFO]: Reloading ResourceManager: Default
[01:06:36] [Render thread/INFO]: Loaded 7 recipes
[01:06:36] [Render thread/INFO]: Loaded 927 advancements
[01:06:36] [Render thread/INFO]: Environment: authHost='https://authserver.mojang.com', accountsHost='https://api.mojang.com', sessionHost='https://sessionserver.mojang.com', servicesHost='https://api.minecraftservices.com', name='PROD'
[01:06:36] [Render thread/INFO]: Starting integrated minecraft server version 1.16.5
[01:06:36] [Render thread/INFO]: Generating keypair
[01:06:39] [Render thread/INFO]: Preparing start region for dimension minecraft:overworld
[01:06:48] [Render thread/INFO]: Changing view distance to 11, from 10
[01:06:49] [Render thread/INFO]: MineRLAgent0[local:E:c7237533] logged in with entity id 1835 at (354.5, 65.0, -917.5)
[01:06:49] [Render thread/INFO]: MineRLAgent0 joined the game
[01:06:49] [Render thread/INFO]: Preparing spawn area: 16%
[01:06:49] [Render thread/INFO]: Time elapsed: 2 ms
[01:06:49] [Render thread/INFO]: [STDOUT]: Starting new video null
[01:06:49] [Render thread/INFO]: Saving and pausing game...
[01:06:49] [Render thread/INFO]: Saving chunks for level 'ServerLevel[mcpworldee9b8c648250]'/minecraft:overworld
[01:06:49] [Render thread/INFO]: Saving chunks for level 'ServerLevel[mcpworldee9b8c648250]'/minecraft:the_nether
[01:06:49] [Render thread/INFO]: Saving chunks for level 'ServerLevel[mcpworldee9b8c648250]'/minecraft:the_end
[01:06:49] [Render thread/INFO]: Loaded 0 advancements
[01:06:54] [EnvServerSocketHandler/INFO]: [STDOUT]: *** Stopping the replay, returning control to the inputs
