[01:11:21] [Thread-5/INFO]: [STDOUT]: SERVER enter state: DORMANT
[01:11:22] [EnvServerSocketHandler/INFO]: Received Mission token 727b9334-670c-4285-bb12-ff30002296a6:0:0:1:true
[01:11:22] [EnvServerSocketHandler/INFO]: Received mission init command  <MissionInit xmlns="http://ProjectMalmo.microsoft.com" xmlns:xsi="http://www.w3.org/2001/XMLSchema-instance" SchemaVersion="" PlatformVersion="0.37.0"><Mission><About><Summary>MineRLObtainDiamondShovel-v0</Summary></About><ModSettings><MsPerTick>50</MsPerTick></ModSettings><ServerSection><ServerInitialConditions><Time><AllowPassageOfTime>true</AllowPassageOfTime></Time><AllowSpawning>true</AllowSpawning></ServerInitialConditions><ServerHandlers><DefaultWorldGenerator forceReset="true" generatorOptions="{}"/><ServerQuitWhenAnyAgentFinishes/></ServerHandlers></ServerSection><AgentSection mode="Survival"><Name>MineRLAgent0</Name><AgentStart><LowLevelInputs>true</LowLevelInputs><GuiScale>1.0</GuiScale><GammaSetting>2.0</GammaSetting><FOVSetting>70.0</FOVSetting><FakeCursorSize>16</FakeCursorSize></AgentStart><AgentHandlers><FileBasedPerformanceProducer/><PauseCommand/><VideoProducer want_depth="false"><Width>640</Width><Height>360</Height></VideoProducer><ObservationFromFullInventory flat="false"/><HumanLevelCommands/><CameraCommands/></AgentHandlers></AgentSection></Mission><ExperimentUID>727b9334-670c-4285-bb12-ff30002296a6</ExperimentUID><ClientRole>0</ClientRole><ClientAgentConnection><ClientIPAddress>127.0.0.1</ClientIPAddress><ClientMissionControlPort>0</ClientMissionControlPort><ClientCommandsPort>0</ClientCommandsPort><AgentIPAddress>127.0.0.1</AgentIPAddress><AgentMissionControlPort>0</AgentMissionControlPort><AgentVideoPort>0</AgentVideoPort><AgentDepthPort>0</AgentDepthPort><AgentLuminancePort>0</AgentLuminancePort><AgentObservationsPort>0</AgentObservationsPort><AgentRewardsPort>0</AgentRewardsPort><AgentColourMapPort>0</AgentColourMapPort></ClientAgentConnection></MissionInit>
[01:11:23] [Render thread/INFO]: [STDOUT]: *** creating fake mouse cursor ***
[01:11:23] [EnvServerSocketHandler/INFO]: [STDOUT]: Setting width, height to 640, 360
[01:11:23] [EnvServerSocketHandler/INFO]: [STDOUT]: Gamma: 2.0
[01:11:23] [EnvServerSocketHandler/INFO]: [STDOUT]: FOV: 70.0
[01:11:23] [EnvServerSocketHandler/INFO]: [STDOUT]: GuiScale: 1.0
[01:11:23] [Sound engine/FATAL]: Error executing task on Sound executor
java.lang.IllegalStateException: Tried to release unknown channel
	at net.minecraft.client.audio.SoundSystem.release(SoundSystem.java:151) ~[mcprec-6.13.jar:?]
	at net.minecraft.client.audio.ChannelManager$Entry.release(ChannelManager.java:96) ~[mcprec-6.13.jar:?]
	at net.minecraft.client.audio.ChannelManager.lambda$tick$3(ChannelManager.java:58) ~[mcprec-6.13.jar:?]
	at net.minecraft.util.concurrent.ThreadTaskExecutor.run(ThreadTaskExecutor.java:136) ~[mcprec-6.13.jar:?]
	at net.minecraft.util.concurrent.ThreadTaskExecutor.driveOne(ThreadTaskExecutor.java:109) ~[mcprec-6.13.jar:?]
	at net.minecraft.util.concurrent.ThreadTaskExecutor.driveUntil(ThreadTaskExecutor.java:119) ~[mcprec-6.13.jar:?]
	at net.minecraft.client.audio.SoundEngineExecutor.run(SoundEngineExecutor.java:39) ~[mcprec-6.13.jar:?]
	at java.lang.Thread.run(Unknown Source) [?:1.8.0_333]
[01:11:23] [Render thread/INFO]: [STDOUT]: Seed not provided, generating random one: 9030118657710686143
[01:11:24] [Render thread/WARN]: Ambiguity between arguments [teleport, destination] and [teleport, targets] with inputs: [Player, 0123, @e, dd12be42-52a9-4a91-a8a1-11c01849e498]
[01:11:24] [Render thread/WARN]: Ambiguity between arguments [teleport, location] and [teleport, destination] with inputs: [0.1 -0.5 .9, 0 0 0]
[01:11:24] [Render thread/WARN]: Ambiguity between arguments [teleport, location] and [teleport, targets] with inputs: [0.1 -0.5 .9, 0 0 0]
[01:11:24] [Render thread/WARN]: Ambiguity between arguments [teleport, targets] and [teleport, destination] with inputs: [Player, 0123, dd12be42-52a9-4a91-a8a1-11c01849e498]
[01:11:24] [Render thread/WARN]: Ambiguity between arguments [teleport, targets, location] and [teleport, targets, destination] with inputs: [0.1 -0.5 .9, 0 0 0]
[01:11:24] [Render thread/INFO]: Reloading ResourceManager: Default
[01:11:25] [Render thread/INFO]: Loaded 7 recipes
[01:11:25] [Render thread/INFO]: Loaded 927 advancements
[01:11:26] [Render thread/INFO]: Environment: authHost='https://authserver.mojang.com', accountsHost='https://api.mojang.com', sessionHost='https://sessionserver.mojang.com', servicesHost='https://api.minecraftservices.com', name='PROD'
[01:11:27] [Render thread/INFO]: Starting integrated minecraft server version 1.16.5
[01:11:27] [Render thread/INFO]: Generating keypair
[01:11:33] [Render thread/INFO]: Preparing start region for dimension minecraft:overworld
[01:11:39] [Render thread/INFO]: Changing view distance to 11, from 10
[01:11:39] [Render thread/INFO]: MineRLAgent0[local:E:66a84064] logged in with entity id 132 at (71.5, 64.0, 957.5)
[01:11:40] [Render thread/INFO]: MineRLAgent0 joined the game
[01:11:40] [Render thread/INFO]: Preparing spawn area: 0%
[01:11:40] [Render thread/INFO]: Time elapsed: 5 ms
[01:11:40] [Render thread/INFO]: [STDOUT]: Starting new video null
[01:11:40] [Render thread/INFO]: Saving and pausing game...
[01:11:40] [Render thread/INFO]: Saving chunks for level 'ServerLevel[mcpworlde35c0ccef555]'/minecraft:overworld
[01:11:40] [Render thread/INFO]: Saving chunks for level 'ServerLevel[mcpworlde35c0ccef555]'/minecraft:the_nether
[01:11:40] [Render thread/INFO]: Saving chunks for level 'ServerLevel[mcpworlde35c0ccef555]'/minecraft:the_end
[01:11:41] [Render thread/INFO]: Loaded 0 advancements
[01:11:43] [EnvServerSocketHandler/INFO]: [STDOUT]: *** Stopping the replay, returning control to the inputs
[01:11:43] [EnvServerSocketHandler/INFO]: Received Mission token 1e145da2-d214-4cec-9798-7b0e2e191b50:0:0:1:true
[01:11:43] [EnvServerSocketHandler/INFO]: Received mission init command  <MissionInit xmlns="http://ProjectMalmo.microsoft.com" xmlns:xsi="http://www.w3.org/2001/XMLSchema-instance" SchemaVersion="" PlatformVersion="0.37.0"><Mission><About><Summary>MineRLObtainDiamondShovel-v0</Summary></About><ModSettings><MsPerTick>50</MsPerTick></ModSettings><ServerSection><ServerInitialConditions><Time><AllowPassageOfTime>true</AllowPassageOfTime></Time><AllowSpawning>true</AllowSpawning></ServerInitialConditions><ServerHandlers><DefaultWorldGenerator forceReset="true" generatorOptions="{}"/><ServerQuitWhenAnyAgentFinishes/></ServerHandlers></ServerSection><AgentSection mode="Survival"><Name>MineRLAgent0</Name><AgentStart><LowLevelInputs>true</LowLevelInputs><GuiScale>1.0</GuiScale><GammaSetting>2.0</GammaSetting><FOVSetting>70.0</FOVSetting><FakeCursorSize>16</FakeCursorSize></AgentStart><AgentHandlers><FileBasedPerformanceProducer/><PauseCommand/><VideoProducer want_depth="false"><Width>640</Width><Height>360</Height></VideoProducer><ObservationFromFullInventory flat="false"/><HumanLevelCommands/><CameraCommands/></AgentHandlers></AgentSection></Mission><ExperimentUID>1e145da2-d214-4cec-9798-7b0e2e191b50</ExperimentUID><ClientRole>0</ClientRole><ClientAgentConnection><ClientIPAddress>127.0.0.1</ClientIPAddress><ClientMissionControlPort>0</ClientMissionControlPort><ClientCommandsPort>0</ClientCommandsPort><AgentIPAddress>127.0.0.1</AgentIPAddress><AgentMissionControlPort>0</AgentMissionControlPort><AgentVideoPort>0</AgentVideoPort><AgentDepthPort>0</AgentDepthPort><AgentLuminancePort>0</AgentLuminancePort><AgentObservationsPort>0</AgentObservationsPort><AgentRewardsPort>0</AgentRewardsPort><AgentColourMapPort>0</AgentColourMapPort></ClientAgentConnection></MissionInit>
[01:11:43] [EnvServerSocketHandler/INFO]: [STDOUT]: Setting width, height to 640, 360
[01:11:43] [EnvServerSocketHandler/INFO]: [STDOUT]: Gamma: 2.0
[01:11:43] [EnvServerSocketHandler/INFO]: [STDOUT]: FOV: 70.0
[01:11:43] [EnvServerSocketHandler/INFO]: [STDOUT]: GuiScale: 1.0
[01:11:43] [Render thread/INFO]: [STDOUT]: Seed not provided, generating random one: 2367137538346715925
[01:11:43] [Render thread/WARN]: Ambiguity between arguments [teleport, destination] and [teleport, targets] with inputs: [Player, 0123, @e, dd12be42-52a9-4a91-a8a1-11c01849e498]
[01:11:43] [Render thread/WARN]: Ambiguity between arguments [teleport, location] and [teleport, destination] with inputs: [0.1 -0.5 .9, 0 0 0]
[01:11:43] [Render thread/WARN]: Ambiguity between arguments [teleport, location] and [teleport, targets] with inputs: [0.1 -0.5 .9, 0 0 0]
[01:11:43] [Render thread/WARN]: Ambiguity between arguments [teleport, targets] and [teleport, destination] with inputs: [Player, 0123, dd12be42-52a9-4a91-a8a1-11c01849e498]
[01:11:43] [Render thread/WARN]: Ambiguity between arguments [teleport, targets, location] and [teleport, targets, destination] with inputs: [0.1 -0.5 .9, 0 0 0]
[01:11:43] [Render thread/INFO]: Reloading ResourceManager: Default
[01:11:43] [Render thread/INFO]: Loaded 7 recipes
[01:11:43] [Render thread/INFO]: Loaded 927 advancements
[01:11:44] [Render thread/INFO]: Environment: authHost='https://authserver.mojang.com', accountsHost='https://api.mojang.com', sessionHost='https://sessionserver.mojang.com', servicesHost='https://api.minecraftservices.com', name='PROD'
[01:11:44] [Render thread/INFO]: Starting integrated minecraft server version 1.16.5
[01:11:44] [Render thread/INFO]: Generating keypair
[01:11:47] [Render thread/INFO]: Preparing start region for dimension minecraft:overworld
[01:11:56] [Render thread/INFO]: Changing view distance to 11, from 10
[01:11:56] [Render thread/INFO]: MineRLAgent0[local:E:ddb9a702] logged in with entity id 537 at (962.5, 68.0, -837.5)
[01:11:56] [Render thread/INFO]: MineRLAgent0 joined the game
[01:11:56] [Render thread/INFO]: Preparing spawn area: 7%
[01:11:56] [Render thread/INFO]: Time elapsed: 2 ms
[01:11:56] [Render thread/INFO]: [STDOUT]: Starting new video null
[01:11:56] [Render thread/INFO]: Saving and pausing game...
[01:11:56] [Render thread/INFO]: Saving chunks for level 'ServerLevel[mcpworlded8b3c1e6191]'/minecraft:overworld
[01:11:57] [Render thread/INFO]: Saving chunks for level 'ServerLevel[mcpworlded8b3c1e6191]'/minecraft:the_nether
[01:11:57] [Render thread/INFO]: Saving chunks for level 'ServerLevel[mcpworlded8b3c1e6191]'/minecraft:the_end
[01:11:57] [Render thread/INFO]: Loaded 0 advancements
[01:12:10] [EnvServerSocketHandler/INFO]: [STDOUT]: *** Stopping the replay, returning control to the inputs
[01:12:10] [EnvServerSocketHandler/INFO]: Received Mission token efd7dcfe-9091-4fc3-83e6-037e0886c54a:0:0:1:true:1000
[01:12:10] [EnvServerSocketHandler/INFO]: Received mission init command  <MissionInit xmlns="http://ProjectMalmo.microsoft.com" xmlns:xsi="http://www.w3.org/2001/XMLSchema-instance" SchemaVersion="" PlatformVersion="0.37.0"><Mission><About><Summary>MineRLObtainDiamondShovel-v0</Summary></About><ModSettings><MsPerTick>50</MsPerTick></ModSettings><ServerSection><ServerInitialConditions><Time><AllowPassageOfTime>true</AllowPassageOfTime></Time><AllowSpawning>true</AllowSpawning></ServerInitialConditions><ServerHandlers><DefaultWorldGenerator forceReset="true" generatorOptions="{}"/><ServerQuitWhenAnyAgentFinishes/></ServerHandlers></ServerSection><AgentSection mode="Survival"><Name>MineRLAgent0</Name><AgentStart><LowLevelInputs>true</LowLevelInputs><GuiScale>1.0</GuiScale><GammaSetting>2.0</GammaSetting><FOVSetting>70.0</FOVSetting><FakeCursorSize>16</FakeCursorSize></AgentStart><AgentHandlers><FileBasedPerformanceProducer/><PauseCommand/><VideoProducer want_depth="false"><Width>640</Width><Height>360</Height></VideoProducer><ObservationFromFullInventory flat="false"/><HumanLevelCommands/><CameraCommands/></AgentHandlers></AgentSection></Mission><ExperimentUID>efd7dcfe-9091-4fc3-83e6-037e0886c54a</ExperimentUID><ClientRole>0</ClientRole><ClientAgentConnection><ClientIPAddress>127.0.0.1</ClientIPAddress><ClientMissionControlPort>0</ClientMissionControlPort><ClientCommandsPort>0</ClientCommandsPort><AgentIPAddress>127.0.0.1</AgentIPAddress><AgentMissionControlPort>0</AgentMissionControlPort><AgentVideoPort>0</AgentVideoPort><AgentDepthPort>0</AgentDepthPort><AgentLuminancePort>0</AgentLuminancePort><AgentObservationsPort>0</AgentObservationsPort><AgentRewardsPort>0</AgentRewardsPort><AgentColourMapPort>0</AgentColourMapPort></ClientAgentConnection></MissionInit>
[01:12:10] [EnvServerSocketHandler/INFO]: [STDOUT]: Setting width, height to 640, 360
[01:12:10] [EnvServerSocketHandler/INFO]: [STDOUT]: Gamma: 2.0
[01:12:10] [EnvServerSocketHandler/INFO]: [STDOUT]: FOV: 70.0
[01:12:10] [EnvServerSocketHandler/INFO]: [STDOUT]: GuiScale: 1.0
[01:12:11] [Render thread/WARN]: Ambiguity between arguments [teleport, destination] and [teleport, targets] with inputs: [Player, 0123, @e, dd12be42-52a9-4a91-a8a1-11c01849e498]
[01:12:11] [Render thread/WARN]: Ambiguity between arguments [teleport, location] and [teleport, destination] with inputs: [0.1 -0.5 .9, 0 0 0]
[01:12:11] [Render thread/WARN]: Ambiguity between arguments [teleport, location] and [teleport, targets] with inputs: [0.1 -0.5 .9, 0 0 0]
[01:12:11] [Render thread/WARN]: Ambiguity between arguments [teleport, targets] and [teleport, destination] with inputs: [Player, 0123, dd12be42-52a9-4a91-a8a1-11c01849e498]
[01:12:11] [Render thread/WARN]: Ambiguity between arguments [teleport, targets, location] and [teleport, targets, destination] with inputs: [0.1 -0.5 .9, 0 0 0]
[01:12:11] [Render thread/INFO]: Reloading ResourceManager: Default
[01:12:11] [Render thread/INFO]: Loaded 7 recipes
[01:12:11] [Render thread/INFO]: Loaded 927 advancements
[01:12:11] [Render thread/INFO]: Environment: authHost='https://authserver.mojang.com', accountsHost='https://api.mojang.com', sessionHost='https://sessionserver.mojang.com', servicesHost='https://api.minecraftservices.com', name='PROD'
[01:12:11] [Render thread/INFO]: Starting integrated minecraft server version 1.16.5
[01:12:11] [Render thread/INFO]: Generating keypair
[01:12:14] [Render thread/INFO]: Preparing start region for dimension minecraft:overworld
[01:12:24] [Render thread/INFO]: Changing view distance to 11, from 10
[01:12:24] [Render thread/INFO]: MineRLAgent0[local:E:3b3bf4bd] logged in with entity id 1022 at (354.5, 65.0, -917.5)
[01:12:24] [Render thread/INFO]: MineRLAgent0 joined the game
[01:12:24] [Render thread/INFO]: Preparing spawn area: 5%
[01:12:24] [Render thread/INFO]: Time elapsed: 15 ms
[01:12:24] [Render thread/INFO]: [STDOUT]: Starting new video null
[01:12:24] [Render thread/INFO]: Saving and pausing game...
[01:12:24] [Render thread/INFO]: Saving chunks for level 'ServerLevel[mcpworldd5d877b257f7]'/minecraft:overworld
[01:12:25] [Render thread/INFO]: Saving chunks for level 'ServerLevel[mcpworldd5d877b257f7]'/minecraft:the_nether
[01:12:25] [Render thread/INFO]: Saving chunks for level 'ServerLevel[mcpworldd5d877b257f7]'/minecraft:the_end
[01:12:25] [Render thread/INFO]: Loaded 0 advancements
[01:12:42] [EnvServerSocketHandler/INFO]: [STDOUT]: *** Stopping the replay, returning control to the inputs
[01:12:42] [EnvServerSocketHandler/INFO]: Received Mission token ec678f14-d112-4486-88ee-9206d4398b55:0:0:1:true:1000
[01:12:42] [EnvServerSocketHandler/INFO]: Received mission init command  <MissionInit xmlns="http://ProjectMalmo.microsoft.com" xmlns:xsi="http://www.w3.org/2001/XMLSchema-instance" SchemaVersion="" PlatformVersion="0.37.0"><Mission><About><Summary>MineRLObtainDiamondShovel-v0</Summary></About><ModSettings><MsPerTick>50</MsPerTick></ModSettings><ServerSection><ServerInitialConditions><Time><AllowPassageOfTime>true</AllowPassageOfTime></Time><AllowSpawning>true</AllowSpawning></ServerInitialConditions><ServerHandlers><DefaultWorldGenerator forceReset="true" generatorOptions="{}"/><ServerQuitWhenAnyAgentFinishes/></ServerHandlers></ServerSection><AgentSection mode="Survival"><Name>MineRLAgent0</Name><AgentStart><LowLevelInputs>true</LowLevelInputs><GuiScale>1.0</GuiScale><GammaSetting>2.0</GammaSetting><FOVSetting>70.0</FOVSetting><FakeCursorSize>16</FakeCursorSize></AgentStart><AgentHandlers><FileBasedPerformanceProducer/><PauseCommand/><VideoProducer want_depth="false"><Width>640</Width><Height>360</Height></VideoProducer><ObservationFromFullInventory flat="false"/><HumanLevelCommands/><CameraCommands/></AgentHandlers></AgentSection></Mission><ExperimentUID>ec678f14-d112-4486-88ee-9206d4398b55</ExperimentUID><ClientRole>0</ClientRole><ClientAgentConnection><ClientIPAddress>127.0.0.1</ClientIPAddress><ClientMissionControlPort>0</ClientMissionControlPort><ClientCommandsPort>0</ClientCommandsPort><AgentIPAddress>127.0.0.1</AgentIPAddress><AgentMissionControlPort>0</AgentMissionControlPort><AgentVideoPort>0</AgentVideoPort><AgentDepthPort>0</AgentDepthPort><AgentLuminancePort>0</AgentLuminancePort><AgentObservationsPort>0</AgentObservationsPort><AgentRewardsPort>0</AgentRewardsPort><AgentColourMapPort>0</AgentColourMapPort></ClientAgentConnection></MissionInit>
[01:12:43] [EnvServerSocketHandler/INFO]: [STDOUT]: Setting width, height to 640, 360
[01:12:43] [EnvServerSocketHandler/INFO]: [STDOUT]: Gamma: 2.0
[01:12:43] [EnvServerSocketHandler/INFO]: [STDOUT]: FOV: 70.0
[01:12:43] [EnvServerSocketHandler/INFO]: [STDOUT]: GuiScale: 1.0
[01:12:43] [Render thread/WARN]: Ambiguity between arguments [teleport, destination] and [teleport, targets] with inputs: [Player, 0123, @e, dd12be42-52a9-4a91-a8a1-11c01849e498]
[01:12:43] [Render thread/WARN]: Ambiguity between arguments [teleport, location] and [teleport, destination] with inputs: [0.1 -0.5 .9, 0 0 0]
[01:12:43] [Render thread/WARN]: Ambiguity between arguments [teleport, location] and [teleport, targets] with inputs: [0.1 -0.5 .9, 0 0 0]
[01:12:43] [Render thread/WARN]: Ambiguity between arguments [teleport, targets] and [teleport, destination] with inputs: [Player, 0123, dd12be42-52a9-4a91-a8a1-11c01849e498]
[01:12:43] [Render thread/WARN]: Ambiguity between arguments [teleport, targets, location] and [teleport, targets, destination] with inputs: [0.1 -0.5 .9, 0 0 0]
[01:12:43] [Render thread/INFO]: Reloading ResourceManager: Default
[01:12:43] [Render thread/INFO]: Loaded 7 recipes
[01:12:43] [Render thread/INFO]: Loaded 927 advancements
[01:12:43] [Render thread/INFO]: Environment: authHost='https://authserver.mojang.com', accountsHost='https://api.mojang.com', sessionHost='https://sessionserver.mojang.com', servicesHost='https://api.minecraftservices.com', name='PROD'
[01:12:43] [Render thread/INFO]: Starting integrated minecraft server version 1.16.5
[01:12:43] [Render thread/INFO]: Generating keypair
[01:12:47] [Render thread/INFO]: Preparing start region for dimension minecraft:overworld
[01:12:56] [Render thread/INFO]: Changing view distance to 11, from 10
[01:12:56] [Render thread/INFO]: MineRLAgent0[local:E:4c0cfa76] logged in with entity id 1491 at (354.5, 65.0, -917.5)
[01:12:56] [Render thread/INFO]: MineRLAgent0 joined the game
[01:12:56] [Render thread/INFO]: Preparing spawn area: 24%
[01:12:56] [Render thread/INFO]: Time elapsed: 1 ms
[01:12:56] [Render thread/INFO]: [STDOUT]: Starting new video null
[01:12:56] [Render thread/INFO]: Saving and pausing game...
[01:12:56] [Render thread/INFO]: Saving chunks for level 'ServerLevel[mcpworldb5308b9ed499]'/minecraft:overworld
[01:12:57] [Render thread/INFO]: Saving chunks for level 'ServerLevel[mcpworldb5308b9ed499]'/minecraft:the_nether
[01:12:57] [Render thread/INFO]: Saving chunks for level 'ServerLevel[mcpworldb5308b9ed499]'/minecraft:the_end
[01:12:57] [Render thread/INFO]: Loaded 0 advancements
[01:13:09] [EnvServerSocketHandler/INFO]: [STDOUT]: *** Stopping the replay, returning control to the inputs
