[15:23:19] [Thread-4/INFO]: [STDOUT]: SERVER enter state: DORMANT
[15:23:19] [EnvServerSocketHandler/INFO]: Received Mission token 01573226-0d2f-4be5-b296-a5479a69c862:0:0:1:true
[15:23:19] [EnvServerSocketHandler/INFO]: Received mission init command  <MissionInit xmlns="http://ProjectMalmo.microsoft.com" xmlns:xsi="http://www.w3.org/2001/XMLSchema-instance" SchemaVersion="" PlatformVersion="0.37.0"><Mission><About><Summary>MineRLObtainDiamondShovel-v0</Summary></About><ModSettings><MsPerTick>50</MsPerTick></ModSettings><ServerSection><ServerInitialConditions><Time><AllowPassageOfTime>true</AllowPassageOfTime></Time><AllowSpawning>true</AllowSpawning></ServerInitialConditions><ServerHandlers><DefaultWorldGenerator forceReset="true" generatorOptions="{}"/><ServerQuitWhenAnyAgentFinishes/></ServerHandlers></ServerSection><AgentSection mode="Survival"><Name>MineRLAgent0</Name><AgentStart><LowLevelInputs>true</LowLevelInputs><GuiScale>1.0</GuiScale><GammaSetting>2.0</GammaSetting><FOVSetting>70.0</FOVSetting><FakeCursorSize>16</FakeCursorSize></AgentStart><AgentHandlers><FileBasedPerformanceProducer/><PauseCommand/><VideoProducer want_depth="false"><Width>640</Width><Height>360</Height></VideoProducer><ObservationFromFullInventory flat="false"/><HumanLevelCommands/><CameraCommands/></AgentHandlers></AgentSection></Mission><ExperimentUID>01573226-0d2f-4be5-b296-a5479a69c862</ExperimentUID><ClientRole>0</ClientRole><ClientAgentConnection><ClientIPAddress>127.0.0.1</ClientIPAddress><ClientMissionControlPort>0</ClientMissionControlPort><ClientCommandsPort>0</ClientCommandsPort><AgentIPAddress>127.0.0.1</AgentIPAddress><AgentMissionControlPort>0</AgentMissionControlPort><AgentVideoPort>0</AgentVideoPort><AgentDepthPort>0</AgentDepthPort><AgentLuminancePort>0</AgentLuminancePort><AgentObservationsPort>0</AgentObservationsPort><AgentRewardsPort>0</AgentRewardsPort><AgentColourMapPort>0</AgentColourMapPort></ClientAgentConnection></MissionInit>
[15:23:20] [EnvServerSocketHandler/INFO]: [STDOUT]: Setting width, height to 640, 360
[15:23:20] [EnvServerSocketHandler/INFO]: [STDOUT]: Gamma: 2.0
[15:23:20] [EnvServerSocketHandler/INFO]: [STDOUT]: FOV: 70.0
[15:23:20] [EnvServerSocketHandler/INFO]: [STDOUT]: GuiScale: 1.0
[15:23:20] [Render thread/INFO]: [STDOUT]: Seed not provided, generating random one: -7744721547109989305
[15:23:21] [Render thread/WARN]: Ambiguity between arguments [teleport, destination] and [teleport, targets] with inputs: [Player, 0123, @e, dd12be42-52a9-4a91-a8a1-11c01849e498]
[15:23:21] [Render thread/WARN]: Ambiguity between arguments [teleport, location] and [teleport, destination] with inputs: [0.1 -0.5 .9, 0 0 0]
[15:23:21] [Render thread/WARN]: Ambiguity between arguments [teleport, location] and [teleport, targets] with inputs: [0.1 -0.5 .9, 0 0 0]
[15:23:21] [Render thread/WARN]: Ambiguity between arguments [teleport, targets] and [teleport, destination] with inputs: [Player, 0123, dd12be42-52a9-4a91-a8a1-11c01849e498]
[15:23:21] [Render thread/WARN]: Ambiguity between arguments [teleport, targets, location] and [teleport, targets, destination] with inputs: [0.1 -0.5 .9, 0 0 0]
[15:23:21] [Render thread/INFO]: Reloading ResourceManager: Default
[15:23:21] [Render thread/INFO]: Loaded 7 recipes
[15:23:21] [Render thread/INFO]: Loaded 927 advancements
[15:23:22] [Render thread/INFO]: Environment: authHost='https://authserver.mojang.com', accountsHost='https://api.mojang.com', sessionHost='https://sessionserver.mojang.com', servicesHost='https://api.minecraftservices.com', name='PROD'
[15:23:22] [Render thread/INFO]: Starting integrated minecraft server version 1.16.5
[15:23:22] [Render thread/INFO]: Generating keypair
[15:23:24] [Render thread/INFO]: Preparing start region for dimension minecraft:overworld
[15:23:31] [Render thread/INFO]: Changing view distance to 11, from 10
[15:23:31] [Render thread/INFO]: MineRLAgent0[local:E:5f7db958] logged in with entity id 196 at (242.5, 75.0, -165.5)
[15:23:31] [Render thread/INFO]: MineRLAgent0 joined the game
[15:23:31] [Render thread/INFO]: [STDOUT]: *** creating fake mouse cursor ***
[15:23:31] [Render thread/INFO]: Preparing spawn area: 9%
[15:23:31] [Render thread/INFO]: Time elapsed: 4 ms
[15:23:32] [Render thread/INFO]: [STDOUT]: Starting new video null
[15:23:32] [Render thread/INFO]: Saving and pausing game...
[15:23:32] [Render thread/INFO]: Saving chunks for level 'ServerLevel[mcpworlda2e8a88c59d9]'/minecraft:overworld
[15:23:32] [Render thread/INFO]: Saving chunks for level 'ServerLevel[mcpworlda2e8a88c59d9]'/minecraft:the_nether
[15:23:32] [Render thread/INFO]: Saving chunks for level 'ServerLevel[mcpworlda2e8a88c59d9]'/minecraft:the_end
[15:23:33] [Render thread/INFO]: Loaded 0 advancements
[15:23:34] [EnvServerSocketHandler/INFO]: [STDOUT]: *** Stopping the replay, returning control to the inputs
[15:23:35] [EnvServerSocketHandler/INFO]: Received Mission token c2da831a-fdb5-4dfc-b79e-035225f21c62:0:0:1:true
[15:23:35] [EnvServerSocketHandler/INFO]: Received mission init command  <MissionInit xmlns="http://ProjectMalmo.microsoft.com" xmlns:xsi="http://www.w3.org/2001/XMLSchema-instance" SchemaVersion="" PlatformVersion="0.37.0"><Mission><About><Summary>MineRLObtainDiamondShovel-v0</Summary></About><ModSettings><MsPerTick>50</MsPerTick></ModSettings><ServerSection><ServerInitialConditions><Time><AllowPassageOfTime>true</AllowPassageOfTime></Time><AllowSpawning>true</AllowSpawning></ServerInitialConditions><ServerHandlers><DefaultWorldGenerator forceReset="true" generatorOptions="{}"/><ServerQuitWhenAnyAgentFinishes/></ServerHandlers></ServerSection><AgentSection mode="Survival"><Name>MineRLAgent0</Name><AgentStart><LowLevelInputs>true</LowLevelInputs><GuiScale>1.0</GuiScale><GammaSetting>2.0</GammaSetting><FOVSetting>70.0</FOVSetting><FakeCursorSize>16</FakeCursorSize></AgentStart><AgentHandlers><FileBasedPerformanceProducer/><PauseCommand/><VideoProducer want_depth="false"><Width>640</Width><Height>360</Height></VideoProducer><ObservationFromFullInventory flat="false"/><HumanLevelCommands/><CameraCommands/></AgentHandlers></AgentSection></Mission><ExperimentUID>c2da831a-fdb5-4dfc-b79e-035225f21c62</ExperimentUID><ClientRole>0</ClientRole><ClientAgentConnection><ClientIPAddress>127.0.0.1</ClientIPAddress><ClientMissionControlPort>0</ClientMissionControlPort><ClientCommandsPort>0</ClientCommandsPort><AgentIPAddress>127.0.0.1</AgentIPAddress><AgentMissionControlPort>0</AgentMissionControlPort><AgentVideoPort>0</AgentVideoPort><AgentDepthPort>0</AgentDepthPort><AgentLuminancePort>0</AgentLuminancePort><AgentObservationsPort>0</AgentObservationsPort><AgentRewardsPort>0</AgentRewardsPort><AgentColourMapPort>0</AgentColourMapPort></ClientAgentConnection></MissionInit>
[15:23:35] [EnvServerSocketHandler/INFO]: [STDOUT]: Setting width, height to 640, 360
[15:23:35] [EnvServerSocketHandler/INFO]: [STDOUT]: Gamma: 2.0
[15:23:35] [EnvServerSocketHandler/INFO]: [STDOUT]: FOV: 70.0
[15:23:35] [EnvServerSocketHandler/INFO]: [STDOUT]: GuiScale: 1.0
[15:23:35] [Render thread/INFO]: [STDOUT]: Seed not provided, generating random one: 8859376480805390804
[15:23:35] [Render thread/WARN]: Ambiguity between arguments [teleport, destination] and [teleport, targets] with inputs: [Player, 0123, @e, dd12be42-52a9-4a91-a8a1-11c01849e498]
[15:23:35] [Render thread/WARN]: Ambiguity between arguments [teleport, location] and [teleport, destination] with inputs: [0.1 -0.5 .9, 0 0 0]
[15:23:35] [Render thread/WARN]: Ambiguity between arguments [teleport, location] and [teleport, targets] with inputs: [0.1 -0.5 .9, 0 0 0]
[15:23:35] [Render thread/WARN]: Ambiguity between arguments [teleport, targets] and [teleport, destination] with inputs: [Player, 0123, dd12be42-52a9-4a91-a8a1-11c01849e498]
[15:23:35] [Render thread/WARN]: Ambiguity between arguments [teleport, targets, location] and [teleport, targets, destination] with inputs: [0.1 -0.5 .9, 0 0 0]
[15:23:35] [Render thread/INFO]: Reloading ResourceManager: Default
[15:23:35] [Render thread/INFO]: Loaded 7 recipes
[15:23:35] [Render thread/INFO]: Loaded 927 advancements
[15:23:35] [Render thread/INFO]: Environment: authHost='https://authserver.mojang.com', accountsHost='https://api.mojang.com', sessionHost='https://sessionserver.mojang.com', servicesHost='https://api.minecraftservices.com', name='PROD'
[15:23:35] [Render thread/INFO]: Starting integrated minecraft server version 1.16.5
[15:23:35] [Render thread/INFO]: Generating keypair
[15:23:37] [Render thread/INFO]: Preparing start region for dimension minecraft:overworld
[15:23:47] [Render thread/INFO]: Changing view distance to 11, from 10
[15:23:47] [Render thread/INFO]: MineRLAgent0[local:E:7ec2ca75] logged in with entity id 675 at (2.5, 66.0, -277.5)
[15:23:47] [Render thread/INFO]: MineRLAgent0 joined the game
[15:23:47] [Render thread/INFO]: Preparing spawn area: 5%
[15:23:47] [Render thread/INFO]: Time elapsed: 3 ms
[15:23:47] [Render thread/INFO]: [STDOUT]: Starting new video null
[15:23:47] [Render thread/INFO]: Saving and pausing game...
[15:23:47] [Render thread/INFO]: Saving chunks for level 'ServerLevel[mcpworld7b1a83cf992a]'/minecraft:overworld
[15:23:48] [Render thread/INFO]: Saving chunks for level 'ServerLevel[mcpworld7b1a83cf992a]'/minecraft:the_nether
[15:23:48] [Render thread/INFO]: Saving chunks for level 'ServerLevel[mcpworld7b1a83cf992a]'/minecraft:the_end
[15:23:48] [Render thread/INFO]: Loaded 0 advancements
[15:24:24] [EnvServerSocketHandler/INFO]: [STDOUT]: *** Stopping the replay, returning control to the inputs
