[10:57:26] [Thread-5/INFO]: [STDOUT]: SERVER enter state: DORMANT
[10:57:26] [EnvServerSocketHandler/INFO]: Received Mission token 0604a721-775e-4856-8e69-a9e0e9341731:0:0:1:true
[10:57:26] [EnvServerSocketHandler/INFO]: Received mission init command  <MissionInit xmlns="http://ProjectMalmo.microsoft.com" xmlns:xsi="http://www.w3.org/2001/XMLSchema-instance" SchemaVersion="" PlatformVersion="0.37.0"><Mission><About><Summary>MineRLObtainDiamondShovel-v0</Summary></About><ModSettings><MsPerTick>50</MsPerTick></ModSettings><ServerSection><ServerInitialConditions><Time><AllowPassageOfTime>true</AllowPassageOfTime></Time><AllowSpawning>true</AllowSpawning></ServerInitialConditions><ServerHandlers><DefaultWorldGenerator forceReset="true" generatorOptions="{}"/><ServerQuitWhenAnyAgentFinishes/></ServerHandlers></ServerSection><AgentSection mode="Survival"><Name>MineRLAgent0</Name><AgentStart><LowLevelInputs>true</LowLevelInputs><GuiScale>1.0</GuiScale><GammaSetting>2.0</GammaSetting><FOVSetting>70.0</FOVSetting><FakeCursorSize>16</FakeCursorSize></AgentStart><AgentHandlers><FileBasedPerformanceProducer/><PauseCommand/><VideoProducer want_depth="false"><Width>640</Width><Height>360</Height></VideoProducer><ObservationFromFullInventory flat="false"/><HumanLevelCommands/><CameraCommands/></AgentHandlers></AgentSection></Mission><ExperimentUID>0604a721-775e-4856-8e69-a9e0e9341731</ExperimentUID><ClientRole>0</ClientRole><ClientAgentConnection><ClientIPAddress>127.0.0.1</ClientIPAddress><ClientMissionControlPort>0</ClientMissionControlPort><ClientCommandsPort>0</ClientCommandsPort><AgentIPAddress>127.0.0.1</AgentIPAddress><AgentMissionControlPort>0</AgentMissionControlPort><AgentVideoPort>0</AgentVideoPort><AgentDepthPort>0</AgentDepthPort><AgentLuminancePort>0</AgentLuminancePort><AgentObservationsPort>0</AgentObservationsPort><AgentRewardsPort>0</AgentRewardsPort><AgentColourMapPort>0</AgentColourMapPort></ClientAgentConnection></MissionInit>
[10:57:28] [Render thread/INFO]: [STDOUT]: *** creating fake mouse cursor ***
[10:57:28] [EnvServerSocketHandler/INFO]: [STDOUT]: Setting width, height to 640, 360
[10:57:28] [EnvServerSocketHandler/INFO]: [STDOUT]: Gamma: 2.0
[10:57:28] [EnvServerSocketHandler/INFO]: [STDOUT]: FOV: 70.0
[10:57:28] [EnvServerSocketHandler/INFO]: [STDOUT]: GuiScale: 1.0
[10:57:28] [Render thread/INFO]: [STDOUT]: Seed not provided, generating random one: -2134526394827867225
[10:57:30] [Render thread/WARN]: Ambiguity between arguments [teleport, destination] and [teleport, targets] with inputs: [Player, 0123, @e, dd12be42-52a9-4a91-a8a1-11c01849e498]
[10:57:30] [Render thread/WARN]: Ambiguity between arguments [teleport, location] and [teleport, destination] with inputs: [0.1 -0.5 .9, 0 0 0]
[10:57:30] [Render thread/WARN]: Ambiguity between arguments [teleport, location] and [teleport, targets] with inputs: [0.1 -0.5 .9, 0 0 0]
[10:57:30] [Render thread/WARN]: Ambiguity between arguments [teleport, targets] and [teleport, destination] with inputs: [Player, 0123, dd12be42-52a9-4a91-a8a1-11c01849e498]
[10:57:30] [Render thread/WARN]: Ambiguity between arguments [teleport, targets, location] and [teleport, targets, destination] with inputs: [0.1 -0.5 .9, 0 0 0]
[10:57:30] [Render thread/INFO]: Reloading ResourceManager: Default
[10:57:30] [Render thread/INFO]: Loaded 7 recipes
[10:57:31] [Render thread/INFO]: Loaded 927 advancements
[10:57:33] [Render thread/INFO]: Environment: authHost='https://authserver.mojang.com', accountsHost='https://api.mojang.com', sessionHost='https://sessionserver.mojang.com', servicesHost='https://api.minecraftservices.com', name='PROD'
[10:57:33] [Render thread/INFO]: Starting integrated minecraft server version 1.16.5
[10:57:33] [Render thread/INFO]: Generating keypair
[10:57:39] [Render thread/INFO]: Preparing start region for dimension minecraft:overworld
[10:57:49] [Render thread/INFO]: Changing view distance to 11, from 10
[10:57:50] [Render thread/INFO]: MineRLAgent0[local:E:148b8ff5] logged in with entity id 226 at (482.5, 70.0, 858.5)
[10:57:50] [Render thread/INFO]: MineRLAgent0 joined the game
[10:57:50] [Render thread/INFO]: Preparing spawn area: 0%
[10:57:50] [Render thread/INFO]: Time elapsed: 4 ms
[10:57:50] [Render thread/INFO]: [STDOUT]: Starting new video null
[10:57:50] [Render thread/INFO]: Saving and pausing game...
[10:57:50] [Render thread/INFO]: Saving chunks for level 'ServerLevel[mcpworldd8a8056f0f6b]'/minecraft:overworld
[10:57:51] [Render thread/INFO]: Saving chunks for level 'ServerLevel[mcpworldd8a8056f0f6b]'/minecraft:the_nether
[10:57:51] [Render thread/INFO]: Saving chunks for level 'ServerLevel[mcpworldd8a8056f0f6b]'/minecraft:the_end
[10:57:51] [Render thread/INFO]: Loaded 0 advancements
[10:59:55] [EnvServerSocketHandler/INFO]: [STDOUT]: *** Stopping the replay, returning control to the inputs
[10:59:56] [EnvServerSocketHandler/INFO]: Received Mission token 8ea41cc2-fe19-4201-a5b6-c48abfa5b228:0:0:1:true
[10:59:56] [EnvServerSocketHandler/INFO]: Received mission init command  <MissionInit xmlns="http://ProjectMalmo.microsoft.com" xmlns:xsi="http://www.w3.org/2001/XMLSchema-instance" SchemaVersion="" PlatformVersion="0.37.0"><Mission><About><Summary>MineRLObtainDiamondShovel-v0</Summary></About><ModSettings><MsPerTick>50</MsPerTick></ModSettings><ServerSection><ServerInitialConditions><Time><AllowPassageOfTime>true</AllowPassageOfTime></Time><AllowSpawning>true</AllowSpawning></ServerInitialConditions><ServerHandlers><DefaultWorldGenerator forceReset="true" generatorOptions="{}"/><ServerQuitWhenAnyAgentFinishes/></ServerHandlers></ServerSection><AgentSection mode="Survival"><Name>MineRLAgent0</Name><AgentStart><LowLevelInputs>true</LowLevelInputs><GuiScale>1.0</GuiScale><GammaSetting>2.0</GammaSetting><FOVSetting>70.0</FOVSetting><FakeCursorSize>16</FakeCursorSize></AgentStart><AgentHandlers><FileBasedPerformanceProducer/><PauseCommand/><VideoProducer want_depth="false"><Width>640</Width><Height>360</Height></VideoProducer><ObservationFromFullInventory flat="false"/><HumanLevelCommands/><CameraCommands/></AgentHandlers></AgentSection></Mission><ExperimentUID>8ea41cc2-fe19-4201-a5b6-c48abfa5b228</ExperimentUID><ClientRole>0</ClientRole><ClientAgentConnection><ClientIPAddress>127.0.0.1</ClientIPAddress><ClientMissionControlPort>0</ClientMissionControlPort><ClientCommandsPort>0</ClientCommandsPort><AgentIPAddress>127.0.0.1</AgentIPAddress><AgentMissionControlPort>0</AgentMissionControlPort><AgentVideoPort>0</AgentVideoPort><AgentDepthPort>0</AgentDepthPort><AgentLuminancePort>0</AgentLuminancePort><AgentObservationsPort>0</AgentObservationsPort><AgentRewardsPort>0</AgentRewardsPort><AgentColourMapPort>0</AgentColourMapPort></ClientAgentConnection></MissionInit>
[10:59:56] [EnvServerSocketHandler/INFO]: [STDOUT]: Setting width, height to 640, 360
[10:59:56] [EnvServerSocketHandler/INFO]: [STDOUT]: Gamma: 2.0
[10:59:56] [EnvServerSocketHandler/INFO]: [STDOUT]: FOV: 70.0
[10:59:56] [EnvServerSocketHandler/INFO]: [STDOUT]: GuiScale: 1.0
[10:59:56] [Render thread/INFO]: [STDOUT]: Seed not provided, generating random one: 2642865940571641544
[10:59:56] [Render thread/WARN]: Ambiguity between arguments [teleport, destination] and [teleport, targets] with inputs: [Player, 0123, @e, dd12be42-52a9-4a91-a8a1-11c01849e498]
[10:59:56] [Render thread/WARN]: Ambiguity between arguments [teleport, location] and [teleport, destination] with inputs: [0.1 -0.5 .9, 0 0 0]
[10:59:56] [Render thread/WARN]: Ambiguity between arguments [teleport, location] and [teleport, targets] with inputs: [0.1 -0.5 .9, 0 0 0]
[10:59:56] [Render thread/WARN]: Ambiguity between arguments [teleport, targets] and [teleport, destination] with inputs: [Player, 0123, dd12be42-52a9-4a91-a8a1-11c01849e498]
[10:59:56] [Render thread/WARN]: Ambiguity between arguments [teleport, targets, location] and [teleport, targets, destination] with inputs: [0.1 -0.5 .9, 0 0 0]
[10:59:56] [Render thread/INFO]: Reloading ResourceManager: Default
[10:59:56] [Render thread/INFO]: Loaded 7 recipes
[10:59:56] [Render thread/INFO]: Loaded 927 advancements
[10:59:57] [Render thread/INFO]: Environment: authHost='https://authserver.mojang.com', accountsHost='https://api.mojang.com', sessionHost='https://sessionserver.mojang.com', servicesHost='https://api.minecraftservices.com', name='PROD'
[10:59:57] [Render thread/INFO]: Starting integrated minecraft server version 1.16.5
[10:59:57] [Render thread/INFO]: Generating keypair
[11:00:02] [Render thread/INFO]: Preparing start region for dimension minecraft:overworld
[11:00:16] [Render thread/INFO]: Changing view distance to 11, from 10
[11:00:16] [Render thread/INFO]: MineRLAgent0[local:E:9300b92b] logged in with entity id 983 at (2.5, 80.0, -117.5)
[11:00:16] [Render thread/INFO]: MineRLAgent0 joined the game
[11:00:16] [Render thread/INFO]: Preparing spawn area: 5%
[11:00:16] [Render thread/INFO]: Time elapsed: 3 ms
[11:00:17] [Render thread/INFO]: [STDOUT]: Starting new video null
[11:00:17] [Render thread/INFO]: Saving and pausing game...
[11:00:17] [Render thread/INFO]: Saving chunks for level 'ServerLevel[mcpworld191b2c481391]'/minecraft:overworld
[11:00:18] [Render thread/INFO]: Saving chunks for level 'ServerLevel[mcpworld191b2c481391]'/minecraft:the_nether
[11:00:18] [Render thread/INFO]: Saving chunks for level 'ServerLevel[mcpworld191b2c481391]'/minecraft:the_end
[11:00:18] [Render thread/INFO]: Loaded 0 advancements
[11:02:12] [EnvServerSocketHandler/INFO]: [STDOUT]: *** Stopping the replay, returning control to the inputs
[11:02:13] [EnvServerSocketHandler/INFO]: Received Mission token aaece405-2d1c-4645-9b67-90e3982afab4:0:0:1:true
[11:02:13] [EnvServerSocketHandler/INFO]: Received mission init command  <MissionInit xmlns="http://ProjectMalmo.microsoft.com" xmlns:xsi="http://www.w3.org/2001/XMLSchema-instance" SchemaVersion="" PlatformVersion="0.37.0"><Mission><About><Summary>MineRLObtainDiamondShovel-v0</Summary></About><ModSettings><MsPerTick>50</MsPerTick></ModSettings><ServerSection><ServerInitialConditions><Time><AllowPassageOfTime>true</AllowPassageOfTime></Time><AllowSpawning>true</AllowSpawning></ServerInitialConditions><ServerHandlers><DefaultWorldGenerator forceReset="true" generatorOptions="{}"/><ServerQuitWhenAnyAgentFinishes/></ServerHandlers></ServerSection><AgentSection mode="Survival"><Name>MineRLAgent0</Name><AgentStart><LowLevelInputs>true</LowLevelInputs><GuiScale>1.0</GuiScale><GammaSetting>2.0</GammaSetting><FOVSetting>70.0</FOVSetting><FakeCursorSize>16</FakeCursorSize></AgentStart><AgentHandlers><FileBasedPerformanceProducer/><PauseCommand/><VideoProducer want_depth="false"><Width>640</Width><Height>360</Height></VideoProducer><ObservationFromFullInventory flat="false"/><HumanLevelCommands/><CameraCommands/></AgentHandlers></AgentSection></Mission><ExperimentUID>aaece405-2d1c-4645-9b67-90e3982afab4</ExperimentUID><ClientRole>0</ClientRole><ClientAgentConnection><ClientIPAddress>127.0.0.1</ClientIPAddress><ClientMissionControlPort>0</ClientMissionControlPort><ClientCommandsPort>0</ClientCommandsPort><AgentIPAddress>127.0.0.1</AgentIPAddress><AgentMissionControlPort>0</AgentMissionControlPort><AgentVideoPort>0</AgentVideoPort><AgentDepthPort>0</AgentDepthPort><AgentLuminancePort>0</AgentLuminancePort><AgentObservationsPort>0</AgentObservationsPort><AgentRewardsPort>0</AgentRewardsPort><AgentColourMapPort>0</AgentColourMapPort></ClientAgentConnection></MissionInit>
[11:02:13] [EnvServerSocketHandler/INFO]: [STDOUT]: Setting width, height to 640, 360
[11:02:13] [EnvServerSocketHandler/INFO]: [STDOUT]: Gamma: 2.0
[11:02:13] [EnvServerSocketHandler/INFO]: [STDOUT]: FOV: 70.0
[11:02:13] [EnvServerSocketHandler/INFO]: [STDOUT]: GuiScale: 1.0
[11:02:13] [Render thread/INFO]: [STDOUT]: Seed not provided, generating random one: -7890138144636642462
[11:02:13] [Render thread/WARN]: Ambiguity between arguments [teleport, destination] and [teleport, targets] with inputs: [Player, 0123, @e, dd12be42-52a9-4a91-a8a1-11c01849e498]
[11:02:13] [Render thread/WARN]: Ambiguity between arguments [teleport, location] and [teleport, destination] with inputs: [0.1 -0.5 .9, 0 0 0]
[11:02:13] [Render thread/WARN]: Ambiguity between arguments [teleport, location] and [teleport, targets] with inputs: [0.1 -0.5 .9, 0 0 0]
[11:02:13] [Render thread/WARN]: Ambiguity between arguments [teleport, targets] and [teleport, destination] with inputs: [Player, 0123, dd12be42-52a9-4a91-a8a1-11c01849e498]
[11:02:13] [Render thread/WARN]: Ambiguity between arguments [teleport, targets, location] and [teleport, targets, destination] with inputs: [0.1 -0.5 .9, 0 0 0]
[11:02:13] [Render thread/INFO]: Reloading ResourceManager: Default
[11:02:13] [Render thread/INFO]: Loaded 7 recipes
[11:02:13] [Render thread/INFO]: Loaded 927 advancements
[11:02:14] [Render thread/INFO]: Environment: authHost='https://authserver.mojang.com', accountsHost='https://api.mojang.com', sessionHost='https://sessionserver.mojang.com', servicesHost='https://api.minecraftservices.com', name='PROD'
[11:02:14] [Render thread/INFO]: Starting integrated minecraft server version 1.16.5
[11:02:14] [Render thread/INFO]: Generating keypair
[11:02:19] [Render thread/INFO]: Preparing start region for dimension minecraft:overworld
[11:02:30] [Render thread/INFO]: Changing view distance to 11, from 10
[11:02:30] [Render thread/INFO]: MineRLAgent0[local:E:594e5a00] logged in with entity id 1605 at (2.5, 71.0, -293.5)
[11:02:30] [Render thread/INFO]: MineRLAgent0 joined the game
[11:02:30] [Render thread/INFO]: Preparing spawn area: 0%
[11:02:30] [Render thread/INFO]: Time elapsed: 2 ms
[11:02:31] [Render thread/INFO]: [STDOUT]: Starting new video null
[11:02:31] [Render thread/INFO]: Saving and pausing game...
[11:02:31] [Render thread/INFO]: Saving chunks for level 'ServerLevel[mcpworld0d38da4762f0]'/minecraft:overworld
[11:02:32] [Render thread/INFO]: Saving chunks for level 'ServerLevel[mcpworld0d38da4762f0]'/minecraft:the_nether
[11:02:32] [Render thread/INFO]: Saving chunks for level 'ServerLevel[mcpworld0d38da4762f0]'/minecraft:the_end
[11:02:32] [Render thread/INFO]: Loaded 0 advancements
[11:03:30] [Render thread/INFO]: Loaded 2 advancements
AL lib: (EE) ALCwasapiPlayback_mixerProc: WaitForSingleObjectEx error: 0x102
AL lib: (EE) ALCwasapiPlayback_mixerProc: WaitForSingleObjectEx error: 0x102
AL lib: (EE) ALCwasapiPlayback_mixerProc: WaitForSingleObjectEx error: 0x102
AL lib: (EE) ALCwasapiPlayback_mixerProc: WaitForSingleObjectEx error: 0x102
AL lib: (EE) ALCwasapiPlayback_mixerProc: WaitForSingleObjectEx error: 0x102
AL lib: (EE) ALCwasapiPlayback_mixerProc: WaitForSingleObjectEx error: 0x102
AL lib: (EE) ALCwasapiPlayback_mixerProc: WaitForSingleObjectEx error: 0x102
AL lib: (EE) ALCwasapiPlayback_mixerProc: WaitForSingleObjectEx error: 0x102
AL lib: (EE) ALCwasapiPlayback_mixerProc: WaitForSingleObjectEx error: 0x102
AL lib: (EE) ALCwasapiPlayback_mixerProc: WaitForSingleObjectEx error: 0x102
[11:05:41] [EnvServerSocketHandler/INFO]: [STDOUT]: *** Stopping the replay, returning control to the inputs
