[11:53:12] [Thread-4/INFO]: [STDOUT]: SERVER enter state: DORMANT
[11:53:12] [EnvServerSocketHandler/INFO]: Received Mission token 8bed3eb8-7a2e-42ae-8f1e-a34948fd2567:0:0:1:true
[11:53:12] [EnvServerSocketHandler/INFO]: Received mission init command  <MissionInit xmlns="http://ProjectMalmo.microsoft.com" xmlns:xsi="http://www.w3.org/2001/XMLSchema-instance" SchemaVersion="" PlatformVersion="0.37.0"><Mission><About><Summary>MineRLObtainDiamondShovel-v0</Summary></About><ModSettings><MsPerTick>50</MsPerTick></ModSettings><ServerSection><ServerInitialConditions><Time><AllowPassageOfTime>true</AllowPassageOfTime></Time><AllowSpawning>true</AllowSpawning></ServerInitialConditions><ServerHandlers><DefaultWorldGenerator forceReset="true" generatorOptions="{}"/><ServerQuitWhenAnyAgentFinishes/></ServerHandlers></ServerSection><AgentSection mode="Survival"><Name>MineRLAgent0</Name><AgentStart><LowLevelInputs>true</LowLevelInputs><GuiScale>1.0</GuiScale><GammaSetting>2.0</GammaSetting><FOVSetting>70.0</FOVSetting><FakeCursorSize>16</FakeCursorSize></AgentStart><AgentHandlers><FileBasedPerformanceProducer/><PauseCommand/><VideoProducer want_depth="false"><Width>640</Width><Height>360</Height></VideoProducer><ObservationFromFullInventory flat="false"/><HumanLevelCommands/><CameraCommands/></AgentHandlers></AgentSection></Mission><ExperimentUID>8bed3eb8-7a2e-42ae-8f1e-a34948fd2567</ExperimentUID><ClientRole>0</ClientRole><ClientAgentConnection><ClientIPAddress>127.0.0.1</ClientIPAddress><ClientMissionControlPort>0</ClientMissionControlPort><ClientCommandsPort>0</ClientCommandsPort><AgentIPAddress>127.0.0.1</AgentIPAddress><AgentMissionControlPort>0</AgentMissionControlPort><AgentVideoPort>0</AgentVideoPort><AgentDepthPort>0</AgentDepthPort><AgentLuminancePort>0</AgentLuminancePort><AgentObservationsPort>0</AgentObservationsPort><AgentRewardsPort>0</AgentRewardsPort><AgentColourMapPort>0</AgentColourMapPort></ClientAgentConnection></MissionInit>
[11:53:13] [Render thread/INFO]: [STDOUT]: *** creating fake mouse cursor ***
[11:53:13] [EnvServerSocketHandler/INFO]: [STDOUT]: Setting width, height to 640, 360
[11:53:13] [EnvServerSocketHandler/INFO]: [STDOUT]: Gamma: 2.0
[11:53:13] [EnvServerSocketHandler/INFO]: [STDOUT]: FOV: 70.0
[11:53:13] [EnvServerSocketHandler/INFO]: [STDOUT]: GuiScale: 1.0
[11:53:13] [Render thread/INFO]: [STDOUT]: Seed not provided, generating random one: 634500415292792145
[11:53:15] [Render thread/WARN]: Ambiguity between arguments [teleport, destination] and [teleport, targets] with inputs: [Player, 0123, @e, dd12be42-52a9-4a91-a8a1-11c01849e498]
[11:53:15] [Render thread/WARN]: Ambiguity between arguments [teleport, location] and [teleport, destination] with inputs: [0.1 -0.5 .9, 0 0 0]
[11:53:15] [Render thread/WARN]: Ambiguity between arguments [teleport, location] and [teleport, targets] with inputs: [0.1 -0.5 .9, 0 0 0]
[11:53:15] [Render thread/WARN]: Ambiguity between arguments [teleport, targets] and [teleport, destination] with inputs: [Player, 0123, dd12be42-52a9-4a91-a8a1-11c01849e498]
[11:53:15] [Render thread/WARN]: Ambiguity between arguments [teleport, targets, location] and [teleport, targets, destination] with inputs: [0.1 -0.5 .9, 0 0 0]
[11:53:15] [Render thread/INFO]: Reloading ResourceManager: Default
[11:53:15] [Render thread/INFO]: Loaded 7 recipes
[11:53:16] [Render thread/INFO]: Loaded 927 advancements
[11:53:17] [Render thread/INFO]: Environment: authHost='https://authserver.mojang.com', accountsHost='https://api.mojang.com', sessionHost='https://sessionserver.mojang.com', servicesHost='https://api.minecraftservices.com', name='PROD'
[11:53:18] [Render thread/INFO]: Starting integrated minecraft server version 1.16.5
[11:53:18] [Render thread/INFO]: Generating keypair
[11:53:27] [Render thread/INFO]: Preparing start region for dimension minecraft:overworld
[11:53:49] [Render thread/INFO]: Changing view distance to 11, from 10
[11:53:50] [Render thread/INFO]: MineRLAgent0[local:E:e4e15186] logged in with entity id 340 at (222.5, 64.0, 851.5)
[11:53:50] [Render thread/INFO]: MineRLAgent0 joined the game
[11:53:50] [Render thread/INFO]: Preparing spawn area: 0%
[11:53:50] [Render thread/INFO]: Time elapsed: 7 ms
[11:53:51] [Render thread/INFO]: [STDOUT]: Starting new video null
[11:53:51] [Render thread/INFO]: Saving and pausing game...
[11:53:51] [Render thread/INFO]: Saving chunks for level 'ServerLevel[mcpworld313f111ff303]'/minecraft:overworld
[11:53:51] [Render thread/INFO]: Saving chunks for level 'ServerLevel[mcpworld313f111ff303]'/minecraft:the_nether
[11:53:51] [Render thread/INFO]: Saving chunks for level 'ServerLevel[mcpworld313f111ff303]'/minecraft:the_end
[11:53:53] [Render thread/INFO]: Loaded 0 advancements
[11:53:56] [EnvServerSocketHandler/INFO]: [STDOUT]: *** Stopping the replay, returning control to the inputs
[11:53:56] [EnvServerSocketHandler/INFO]: Received Mission token 00fb514e-9a56-4ab6-8dd1-425441b416a9:0:0:1:true
[11:53:56] [EnvServerSocketHandler/INFO]: Received mission init command  <MissionInit xmlns="http://ProjectMalmo.microsoft.com" xmlns:xsi="http://www.w3.org/2001/XMLSchema-instance" SchemaVersion="" PlatformVersion="0.37.0"><Mission><About><Summary>MineRLObtainDiamondShovel-v0</Summary></About><ModSettings><MsPerTick>50</MsPerTick></ModSettings><ServerSection><ServerInitialConditions><Time><AllowPassageOfTime>true</AllowPassageOfTime></Time><AllowSpawning>true</AllowSpawning></ServerInitialConditions><ServerHandlers><DefaultWorldGenerator forceReset="true" generatorOptions="{}"/><ServerQuitWhenAnyAgentFinishes/></ServerHandlers></ServerSection><AgentSection mode="Survival"><Name>MineRLAgent0</Name><AgentStart><LowLevelInputs>true</LowLevelInputs><GuiScale>1.0</GuiScale><GammaSetting>2.0</GammaSetting><FOVSetting>70.0</FOVSetting><FakeCursorSize>16</FakeCursorSize></AgentStart><AgentHandlers><FileBasedPerformanceProducer/><PauseCommand/><VideoProducer want_depth="false"><Width>640</Width><Height>360</Height></VideoProducer><ObservationFromFullInventory flat="false"/><HumanLevelCommands/><CameraCommands/></AgentHandlers></AgentSection></Mission><ExperimentUID>00fb514e-9a56-4ab6-8dd1-425441b416a9</ExperimentUID><ClientRole>0</ClientRole><ClientAgentConnection><ClientIPAddress>127.0.0.1</ClientIPAddress><ClientMissionControlPort>0</ClientMissionControlPort><ClientCommandsPort>0</ClientCommandsPort><AgentIPAddress>127.0.0.1</AgentIPAddress><AgentMissionControlPort>0</AgentMissionControlPort><AgentVideoPort>0</AgentVideoPort><AgentDepthPort>0</AgentDepthPort><AgentLuminancePort>0</AgentLuminancePort><AgentObservationsPort>0</AgentObservationsPort><AgentRewardsPort>0</AgentRewardsPort><AgentColourMapPort>0</AgentColourMapPort></ClientAgentConnection></MissionInit>
[11:53:56] [EnvServerSocketHandler/INFO]: [STDOUT]: Setting width, height to 640, 360
[11:53:56] [EnvServerSocketHandler/INFO]: [STDOUT]: Gamma: 2.0
[11:53:56] [EnvServerSocketHandler/INFO]: [STDOUT]: FOV: 70.0
[11:53:56] [EnvServerSocketHandler/INFO]: [STDOUT]: GuiScale: 1.0
[11:53:56] [Render thread/INFO]: [STDOUT]: Seed not provided, generating random one: -5083750436144742925
[11:53:57] [Render thread/WARN]: Ambiguity between arguments [teleport, destination] and [teleport, targets] with inputs: [Player, 0123, @e, dd12be42-52a9-4a91-a8a1-11c01849e498]
[11:53:57] [Render thread/WARN]: Ambiguity between arguments [teleport, location] and [teleport, destination] with inputs: [0.1 -0.5 .9, 0 0 0]
[11:53:57] [Render thread/WARN]: Ambiguity between arguments [teleport, location] and [teleport, targets] with inputs: [0.1 -0.5 .9, 0 0 0]
[11:53:57] [Render thread/WARN]: Ambiguity between arguments [teleport, targets] and [teleport, destination] with inputs: [Player, 0123, dd12be42-52a9-4a91-a8a1-11c01849e498]
[11:53:57] [Render thread/WARN]: Ambiguity between arguments [teleport, targets, location] and [teleport, targets, destination] with inputs: [0.1 -0.5 .9, 0 0 0]
[11:53:57] [Render thread/INFO]: Reloading ResourceManager: Default
[11:53:57] [Render thread/INFO]: Loaded 7 recipes
[11:53:57] [Render thread/INFO]: Loaded 927 advancements
[11:53:58] [Render thread/INFO]: Environment: authHost='https://authserver.mojang.com', accountsHost='https://api.mojang.com', sessionHost='https://sessionserver.mojang.com', servicesHost='https://api.minecraftservices.com', name='PROD'
[11:53:58] [Render thread/INFO]: Starting integrated minecraft server version 1.16.5
[11:53:58] [Render thread/INFO]: Generating keypair
[11:54:05] [Render thread/INFO]: Preparing start region for dimension minecraft:overworld
[11:54:15] [Render thread/INFO]: Changing view distance to 11, from 10
[11:54:16] [Render thread/INFO]: MineRLAgent0[local:E:9d7ece88] logged in with entity id 882 at (-189.5, 66.0, -997.5)
[11:54:16] [Render thread/INFO]: MineRLAgent0 joined the game
[11:54:16] [Render thread/INFO]: Preparing spawn area: 1%
[11:54:16] [Render thread/INFO]: Time elapsed: 4 ms
[11:54:16] [Render thread/INFO]: [STDOUT]: Starting new video null
[11:54:16] [Render thread/INFO]: Saving and pausing game...
[11:54:16] [Render thread/INFO]: Saving chunks for level 'ServerLevel[mcpworld5003f4f06f6b]'/minecraft:overworld
[11:54:17] [Render thread/INFO]: Saving chunks for level 'ServerLevel[mcpworld5003f4f06f6b]'/minecraft:the_nether
[11:54:17] [Render thread/INFO]: Saving chunks for level 'ServerLevel[mcpworld5003f4f06f6b]'/minecraft:the_end
[11:54:17] [Render thread/INFO]: Loaded 0 advancements
